#
# There is insufficient memory for the Java Runtime Environment to continue.
# Native memory allocation (mmap) failed to map 13631488 bytes for Failed to commit area from 0x0000000084000000 to 0x0000000084d00000 of length 13631488.
# Possible reasons:
#   The system is out of physical RAM or swap space
#   The process is running with CompressedOops enabled, and the Java Heap may be blocking the growth of the native heap
# Possible solutions:
#   Reduce memory load on the system
#   Increase physical memory or swap space
#   Check if swap backing store is full
#   Decrease Java heap size (-Xmx/-Xms)
#   Decrease number of Java threads
#   Decrease Java thread stack sizes (-Xss)
#   Set larger code cache with -XX:ReservedCodeCacheSize=
#   JVM is running with Unscaled Compressed Oops mode in which the Java heap is
#     placed in the first 4GB address space. The Java Heap base address is the
#     maximum limit for the native heap growth. Please use -XX:HeapBaseMinAddress
#     to set the Java Heap base and to place the Java Heap above 4GB virtual address.
# This output file may be truncated or incomplete.
#
#  Out of Memory Error (./src/hotspot/os/windows/os_windows.cpp:3303), pid=8784, tid=7744
#
# JRE version: OpenJDK Runtime Environment (11.0.8+10) (build 11.0.8+10-b944.6842174)
# Java VM: OpenJDK 64-Bit Server VM (11.0.8+10-b944.6842174, mixed mode, tiered, compressed oops, g1 gc, windows-amd64)
# No core dump will be written. Minidumps are not enabled by default on client versions of Windows
#

---------------  S U M M A R Y ------------

Command Line: --add-opens=java.base/java.util=ALL-UNNAMED --add-opens=java.base/java.lang=ALL-UNNAMED --add-opens=java.base/java.lang.invoke=ALL-UNNAMED --add-opens=java.prefs/java.util.prefs=ALL-UNNAMED -Xmx2048m -Dfile.encoding=UTF-8 -Duser.country=ID -Duser.language=en -Duser.variant org.gradle.launcher.daemon.bootstrap.GradleDaemon 6.7.1

Host: Intel(R) Core(TM) i5-8265U CPU @ 1.60GHz, 8 cores, 3G,  Windows 10 , 64 bit Build 19041 (10.0.19041.1348)
Time: Tue Nov 16 13:49:24 2021 SE Asia Standard Time elapsed time: 5 seconds (0d 0h 0m 5s)

---------------  T H R E A D  ---------------

Current thread (0x000001da539c7000):  VMThread "VM Thread" [stack: 0x0000005b0e800000,0x0000005b0e900000] [id=7744]

Stack: [0x0000005b0e800000,0x0000005b0e900000]
[error occurred during error reporting (printing stack bounds), id 0xc0000005, EXCEPTION_ACCESS_VIOLATION (0xc0000005) at pc=0x000001da3c960dad]

Native frames: (J=compiled Java code, j=interpreted, Vv=VM code, C=native code)
V  [jvm.dll+0x5de50a]
V  [jvm.dll+0x7122f5]
V  [jvm.dll+0x71384d]
V  [jvm.dll+0x713e65]
V  [jvm.dll+0x713e1b]
V  [jvm.dll+0x5dd958]
V  [jvm.dll+0x5de0f8]
C  [ntdll.dll+0xa20cf]
C  [ntdll.dll+0x51454]
C  [ntdll.dll+0xa0bfe]
C  0x000001da3c960dad

VM_Operation (0x0000005b106fd6c0): G1CollectForAllocation, mode: safepoint, requested by thread 0x000001da56167800


---------------  P R O C E S S  ---------------

Threads class SMR info:
_java_thread_list=0x000001da54deb270, length=114, elements={
0x000001da38fdb000, 0x000001da539cd000, 0x000001da539d8000, 0x000001da539e8000,
0x000001da54393000, 0x000001da539fa000, 0x000001da539fc000, 0x000001da539ff000,
0x000001da544cb800, 0x000001da544e7800, 0x000001da55b4b800, 0x000001da55363800,
0x000001da561e1800, 0x000001da55ad3000, 0x000001da561b1800, 0x000001da5520c800,
0x000001da56202000, 0x000001da55c0b800, 0x000001da561af000, 0x000001da561b0000,
0x000001da56167800, 0x000001da56165000, 0x000001da56166000, 0x000001da56166800,
0x000001da56161800, 0x000001da56164000, 0x000001da56162800, 0x000001da56168000,
0x000001da56163800, 0x000001da58890000, 0x000001da58891800, 0x000001da5888c800,
0x000001da58893000, 0x000001da5888d800, 0x000001da5888e000, 0x000001da58894000,
0x000001da58894800, 0x000001da5888f000, 0x000001da58895800, 0x000001da58896800,
0x000001da58890800, 0x000001da58899000, 0x000001da58899800, 0x000001da5889b800,
0x000001da58897000, 0x000001da58898000, 0x000001da5889a800, 0x000001da552ff800,
0x000001da55304800, 0x000001da55303800, 0x000001da55301000, 0x000001da55300000,
0x000001da55302000, 0x000001da552fe800, 0x000001da55305000, 0x000001da55306000,
0x000001da55307000, 0x000001da55307800, 0x000001da55308800, 0x000001da55302800,
0x000001da5530d800, 0x000001da55309000, 0x000001da5530a000, 0x000001da5530b000,
0x000001da5530b800, 0x000001da5530c800, 0x000001da56a49000, 0x000001da56a45800,
0x000001da56a46800, 0x000001da56a4a800, 0x000001da56a47000, 0x000001da56a44800,
0x000001da56a4c000, 0x000001da56a4d800, 0x000001da56a49800, 0x000001da56a4d000,
0x000001da56a4b800, 0x000001da56a48000, 0x000001da56a51000, 0x000001da56a4e800,
0x000001da56a52000, 0x000001da56a52800, 0x000001da56a53800, 0x000001da56a4f800,
0x000001da56a50000, 0x000001da54dfb800, 0x000001da54dfc800, 0x000001da54dfd000,
0x000001da54dfe000, 0x000001da54df9000, 0x000001da54df8800, 0x000001da54dff000,
0x000001da54dff800, 0x000001da54dfa000, 0x000001da54e00800, 0x000001da54dfa800,
0x000001da54e03000, 0x000001da54e02000, 0x000001da54e03800, 0x000001da54e05800,
0x000001da54e04800, 0x000001da54e07000, 0x000001da54e06000, 0x000001da54e01800,
0x000001da5489f800, 0x000001da548a0000, 0x000001da5489d000, 0x000001da5489e800,
0x000001da5489d800, 0x000001da548a1000, 0x000001da5489b800, 0x000001da548a2000,
0x000001da5489c000, 0x000001da548a8800
}

Java Threads: ( => current thread )
  0x000001da38fdb000 JavaThread "main" [_thread_blocked, id=3416, stack(0x0000005b0e200000,0x0000005b0e300000)]
  0x000001da539cd000 JavaThread "Reference Handler" daemon [_thread_blocked, id=2460, stack(0x0000005b0e900000,0x0000005b0ea00000)]
  0x000001da539d8000 JavaThread "Finalizer" daemon [_thread_blocked, id=6976, stack(0x0000005b0ea00000,0x0000005b0eb00000)]
  0x000001da539e8000 JavaThread "Signal Dispatcher" daemon [_thread_blocked, id=5196, stack(0x0000005b0eb00000,0x0000005b0ec00000)]
  0x000001da54393000 JavaThread "Attach Listener" daemon [_thread_blocked, id=5504, stack(0x0000005b0ec00000,0x0000005b0ed00000)]
  0x000001da539fa000 JavaThread "C2 CompilerThread0" daemon [_thread_blocked, id=6628, stack(0x0000005b0ed00000,0x0000005b0ee00000)]
  0x000001da539fc000 JavaThread "C1 CompilerThread0" daemon [_thread_blocked, id=2008, stack(0x0000005b0ee00000,0x0000005b0ef00000)]
  0x000001da539ff000 JavaThread "Sweeper thread" daemon [_thread_blocked, id=11536, stack(0x0000005b0ef00000,0x0000005b0f000000)]
  0x000001da544cb800 JavaThread "Common-Cleaner" daemon [_thread_blocked, id=8756, stack(0x0000005b0f000000,0x0000005b0f100000)]
  0x000001da544e7800 JavaThread "Service Thread" daemon [_thread_blocked, id=10264, stack(0x0000005b0f100000,0x0000005b0f200000)]
  0x000001da55b4b800 JavaThread "Daemon health stats" [_thread_blocked, id=10076, stack(0x0000005b0f400000,0x0000005b0f500000)]
  0x000001da55363800 JavaThread "Incoming local TCP Connector on port 54623" [_thread_in_native, id=5044, stack(0x0000005b0f700000,0x0000005b0f800000)]
  0x000001da561e1800 JavaThread "Daemon periodic checks" [_thread_blocked, id=9624, stack(0x0000005b0f800000,0x0000005b0f900000)]
  0x000001da55ad3000 JavaThread "Daemon" [_thread_blocked, id=5516, stack(0x0000005b0f900000,0x0000005b0fa00000)]
  0x000001da561b1800 JavaThread "Handler for socket connection from /127.0.0.1:54623 to /127.0.0.1:54624" [_thread_in_native, id=10236, stack(0x0000005b0fa00000,0x0000005b0fb00000)]
  0x000001da5520c800 JavaThread "Cancel handler" [_thread_blocked, id=1068, stack(0x0000005b0fb00000,0x0000005b0fc00000)]
  0x000001da56202000 JavaThread "Daemon worker" [_thread_blocked, id=12060, stack(0x0000005b0fc00000,0x0000005b0fd00000)]
  0x000001da55c0b800 JavaThread "Asynchronous log dispatcher for DefaultDaemonConnection: socket connection from /127.0.0.1:54623 to /127.0.0.1:54624" [_thread_blocked, id=10440, stack(0x0000005b0fd00000,0x0000005b0fe00000)]
  0x000001da561af000 JavaThread "Stdin handler" [_thread_blocked, id=8324, stack(0x0000005b0fe00000,0x0000005b0ff00000)]
  0x000001da561b0000 JavaThread "Thread-8" [_thread_blocked, id=4996, stack(0x0000005b0ff00000,0x0000005b10000000)]
  0x000001da56167800 JavaThread "Cache worker for file hash cache (C:\Users\Hp\.gradle\caches\6.7.1\fileHashes)" [_thread_blocked, id=1560, stack(0x0000005b10600000,0x0000005b10700000)]
  0x000001da56165000 JavaThread "File lock request listener" [_thread_in_native, id=4420, stack(0x0000005b10700000,0x0000005b10800000)]
  0x000001da56166000 JavaThread "Cache worker for journal cache (C:\Users\Hp\.gradle\caches\journal-1)" [_thread_blocked, id=8088, stack(0x0000005b10900000,0x0000005b10a00000)]
  0x000001da56166800 JavaThread "Cache worker for file hash cache (D:\FLO\.gradle\6.7.1\fileHashes)" [_thread_blocked, id=8620, stack(0x0000005b10a00000,0x0000005b10b00000)]
  0x000001da56161800 JavaThread "Cache worker for checksums cache (D:\FLO\.gradle\checksums)" [_thread_blocked, id=10176, stack(0x0000005b10b00000,0x0000005b10c00000)]
  0x000001da56164000 JavaThread "Cache worker for cache directory md-supplier (C:\Users\Hp\.gradle\caches\6.7.1\md-supplier)" [_thread_blocked, id=9464, stack(0x0000005b10c00000,0x0000005b10d00000)]
  0x000001da56162800 JavaThread "Cache worker for cache directory md-rule (C:\Users\Hp\.gradle\caches\6.7.1\md-rule)" [_thread_blocked, id=7920, stack(0x0000005b10d00000,0x0000005b10e00000)]
  0x000001da56168000 JavaThread "Cache worker for execution history cache (C:\Users\Hp\.gradle\caches\6.7.1\executionHistory)" [_thread_blocked, id=10404, stack(0x0000005b10e00000,0x0000005b10f00000)]
  0x000001da56163800 JavaThread "jar transforms" [_thread_blocked, id=6656, stack(0x0000005b10f00000,0x0000005b11000000)]
  0x000001da58890000 JavaThread "Cache worker for file content cache (C:\Users\Hp\.gradle\caches\6.7.1\fileContent)" [_thread_blocked, id=8720, stack(0x0000005b11000000,0x0000005b11100000)]
  0x000001da58891800 JavaThread "Cache worker for Build Output Cleanup Cache (D:\FLO\.gradle\buildOutputCleanup)" [_thread_blocked, id=1692, stack(0x0000005b11100000,0x0000005b11200000)]
  0x000001da5888c800 JavaThread "Build operations" [_thread_blocked, id=6864, stack(0x0000005b11200000,0x0000005b11300000)]
  0x000001da58893000 JavaThread "Build operations Thread 2" [_thread_blocked, id=8516, stack(0x0000005b11300000,0x0000005b11400000)]
  0x000001da5888d800 JavaThread "Build operations Thread 3" [_thread_blocked, id=5068, stack(0x0000005b11400000,0x0000005b11500000)]
  0x000001da5888e000 JavaThread "Build operations Thread 4" [_thread_blocked, id=5256, stack(0x0000005b11500000,0x0000005b11600000)]
  0x000001da58894000 JavaThread "Build operations Thread 5" [_thread_blocked, id=7804, stack(0x0000005b11600000,0x0000005b11700000)]
  0x000001da58894800 JavaThread "Build operations Thread 6" [_thread_blocked, id=1460, stack(0x0000005b11700000,0x0000005b11800000)]
  0x000001da5888f000 JavaThread "Build operations Thread 7" [_thread_blocked, id=3920, stack(0x0000005b11800000,0x0000005b11900000)]
  0x000001da58895800 JavaThread "Build operations Thread 8" [_thread_blocked, id=6560, stack(0x0000005b11900000,0x0000005b11a00000)]
  0x000001da58896800 JavaThread "jar transforms Thread 2" [_thread_blocked, id=8452, stack(0x0000005b11a00000,0x0000005b11b00000)]
  0x000001da58890800 JavaThread "jar transforms Thread 3" [_thread_blocked, id=9452, stack(0x0000005b11b00000,0x0000005b11c00000)]
  0x000001da58899000 JavaThread "jar transforms Thread 4" [_thread_blocked, id=7708, stack(0x0000005b11c00000,0x0000005b11d00000)]
  0x000001da58899800 JavaThread "jar transforms Thread 5" [_thread_blocked, id=4712, stack(0x0000005b11d00000,0x0000005b11e00000)]
  0x000001da5889b800 JavaThread "jar transforms Thread 6" [_thread_blocked, id=9240, stack(0x0000005b11e00000,0x0000005b11f00000)]
  0x000001da58897000 JavaThread "jar transforms Thread 7" [_thread_blocked, id=8308, stack(0x0000005b11f00000,0x0000005b12000000)]
  0x000001da58898000 JavaThread "jar transforms Thread 8" [_thread_blocked, id=8596, stack(0x0000005b12000000,0x0000005b12100000)]
  0x000001da5889a800 JavaThread "jar transforms Thread 9" [_thread_blocked, id=2340, stack(0x0000005b12100000,0x0000005b12200000)]
  0x000001da552ff800 JavaThread "jar transforms Thread 10" [_thread_blocked, id=10036, stack(0x0000005b12200000,0x0000005b12300000)]
  0x000001da55304800 JavaThread "jar transforms Thread 11" [_thread_blocked, id=3148, stack(0x0000005b12300000,0x0000005b12400000)]
  0x000001da55303800 JavaThread "jar transforms Thread 12" [_thread_blocked, id=11588, stack(0x0000005b12400000,0x0000005b12500000)]
  0x000001da55301000 JavaThread "jar transforms Thread 13" [_thread_blocked, id=5728, stack(0x0000005b12500000,0x0000005b12600000)]
  0x000001da55300000 JavaThread "jar transforms Thread 14" [_thread_blocked, id=12116, stack(0x0000005b12600000,0x0000005b12700000)]
  0x000001da55302000 JavaThread "jar transforms Thread 15" [_thread_blocked, id=10276, stack(0x0000005b12700000,0x0000005b12800000)]
  0x000001da552fe800 JavaThread "jar transforms Thread 16" [_thread_blocked, id=2676, stack(0x0000005b12800000,0x0000005b12900000)]
  0x000001da55305000 JavaThread "jar transforms Thread 17" [_thread_blocked, id=9592, stack(0x0000005b12900000,0x0000005b12a00000)]
  0x000001da55306000 JavaThread "jar transforms Thread 18" [_thread_blocked, id=6552, stack(0x0000005b12a00000,0x0000005b12b00000)]
  0x000001da55307000 JavaThread "jar transforms Thread 19" [_thread_blocked, id=11200, stack(0x0000005b12b00000,0x0000005b12c00000)]
  0x000001da55307800 JavaThread "jar transforms Thread 20" [_thread_blocked, id=2696, stack(0x0000005b12c00000,0x0000005b12d00000)]
  0x000001da55308800 JavaThread "jar transforms Thread 21" [_thread_blocked, id=1064, stack(0x0000005b12d00000,0x0000005b12e00000)]
  0x000001da55302800 JavaThread "jar transforms Thread 22" [_thread_blocked, id=3380, stack(0x0000005b12e00000,0x0000005b12f00000)]
  0x000001da5530d800 JavaThread "jar transforms Thread 23" [_thread_blocked, id=11944, stack(0x0000005b12f00000,0x0000005b13000000)]
  0x000001da55309000 JavaThread "jar transforms Thread 24" [_thread_blocked, id=10332, stack(0x0000005b13000000,0x0000005b13100000)]
  0x000001da5530a000 JavaThread "jar transforms Thread 25" [_thread_blocked, id=11060, stack(0x0000005b13100000,0x0000005b13200000)]
  0x000001da5530b000 JavaThread "jar transforms Thread 26" [_thread_blocked, id=11428, stack(0x0000005b13200000,0x0000005b13300000)]
  0x000001da5530b800 JavaThread "jar transforms Thread 27" [_thread_blocked, id=4552, stack(0x0000005b13300000,0x0000005b13400000)]
  0x000001da5530c800 JavaThread "jar transforms Thread 28" [_thread_blocked, id=7516, stack(0x0000005b13400000,0x0000005b13500000)]
  0x000001da56a49000 JavaThread "jar transforms Thread 29" [_thread_blocked, id=9440, stack(0x0000005b13500000,0x0000005b13600000)]
  0x000001da56a45800 JavaThread "jar transforms Thread 30" [_thread_blocked, id=8672, stack(0x0000005b13600000,0x0000005b13700000)]
  0x000001da56a46800 JavaThread "jar transforms Thread 31" [_thread_blocked, id=2588, stack(0x0000005b13700000,0x0000005b13800000)]
  0x000001da56a4a800 JavaThread "jar transforms Thread 32" [_thread_blocked, id=9176, stack(0x0000005b13800000,0x0000005b13900000)]
  0x000001da56a47000 JavaThread "jar transforms Thread 33" [_thread_blocked, id=9904, stack(0x0000005b13900000,0x0000005b13a00000)]
  0x000001da56a44800 JavaThread "jar transforms Thread 34" [_thread_blocked, id=2124, stack(0x0000005b13a00000,0x0000005b13b00000)]
  0x000001da56a4c000 JavaThread "jar transforms Thread 35" [_thread_blocked, id=7480, stack(0x0000005b13b00000,0x0000005b13c00000)]
  0x000001da56a4d800 JavaThread "jar transforms Thread 36" [_thread_blocked, id=10684, stack(0x0000005b13c00000,0x0000005b13d00000)]
  0x000001da56a49800 JavaThread "jar transforms Thread 37" [_thread_blocked, id=3728, stack(0x0000005b13d00000,0x0000005b13e00000)]
  0x000001da56a4d000 JavaThread "jar transforms Thread 38" [_thread_blocked, id=7184, stack(0x0000005b13e00000,0x0000005b13f00000)]
  0x000001da56a4b800 JavaThread "jar transforms Thread 39" [_thread_blocked, id=1592, stack(0x0000005b13f00000,0x0000005b14000000)]
  0x000001da56a48000 JavaThread "jar transforms Thread 40" [_thread_blocked, id=6488, stack(0x0000005b14000000,0x0000005b14100000)]
  0x000001da56a51000 JavaThread "jar transforms Thread 41" [_thread_blocked, id=5348, stack(0x0000005b14100000,0x0000005b14200000)]
  0x000001da56a4e800 JavaThread "jar transforms Thread 42" [_thread_blocked, id=5136, stack(0x0000005b14200000,0x0000005b14300000)]
  0x000001da56a52000 JavaThread "jar transforms Thread 43" [_thread_blocked, id=7152, stack(0x0000005b14300000,0x0000005b14400000)]
  0x000001da56a52800 JavaThread "jar transforms Thread 44" [_thread_blocked, id=8584, stack(0x0000005b14400000,0x0000005b14500000)]
  0x000001da56a53800 JavaThread "jar transforms Thread 45" [_thread_blocked, id=12248, stack(0x0000005b14500000,0x0000005b14600000)]
  0x000001da56a4f800 JavaThread "jar transforms Thread 46" [_thread_blocked, id=11660, stack(0x0000005b14600000,0x0000005b14700000)]
  0x000001da56a50000 JavaThread "jar transforms Thread 47" [_thread_blocked, id=5844, stack(0x0000005b14700000,0x0000005b14800000)]
  0x000001da54dfb800 JavaThread "jar transforms Thread 48" [_thread_blocked, id=9052, stack(0x0000005b14800000,0x0000005b14900000)]
  0x000001da54dfc800 JavaThread "jar transforms Thread 49" [_thread_blocked, id=9012, stack(0x0000005b14900000,0x0000005b14a00000)]
  0x000001da54dfd000 JavaThread "jar transforms Thread 50" [_thread_blocked, id=5420, stack(0x0000005b14a00000,0x0000005b14b00000)]
  0x000001da54dfe000 JavaThread "jar transforms Thread 51" [_thread_blocked, id=8400, stack(0x0000005b14b00000,0x0000005b14c00000)]
  0x000001da54df9000 JavaThread "jar transforms Thread 52" [_thread_blocked, id=11072, stack(0x0000005b14c00000,0x0000005b14d00000)]
  0x000001da54df8800 JavaThread "jar transforms Thread 53" [_thread_blocked, id=4936, stack(0x0000005b14d00000,0x0000005b14e00000)]
  0x000001da54dff000 JavaThread "jar transforms Thread 54" [_thread_blocked, id=11788, stack(0x0000005b14e00000,0x0000005b14f00000)]
  0x000001da54dff800 JavaThread "jar transforms Thread 55" [_thread_blocked, id=9248, stack(0x0000005b14f00000,0x0000005b15000000)]
  0x000001da54dfa000 JavaThread "jar transforms Thread 56" [_thread_blocked, id=7332, stack(0x0000005b15000000,0x0000005b15100000)]
  0x000001da54e00800 JavaThread "jar transforms Thread 57" [_thread_blocked, id=4396, stack(0x0000005b15100000,0x0000005b15200000)]
  0x000001da54dfa800 JavaThread "jar transforms Thread 58" [_thread_blocked, id=300, stack(0x0000005b15200000,0x0000005b15300000)]
  0x000001da54e03000 JavaThread "jar transforms Thread 59" [_thread_blocked, id=10828, stack(0x0000005b15300000,0x0000005b15400000)]
  0x000001da54e02000 JavaThread "jar transforms Thread 60" [_thread_blocked, id=12144, stack(0x0000005b15400000,0x0000005b15500000)]
  0x000001da54e03800 JavaThread "jar transforms Thread 61" [_thread_blocked, id=6824, stack(0x0000005b15500000,0x0000005b15600000)]
  0x000001da54e05800 JavaThread "jar transforms Thread 62" [_thread_blocked, id=5132, stack(0x0000005b15600000,0x0000005b15700000)]
  0x000001da54e04800 JavaThread "jar transforms Thread 63" [_thread_blocked, id=8160, stack(0x0000005b15700000,0x0000005b15800000)]
  0x000001da54e07000 JavaThread "jar transforms Thread 64" [_thread_blocked, id=6228, stack(0x0000005b15800000,0x0000005b15900000)]
  0x000001da54e06000 JavaThread "jar transforms Thread 65" [_thread_blocked, id=2384, stack(0x0000005b15900000,0x0000005b15a00000)]
  0x000001da54e01800 JavaThread "jar transforms Thread 66" [_thread_blocked, id=8504, stack(0x0000005b15a00000,0x0000005b15b00000)]
  0x000001da5489f800 JavaThread "jar transforms Thread 67" [_thread_blocked, id=7336, stack(0x0000005b15b00000,0x0000005b15c00000)]
  0x000001da548a0000 JavaThread "jar transforms Thread 68" [_thread_blocked, id=10340, stack(0x0000005b15c00000,0x0000005b15d00000)]
  0x000001da5489d000 JavaThread "jar transforms Thread 69" [_thread_blocked, id=6376, stack(0x0000005b15d00000,0x0000005b15e00000)]
  0x000001da5489e800 JavaThread "jar transforms Thread 70" [_thread_blocked, id=5320, stack(0x0000005b15e00000,0x0000005b15f00000)]
  0x000001da5489d800 JavaThread "jar transforms Thread 71" [_thread_blocked, id=2288, stack(0x0000005b15f00000,0x0000005b16000000)]
  0x000001da548a1000 JavaThread "jar transforms Thread 72" [_thread_blocked, id=10432, stack(0x0000005b16000000,0x0000005b16100000)]
  0x000001da5489b800 JavaThread "jar transforms Thread 73" [_thread_blocked, id=924, stack(0x0000005b16100000,0x0000005b16200000)]
  0x000001da548a2000 JavaThread "jar transforms Thread 74" [_thread_blocked, id=10096, stack(0x0000005b16200000,0x0000005b16300000)]
  0x000001da5489c000 JavaThread "jar transforms Thread 75" [_thread_blocked, id=9376, stack(0x0000005b16300000,0x0000005b16400000)]
  0x000001da548a8800 JavaThread "jar transforms Thread 76" [_thread_blocked, id=8300, stack(0x0000005b16400000,0x0000005b16500000)]

Other Threads:
=>0x000001da539c7000 VMThread "VM Thread" [stack: 0x0000005b0e800000,0x0000005b0e900000] [id=7744]
  0x000001da544dd800 WatcherThread [stack: 0x0000005b0f200000,0x0000005b0f300000] [id=11848]
  0x000001da38ff3800 GCTaskThread "GC Thread#0" [stack: 0x0000005b0e300000,0x0000005b0e400000] [id=11564]
  0x000001da54f4c000 GCTaskThread "GC Thread#1" [stack: 0x0000005b0f300000,0x0000005b0f400000] [id=10804]
  0x000001da556a4000 GCTaskThread "GC Thread#2" [stack: 0x0000005b10000000,0x0000005b10100000] [id=5692]
  0x000001da556a4800 GCTaskThread "GC Thread#3" [stack: 0x0000005b10100000,0x0000005b10200000] [id=11640]
  0x000001da55817800 GCTaskThread "GC Thread#4" [stack: 0x0000005b10200000,0x0000005b10300000] [id=9544]
  0x000001da56303000 GCTaskThread "GC Thread#5" [stack: 0x0000005b10300000,0x0000005b10400000] [id=7796]
  0x000001da56303800 GCTaskThread "GC Thread#6" [stack: 0x0000005b10400000,0x0000005b10500000] [id=8592]
  0x000001da55818800 GCTaskThread "GC Thread#7" [stack: 0x0000005b10500000,0x0000005b10600000] [id=576]
  0x000001da39025800 ConcurrentGCThread "G1 Main Marker" [stack: 0x0000005b0e400000,0x0000005b0e500000] [id=2988]
  0x000001da39028000 ConcurrentGCThread "G1 Conc#0" [stack: 0x0000005b0e500000,0x0000005b0e600000] [id=8340]
  0x000001da564cc000 ConcurrentGCThread "G1 Conc#1" [stack: 0x0000005b10800000,0x0000005b10900000] [id=3260]
  0x000001da39091800 ConcurrentGCThread "G1 Refine#0" [stack: 0x0000005b0e600000,0x0000005b0e700000] [id=11996]
  0x000001da39092800 ConcurrentGCThread "G1 Young RemSet Sampling" [stack: 0x0000005b0e700000,0x0000005b0e800000] [id=11300]

Threads with active compile tasks:

VM state:at safepoint (normal execution)

VM Mutex/Monitor currently owned by a thread:  ([mutex/lock_event])
[0x000001da38fd70c0] Threads_lock - owner thread: 0x000001da539c7000
[0x000001da38fd6fa0] Heap_lock - owner thread: 0x000001da56167800

Heap address: 0x0000000080000000, size: 2048 MB, Compressed Oops mode: 32-bit
Narrow klass base: 0x0000000000000000, Narrow klass shift: 3
Compressed class space size: 1073741824 Address: 0x0000000100000000

Heap:
 garbage-first heap   total 78848K, used 27120K [0x0000000080000000, 0x0000000100000000)
  region size 1024K, 3 young (3072K), 3 survivors (3072K)
 Metaspace       used 44169K, capacity 45172K, committed 45312K, reserved 1089536K
  class space    used 5669K, capacity 6025K, committed 6144K, reserved 1048576K
Heap Regions: E=young(eden), S=young(survivor), O=old, HS=humongous(starts), HC=humongous(continues), CS=collection set, F=free, A=archive, TAMS=top-at-mark-start (previous, next)
|   0|0x0000000080000000, 0x0000000080100000, 0x0000000080100000|100%| O|  |TAMS 0x0000000080100000, 0x0000000080000000| Untracked 
|   1|0x0000000080100000, 0x0000000080200000, 0x0000000080200000|100%| O|  |TAMS 0x0000000080200000, 0x0000000080100000| Untracked 
|   2|0x0000000080200000, 0x0000000080300000, 0x0000000080300000|100%| O|  |TAMS 0x0000000080300000, 0x0000000080200000| Untracked 
|   3|0x0000000080300000, 0x0000000080400000, 0x0000000080400000|100%|HS|  |TAMS 0x0000000080400000, 0x0000000080300000| Complete 
|   4|0x0000000080400000, 0x0000000080500000, 0x0000000080500000|100%|HC|  |TAMS 0x0000000080500000, 0x0000000080400000| Complete 
|   5|0x0000000080500000, 0x0000000080600000, 0x0000000080600000|100%|HC|  |TAMS 0x0000000080600000, 0x0000000080500000| Complete 
|   6|0x0000000080600000, 0x0000000080700000, 0x0000000080700000|100%| O|  |TAMS 0x0000000080700000, 0x0000000080600000| Untracked 
|   7|0x0000000080700000, 0x0000000080800000, 0x0000000080800000|100%| O|  |TAMS 0x0000000080800000, 0x0000000080700000| Untracked 
|   8|0x0000000080800000, 0x0000000080900000, 0x0000000080900000|100%| O|  |TAMS 0x0000000080900000, 0x0000000080800000| Untracked 
|   9|0x0000000080900000, 0x0000000080a00000, 0x0000000080a00000|100%| O|  |TAMS 0x0000000080a00000, 0x0000000080900000| Untracked 
|  10|0x0000000080a00000, 0x0000000080b00000, 0x0000000080b00000|100%| O|  |TAMS 0x0000000080b00000, 0x0000000080a00000| Untracked 
|  11|0x0000000080b00000, 0x0000000080c00000, 0x0000000080c00000|100%| O|  |TAMS 0x0000000080c00000, 0x0000000080b00000| Untracked 
|  12|0x0000000080c00000, 0x0000000080d00000, 0x0000000080d00000|100%| O|  |TAMS 0x0000000080d00000, 0x0000000080c00000| Untracked 
|  13|0x0000000080d00000, 0x0000000080e00000, 0x0000000080e00000|100%| O|  |TAMS 0x0000000080e00000, 0x0000000080d00000| Untracked 
|  14|0x0000000080e00000, 0x0000000080f00000, 0x0000000080f00000|100%| O|  |TAMS 0x0000000080f00000, 0x0000000080e00000| Untracked 
|  15|0x0000000080f00000, 0x0000000081000000, 0x0000000081000000|100%| O|  |TAMS 0x0000000081000000, 0x0000000080f00000| Untracked 
|  16|0x0000000081000000, 0x0000000081100000, 0x0000000081100000|100%| O|  |TAMS 0x0000000081100000, 0x0000000081000000| Untracked 
|  17|0x0000000081100000, 0x0000000081200000, 0x0000000081200000|100%| O|  |TAMS 0x0000000081200000, 0x0000000081100000| Untracked 
|  18|0x0000000081200000, 0x0000000081300000, 0x0000000081300000|100%| O|  |TAMS 0x0000000081300000, 0x0000000081200000| Untracked 
|  19|0x0000000081300000, 0x0000000081400000, 0x0000000081400000|100%| O|  |TAMS 0x0000000081400000, 0x0000000081300000| Untracked 
|  20|0x0000000081400000, 0x0000000081500000, 0x0000000081500000|100%| O|  |TAMS 0x000000008143fc00, 0x0000000081400000| Untracked 
|  21|0x0000000081500000, 0x0000000081600000, 0x0000000081600000|100%| O|  |TAMS 0x0000000081500000, 0x0000000081500000| Untracked 
|  22|0x0000000081600000, 0x0000000081700000, 0x0000000081700000|100%| O|  |TAMS 0x0000000081600000, 0x0000000081600000| Untracked 
|  23|0x0000000081700000, 0x00000000817d6e00, 0x0000000081800000| 83%| O|  |TAMS 0x0000000081700000, 0x0000000081700000| Untracked 
|  24|0x0000000081800000, 0x0000000081800000, 0x0000000081900000|  0%| F|  |TAMS 0x0000000081800000, 0x0000000081800000| Untracked 
|  25|0x0000000081900000, 0x0000000081900000, 0x0000000081a00000|  0%| F|  |TAMS 0x0000000081900000, 0x0000000081900000| Untracked 
|  26|0x0000000081a00000, 0x0000000081a00000, 0x0000000081b00000|  0%| F|  |TAMS 0x0000000081a00000, 0x0000000081a00000| Untracked 
|  27|0x0000000081b00000, 0x0000000081b00000, 0x0000000081c00000|  0%| F|  |TAMS 0x0000000081b00000, 0x0000000081b00000| Untracked 
|  28|0x0000000081c00000, 0x0000000081c00000, 0x0000000081d00000|  0%| F|  |TAMS 0x0000000081c00000, 0x0000000081c00000| Untracked 
|  29|0x0000000081d00000, 0x0000000081d00000, 0x0000000081e00000|  0%| F|  |TAMS 0x0000000081d00000, 0x0000000081d00000| Untracked 
|  30|0x0000000081e00000, 0x0000000081e00000, 0x0000000081f00000|  0%| F|  |TAMS 0x0000000081e00000, 0x0000000081e00000| Untracked 
|  31|0x0000000081f00000, 0x0000000081f00000, 0x0000000082000000|  0%| F|  |TAMS 0x0000000081f00000, 0x0000000081f00000| Untracked 
|  32|0x0000000082000000, 0x0000000082000000, 0x0000000082100000|  0%| F|  |TAMS 0x0000000082000000, 0x0000000082000000| Untracked 
|  33|0x0000000082100000, 0x0000000082100000, 0x0000000082200000|  0%| F|  |TAMS 0x0000000082100000, 0x0000000082100000| Untracked 
|  34|0x0000000082200000, 0x0000000082200000, 0x0000000082300000|  0%| F|  |TAMS 0x0000000082200000, 0x0000000082200000| Untracked 
|  35|0x0000000082300000, 0x0000000082300000, 0x0000000082400000|  0%| F|  |TAMS 0x0000000082300000, 0x0000000082300000| Untracked 
|  36|0x0000000082400000, 0x00000000824a53f0, 0x0000000082500000| 64%| S|CS|TAMS 0x0000000082400000, 0x0000000082400000| Complete 
|  37|0x0000000082500000, 0x0000000082600000, 0x0000000082600000|100%| S|CS|TAMS 0x0000000082500000, 0x0000000082500000| Complete 
|  38|0x0000000082600000, 0x0000000082700000, 0x0000000082700000|100%| S|CS|TAMS 0x0000000082600000, 0x0000000082600000| Complete 
|  39|0x0000000082700000, 0x0000000082700000, 0x0000000082800000|  0%| F|  |TAMS 0x0000000082700000, 0x0000000082700000| Untracked 
|  40|0x0000000082800000, 0x0000000082800000, 0x0000000082900000|  0%| F|  |TAMS 0x0000000082800000, 0x0000000082800000| Untracked 
|  41|0x0000000082900000, 0x0000000082900000, 0x0000000082a00000|  0%| F|  |TAMS 0x0000000082900000, 0x0000000082900000| Untracked 
|  42|0x0000000082a00000, 0x0000000082a00000, 0x0000000082b00000|  0%| F|  |TAMS 0x0000000082a00000, 0x0000000082a00000| Untracked 
|  43|0x0000000082b00000, 0x0000000082b00000, 0x0000000082c00000|  0%| F|  |TAMS 0x0000000082b00000, 0x0000000082b00000| Untracked 
|  44|0x0000000082c00000, 0x0000000082c00000, 0x0000000082d00000|  0%| F|  |TAMS 0x0000000082c00000, 0x0000000082c00000| Untracked 
|  45|0x0000000082d00000, 0x0000000082d00000, 0x0000000082e00000|  0%| F|  |TAMS 0x0000000082d00000, 0x0000000082d00000| Untracked 
|  46|0x0000000082e00000, 0x0000000082e00000, 0x0000000082f00000|  0%| F|  |TAMS 0x0000000082e00000, 0x0000000082e00000| Untracked 
|  47|0x0000000082f00000, 0x0000000082f00000, 0x0000000083000000|  0%| F|  |TAMS 0x0000000082f00000, 0x0000000082f00000| Untracked 
|  48|0x0000000083000000, 0x0000000083000000, 0x0000000083100000|  0%| F|  |TAMS 0x0000000083000000, 0x0000000083000000| Untracked 
|  49|0x0000000083100000, 0x0000000083100000, 0x0000000083200000|  0%| F|  |TAMS 0x0000000083100000, 0x0000000083100000| Untracked 
|  50|0x0000000083200000, 0x0000000083200000, 0x0000000083300000|  0%| F|  |TAMS 0x0000000083200000, 0x0000000083200000| Untracked 
|  51|0x0000000083300000, 0x0000000083300000, 0x0000000083400000|  0%| F|  |TAMS 0x0000000083300000, 0x0000000083300000| Untracked 
|  52|0x0000000083400000, 0x0000000083400000, 0x0000000083500000|  0%| F|  |TAMS 0x0000000083400000, 0x0000000083400000| Untracked 
|  53|0x0000000083500000, 0x0000000083500000, 0x0000000083600000|  0%| F|  |TAMS 0x0000000083500000, 0x0000000083500000| Untracked 
|  54|0x0000000083600000, 0x0000000083600000, 0x0000000083700000|  0%| F|  |TAMS 0x0000000083600000, 0x0000000083600000| Untracked 
|  55|0x0000000083700000, 0x0000000083700000, 0x0000000083800000|  0%| F|  |TAMS 0x0000000083700000, 0x0000000083700000| Untracked 
|  56|0x0000000083800000, 0x0000000083800000, 0x0000000083900000|  0%| F|  |TAMS 0x0000000083800000, 0x0000000083800000| Untracked 
|  57|0x0000000083900000, 0x0000000083900000, 0x0000000083a00000|  0%| F|  |TAMS 0x0000000083900000, 0x0000000083900000| Untracked 
|  58|0x0000000083a00000, 0x0000000083a00000, 0x0000000083b00000|  0%| F|  |TAMS 0x0000000083a00000, 0x0000000083a00000| Untracked 
|  59|0x0000000083b00000, 0x0000000083b00000, 0x0000000083c00000|  0%| F|  |TAMS 0x0000000083b00000, 0x0000000083b00000| Untracked 
|  60|0x0000000083c00000, 0x0000000083c00000, 0x0000000083d00000|  0%| F|  |TAMS 0x0000000083c00000, 0x0000000083c00000| Untracked 
|  61|0x0000000083d00000, 0x0000000083d00000, 0x0000000083e00000|  0%| F|  |TAMS 0x0000000083d00000, 0x0000000083d00000| Untracked 
|  62|0x0000000083e00000, 0x0000000083e00000, 0x0000000083f00000|  0%| F|  |TAMS 0x0000000083e00000, 0x0000000083e00000| Untracked 
|  63|0x0000000083f00000, 0x0000000083f00000, 0x0000000084000000|  0%| F|  |TAMS 0x0000000083f00000, 0x0000000083f00000| Untracked 

Card table byte_map: [0x000001da4c7c0000,0x000001da4cbc0000] _byte_map_base: 0x000001da4c3c0000

Marking Bits (Prev, Next): (CMBitMap*) 0x000001da3901cbd8, (CMBitMap*) 0x000001da3901cc10
 Prev Bits: [0x000001da4cfc0000, 0x000001da4efc0000)
 Next Bits: [0x000001da4efc0000, 0x000001da50fc0000)

Polling page: 0x000001da37750000

Metaspace:

Usage:
  Non-class:     38.23 MB capacity,    37.60 MB ( 98%) used,   549.18 KB (  1%) free+waste,    97.13 KB ( <1%) overhead. 
      Class:      5.88 MB capacity,     5.54 MB ( 94%) used,   309.29 KB (  5%) free+waste,    46.56 KB ( <1%) overhead. 
       Both:     44.11 MB capacity,    43.13 MB ( 98%) used,   858.47 KB (  2%) free+waste,   143.69 KB ( <1%) overhead. 

Virtual space:
  Non-class space:       40.00 MB reserved,      38.25 MB ( 96%) committed 
      Class space:        1.00 GB reserved,       6.00 MB ( <1%) committed 
             Both:        1.04 GB reserved,      44.25 MB (  4%) committed 

Chunk freelists:
   Non-Class:  21.00 KB
       Class:  0 bytes
        Both:  21.00 KB

MaxMetaspaceSize: 17179869184.00 GB
CompressedClassSpaceSize: 1.00 GB

CodeHeap 'non-profiled nmethods': size=120000Kb used=1658Kb max_used=1658Kb free=118341Kb
 bounds [0x000001da44430000, 0x000001da446a0000, 0x000001da4b960000]
CodeHeap 'profiled nmethods': size=120000Kb used=7805Kb max_used=7805Kb free=112194Kb
 bounds [0x000001da3cf00000, 0x000001da3d6b0000, 0x000001da44430000]
CodeHeap 'non-nmethods': size=5760Kb used=2196Kb max_used=2226Kb free=3563Kb
 bounds [0x000001da3c960000, 0x000001da3cbd0000, 0x000001da3cf00000]
 total_blobs=4676 nmethods=3917 adapters=670
 compilation: enabled
              stopped_count=0, restarted_count=0
 full_count=0

Compilation events (20 events):
Event: 5.643 Thread 0x000001da539fc000 nmethod 4095 0x000001da3d69d210 code [0x000001da3d69d420, 0x000001da3d69da58]
Event: 5.643 Thread 0x000001da539fa000 nmethod 4092 0x000001da445cd990 code [0x000001da445cdb20, 0x000001da445cdcb8]
Event: 5.643 Thread 0x000001da539fc000 4096       3       com.google.common.cache.LocalCache$StrongAccessEntry::<init> (29 bytes)
Event: 5.643 Thread 0x000001da539fa000 4093       4       org.gradle.internal.snapshot.PathUtil::compareCharsIgnoringCase (46 bytes)
Event: 5.644 Thread 0x000001da539fc000 nmethod 4096 0x000001da3d69dc10 code [0x000001da3d69de00, 0x000001da3d69e358]
Event: 5.644 Thread 0x000001da539fc000 4097       3       java.util.Optional::map (30 bytes)
Event: 5.644 Thread 0x000001da539fc000 nmethod 4097 0x000001da3d69e510 code [0x000001da3d69e760, 0x000001da3d69f028]
Event: 5.644 Thread 0x000001da539fc000 4100       3       jdk.internal.misc.Unsafe::weakCompareAndSetObject (11 bytes)
Event: 5.645 Thread 0x000001da539fc000 nmethod 4100 0x000001da3d69f310 code [0x000001da3d69f4c0, 0x000001da3d69f618]
Event: 5.645 Thread 0x000001da539fc000 4099       3       java.lang.invoke.VarHandleObjects$FieldInstanceReadWrite::weakCompareAndSet (38 bytes)
Event: 5.645 Thread 0x000001da539fc000 nmethod 4099 0x000001da3d69f690 code [0x000001da3d69f900, 0x000001da3d6a02e8]
Event: 5.645 Thread 0x000001da539fc000 4101       3       org.gradle.internal.snapshot.SearchUtil::binarySearch (160 bytes)
Event: 5.646 Thread 0x000001da539fc000 nmethod 4101 0x000001da3d6a0710 code [0x000001da3d6a0940, 0x000001da3d6a10c8]
Event: 5.646 Thread 0x000001da539fc000 4098       3       com.google.common.cache.LocalCache$Segment::newEntry (18 bytes)
Event: 5.646 Thread 0x000001da539fc000 nmethod 4098 0x000001da3d6a1310 code [0x000001da3d6a14e0, 0x000001da3d6a1838]
Event: 5.646 Thread 0x000001da539fc000 4103       3       org.gradle.internal.hash.HashCode::hashCode (76 bytes)
Event: 5.646 Thread 0x000001da539fc000 nmethod 4103 0x000001da3d6a1a10 code [0x000001da3d6a1bc0, 0x000001da3d6a1dd8]
Event: 5.648 Thread 0x000001da539fa000 nmethod 4093 0x000001da445cdd90 code [0x000001da445cdf40, 0x000001da445ce278]
Event: 5.648 Thread 0x000001da539fa000 4102       4       java.util.concurrent.locks.ReentrantLock$Sync::tryRelease (45 bytes)
Event: 5.649 Thread 0x000001da539fa000 nmethod 4102 0x000001da445ce690 code [0x000001da445ce820, 0x000001da445ce918]

GC Heap History (20 events):
Event: 1.038 GC heap after
{Heap after GC invocations=2 (full 0):
 garbage-first heap   total 65536K, used 13231K [0x0000000080000000, 0x0000000100000000)
  region size 1024K, 5 young (5120K), 5 survivors (5120K)
 Metaspace       used 11008K, capacity 11211K, committed 11520K, reserved 1058816K
  class space    used 1146K, capacity 1202K, committed 1280K, reserved 1048576K
}
Event: 2.069 GC heap before
{Heap before GC invocations=2 (full 0):
 garbage-first heap   total 65536K, used 39855K [0x0000000080000000, 0x0000000100000000)
  region size 1024K, 31 young (31744K), 5 survivors (5120K)
 Metaspace       used 17271K, capacity 17630K, committed 17792K, reserved 1064960K
  class space    used 2020K, capacity 2163K, committed 2176K, reserved 1048576K
}
Event: 2.074 GC heap after
{Heap after GC invocations=3 (full 0):
 garbage-first heap   total 65536K, used 15374K [0x0000000080000000, 0x0000000100000000)
  region size 1024K, 3 young (3072K), 3 survivors (3072K)
 Metaspace       used 17271K, capacity 17630K, committed 17792K, reserved 1064960K
  class space    used 2020K, capacity 2163K, committed 2176K, reserved 1048576K
}
Event: 2.400 GC heap before
{Heap before GC invocations=3 (full 0):
 garbage-first heap   total 65536K, used 38926K [0x0000000080000000, 0x0000000100000000)
  region size 1024K, 28 young (28672K), 3 survivors (3072K)
 Metaspace       used 20629K, capacity 21112K, committed 21248K, reserved 1067008K
  class space    used 2533K, capacity 2711K, committed 2816K, reserved 1048576K
}
Event: 2.404 GC heap after
{Heap after GC invocations=4 (full 0):
 garbage-first heap   total 65536K, used 16320K [0x0000000080000000, 0x0000000100000000)
  region size 1024K, 2 young (2048K), 2 survivors (2048K)
 Metaspace       used 20629K, capacity 21112K, committed 21248K, reserved 1067008K
  class space    used 2533K, capacity 2711K, committed 2816K, reserved 1048576K
}
Event: 2.894 GC heap before
{Heap before GC invocations=5 (full 0):
 garbage-first heap   total 65536K, used 44992K [0x0000000080000000, 0x0000000100000000)
  region size 1024K, 30 young (30720K), 2 survivors (2048K)
 Metaspace       used 24077K, capacity 24676K, committed 24832K, reserved 1071104K
  class space    used 3069K, capacity 3263K, committed 3328K, reserved 1048576K
}
Event: 2.897 GC heap after
{Heap after GC invocations=6 (full 0):
 garbage-first heap   total 65536K, used 17644K [0x0000000080000000, 0x0000000100000000)
  region size 1024K, 3 young (3072K), 3 survivors (3072K)
 Metaspace       used 24077K, capacity 24676K, committed 24832K, reserved 1071104K
  class space    used 3069K, capacity 3263K, committed 3328K, reserved 1048576K
}
Event: 3.226 GC heap before
{Heap before GC invocations=6 (full 0):
 garbage-first heap   total 65536K, used 47340K [0x0000000080000000, 0x0000000100000000)
  region size 1024K, 32 young (32768K), 3 survivors (3072K)
 Metaspace       used 27003K, capacity 27586K, committed 27648K, reserved 1073152K
  class space    used 3555K, capacity 3789K, committed 3840K, reserved 1048576K
}
Event: 3.229 GC heap after
{Heap after GC invocations=7 (full 0):
 garbage-first heap   total 65536K, used 18403K [0x0000000080000000, 0x0000000100000000)
  region size 1024K, 3 young (3072K), 3 survivors (3072K)
 Metaspace       used 27003K, capacity 27586K, committed 27648K, reserved 1073152K
  class space    used 3555K, capacity 3789K, committed 3840K, reserved 1048576K
}
Event: 3.695 GC heap before
{Heap before GC invocations=7 (full 0):
 garbage-first heap   total 65536K, used 47075K [0x0000000080000000, 0x0000000100000000)
  region size 1024K, 32 young (32768K), 3 survivors (3072K)
 Metaspace       used 33354K, capacity 34040K, committed 34304K, reserved 1079296K
  class space    used 4317K, capacity 4554K, committed 4608K, reserved 1048576K
}
Event: 3.699 GC heap after
{Heap after GC invocations=8 (full 0):
 garbage-first heap   total 65536K, used 20784K [0x0000000080000000, 0x0000000100000000)
  region size 1024K, 4 young (4096K), 4 survivors (4096K)
 Metaspace       used 33354K, capacity 34040K, committed 34304K, reserved 1079296K
  class space    used 4317K, capacity 4554K, committed 4608K, reserved 1048576K
}
Event: 3.861 GC heap before
{Heap before GC invocations=8 (full 0):
 garbage-first heap   total 65536K, used 30000K [0x0000000080000000, 0x0000000100000000)
  region size 1024K, 14 young (14336K), 4 survivors (4096K)
 Metaspace       used 35088K, capacity 35776K, committed 35840K, reserved 1081344K
  class space    used 4567K, capacity 4857K, committed 4864K, reserved 1048576K
}
Event: 3.869 GC heap after
{Heap after GC invocations=9 (full 0):
 garbage-first heap   total 65536K, used 21678K [0x0000000080000000, 0x0000000100000000)
  region size 1024K, 1 young (1024K), 1 survivors (1024K)
 Metaspace       used 35088K, capacity 35776K, committed 35840K, reserved 1081344K
  class space    used 4567K, capacity 4857K, committed 4864K, reserved 1048576K
}
Event: 4.299 GC heap before
{Heap before GC invocations=10 (full 0):
 garbage-first heap   total 65536K, used 51374K [0x0000000080000000, 0x0000000100000000)
  region size 1024K, 28 young (28672K), 1 survivors (1024K)
 Metaspace       used 38249K, capacity 38998K, committed 39040K, reserved 1083392K
  class space    used 4940K, capacity 5241K, committed 5248K, reserved 1048576K
}
Event: 4.302 GC heap after
{Heap after GC invocations=11 (full 0):
 garbage-first heap   total 65536K, used 22965K [0x0000000080000000, 0x0000000100000000)
  region size 1024K, 3 young (3072K), 3 survivors (3072K)
 Metaspace       used 38249K, capacity 38998K, committed 39040K, reserved 1083392K
  class space    used 4940K, capacity 5241K, committed 5248K, reserved 1048576K
}
Event: 4.637 GC heap before
{Heap before GC invocations=11 (full 0):
 garbage-first heap   total 65536K, used 49589K [0x0000000080000000, 0x0000000100000000)
  region size 1024K, 29 young (29696K), 3 survivors (3072K)
 Metaspace       used 40551K, capacity 41441K, committed 41600K, reserved 1085440K
  class space    used 5187K, capacity 5502K, committed 5504K, reserved 1048576K
}
Event: 4.641 GC heap after
{Heap after GC invocations=12 (full 0):
 garbage-first heap   total 65536K, used 24462K [0x0000000080000000, 0x0000000100000000)
  region size 1024K, 3 young (3072K), 3 survivors (3072K)
 Metaspace       used 40551K, capacity 41441K, committed 41600K, reserved 1085440K
  class space    used 5187K, capacity 5502K, committed 5504K, reserved 1048576K
}
Event: 5.006 GC heap before
{Heap before GC invocations=12 (full 0):
 garbage-first heap   total 65536K, used 50062K [0x0000000080000000, 0x0000000100000000)
  region size 1024K, 29 young (29696K), 3 survivors (3072K)
 Metaspace       used 42945K, capacity 43851K, committed 44032K, reserved 1087488K
  class space    used 5531K, capacity 5864K, committed 5888K, reserved 1048576K
}
Event: 5.011 GC heap after
{Heap after GC invocations=13 (full 0):
 garbage-first heap   total 65536K, used 25503K [0x0000000080000000, 0x0000000100000000)
  region size 1024K, 3 young (3072K), 3 survivors (3072K)
 Metaspace       used 42945K, capacity 43851K, committed 44032K, reserved 1087488K
  class space    used 5531K, capacity 5864K, committed 5888K, reserved 1048576K
}
Event: 5.649 GC heap before
{Heap before GC invocations=13 (full 0):
 garbage-first heap   total 65536K, used 51103K [0x0000000080000000, 0x0000000100000000)
  region size 1024K, 28 young (28672K), 3 survivors (3072K)
 Metaspace       used 44169K, capacity 45172K, committed 45312K, reserved 1089536K
  class space    used 5669K, capacity 6025K, committed 6144K, reserved 1048576K
}

Deoptimization events (20 events):
Event: 5.101 Thread 0x000001da56202000 DEOPT PACKING pc=0x000001da445241ec sp=0x0000005b0fcf90a0
Event: 5.101 Thread 0x000001da56202000 DEOPT UNPACKING pc=0x000001da3c9874af sp=0x0000005b0fcf9060 mode 2
Event: 5.218 Thread 0x000001da56202000 DEOPT PACKING pc=0x000001da3cfb8d9b sp=0x0000005b0fcf8320
Event: 5.218 Thread 0x000001da56202000 DEOPT UNPACKING pc=0x000001da3c9872ce sp=0x0000005b0fcf7860 mode 0
Event: 5.311 Thread 0x000001da56202000 Uncommon trap: trap_request=0xffffff4d fr.pc=0x000001da445246f0 relative=0x00000000000001d0
Event: 5.311 Thread 0x000001da56202000 Uncommon trap: reason=unstable_if action=reinterpret pc=0x000001da445246f0 method=java.util.ArrayDeque.addLast(Ljava/lang/Object;)V @ 42 c2
Event: 5.311 Thread 0x000001da56202000 DEOPT PACKING pc=0x000001da445246f0 sp=0x0000005b0fcf8ec0
Event: 5.311 Thread 0x000001da56202000 DEOPT UNPACKING pc=0x000001da3c9874af sp=0x0000005b0fcf8e18 mode 2
Event: 5.381 Thread 0x000001da5888c800 Uncommon trap: trap_request=0xffffff4d fr.pc=0x000001da444d758c relative=0x0000000000000f4c
Event: 5.381 Thread 0x000001da5888c800 Uncommon trap: reason=unstable_if action=reinterpret pc=0x000001da444d758c method=java.util.concurrent.ConcurrentHashMap.addCount(JI)V @ 34 c2
Event: 5.381 Thread 0x000001da5888c800 DEOPT PACKING pc=0x000001da444d758c sp=0x0000005b112fe370
Event: 5.381 Thread 0x000001da5888c800 DEOPT UNPACKING pc=0x000001da3c9874af sp=0x0000005b112fe240 mode 2
Event: 5.382 Thread 0x000001da58895800 Uncommon trap: trap_request=0xffffff4d fr.pc=0x000001da444cdaa8 relative=0x0000000000000148
Event: 5.382 Thread 0x000001da58895800 Uncommon trap: reason=unstable_if action=reinterpret pc=0x000001da444cdaa8 method=java.util.concurrent.ConcurrentHashMap.addCount(JI)V @ 7 c2
Event: 5.382 Thread 0x000001da58895800 DEOPT PACKING pc=0x000001da444cdaa8 sp=0x0000005b119fe390
Event: 5.382 Thread 0x000001da58895800 DEOPT UNPACKING pc=0x000001da3c9874af sp=0x0000005b119fe2f0 mode 2
Event: 5.401 Thread 0x000001da5888e000 DEOPT PACKING pc=0x000001da3cfb2b4c sp=0x0000005b115fd7d0
Event: 5.401 Thread 0x000001da5888e000 DEOPT UNPACKING pc=0x000001da3c9872ce sp=0x0000005b115fcd70 mode 0
Event: 5.459 Thread 0x000001da5888f000 DEOPT PACKING pc=0x000001da3cfb2b4c sp=0x0000005b118fd390
Event: 5.459 Thread 0x000001da5888f000 DEOPT UNPACKING pc=0x000001da3c9872ce sp=0x0000005b118fc930 mode 0

Classes redefined (0 events):
No events

Internal exceptions (20 events):
Event: 4.508 Thread 0x000001da56202000 Exception <a 'java/lang/ClassNotFoundException'{0x0000000082ff0218}: org/gradle/api/internal/artifacts/dsl/DefaultRepositoryHandlerCustomizer> (0x0000000082ff0218) thrown at [./src/hotspot/share/classfile/systemDictionary.cpp, line 231]
Event: 4.512 Thread 0x000001da56202000 Exception <a 'java/lang/ClassNotFoundException'{0x0000000082e43a50}: org/gradle/api/internal/artifacts/dsl/DefaultRepositoryHandler_DecoratedCustomizer> (0x0000000082e43a50) thrown at [./src/hotspot/share/classfile/systemDictionary.cpp, line 231]
Event: 4.555 Thread 0x000001da56202000 Exception <a 'java/lang/NoSuchMethodError'{0x0000000082b9e690}: 'int java.lang.invoke.DirectMethodHandle$Holder.invokeStaticInit(java.lang.Object, java.lang.Object, java.lang.Object, java.lang.Object)'> (0x0000000082b9e690) thrown at [./src/hotspot/share/interpreter/linkResolver.cpp, line 773]
Event: 4.653 Thread 0x000001da56202000 Exception <a 'java/lang/ClassNotFoundException'{0x0000000083e27358}: org/gradle/api/internal/artifacts/dsl/dependencies/DefaultDependencyHandler_DecoratedBeanInfo> (0x0000000083e27358) thrown at [./src/hotspot/share/classfile/systemDictionary.cpp, line 231]
Event: 4.654 Thread 0x000001da56202000 Exception <a 'java/lang/ClassNotFoundException'{0x0000000083e5c148}: org/gradle/api/internal/artifacts/dsl/dependencies/DefaultDependencyHandlerBeanInfo> (0x0000000083e5c148) thrown at [./src/hotspot/share/classfile/systemDictionary.cpp, line 231]
Event: 4.654 Thread 0x000001da56202000 Exception <a 'java/lang/ClassNotFoundException'{0x0000000083e91770}: org/gradle/api/internal/artifacts/dsl/dependencies/DefaultDependencyHandlerCustomizer> (0x0000000083e91770) thrown at [./src/hotspot/share/classfile/systemDictionary.cpp, line 231]
Event: 4.656 Thread 0x000001da56202000 Exception <a 'java/lang/ClassNotFoundException'{0x0000000083ee55d0}: org/gradle/api/internal/artifacts/dsl/dependencies/DefaultDependencyHandler_DecoratedCustomizer> (0x0000000083ee55d0) thrown at [./src/hotspot/share/classfile/systemDictionary.cpp, line 231]
Event: 4.867 Thread 0x000001da56202000 Exception <a 'java/lang/NoSuchMethodError'{0x0000000082fcd678}: 'java.lang.Object java.lang.invoke.DelegatingMethodHandle$Holder.reinvoke_L(java.lang.Object, java.lang.Object, java.lang.Object, java.lang.Object, java.lang.Object, java.lang.Object, java.lang.Object, java.lang.Object, java.lang.Object, java.lang.Object, java.lang.Object, java.lang.Object, java.lang.Object, java.lang.Object, java.lang.Object, java.lang.Object, java.lang.Object)'> (0x0000000082fcd678) thrown at [./src/hotspot/share/interpreter
Event: 4.867 Thread 0x000001da56202000 Exception <a 'java/lang/NoSuchMethodError'{0x0000000082fd7fc8}: 'java.lang.Object java.lang.invoke.Invokers$Holder.invoker(java.lang.Object, java.lang.Object, java.lang.Object, java.lang.Object, java.lang.Object, java.lang.Object, java.lang.Object, java.lang.Object, java.lang.Object, java.lang.Object, java.lang.Object, java.lang.Object, java.lang.Object, java.lang.Object, java.lang.Object, java.lang.Object, java.lang.Object)'> (0x0000000082fd7fc8) thrown at [./src/hotspot/share/interpreter/linkResolver.cpp
Event: 4.868 Thread 0x000001da56202000 Exception <a 'java/lang/NoSuchMethodError'{0x0000000082fde8d0}: 'java.lang.Object java.lang.invoke.DelegatingMethodHandle$Holder.delegate(java.lang.Object, java.lang.Object, java.lang.Object, java.lang.Object, java.lang.Object, java.lang.Object, java.lang.Object, java.lang.Object, java.lang.Object, java.lang.Object, java.lang.Object, java.lang.Object, java.lang.Object, java.lang.Object, java.lang.Object, java.lang.Object, java.lang.Object)'> (0x0000000082fde8d0) thrown at [./src/hotspot/share/interpreter/l
Event: 4.873 Thread 0x000001da56202000 Exception <a 'java/lang/NoSuchMethodError'{0x0000000082e26310}: 'java.lang.Object java.lang.invoke.DirectMethodHandle$Holder.invokeStatic(java.lang.Object, java.lang.Object, java.lang.Object, java.lang.Object, java.lang.Object, java.lang.Object, java.lang.Object, java.lang.Object, java.lang.Object, java.lang.Object, java.lang.Object, java.lang.Object, java.lang.Object, java.lang.Object, java.lang.Object)'> (0x0000000082e26310) thrown at [./src/hotspot/share/interpreter/linkResolver.cpp, line 773]
Event: 4.874 Thread 0x000001da56202000 Exception <a 'java/lang/NoSuchMethodError'{0x0000000082e357c0}: 'java.lang.Object java.lang.invoke.DirectMethodHandle$Holder.invokeStatic(java.lang.Object, java.lang.Object, java.lang.Object, java.lang.Object, java.lang.Object, java.lang.Object, java.lang.Object, java.lang.Object, java.lang.Object, java.lang.Object, java.lang.Object, java.lang.Object, java.lang.Object, java.lang.Object, java.lang.Object, java.lang.Object)'> (0x0000000082e357c0) thrown at [./src/hotspot/share/interpreter/linkResolver.cpp, l
Event: 4.875 Thread 0x000001da56202000 Exception <a 'java/lang/NoSuchMethodError'{0x0000000082e44970}: 'java.lang.Object java.lang.invoke.DelegatingMethodHandle$Holder.reinvoke_L(java.lang.Object, java.lang.Object, java.lang.Object, java.lang.Object, java.lang.Object, java.lang.Object, java.lang.Object, java.lang.Object, java.lang.Object, java.lang.Object, java.lang.Object, java.lang.Object, java.lang.Object, java.lang.Object, java.lang.Object, java.lang.Object)'> (0x0000000082e44970) thrown at [./src/hotspot/share/interpreter/linkResolver.cpp,
Event: 4.915 Thread 0x000001da56202000 Exception <a 'java/lang/NoSuchMethodError'{0x0000000082b09988}: 'java.lang.Object java.lang.invoke.DirectMethodHandle$Holder.invokeStatic(java.lang.Object, java.lang.Object, java.lang.Object, int)'> (0x0000000082b09988) thrown at [./src/hotspot/share/interpreter/linkResolver.cpp, line 773]
Event: 4.915 Thread 0x000001da56202000 Exception <a 'java/lang/NoSuchMethodError'{0x0000000082b0e248}: 'java.lang.Object java.lang.invoke.DirectMethodHandle$Holder.invokeSpecial(java.lang.Object, java.lang.Object, java.lang.Object, java.lang.Object, int)'> (0x0000000082b0e248) thrown at [./src/hotspot/share/interpreter/linkResolver.cpp, line 773]
Event: 4.915 Thread 0x000001da56202000 Exception <a 'java/lang/NoSuchMethodError'{0x0000000082b12428}: 'java.lang.Object java.lang.invoke.Invokers$Holder.linkToTargetMethod(java.lang.Object, java.lang.Object, int, java.lang.Object)'> (0x0000000082b12428) thrown at [./src/hotspot/share/interpreter/linkResolver.cpp, line 773]
Event: 4.920 Thread 0x000001da56202000 Exception <a 'java/lang/NoSuchMethodError'{0x0000000082b53f20}: 'int java.lang.invoke.DirectMethodHandle$Holder.invokeInterface(java.lang.Object, java.lang.Object)'> (0x0000000082b53f20) thrown at [./src/hotspot/share/interpreter/linkResolver.cpp, line 773]
Event: 4.921 Thread 0x000001da56202000 Exception <a 'java/lang/IncompatibleClassChangeError'{0x0000000082b57a00}: Found class java.lang.Object, but interface was expected> (0x0000000082b57a00) thrown at [./src/hotspot/share/interpreter/linkResolver.cpp, line 839]
Event: 5.025 Thread 0x000001da56202000 Exception <a 'java/lang/NoSuchMethodError'{0x0000000083e15fb8}: 'int java.lang.invoke.DirectMethodHandle$Holder.invokeStaticInit(java.lang.Object)'> (0x0000000083e15fb8) thrown at [./src/hotspot/share/interpreter/linkResolver.cpp, line 773]
Event: 5.335 Thread 0x000001da56202000 Exception <a 'java/lang/NoSuchMethodError'{0x0000000083663a08}: 'void java.lang.invoke.DirectMethodHandle$Holder.invokeStatic(java.lang.Object, java.lang.Object, java.lang.Object, int, java.lang.Object)'> (0x0000000083663a08) thrown at [./src/hotspot/share/interpreter/linkResolver.cpp, line 773]

Events (20 events):
Event: 5.635 Thread 0x000001da54dfa800 Thread added: 0x000001da54dfa800
Event: 5.635 Thread 0x000001da54e03000 Thread added: 0x000001da54e03000
Event: 5.636 Thread 0x000001da54e02000 Thread added: 0x000001da54e02000
Event: 5.637 Thread 0x000001da54e03800 Thread added: 0x000001da54e03800
Event: 5.638 Thread 0x000001da54e05800 Thread added: 0x000001da54e05800
Event: 5.639 Thread 0x000001da54e04800 Thread added: 0x000001da54e04800
Event: 5.639 Thread 0x000001da54e07000 Thread added: 0x000001da54e07000
Event: 5.640 Thread 0x000001da54e06000 Thread added: 0x000001da54e06000
Event: 5.641 Thread 0x000001da54e01800 Thread added: 0x000001da54e01800
Event: 5.641 Thread 0x000001da5489f800 Thread added: 0x000001da5489f800
Event: 5.642 Thread 0x000001da548a0000 Thread added: 0x000001da548a0000
Event: 5.643 Thread 0x000001da5489d000 Thread added: 0x000001da5489d000
Event: 5.645 Thread 0x000001da5489e800 Thread added: 0x000001da5489e800
Event: 5.645 Thread 0x000001da5489d800 Thread added: 0x000001da5489d800
Event: 5.646 Thread 0x000001da548a1000 Thread added: 0x000001da548a1000
Event: 5.647 Thread 0x000001da5489b800 Thread added: 0x000001da5489b800
Event: 5.647 Thread 0x000001da548a2000 Thread added: 0x000001da548a2000
Event: 5.648 Thread 0x000001da5489c000 Thread added: 0x000001da5489c000
Event: 5.649 Thread 0x000001da548a8800 Thread added: 0x000001da548a8800
Event: 5.649 Executing VM operation: G1CollectForAllocation


Dynamic libraries:
0x00007ff6dce50000 - 0x00007ff6dce5a000 	C:\Program Files\Android\Android Studio\jre\bin\java.exe
0x00007ffcfe630000 - 0x00007ffcfe825000 	C:\WINDOWS\SYSTEM32\ntdll.dll
0x00007ffcfe420000 - 0x00007ffcfe4de000 	C:\WINDOWS\System32\KERNEL32.DLL
0x00007ffcfbd80000 - 0x00007ffcfc048000 	C:\WINDOWS\System32\KERNELBASE.dll
0x00007ffcfc0a0000 - 0x00007ffcfc1a0000 	C:\WINDOWS\System32\ucrtbase.dll
0x00007ffce9610000 - 0x00007ffce9629000 	C:\Program Files\Android\Android Studio\jre\bin\jli.dll
0x00007ffce5ff0000 - 0x00007ffce6007000 	C:\Program Files\Android\Android Studio\jre\bin\VCRUNTIME140.dll
0x00007ffcfe270000 - 0x00007ffcfe411000 	C:\WINDOWS\System32\USER32.dll
0x00007ffcfc3e0000 - 0x00007ffcfc402000 	C:\WINDOWS\System32\win32u.dll
0x00007ffcfc680000 - 0x00007ffcfc6ab000 	C:\WINDOWS\System32\GDI32.dll
0x00007ffce8640000 - 0x00007ffce88da000 	C:\WINDOWS\WinSxS\amd64_microsoft.windows.common-controls_6595b64144ccf1df_6.0.19041.1110_none_60b5254171f9507e\COMCTL32.dll
0x00007ffcfc2d0000 - 0x00007ffcfc3db000 	C:\WINDOWS\System32\gdi32full.dll
0x00007ffcfd620000 - 0x00007ffcfd6be000 	C:\WINDOWS\System32\msvcrt.dll
0x00007ffcfc1a0000 - 0x00007ffcfc23d000 	C:\WINDOWS\System32\msvcp_win.dll
0x00007ffcfe240000 - 0x00007ffcfe270000 	C:\WINDOWS\System32\IMM32.DLL
0x00007ffccf470000 - 0x00007ffccf50d000 	C:\Program Files\Android\Android Studio\jre\bin\msvcp140.dll
0x00007ffc9c310000 - 0x00007ffc9cdcc000 	C:\Program Files\Android\Android Studio\jre\bin\server\jvm.dll
0x00007ffcfd850000 - 0x00007ffcfd8fc000 	C:\WINDOWS\System32\ADVAPI32.dll
0x00007ffcfc6b0000 - 0x00007ffcfc74b000 	C:\WINDOWS\System32\sechost.dll
0x00007ffcfdc90000 - 0x00007ffcfddba000 	C:\WINDOWS\System32\RPCRT4.dll
0x00007ffcfd7b0000 - 0x00007ffcfd7b8000 	C:\WINDOWS\System32\PSAPI.DLL
0x00007ffceabd0000 - 0x00007ffceabda000 	C:\WINDOWS\SYSTEM32\VERSION.dll
0x00007ffce7390000 - 0x00007ffce73b7000 	C:\WINDOWS\SYSTEM32\WINMM.dll
0x00007ffcf6600000 - 0x00007ffcf6609000 	C:\WINDOWS\SYSTEM32\WSOCK32.dll
0x00007ffcfd720000 - 0x00007ffcfd78b000 	C:\WINDOWS\System32\WS2_32.dll
0x00007ffcfa5e0000 - 0x00007ffcfa5f2000 	C:\WINDOWS\SYSTEM32\kernel.appcore.dll
0x00007ffce3b40000 - 0x00007ffce3b51000 	C:\Program Files\Android\Android Studio\jre\bin\verify.dll
0x00007ffcfa290000 - 0x00007ffcfa474000 	C:\WINDOWS\SYSTEM32\DBGHELP.DLL
0x00007ffce9370000 - 0x00007ffce939c000 	C:\WINDOWS\SYSTEM32\dbgcore.DLL
0x00007ffcfc240000 - 0x00007ffcfc2c3000 	C:\WINDOWS\System32\bcryptPrimitives.dll
0x00007ffccf320000 - 0x00007ffccf349000 	C:\Program Files\Android\Android Studio\jre\bin\java.dll
0x00007ffcf5e40000 - 0x00007ffcf5e4b000 	C:\Program Files\Android\Android Studio\jre\bin\jimage.dll
0x00007ffcdfc80000 - 0x00007ffcdfc98000 	C:\Program Files\Android\Android Studio\jre\bin\zip.dll
0x00007ffcfce20000 - 0x00007ffcfd55f000 	C:\WINDOWS\System32\SHELL32.dll
0x00007ffcf9b00000 - 0x00007ffcfa290000 	C:\WINDOWS\SYSTEM32\windows.storage.dll
0x00007ffcfc910000 - 0x00007ffcfcc65000 	C:\WINDOWS\System32\combase.dll
0x00007ffcfb7a0000 - 0x00007ffcfb7ce000 	C:\WINDOWS\SYSTEM32\Wldp.dll
0x00007ffcfdbe0000 - 0x00007ffcfdc8d000 	C:\WINDOWS\System32\SHCORE.dll
0x00007ffcfd5c0000 - 0x00007ffcfd615000 	C:\WINDOWS\System32\shlwapi.dll
0x00007ffcfbc90000 - 0x00007ffcfbcaf000 	C:\WINDOWS\SYSTEM32\profapi.dll
0x00007ffcddde0000 - 0x00007ffcdddfa000 	C:\Program Files\Android\Android Studio\jre\bin\net.dll
0x00007ffcefba0000 - 0x00007ffcefcac000 	C:\WINDOWS\SYSTEM32\WINHTTP.dll
0x00007ffcfb4b0000 - 0x00007ffcfb51a000 	C:\WINDOWS\system32\mswsock.dll
0x00007ffccf300000 - 0x00007ffccf314000 	C:\Program Files\Android\Android Studio\jre\bin\nio.dll
0x00007ffcdc4f0000 - 0x00007ffcdc517000 	C:\Users\Hp\.gradle\native\fdc75f09e3144964f2cf3f50f0aa648679c211496f362492102eb8c894070792\windows-amd64\native-platform.dll
0x00007ffca2680000 - 0x00007ffca2816000 	C:\Users\Hp\.gradle\native\12488b8bf47d2d4c9fbf2f6322a914ad602e24e48041cd04a747c6da556b65c4\windows-amd64\native-platform-file-events.dll
0x00007ffcde250000 - 0x00007ffcde25a000 	C:\Program Files\Android\Android Studio\jre\bin\management.dll
0x00007ffcdde10000 - 0x00007ffcdde1c000 	C:\Program Files\Android\Android Studio\jre\bin\management_ext.dll
0x00007ffcfb6d0000 - 0x00007ffcfb6e8000 	C:\WINDOWS\SYSTEM32\CRYPTSP.dll
0x00007ffcfadd0000 - 0x00007ffcfae04000 	C:\WINDOWS\system32\rsaenh.dll
0x00007ffcfbd50000 - 0x00007ffcfbd77000 	C:\WINDOWS\System32\bcrypt.dll
0x00007ffcfbc50000 - 0x00007ffcfbc7e000 	C:\WINDOWS\SYSTEM32\USERENV.dll
0x00007ffcfb6f0000 - 0x00007ffcfb6fc000 	C:\WINDOWS\SYSTEM32\CRYPTBASE.dll
0x00007ffcfb170000 - 0x00007ffcfb1ab000 	C:\WINDOWS\SYSTEM32\IPHLPAPI.DLL
0x00007ffcfd7c0000 - 0x00007ffcfd7c8000 	C:\WINDOWS\System32\NSI.dll
0x00007ffcf92f0000 - 0x00007ffcf9307000 	C:\WINDOWS\SYSTEM32\dhcpcsvc6.DLL
0x00007ffcf92d0000 - 0x00007ffcf92ed000 	C:\WINDOWS\SYSTEM32\dhcpcsvc.DLL
0x00007ffcfb1b0000 - 0x00007ffcfb27b000 	C:\WINDOWS\SYSTEM32\DNSAPI.dll
0x00007ffcf4f80000 - 0x00007ffcf4f8b000 	C:\WINDOWS\SYSTEM32\WINNSI.DLL

dbghelp: loaded successfully - version: 4.0.5 - missing functions: none
symbol engine: initialized successfully - sym options: 0x614 - pdb path: .;C:\Program Files\Android\Android Studio\jre\bin;C:\WINDOWS\SYSTEM32;C:\WINDOWS\WinSxS\amd64_microsoft.windows.common-controls_6595b64144ccf1df_6.0.19041.1110_none_60b5254171f9507e;C:\Program Files\Android\Android Studio\jre\bin\server;C:\Users\Hp\.gradle\native\fdc75f09e3144964f2cf3f50f0aa648679c211496f362492102eb8c894070792\windows-amd64;C:\Users\Hp\.gradle\native\12488b8bf47d2d4c9fbf2f6322a914ad602e24e48041cd04a747c6da556b65c4\windows-amd64

VM Arguments:
jvm_args: --add-opens=java.base/java.util=ALL-UNNAMED --add-opens=java.base/java.lang=ALL-UNNAMED --add-opens=java.base/java.lang.invoke=ALL-UNNAMED --add-opens=java.prefs/java.util.prefs=ALL-UNNAMED -Xmx2048m -Dfile.encoding=UTF-8 -Duser.country=ID -Duser.language=en -Duser.variant 
java_command: org.gradle.launcher.daemon.bootstrap.GradleDaemon 6.7.1
java_class_path (initial): C:\Users\Hp\.gradle\wrapper\dists\gradle-6.7.1-bin\bwlcbys1h7rz3272sye1xwiv6\gradle-6.7.1\lib\gradle-launcher-6.7.1.jar
Launcher Type: SUN_STANDARD

[Global flags]
     intx CICompilerCount                          = 4                                         {product} {ergonomic}
     uint ConcGCThreads                            = 2                                         {product} {ergonomic}
     uint G1ConcRefinementThreads                  = 8                                         {product} {ergonomic}
   size_t G1HeapRegionSize                         = 1048576                                   {product} {ergonomic}
    uintx GCDrainStackTargetSize                   = 64                                        {product} {ergonomic}
   size_t InitialHeapSize                          = 67108864                                  {product} {ergonomic}
   size_t MarkStackSize                            = 4194304                                   {product} {ergonomic}
   size_t MaxHeapSize                              = 2147483648                                {product} {command line}
   size_t MaxNewSize                               = 1287651328                                {product} {ergonomic}
   size_t MinHeapDeltaBytes                        = 1048576                                   {product} {ergonomic}
    uintx NonNMethodCodeHeapSize                   = 5836300                                {pd product} {ergonomic}
    uintx NonProfiledCodeHeapSize                  = 122910970                              {pd product} {ergonomic}
    uintx ProfiledCodeHeapSize                     = 122910970                              {pd product} {ergonomic}
    uintx ReservedCodeCacheSize                    = 251658240                              {pd product} {ergonomic}
     bool SegmentedCodeCache                       = true                                      {product} {ergonomic}
     bool UseCompressedClassPointers               = true                                 {lp64_product} {ergonomic}
     bool UseCompressedOops                        = true                                 {lp64_product} {ergonomic}
     bool UseG1GC                                  = true                                      {product} {ergonomic}
     bool UseLargePagesIndividualAllocation        = false                                  {pd product} {ergonomic}

Logging:
Log output configuration:
 #0: stdout all=warning uptime,level,tags
 #1: stderr all=off uptime,level,tags

Environment Variables:
PATH=C:\ProgramData\Oracle\Java\javapath;C:\Program Files (x86)\Common Files\Oracle\Java\javapath;C:\WINDOWS\system32;C:\WINDOWS;C:\WINDOWS\System32\Wbem;C:\WINDOWS\System32\WindowsPowerShell\v1.0\;C:\WINDOWS\System32\OpenSSH\;C:\Program Files\Git\cmd;D:\kuliah\SFML-2.5.1\bin;C:\Users\Hp\AppData\Local\Programs\Python\Python39\Scripts\;C:\Users\Hp\AppData\Local\Programs\Python\Python39\;C:\Program Files\Java\jdk1.8.0_291\bin;D:\Bahan Kuliah\bin;C:\opencv\opencv\build\x64\vc15\bin;C:\Users\Hp\AppData\Local\Microsoft\WindowsApps;D:\Microsoft VS Code\bin;
USERNAME=jasmine
OS=Windows_NT
PROCESSOR_IDENTIFIER=Intel64 Family 6 Model 142 Stepping 11, GenuineIntel



---------------  S Y S T E M  ---------------

OS: Windows 10 , 64 bit Build 19041 (10.0.19041.1348)
OS uptime: 0 days 0:44 hours
HyperV virtualization detected

CPU:total 8 (initial active 8) (4 cores per cpu, 2 threads per core) family 6 model 142 stepping 11, cmov, cx8, fxsr, mmx, sse, sse2, sse3, ssse3, sse4.1, sse4.2, popcnt, avx, avx2, aes, clmul, erms, 3dnowpref, lzcnt, ht, tsc, tscinvbit, bmi1, bmi2, adx, fma

Memory: 4k page, system-wide physical 3982M (270M free)
TotalPageFile size 8078M (AvailPageFile size 9M)
current process WorkingSet (physical memory assigned to process): 199M, peak: 200M
current process commit charge ("private bytes"): 241M, peak: 254M

vm_info: OpenJDK 64-Bit Server VM (11.0.8+10-b944.6842174) for windows-amd64 JRE (11.0.8+10-b944.6842174), built on Sep 19 2020 01:11:42 by "builder" with MS VC++ 14.0 (VS2015)

END.
