#
# There is insufficient memory for the Java Runtime Environment to continue.
# Native memory allocation (mmap) failed to map 16777216 bytes for Failed to commit area from 0x0000000084d00000 to 0x0000000085d00000 of length 16777216.
# Possible reasons:
#   The system is out of physical RAM or swap space
#   The process is running with CompressedOops enabled, and the Java Heap may be blocking the growth of the native heap
# Possible solutions:
#   Reduce memory load on the system
#   Increase physical memory or swap space
#   Check if swap backing store is full
#   Decrease Java heap size (-Xmx/-Xms)
#   Decrease number of Java threads
#   Decrease Java thread stack sizes (-Xss)
#   Set larger code cache with -XX:ReservedCodeCacheSize=
#   JVM is running with Unscaled Compressed Oops mode in which the Java heap is
#     placed in the first 4GB address space. The Java Heap base address is the
#     maximum limit for the native heap growth. Please use -XX:HeapBaseMinAddress
#     to set the Java Heap base and to place the Java Heap above 4GB virtual address.
# This output file may be truncated or incomplete.
#
#  Out of Memory Error (./src/hotspot/os/windows/os_windows.cpp:3303), pid=4312, tid=5460
#
# JRE version: OpenJDK Runtime Environment (11.0.8+10) (build 11.0.8+10-b944.6842174)
# Java VM: OpenJDK 64-Bit Server VM (11.0.8+10-b944.6842174, mixed mode, tiered, compressed oops, g1 gc, windows-amd64)
# No core dump will be written. Minidumps are not enabled by default on client versions of Windows
#

---------------  S U M M A R Y ------------

Command Line: --add-opens=java.base/java.util=ALL-UNNAMED --add-opens=java.base/java.lang=ALL-UNNAMED --add-opens=java.base/java.lang.invoke=ALL-UNNAMED --add-opens=java.prefs/java.util.prefs=ALL-UNNAMED -Xmx2048m -Dfile.encoding=UTF-8 -Duser.country=ID -Duser.language=en -Duser.variant org.gradle.launcher.daemon.bootstrap.GradleDaemon 6.7.1

Host: Intel(R) Core(TM) i5-8265U CPU @ 1.60GHz, 8 cores, 3G,  Windows 10 , 64 bit Build 19041 (10.0.19041.1348)
Time: Tue Nov 16 13:51:57 2021 SE Asia Standard Time elapsed time: 7 seconds (0d 0h 0m 7s)

---------------  T H R E A D  ---------------

Current thread (0x00000180d6e27800):  VMThread "VM Thread" [stack: 0x0000002920200000,0x0000002920300000] [id=5460]

Stack: [0x0000002920200000,0x0000002920300000]
[error occurred during error reporting (printing stack bounds), id 0xc0000005, EXCEPTION_ACCESS_VIOLATION (0xc0000005) at pc=0x00000180bfd30dad]

Native frames: (J=compiled Java code, j=interpreted, Vv=VM code, C=native code)
V  [jvm.dll+0x5de50a]
V  [jvm.dll+0x7122f5]
V  [jvm.dll+0x71384d]
V  [jvm.dll+0x713e65]
V  [jvm.dll+0x713e1b]
V  [jvm.dll+0x5dd958]
V  [jvm.dll+0x5de0f8]
C  [ntdll.dll+0xa20cf]
C  [ntdll.dll+0x51454]
C  [ntdll.dll+0xa0bfe]
C  0x00000180bfd30dad

VM_Operation (0x00000029216f46d0): G1CollectForAllocation, mode: safepoint, requested by thread 0x00000180d925b800


---------------  P R O C E S S  ---------------

Threads class SMR info:
_java_thread_list=0x00000180da492c80, length=135, elements={
0x00000180bc3ab000, 0x00000180d6e2b000, 0x00000180d6e36800, 0x00000180d77a2800,
0x00000180d77a3800, 0x00000180d77a4800, 0x00000180d77aa000, 0x00000180d77ab800,
0x00000180d7919800, 0x00000180d7931000, 0x00000180d8a02800, 0x00000180d8127800,
0x00000180d9920800, 0x00000180d93f5800, 0x00000180d93cb800, 0x00000180d914c000,
0x00000180d925b800, 0x00000180d953b000, 0x00000180d953c000, 0x00000180d8b24800,
0x00000180d95d2800, 0x00000180d95d3800, 0x00000180d95d1000, 0x00000180d95d1800,
0x00000180d95cd800, 0x00000180d95d4000, 0x00000180d95cf800, 0x00000180d95ce800,
0x00000180d95d0000, 0x00000180dbcaa800, 0x00000180dbcb1000, 0x00000180dbcae800,
0x00000180dbcaf000, 0x00000180dbcab000, 0x00000180dbcb1800, 0x00000180dbcac800,
0x00000180dbcac000, 0x00000180dbcb2800, 0x00000180dbcb3800, 0x00000180dbcad800,
0x00000180dbcb7800, 0x00000180dbcb9000, 0x00000180dbcb6800, 0x00000180dbcb4000,
0x00000180dbcb5800, 0x00000180dbcb5000, 0x00000180dbcb8000, 0x00000180da052800,
0x00000180da056800, 0x00000180da051800, 0x00000180da055800, 0x00000180da057000,
0x00000180da054000, 0x00000180da058000, 0x00000180da055000, 0x00000180da059000,
0x00000180da053000, 0x00000180da059800, 0x00000180da05f800, 0x00000180da05b800,
0x00000180da05c000, 0x00000180da060000, 0x00000180da05d000, 0x00000180da05e000,
0x00000180da05a800, 0x00000180da05e800, 0x00000180d9c4a800, 0x00000180d9c46800,
0x00000180d9c48000, 0x00000180d9c44800, 0x00000180d9c47000, 0x00000180d9c49800,
0x00000180d9c49000, 0x00000180d9c4b000, 0x00000180d9c45800, 0x00000180d9c50000,
0x00000180d9c51000, 0x00000180d9c52000, 0x00000180d9c4c000, 0x00000180d9c52800,
0x00000180d9c4d000, 0x00000180d9c53800, 0x00000180d9c4d800, 0x00000180d9c4e800,
0x00000180d9c4f800, 0x00000180da238000, 0x00000180da23b800, 0x00000180da23e800,
0x00000180da239000, 0x00000180da23f800, 0x00000180da23c000, 0x00000180da23d000,
0x00000180da23a000, 0x00000180da240800, 0x00000180da23e000, 0x00000180da23a800,
0x00000180da247000, 0x00000180da243800, 0x00000180da245000, 0x00000180da242800,
0x00000180da246000, 0x00000180da241000, 0x00000180da242000, 0x00000180da244800,
0x00000180d9d07000, 0x00000180d9d07800, 0x00000180d9d03800, 0x00000180d9d04800,
0x00000180d9d08800, 0x00000180d9d0b000, 0x00000180d9d09800, 0x00000180d9d0a000,
0x00000180d9d06000, 0x00000180d9d05000, 0x00000180d9d0d800, 0x00000180d9d0e000,
0x00000180d9d10000, 0x00000180d9d0f000, 0x00000180d9d11800, 0x00000180d9d10800,
0x00000180d9d0b800, 0x00000180d9d12800, 0x00000180d9d0c800, 0x00000180da039000,
0x00000180da03a000, 0x00000180da036800, 0x00000180da034000, 0x00000180da03b000,
0x00000180da038800, 0x00000180da035000, 0x00000180da036000, 0x00000180da037800,
0x00000180da03f800, 0x00000180da03b800, 0x00000180da03d000
}

Java Threads: ( => current thread )
  0x00000180bc3ab000 JavaThread "main" [_thread_blocked, id=6472, stack(0x000000291fc00000,0x000000291fd00000)]
  0x00000180d6e2b000 JavaThread "Reference Handler" daemon [_thread_blocked, id=6648, stack(0x0000002920300000,0x0000002920400000)]
  0x00000180d6e36800 JavaThread "Finalizer" daemon [_thread_blocked, id=7884, stack(0x0000002920400000,0x0000002920500000)]
  0x00000180d77a2800 JavaThread "Signal Dispatcher" daemon [_thread_blocked, id=9240, stack(0x0000002920500000,0x0000002920600000)]
  0x00000180d77a3800 JavaThread "Attach Listener" daemon [_thread_blocked, id=2124, stack(0x0000002920600000,0x0000002920700000)]
  0x00000180d77a4800 JavaThread "C2 CompilerThread0" daemon [_thread_in_native, id=2340, stack(0x0000002920700000,0x0000002920800000)]
  0x00000180d77aa000 JavaThread "C1 CompilerThread0" daemon [_thread_blocked, id=9176, stack(0x0000002920800000,0x0000002920900000)]
  0x00000180d77ab800 JavaThread "Sweeper thread" daemon [_thread_blocked, id=4416, stack(0x0000002920900000,0x0000002920a00000)]
  0x00000180d7919800 JavaThread "Common-Cleaner" daemon [_thread_blocked, id=3288, stack(0x0000002920a00000,0x0000002920b00000)]
  0x00000180d7931000 JavaThread "Service Thread" daemon [_thread_blocked, id=11028, stack(0x0000002920b00000,0x0000002920c00000)]
  0x00000180d8a02800 JavaThread "Daemon health stats" [_thread_blocked, id=6160, stack(0x0000002920e00000,0x0000002920f00000)]
  0x00000180d8127800 JavaThread "Incoming local TCP Connector on port 54721" [_thread_in_native, id=9832, stack(0x0000002921100000,0x0000002921200000)]
  0x00000180d9920800 JavaThread "Daemon periodic checks" [_thread_blocked, id=8780, stack(0x0000002921200000,0x0000002921300000)]
  0x00000180d93f5800 JavaThread "Daemon" [_thread_blocked, id=8556, stack(0x0000002921300000,0x0000002921400000)]
  0x00000180d93cb800 JavaThread "Handler for socket connection from /127.0.0.1:54721 to /127.0.0.1:54722" [_thread_in_native, id=9456, stack(0x0000002921400000,0x0000002921500000)]
  0x00000180d914c000 JavaThread "Cancel handler" [_thread_blocked, id=9228, stack(0x0000002921500000,0x0000002921600000)]
  0x00000180d925b800 JavaThread "Daemon worker" [_thread_blocked, id=8920, stack(0x0000002921600000,0x0000002921700000)]
  0x00000180d953b000 JavaThread "Asynchronous log dispatcher for DefaultDaemonConnection: socket connection from /127.0.0.1:54721 to /127.0.0.1:54722" [_thread_blocked, id=10916, stack(0x0000002921700000,0x0000002921800000)]
  0x00000180d953c000 JavaThread "Stdin handler" [_thread_blocked, id=10764, stack(0x0000002921800000,0x0000002921900000)]
  0x00000180d8b24800 JavaThread "Thread-8" [_thread_blocked, id=5232, stack(0x0000002921900000,0x0000002921a00000)]
  0x00000180d95d2800 JavaThread "Cache worker for file hash cache (C:\Users\Hp\.gradle\caches\6.7.1\fileHashes)" [_thread_blocked, id=5728, stack(0x0000002922000000,0x0000002922100000)]
  0x00000180d95d3800 JavaThread "File lock request listener" [_thread_in_native, id=8432, stack(0x0000002922100000,0x0000002922200000)]
  0x00000180d95d1000 JavaThread "Cache worker for journal cache (C:\Users\Hp\.gradle\caches\journal-1)" [_thread_blocked, id=3008, stack(0x0000002922300000,0x0000002922400000)]
  0x00000180d95d1800 JavaThread "Cache worker for file hash cache (D:\FLO\.gradle\6.7.1\fileHashes)" [_thread_blocked, id=7000, stack(0x0000002922400000,0x0000002922500000)]
  0x00000180d95cd800 JavaThread "Cache worker for checksums cache (D:\FLO\.gradle\checksums)" [_thread_blocked, id=7076, stack(0x0000002922500000,0x0000002922600000)]
  0x00000180d95d4000 JavaThread "Cache worker for cache directory md-supplier (C:\Users\Hp\.gradle\caches\6.7.1\md-supplier)" [_thread_blocked, id=5696, stack(0x0000002922600000,0x0000002922700000)]
  0x00000180d95cf800 JavaThread "Cache worker for cache directory md-rule (C:\Users\Hp\.gradle\caches\6.7.1\md-rule)" [_thread_blocked, id=4168, stack(0x0000002922700000,0x0000002922800000)]
  0x00000180d95ce800 JavaThread "Cache worker for execution history cache (C:\Users\Hp\.gradle\caches\6.7.1\executionHistory)" [_thread_blocked, id=1768, stack(0x0000002922800000,0x0000002922900000)]
  0x00000180d95d0000 JavaThread "jar transforms" [_thread_blocked, id=11452, stack(0x0000002922900000,0x0000002922a00000)]
  0x00000180dbcaa800 JavaThread "Cache worker for file content cache (C:\Users\Hp\.gradle\caches\6.7.1\fileContent)" [_thread_blocked, id=10772, stack(0x0000002922a00000,0x0000002922b00000)]
  0x00000180dbcb1000 JavaThread "Cache worker for Build Output Cleanup Cache (D:\FLO\.gradle\buildOutputCleanup)" [_thread_blocked, id=2940, stack(0x0000002922b00000,0x0000002922c00000)]
  0x00000180dbcae800 JavaThread "Build operations" [_thread_blocked, id=4332, stack(0x0000002922c00000,0x0000002922d00000)]
  0x00000180dbcaf000 JavaThread "Build operations Thread 2" [_thread_blocked, id=8928, stack(0x0000002922d00000,0x0000002922e00000)]
  0x00000180dbcab000 JavaThread "Build operations Thread 3" [_thread_blocked, id=11220, stack(0x0000002922e00000,0x0000002922f00000)]
  0x00000180dbcb1800 JavaThread "Build operations Thread 4" [_thread_blocked, id=10320, stack(0x0000002922f00000,0x0000002923000000)]
  0x00000180dbcac800 JavaThread "Build operations Thread 5" [_thread_blocked, id=8940, stack(0x0000002923000000,0x0000002923100000)]
  0x00000180dbcac000 JavaThread "Build operations Thread 6" [_thread_blocked, id=11628, stack(0x0000002923100000,0x0000002923200000)]
  0x00000180dbcb2800 JavaThread "Build operations Thread 7" [_thread_blocked, id=11784, stack(0x0000002923200000,0x0000002923300000)]
  0x00000180dbcb3800 JavaThread "Build operations Thread 8" [_thread_blocked, id=9544, stack(0x0000002923300000,0x0000002923400000)]
  0x00000180dbcad800 JavaThread "jar transforms Thread 2" [_thread_blocked, id=6656, stack(0x0000002923400000,0x0000002923500000)]
  0x00000180dbcb7800 JavaThread "jar transforms Thread 3" [_thread_blocked, id=5516, stack(0x0000002923500000,0x0000002923600000)]
  0x00000180dbcb9000 JavaThread "jar transforms Thread 4" [_thread_blocked, id=10236, stack(0x0000002923600000,0x0000002923700000)]
  0x00000180dbcb6800 JavaThread "jar transforms Thread 5" [_thread_blocked, id=12060, stack(0x0000002923700000,0x0000002923800000)]
  0x00000180dbcb4000 JavaThread "jar transforms Thread 6" [_thread_blocked, id=11884, stack(0x0000002923800000,0x0000002923900000)]
  0x00000180dbcb5800 JavaThread "jar transforms Thread 7" [_thread_blocked, id=2036, stack(0x0000002923900000,0x0000002923a00000)]
  0x00000180dbcb5000 JavaThread "jar transforms Thread 8" [_thread_blocked, id=10404, stack(0x0000002923a00000,0x0000002923b00000)]
  0x00000180dbcb8000 JavaThread "jar transforms Thread 9" [_thread_blocked, id=9316, stack(0x0000002923b00000,0x0000002923c00000)]
  0x00000180da052800 JavaThread "jar transforms Thread 10" [_thread_blocked, id=4420, stack(0x0000002923c00000,0x0000002923d00000)]
  0x00000180da056800 JavaThread "jar transforms Thread 11" [_thread_blocked, id=7428, stack(0x0000002923d00000,0x0000002923e00000)]
  0x00000180da051800 JavaThread "jar transforms Thread 12" [_thread_blocked, id=10232, stack(0x0000002923e00000,0x0000002923f00000)]
  0x00000180da055800 JavaThread "jar transforms Thread 13" [_thread_blocked, id=2828, stack(0x0000002923f00000,0x0000002924000000)]
  0x00000180da057000 JavaThread "jar transforms Thread 14" [_thread_blocked, id=7368, stack(0x0000002924000000,0x0000002924100000)]
  0x00000180da054000 JavaThread "jar transforms Thread 15" [_thread_blocked, id=9224, stack(0x0000002924100000,0x0000002924200000)]
  0x00000180da058000 JavaThread "jar transforms Thread 16" [_thread_blocked, id=4924, stack(0x0000002924200000,0x0000002924300000)]
  0x00000180da055000 JavaThread "jar transforms Thread 17" [_thread_blocked, id=11992, stack(0x0000002924300000,0x0000002924400000)]
  0x00000180da059000 JavaThread "jar transforms Thread 18" [_thread_blocked, id=8832, stack(0x0000002924400000,0x0000002924500000)]
  0x00000180da053000 JavaThread "jar transforms Thread 19" [_thread_blocked, id=8140, stack(0x0000002924500000,0x0000002924600000)]
  0x00000180da059800 JavaThread "jar transforms Thread 20" [_thread_blocked, id=12100, stack(0x0000002924600000,0x0000002924700000)]
  0x00000180da05f800 JavaThread "jar transforms Thread 21" [_thread_blocked, id=8452, stack(0x0000002924700000,0x0000002924800000)]
  0x00000180da05b800 JavaThread "jar transforms Thread 22" [_thread_blocked, id=9260, stack(0x0000002924800000,0x0000002924900000)]
  0x00000180da05c000 JavaThread "jar transforms Thread 23" [_thread_blocked, id=10480, stack(0x0000002924900000,0x0000002924a00000)]
  0x00000180da060000 JavaThread "jar transforms Thread 24" [_thread_blocked, id=6960, stack(0x0000002924a00000,0x0000002924b00000)]
  0x00000180da05d000 JavaThread "jar transforms Thread 25" [_thread_blocked, id=11032, stack(0x0000002924b00000,0x0000002924c00000)]
  0x00000180da05e000 JavaThread "jar transforms Thread 26" [_thread_blocked, id=2820, stack(0x0000002924c00000,0x0000002924d00000)]
  0x00000180da05a800 JavaThread "jar transforms Thread 27" [_thread_blocked, id=8820, stack(0x0000002924d00000,0x0000002924e00000)]
  0x00000180da05e800 JavaThread "jar transforms Thread 28" [_thread_blocked, id=8560, stack(0x0000002924e00000,0x0000002924f00000)]
  0x00000180d9c4a800 JavaThread "jar transforms Thread 29" [_thread_blocked, id=6676, stack(0x0000002924f00000,0x0000002925000000)]
  0x00000180d9c46800 JavaThread "jar transforms Thread 30" [_thread_blocked, id=10708, stack(0x0000002925000000,0x0000002925100000)]
  0x00000180d9c48000 JavaThread "jar transforms Thread 31" [_thread_blocked, id=9212, stack(0x0000002925100000,0x0000002925200000)]
  0x00000180d9c44800 JavaThread "jar transforms Thread 32" [_thread_blocked, id=11920, stack(0x0000002925200000,0x0000002925300000)]
  0x00000180d9c47000 JavaThread "jar transforms Thread 33" [_thread_blocked, id=1920, stack(0x0000002925300000,0x0000002925400000)]
  0x00000180d9c49800 JavaThread "jar transforms Thread 34" [_thread_blocked, id=9848, stack(0x0000002925400000,0x0000002925500000)]
  0x00000180d9c49000 JavaThread "jar transforms Thread 35" [_thread_blocked, id=8064, stack(0x0000002925500000,0x0000002925600000)]
  0x00000180d9c4b000 JavaThread "jar transforms Thread 36" [_thread_blocked, id=11892, stack(0x0000002925600000,0x0000002925700000)]
  0x00000180d9c45800 JavaThread "jar transforms Thread 37" [_thread_blocked, id=5584, stack(0x0000002925700000,0x0000002925800000)]
  0x00000180d9c50000 JavaThread "jar transforms Thread 38" [_thread_blocked, id=10604, stack(0x0000002925800000,0x0000002925900000)]
  0x00000180d9c51000 JavaThread "jar transforms Thread 39" [_thread_blocked, id=9328, stack(0x0000002925900000,0x0000002925a00000)]
  0x00000180d9c52000 JavaThread "jar transforms Thread 40" [_thread_blocked, id=1072, stack(0x0000002925a00000,0x0000002925b00000)]
  0x00000180d9c4c000 JavaThread "jar transforms Thread 41" [_thread_blocked, id=6884, stack(0x0000002925b00000,0x0000002925c00000)]
  0x00000180d9c52800 JavaThread "jar transforms Thread 42" [_thread_blocked, id=4068, stack(0x0000002925c00000,0x0000002925d00000)]
  0x00000180d9c4d000 JavaThread "jar transforms Thread 43" [_thread_blocked, id=6584, stack(0x0000002925d00000,0x0000002925e00000)]
  0x00000180d9c53800 JavaThread "jar transforms Thread 44" [_thread_blocked, id=4848, stack(0x0000002925e00000,0x0000002925f00000)]
  0x00000180d9c4d800 JavaThread "jar transforms Thread 45" [_thread_blocked, id=7376, stack(0x0000002925f00000,0x0000002926000000)]
  0x00000180d9c4e800 JavaThread "jar transforms Thread 46" [_thread_blocked, id=12072, stack(0x0000002926000000,0x0000002926100000)]
  0x00000180d9c4f800 JavaThread "jar transforms Thread 47" [_thread_blocked, id=8668, stack(0x0000002926100000,0x0000002926200000)]
  0x00000180da238000 JavaThread "jar transforms Thread 48" [_thread_blocked, id=2084, stack(0x0000002926200000,0x0000002926300000)]
  0x00000180da23b800 JavaThread "jar transforms Thread 49" [_thread_blocked, id=5140, stack(0x0000002926300000,0x0000002926400000)]
  0x00000180da23e800 JavaThread "jar transforms Thread 50" [_thread_blocked, id=10000, stack(0x0000002926400000,0x0000002926500000)]
  0x00000180da239000 JavaThread "jar transforms Thread 51" [_thread_blocked, id=7744, stack(0x0000002926500000,0x0000002926600000)]
  0x00000180da23f800 JavaThread "jar transforms Thread 52" [_thread_blocked, id=4920, stack(0x0000002926600000,0x0000002926700000)]
  0x00000180da23c000 JavaThread "jar transforms Thread 53" [_thread_blocked, id=7832, stack(0x0000002926700000,0x0000002926800000)]
  0x00000180da23d000 JavaThread "jar transforms Thread 54" [_thread_blocked, id=9460, stack(0x0000002926800000,0x0000002926900000)]
  0x00000180da23a000 JavaThread "jar transforms Thread 55" [_thread_blocked, id=3712, stack(0x0000002926900000,0x0000002926a00000)]
  0x00000180da240800 JavaThread "jar transforms Thread 56" [_thread_blocked, id=11996, stack(0x0000002926a00000,0x0000002926b00000)]
  0x00000180da23e000 JavaThread "jar transforms Thread 57" [_thread_blocked, id=1696, stack(0x0000002926b00000,0x0000002926c00000)]
  0x00000180da23a800 JavaThread "jar transforms Thread 58" [_thread_blocked, id=10016, stack(0x0000002926c00000,0x0000002926d00000)]
  0x00000180da247000 JavaThread "jar transforms Thread 59" [_thread_blocked, id=1460, stack(0x0000002926d00000,0x0000002926e00000)]
  0x00000180da243800 JavaThread "jar transforms Thread 60" [_thread_blocked, id=8932, stack(0x0000002926e00000,0x0000002926f00000)]
  0x00000180da245000 JavaThread "jar transforms Thread 61" [_thread_blocked, id=11292, stack(0x0000002926f00000,0x0000002927000000)]
  0x00000180da242800 JavaThread "jar transforms Thread 62" [_thread_blocked, id=4860, stack(0x0000002927000000,0x0000002927100000)]
  0x00000180da246000 JavaThread "jar transforms Thread 63" [_thread_blocked, id=12280, stack(0x0000002927100000,0x0000002927200000)]
  0x00000180da241000 JavaThread "jar transforms Thread 64" [_thread_blocked, id=728, stack(0x0000002927200000,0x0000002927300000)]
  0x00000180da242000 JavaThread "jar transforms Thread 65" [_thread_blocked, id=8948, stack(0x0000002927300000,0x0000002927400000)]
  0x00000180da244800 JavaThread "jar transforms Thread 66" [_thread_blocked, id=6004, stack(0x0000002927400000,0x0000002927500000)]
  0x00000180d9d07000 JavaThread "jar transforms Thread 67" [_thread_blocked, id=1404, stack(0x0000002927500000,0x0000002927600000)]
  0x00000180d9d07800 JavaThread "jar transforms Thread 68" [_thread_blocked, id=7584, stack(0x0000002927600000,0x0000002927700000)]
  0x00000180d9d03800 JavaThread "jar transforms Thread 69" [_thread_blocked, id=9580, stack(0x0000002927700000,0x0000002927800000)]
  0x00000180d9d04800 JavaThread "jar transforms Thread 70" [_thread_blocked, id=2428, stack(0x0000002927800000,0x0000002927900000)]
  0x00000180d9d08800 JavaThread "jar transforms Thread 71" [_thread_blocked, id=10852, stack(0x0000002927900000,0x0000002927a00000)]
  0x00000180d9d0b000 JavaThread "jar transforms Thread 72" [_thread_blocked, id=3808, stack(0x0000002927a00000,0x0000002927b00000)]
  0x00000180d9d09800 JavaThread "jar transforms Thread 73" [_thread_blocked, id=6368, stack(0x0000002927b00000,0x0000002927c00000)]
  0x00000180d9d0a000 JavaThread "jar transforms Thread 74" [_thread_blocked, id=11172, stack(0x0000002927c00000,0x0000002927d00000)]
  0x00000180d9d06000 JavaThread "jar transforms Thread 75" [_thread_blocked, id=10732, stack(0x0000002927d00000,0x0000002927e00000)]
  0x00000180d9d05000 JavaThread "jar transforms Thread 76" [_thread_blocked, id=1668, stack(0x0000002927e00000,0x0000002927f00000)]
  0x00000180d9d0d800 JavaThread "jar transforms Thread 77" [_thread_blocked, id=1068, stack(0x0000002927f00000,0x0000002928000000)]
  0x00000180d9d0e000 JavaThread "jar transforms Thread 78" [_thread_blocked, id=10272, stack(0x0000002928000000,0x0000002928100000)]
  0x00000180d9d10000 JavaThread "jar transforms Thread 79" [_thread_blocked, id=3828, stack(0x0000002928100000,0x0000002928200000)]
  0x00000180d9d0f000 JavaThread "jar transforms Thread 80" [_thread_blocked, id=1384, stack(0x0000002928200000,0x0000002928300000)]
  0x00000180d9d11800 JavaThread "jar transforms Thread 81" [_thread_blocked, id=10120, stack(0x0000002928300000,0x0000002928400000)]
  0x00000180d9d10800 JavaThread "jar transforms Thread 82" [_thread_blocked, id=6824, stack(0x0000002928400000,0x0000002928500000)]
  0x00000180d9d0b800 JavaThread "jar transforms Thread 83" [_thread_blocked, id=8716, stack(0x0000002928500000,0x0000002928600000)]
  0x00000180d9d12800 JavaThread "jar transforms Thread 84" [_thread_blocked, id=7804, stack(0x0000002928600000,0x0000002928700000)]
  0x00000180d9d0c800 JavaThread "jar transforms Thread 85" [_thread_blocked, id=6920, stack(0x0000002928700000,0x0000002928800000)]
  0x00000180da039000 JavaThread "jar transforms Thread 86" [_thread_blocked, id=8544, stack(0x0000002928800000,0x0000002928900000)]
  0x00000180da03a000 JavaThread "jar transforms Thread 87" [_thread_blocked, id=10580, stack(0x0000002928900000,0x0000002928a00000)]
  0x00000180da036800 JavaThread "jar transforms Thread 88" [_thread_blocked, id=8516, stack(0x0000002928a00000,0x0000002928b00000)]
  0x00000180da034000 JavaThread "jar transforms Thread 89" [_thread_blocked, id=5624, stack(0x0000002928b00000,0x0000002928c00000)]
  0x00000180da03b000 JavaThread "jar transforms Thread 90" [_thread_blocked, id=7852, stack(0x0000002928c00000,0x0000002928d00000)]
  0x00000180da038800 JavaThread "jar transforms Thread 91" [_thread_blocked, id=8988, stack(0x0000002928d00000,0x0000002928e00000)]
  0x00000180da035000 JavaThread "jar transforms Thread 92" [_thread_blocked, id=8760, stack(0x0000002928e00000,0x0000002928f00000)]
  0x00000180da036000 JavaThread "jar transforms Thread 93" [_thread_blocked, id=9284, stack(0x0000002928f00000,0x0000002929000000)]
  0x00000180da037800 JavaThread "jar transforms Thread 94" [_thread_blocked, id=7100, stack(0x0000002929000000,0x0000002929100000)]
  0x00000180da03f800 JavaThread "jar transforms Thread 95" [_thread_blocked, id=792, stack(0x0000002929100000,0x0000002929200000)]
  0x00000180da03b800 JavaThread "jar transforms Thread 96" [_thread_blocked, id=11940, stack(0x0000002929200000,0x0000002929300000)]
  0x00000180da03d000 JavaThread "jar transforms Thread 97" [_thread_blocked, id=6568, stack(0x0000002929300000,0x0000002929400000)]

Other Threads:
=>0x00000180d6e27800 VMThread "VM Thread" [stack: 0x0000002920200000,0x0000002920300000] [id=5460]
  0x00000180d7931800 WatcherThread [stack: 0x0000002920c00000,0x0000002920d00000] [id=11728]
  0x00000180bc3c2800 GCTaskThread "GC Thread#0" [stack: 0x000000291fd00000,0x000000291fe00000] [id=8640]
  0x00000180d817c000 GCTaskThread "GC Thread#1" [stack: 0x0000002920d00000,0x0000002920e00000] [id=8228]
  0x00000180d85cb800 GCTaskThread "GC Thread#2" [stack: 0x0000002921a00000,0x0000002921b00000] [id=11180]
  0x00000180d8e5f000 GCTaskThread "GC Thread#3" [stack: 0x0000002921b00000,0x0000002921c00000] [id=1196]
  0x00000180d95df800 GCTaskThread "GC Thread#4" [stack: 0x0000002921c00000,0x0000002921d00000] [id=10020]
  0x00000180d9009000 GCTaskThread "GC Thread#5" [stack: 0x0000002921d00000,0x0000002921e00000] [id=11344]
  0x00000180d94b5000 GCTaskThread "GC Thread#6" [stack: 0x0000002921e00000,0x0000002921f00000] [id=4712]
  0x00000180d93df800 GCTaskThread "GC Thread#7" [stack: 0x0000002921f00000,0x0000002922000000] [id=10036]
  0x00000180bc3f4800 ConcurrentGCThread "G1 Main Marker" [stack: 0x000000291fe00000,0x000000291ff00000] [id=10924]
  0x00000180bc3f7000 ConcurrentGCThread "G1 Conc#0" [stack: 0x000000291ff00000,0x0000002920000000] [id=8468]
  0x00000180d98a8800 ConcurrentGCThread "G1 Conc#1" [stack: 0x0000002922200000,0x0000002922300000] [id=2484]
  0x00000180bc460800 ConcurrentGCThread "G1 Refine#0" [stack: 0x0000002920000000,0x0000002920100000] [id=5492]
  0x00000180bc461800 ConcurrentGCThread "G1 Young RemSet Sampling" [stack: 0x0000002920100000,0x0000002920200000] [id=6108]

Threads with active compile tasks:
C2 CompilerThread0   7222 4447       4       java.lang.invoke.LambdaForm$Name::replaceNames (174 bytes)

VM state:at safepoint (normal execution)

VM Mutex/Monitor currently owned by a thread:  ([mutex/lock_event])
[0x00000180bc3a6fa0] Threads_lock - owner thread: 0x00000180d6e27800
[0x00000180bc3a6df0] Heap_lock - owner thread: 0x00000180d925b800

Heap address: 0x0000000080000000, size: 2048 MB, Compressed Oops mode: 32-bit
Narrow klass base: 0x0000000000000000, Narrow klass shift: 3
Compressed class space size: 1073741824 Address: 0x0000000100000000

Heap:
 garbage-first heap   total 95232K, used 38584K [0x0000000080000000, 0x0000000100000000)
  region size 1024K, 1 young (1024K), 1 survivors (1024K)
 Metaspace       used 50553K, capacity 51738K, committed 51968K, reserved 1093632K
  class space    used 6437K, capacity 6838K, committed 6912K, reserved 1048576K
Heap Regions: E=young(eden), S=young(survivor), O=old, HS=humongous(starts), HC=humongous(continues), CS=collection set, F=free, A=archive, TAMS=top-at-mark-start (previous, next)
|   0|0x0000000080000000, 0x0000000080100000, 0x0000000080100000|100%| O|  |TAMS 0x0000000080100000, 0x0000000080000000| Untracked 
|   1|0x0000000080100000, 0x0000000080200000, 0x0000000080200000|100%| O|  |TAMS 0x0000000080200000, 0x0000000080100000| Untracked 
|   2|0x0000000080200000, 0x0000000080300000, 0x0000000080300000|100%| O|  |TAMS 0x0000000080300000, 0x0000000080200000| Untracked 
|   3|0x0000000080300000, 0x0000000080400000, 0x0000000080400000|100%|HS|  |TAMS 0x0000000080400000, 0x0000000080300000| Complete 
|   4|0x0000000080400000, 0x0000000080500000, 0x0000000080500000|100%|HC|  |TAMS 0x0000000080500000, 0x0000000080400000| Complete 
|   5|0x0000000080500000, 0x0000000080600000, 0x0000000080600000|100%|HC|  |TAMS 0x0000000080600000, 0x0000000080500000| Complete 
|   6|0x0000000080600000, 0x0000000080700000, 0x0000000080700000|100%| O|  |TAMS 0x0000000080700000, 0x0000000080600000| Untracked 
|   7|0x0000000080700000, 0x0000000080800000, 0x0000000080800000|100%| O|  |TAMS 0x0000000080800000, 0x0000000080700000| Untracked 
|   8|0x0000000080800000, 0x0000000080900000, 0x0000000080900000|100%| O|  |TAMS 0x0000000080900000, 0x0000000080800000| Untracked 
|   9|0x0000000080900000, 0x0000000080a00000, 0x0000000080a00000|100%| O|  |TAMS 0x0000000080a00000, 0x0000000080900000| Untracked 
|  10|0x0000000080a00000, 0x0000000080b00000, 0x0000000080b00000|100%| O|  |TAMS 0x0000000080b00000, 0x0000000080a00000| Untracked 
|  11|0x0000000080b00000, 0x0000000080c00000, 0x0000000080c00000|100%| O|  |TAMS 0x0000000080c00000, 0x0000000080b00000| Untracked 
|  12|0x0000000080c00000, 0x0000000080d00000, 0x0000000080d00000|100%| O|  |TAMS 0x0000000080d00000, 0x0000000080c00000| Untracked 
|  13|0x0000000080d00000, 0x0000000080e00000, 0x0000000080e00000|100%| O|  |TAMS 0x0000000080e00000, 0x0000000080d00000| Untracked 
|  14|0x0000000080e00000, 0x0000000080f00000, 0x0000000080f00000|100%| O|  |TAMS 0x0000000080f00000, 0x0000000080e00000| Untracked 
|  15|0x0000000080f00000, 0x0000000081000000, 0x0000000081000000|100%| O|  |TAMS 0x0000000081000000, 0x0000000080f00000| Untracked 
|  16|0x0000000081000000, 0x0000000081100000, 0x0000000081100000|100%| O|  |TAMS 0x0000000081100000, 0x0000000081000000| Untracked 
|  17|0x0000000081100000, 0x0000000081200000, 0x0000000081200000|100%| O|  |TAMS 0x0000000081200000, 0x0000000081100000| Untracked 
|  18|0x0000000081200000, 0x0000000081300000, 0x0000000081300000|100%| O|  |TAMS 0x0000000081210400, 0x0000000081200000| Untracked 
|  19|0x0000000081300000, 0x0000000081400000, 0x0000000081400000|100%| O|  |TAMS 0x0000000081300000, 0x0000000081300000| Untracked 
|  20|0x0000000081400000, 0x0000000081500000, 0x0000000081500000|100%| O|  |TAMS 0x0000000081400000, 0x0000000081400000| Untracked 
|  21|0x0000000081500000, 0x0000000081600000, 0x0000000081600000|100%| O|  |TAMS 0x0000000081500000, 0x0000000081500000| Untracked 
|  22|0x0000000081600000, 0x0000000081700000, 0x0000000081700000|100%| O|  |TAMS 0x0000000081600000, 0x0000000081600000| Untracked 
|  23|0x0000000081700000, 0x0000000081800000, 0x0000000081800000|100%| O|  |TAMS 0x0000000081700000, 0x0000000081700000| Untracked 
|  24|0x0000000081800000, 0x0000000081900000, 0x0000000081900000|100%|HS|  |TAMS 0x0000000081800000, 0x0000000081800000| Complete 
|  25|0x0000000081900000, 0x0000000081a00000, 0x0000000081a00000|100%|HS|  |TAMS 0x0000000081900000, 0x0000000081900000| Complete 
|  26|0x0000000081a00000, 0x0000000081b00000, 0x0000000081b00000|100%|HC|  |TAMS 0x0000000081a00000, 0x0000000081a00000| Complete 
|  27|0x0000000081b00000, 0x0000000081c00000, 0x0000000081c00000|100%| O|  |TAMS 0x0000000081b00000, 0x0000000081b00000| Untracked 
|  28|0x0000000081c00000, 0x0000000081d00000, 0x0000000081d00000|100%| O|  |TAMS 0x0000000081c00000, 0x0000000081c00000| Untracked 
|  29|0x0000000081d00000, 0x0000000081e00000, 0x0000000081e00000|100%| O|  |TAMS 0x0000000081d00000, 0x0000000081d00000| Untracked 
|  30|0x0000000081e00000, 0x0000000081f00000, 0x0000000081f00000|100%| O|  |TAMS 0x0000000081e00000, 0x0000000081e00000| Untracked 
|  31|0x0000000081f00000, 0x0000000082000000, 0x0000000082000000|100%| O|  |TAMS 0x0000000081f00000, 0x0000000081f00000| Untracked 
|  32|0x0000000082000000, 0x0000000082100000, 0x0000000082100000|100%| O|  |TAMS 0x0000000082000000, 0x0000000082000000| Untracked 
|  33|0x0000000082100000, 0x0000000082200000, 0x0000000082200000|100%| O|  |TAMS 0x0000000082100000, 0x0000000082100000| Untracked 
|  34|0x0000000082200000, 0x0000000082300000, 0x0000000082300000|100%| O|  |TAMS 0x0000000082200000, 0x0000000082200000| Untracked 
|  35|0x0000000082300000, 0x0000000082400000, 0x0000000082400000|100%| O|  |TAMS 0x0000000082300000, 0x0000000082300000| Untracked 
|  36|0x0000000082400000, 0x00000000824cb400, 0x0000000082500000| 79%| O|  |TAMS 0x0000000082400000, 0x0000000082400000| Untracked 
|  37|0x0000000082500000, 0x0000000082500000, 0x0000000082600000|  0%| F|  |TAMS 0x0000000082500000, 0x0000000082500000| Untracked 
|  38|0x0000000082600000, 0x0000000082600000, 0x0000000082700000|  0%| F|  |TAMS 0x0000000082600000, 0x0000000082600000| Untracked 
|  39|0x0000000082700000, 0x0000000082700000, 0x0000000082800000|  0%| F|  |TAMS 0x0000000082700000, 0x0000000082700000| Untracked 
|  40|0x0000000082800000, 0x0000000082800000, 0x0000000082900000|  0%| F|  |TAMS 0x0000000082800000, 0x0000000082800000| Untracked 
|  41|0x0000000082900000, 0x0000000082900000, 0x0000000082a00000|  0%| F|  |TAMS 0x0000000082900000, 0x0000000082900000| Untracked 
|  42|0x0000000082a00000, 0x0000000082a00000, 0x0000000082b00000|  0%| F|  |TAMS 0x0000000082a00000, 0x0000000082a00000| Untracked 
|  43|0x0000000082b00000, 0x0000000082b00000, 0x0000000082c00000|  0%| F|  |TAMS 0x0000000082b00000, 0x0000000082b00000| Untracked 
|  44|0x0000000082c00000, 0x0000000082c00000, 0x0000000082d00000|  0%| F|  |TAMS 0x0000000082c00000, 0x0000000082c00000| Untracked 
|  45|0x0000000082d00000, 0x0000000082d00000, 0x0000000082e00000|  0%| F|  |TAMS 0x0000000082d00000, 0x0000000082d00000| Untracked 
|  46|0x0000000082e00000, 0x0000000082e00000, 0x0000000082f00000|  0%| F|  |TAMS 0x0000000082e00000, 0x0000000082e00000| Untracked 
|  47|0x0000000082f00000, 0x0000000082f00000, 0x0000000083000000|  0%| F|  |TAMS 0x0000000082f00000, 0x0000000082f00000| Untracked 
|  48|0x0000000083000000, 0x0000000083000000, 0x0000000083100000|  0%| F|  |TAMS 0x0000000083000000, 0x0000000083000000| Untracked 
|  49|0x0000000083100000, 0x0000000083100000, 0x0000000083200000|  0%| F|  |TAMS 0x0000000083100000, 0x0000000083100000| Untracked 
|  50|0x0000000083200000, 0x0000000083200000, 0x0000000083300000|  0%| F|  |TAMS 0x0000000083200000, 0x0000000083200000| Untracked 
|  51|0x0000000083300000, 0x0000000083300000, 0x0000000083400000|  0%| F|  |TAMS 0x0000000083300000, 0x0000000083300000| Untracked 
|  52|0x0000000083400000, 0x00000000834e2ef0, 0x0000000083500000| 88%| S|CS|TAMS 0x0000000083400000, 0x0000000083400000| Complete 
|  53|0x0000000083500000, 0x0000000083500000, 0x0000000083600000|  0%| F|  |TAMS 0x0000000083500000, 0x0000000083500000| Untracked 
|  54|0x0000000083600000, 0x0000000083600000, 0x0000000083700000|  0%| F|  |TAMS 0x0000000083600000, 0x0000000083600000| Untracked 
|  55|0x0000000083700000, 0x0000000083700000, 0x0000000083800000|  0%| F|  |TAMS 0x0000000083700000, 0x0000000083700000| Untracked 
|  56|0x0000000083800000, 0x0000000083800000, 0x0000000083900000|  0%| F|  |TAMS 0x0000000083800000, 0x0000000083800000| Untracked 
|  57|0x0000000083900000, 0x0000000083900000, 0x0000000083a00000|  0%| F|  |TAMS 0x0000000083900000, 0x0000000083900000| Untracked 
|  58|0x0000000083a00000, 0x0000000083a00000, 0x0000000083b00000|  0%| F|  |TAMS 0x0000000083a00000, 0x0000000083a00000| Untracked 
|  59|0x0000000083b00000, 0x0000000083b00000, 0x0000000083c00000|  0%| F|  |TAMS 0x0000000083b00000, 0x0000000083b00000| Untracked 
|  60|0x0000000083c00000, 0x0000000083c00000, 0x0000000083d00000|  0%| F|  |TAMS 0x0000000083c00000, 0x0000000083c00000| Untracked 
|  61|0x0000000083d00000, 0x0000000083d00000, 0x0000000083e00000|  0%| F|  |TAMS 0x0000000083d00000, 0x0000000083d00000| Untracked 
|  62|0x0000000083e00000, 0x0000000083e00000, 0x0000000083f00000|  0%| F|  |TAMS 0x0000000083e00000, 0x0000000083e00000| Untracked 
|  63|0x0000000083f00000, 0x0000000083f00000, 0x0000000084000000|  0%| F|  |TAMS 0x0000000083f00000, 0x0000000083f00000| Untracked 
|  64|0x0000000084000000, 0x0000000084000000, 0x0000000084100000|  0%| F|  |TAMS 0x0000000084000000, 0x0000000084000000| Untracked 
|  65|0x0000000084100000, 0x0000000084100000, 0x0000000084200000|  0%| F|  |TAMS 0x0000000084100000, 0x0000000084100000| Untracked 
|  66|0x0000000084200000, 0x0000000084200000, 0x0000000084300000|  0%| F|  |TAMS 0x0000000084200000, 0x0000000084200000| Untracked 
|  67|0x0000000084300000, 0x0000000084300000, 0x0000000084400000|  0%| F|  |TAMS 0x0000000084300000, 0x0000000084300000| Untracked 
|  68|0x0000000084400000, 0x0000000084400000, 0x0000000084500000|  0%| F|  |TAMS 0x0000000084400000, 0x0000000084400000| Untracked 
|  69|0x0000000084500000, 0x0000000084500000, 0x0000000084600000|  0%| F|  |TAMS 0x0000000084500000, 0x0000000084500000| Untracked 
|  70|0x0000000084600000, 0x0000000084600000, 0x0000000084700000|  0%| F|  |TAMS 0x0000000084600000, 0x0000000084600000| Untracked 
|  71|0x0000000084700000, 0x0000000084700000, 0x0000000084800000|  0%| F|  |TAMS 0x0000000084700000, 0x0000000084700000| Untracked 
|  72|0x0000000084800000, 0x0000000084800000, 0x0000000084900000|  0%| F|  |TAMS 0x0000000084800000, 0x0000000084800000| Untracked 
|  73|0x0000000084900000, 0x0000000084900000, 0x0000000084a00000|  0%| F|  |TAMS 0x0000000084900000, 0x0000000084900000| Untracked 
|  74|0x0000000084a00000, 0x0000000084a00000, 0x0000000084b00000|  0%| F|  |TAMS 0x0000000084a00000, 0x0000000084a00000| Untracked 
|  75|0x0000000084b00000, 0x0000000084b00000, 0x0000000084c00000|  0%| F|  |TAMS 0x0000000084b00000, 0x0000000084b00000| Untracked 
|  76|0x0000000084c00000, 0x0000000084c00000, 0x0000000084d00000|  0%| F|  |TAMS 0x0000000084c00000, 0x0000000084c00000| Untracked 

Card table byte_map: [0x00000180cfb90000,0x00000180cff90000] _byte_map_base: 0x00000180cf790000

Marking Bits (Prev, Next): (CMBitMap*) 0x00000180bc3ebc48, (CMBitMap*) 0x00000180bc3ebc80
 Prev Bits: [0x00000180d0390000, 0x00000180d2390000)
 Next Bits: [0x00000180d2390000, 0x00000180d4390000)

Polling page: 0x00000180bab60000

Metaspace:

Usage:
  Non-class:     43.85 MB capacity,    43.08 MB ( 98%) used,   671.52 KB (  1%) free+waste,   113.00 KB ( <1%) overhead. 
      Class:      6.68 MB capacity,     6.29 MB ( 94%) used,   346.30 KB (  5%) free+waste,    54.06 KB ( <1%) overhead. 
       Both:     50.53 MB capacity,    49.37 MB ( 98%) used,  1017.83 KB (  2%) free+waste,   167.06 KB ( <1%) overhead. 

Virtual space:
  Non-class space:       44.00 MB reserved,      44.00 MB (100%) committed 
      Class space:        1.00 GB reserved,       6.75 MB ( <1%) committed 
             Both:        1.04 GB reserved,      50.75 MB (  5%) committed 

Chunk freelists:
   Non-Class:  28.00 KB
       Class:  10.00 KB
        Both:  38.00 KB

MaxMetaspaceSize: 17179869184.00 GB
CompressedClassSpaceSize: 1.00 GB

CodeHeap 'non-profiled nmethods': size=120000Kb used=1997Kb max_used=1997Kb free=118002Kb
 bounds [0x00000180c7800000, 0x00000180c7a70000, 0x00000180ced30000]
CodeHeap 'profiled nmethods': size=120000Kb used=9036Kb max_used=9036Kb free=110963Kb
 bounds [0x00000180c02d0000, 0x00000180c0bb0000, 0x00000180c7800000]
CodeHeap 'non-nmethods': size=5760Kb used=2205Kb max_used=2235Kb free=3554Kb
 bounds [0x00000180bfd30000, 0x00000180bffa0000, 0x00000180c02d0000]
 total_blobs=5077 nmethods=4300 adapters=687
 compilation: enabled
              stopped_count=0, restarted_count=0
 full_count=0

Compilation events (20 events):
Event: 6.973 Thread 0x00000180d77aa000 4456       3       java.lang.invoke.DirectMethodHandle::preparedFieldLambdaForm (183 bytes)
Event: 6.974 Thread 0x00000180d77aa000 nmethod 4456 0x00000180c0ba0490 code [0x00000180c0ba0700, 0x00000180c0ba0e58]
Event: 6.974 Thread 0x00000180d77aa000 4460       3       java.lang.invoke.ClassSpecializer$Factory$1Var::nextIndex (18 bytes)
Event: 6.975 Thread 0x00000180d77aa000 nmethod 4460 0x00000180c0ba1190 code [0x00000180c0ba1360, 0x00000180c0ba1618]
Event: 6.975 Thread 0x00000180d77aa000 4458       3       java.lang.invoke.ClassSpecializer$Factory$1Var::emitVarInstruction (73 bytes)
Event: 6.976 Thread 0x00000180d77aa000 nmethod 4458 0x00000180c0ba1790 code [0x00000180c0ba1a40, 0x00000180c0ba2578]
Event: 6.976 Thread 0x00000180d77aa000 4459       3       java.lang.invoke.ClassSpecializer$Factory::typeLoadOp (90 bytes)
Event: 6.977 Thread 0x00000180d77aa000 nmethod 4459 0x00000180c0ba2a10 code [0x00000180c0ba2c80, 0x00000180c0ba3678]
Event: 7.002 Thread 0x00000180d77a4800 nmethod 4433 0x00000180c79f0710 code [0x00000180c79f0940, 0x00000180c79f17f8]
Event: 7.002 Thread 0x00000180d77a4800 4463       4       java.util.HashMap::put (13 bytes)
Event: 7.015 Thread 0x00000180d77aa000 4464       3       jdk.internal.loader.ClassLoaders::bootLoader (4 bytes)
Event: 7.016 Thread 0x00000180d77aa000 nmethod 4464 0x00000180c0ba3990 code [0x00000180c0ba3b40, 0x00000180c0ba3c38]
Event: 7.019 Thread 0x00000180d77a4800 nmethod 4463 0x00000180c79f2210 code [0x00000180c79f2400, 0x00000180c79f2bc8]
Event: 7.020 Thread 0x00000180d77a4800 4448       4       java.lang.invoke.LambdaForm$Name::useCount (42 bytes)
Event: 7.022 Thread 0x00000180d77a4800 nmethod 4448 0x00000180c79f3110 code [0x00000180c79f32a0, 0x00000180c79f3378]
Event: 7.022 Thread 0x00000180d77a4800 4447       4       java.lang.invoke.LambdaForm$Name::replaceNames (174 bytes)
Event: 7.033 Thread 0x00000180d77aa000 4465       3       java.lang.reflect.Constructor::setAccessible (21 bytes)
Event: 7.034 Thread 0x00000180d77aa000 nmethod 4465 0x00000180c0ba3c90 code [0x00000180c0ba3ec0, 0x00000180c0ba44f8]
Event: 7.034 Thread 0x00000180d77aa000 4466       3       java.lang.reflect.Constructor::checkCanSetAccessible (29 bytes)
Event: 7.034 Thread 0x00000180d77aa000 nmethod 4466 0x00000180c0ba4710 code [0x00000180c0ba48e0, 0x00000180c0ba4b98]

GC Heap History (20 events):
Event: 2.546 GC heap after
{Heap after GC invocations=4 (full 0):
 garbage-first heap   total 65536K, used 16474K [0x0000000080000000, 0x0000000100000000)
  region size 1024K, 2 young (2048K), 2 survivors (2048K)
 Metaspace       used 20624K, capacity 21112K, committed 21248K, reserved 1067008K
  class space    used 2535K, capacity 2711K, committed 2816K, reserved 1048576K
}
Event: 2.942 GC heap before
{Heap before GC invocations=5 (full 0):
 garbage-first heap   total 65536K, used 45146K [0x0000000080000000, 0x0000000100000000)
  region size 1024K, 31 young (31744K), 2 survivors (2048K)
 Metaspace       used 24189K, capacity 24743K, committed 24832K, reserved 1071104K
  class space    used 3092K, capacity 3264K, committed 3328K, reserved 1048576K
}
Event: 2.944 GC heap after
{Heap after GC invocations=6 (full 0):
 garbage-first heap   total 65536K, used 17633K [0x0000000080000000, 0x0000000100000000)
  region size 1024K, 3 young (3072K), 3 survivors (3072K)
 Metaspace       used 24189K, capacity 24743K, committed 24832K, reserved 1071104K
  class space    used 3092K, capacity 3264K, committed 3328K, reserved 1048576K
}
Event: 3.362 GC heap before
{Heap before GC invocations=6 (full 0):
 garbage-first heap   total 65536K, used 47329K [0x0000000080000000, 0x0000000100000000)
  region size 1024K, 32 young (32768K), 3 survivors (3072K)
 Metaspace       used 27167K, capacity 27810K, committed 27904K, reserved 1073152K
  class space    used 3584K, capacity 3821K, committed 3840K, reserved 1048576K
}
Event: 3.365 GC heap after
{Heap after GC invocations=7 (full 0):
 garbage-first heap   total 65536K, used 18742K [0x0000000080000000, 0x0000000100000000)
  region size 1024K, 3 young (3072K), 3 survivors (3072K)
 Metaspace       used 27167K, capacity 27810K, committed 27904K, reserved 1073152K
  class space    used 3584K, capacity 3821K, committed 3840K, reserved 1048576K
}
Event: 3.880 GC heap before
{Heap before GC invocations=7 (full 0):
 garbage-first heap   total 65536K, used 48438K [0x0000000080000000, 0x0000000100000000)
  region size 1024K, 33 young (33792K), 3 survivors (3072K)
 Metaspace       used 33768K, capacity 34468K, committed 34688K, reserved 1079296K
  class space    used 4374K, capacity 4634K, committed 4736K, reserved 1048576K
}
Event: 3.885 GC heap after
{Heap after GC invocations=8 (full 0):
 garbage-first heap   total 65536K, used 21152K [0x0000000080000000, 0x0000000100000000)
  region size 1024K, 5 young (5120K), 5 survivors (5120K)
 Metaspace       used 33768K, capacity 34468K, committed 34688K, reserved 1079296K
  class space    used 4374K, capacity 4634K, committed 4736K, reserved 1048576K
}
Event: 4.116 GC heap before
{Heap before GC invocations=8 (full 0):
 garbage-first heap   total 65536K, used 28320K [0x0000000080000000, 0x0000000100000000)
  region size 1024K, 13 young (13312K), 5 survivors (5120K)
 Metaspace       used 35087K, capacity 35776K, committed 35840K, reserved 1081344K
  class space    used 4571K, capacity 4857K, committed 4864K, reserved 1048576K
}
Event: 4.123 GC heap after
{Heap after GC invocations=9 (full 0):
 garbage-first heap   total 65536K, used 21770K [0x0000000080000000, 0x0000000100000000)
  region size 1024K, 4 young (4096K), 4 survivors (4096K)
 Metaspace       used 35087K, capacity 35776K, committed 35840K, reserved 1081344K
  class space    used 4571K, capacity 4857K, committed 4864K, reserved 1048576K
}
Event: 4.393 GC heap before
{Heap before GC invocations=10 (full 0):
 garbage-first heap   total 65536K, used 44298K [0x0000000080000000, 0x0000000100000000)
  region size 1024K, 24 young (24576K), 4 survivors (4096K)
 Metaspace       used 37363K, capacity 38194K, committed 38400K, reserved 1083392K
  class space    used 4797K, capacity 5101K, committed 5120K, reserved 1048576K
}
Event: 4.399 GC heap after
{Heap after GC invocations=11 (full 0):
 garbage-first heap   total 78848K, used 23217K [0x0000000080000000, 0x0000000100000000)
  region size 1024K, 3 young (3072K), 3 survivors (3072K)
 Metaspace       used 37363K, capacity 38194K, committed 38400K, reserved 1083392K
  class space    used 4797K, capacity 5101K, committed 5120K, reserved 1048576K
}
Event: 4.747 GC heap before
{Heap before GC invocations=11 (full 0):
 garbage-first heap   total 78848K, used 52913K [0x0000000080000000, 0x0000000100000000)
  region size 1024K, 32 young (32768K), 3 survivors (3072K)
 Metaspace       used 40162K, capacity 40982K, committed 41088K, reserved 1085440K
  class space    used 5126K, capacity 5434K, committed 5504K, reserved 1048576K
}
Event: 4.751 GC heap after
{Heap after GC invocations=12 (full 0):
 garbage-first heap   total 78848K, used 24428K [0x0000000080000000, 0x0000000100000000)
  region size 1024K, 4 young (4096K), 4 survivors (4096K)
 Metaspace       used 40162K, capacity 40982K, committed 41088K, reserved 1085440K
  class space    used 5126K, capacity 5434K, committed 5504K, reserved 1048576K
}
Event: 5.272 GC heap before
{Heap before GC invocations=12 (full 0):
 garbage-first heap   total 78848K, used 55148K [0x0000000080000000, 0x0000000100000000)
  region size 1024K, 34 young (34816K), 4 survivors (4096K)
 Metaspace       used 42954K, capacity 43851K, committed 44032K, reserved 1087488K
  class space    used 5532K, capacity 5864K, committed 5888K, reserved 1048576K
}
Event: 5.278 GC heap after
{Heap after GC invocations=13 (full 0):
 garbage-first heap   total 78848K, used 25712K [0x0000000080000000, 0x0000000100000000)
  region size 1024K, 3 young (3072K), 3 survivors (3072K)
 Metaspace       used 42954K, capacity 43851K, committed 44032K, reserved 1087488K
  class space    used 5532K, capacity 5864K, committed 5888K, reserved 1048576K
}
Event: 5.929 GC heap before
{Heap before GC invocations=13 (full 0):
 garbage-first heap   total 78848K, used 56432K [0x0000000080000000, 0x0000000100000000)
  region size 1024K, 34 young (34816K), 3 survivors (3072K)
 Metaspace       used 44282K, capacity 45315K, committed 45568K, reserved 1089536K
  class space    used 5677K, capacity 6029K, committed 6144K, reserved 1048576K
}
Event: 5.937 GC heap after
{Heap after GC invocations=14 (full 0):
 garbage-first heap   total 78848K, used 27346K [0x0000000080000000, 0x0000000100000000)
  region size 1024K, 3 young (3072K), 3 survivors (3072K)
 Metaspace       used 44282K, capacity 45315K, committed 45568K, reserved 1089536K
  class space    used 5677K, capacity 6029K, committed 6144K, reserved 1048576K
}
Event: 6.628 GC heap before
{Heap before GC invocations=14 (full 0):
 garbage-first heap   total 78848K, used 61138K [0x0000000080000000, 0x0000000100000000)
  region size 1024K, 34 young (34816K), 3 survivors (3072K)
 Metaspace       used 46863K, capacity 48040K, committed 48256K, reserved 1091584K
  class space    used 5989K, capacity 6412K, committed 6528K, reserved 1048576K
}
Event: 6.640 GC heap after
{Heap after GC invocations=15 (full 0):
 garbage-first heap   total 78848K, used 37211K [0x0000000080000000, 0x0000000100000000)
  region size 1024K, 5 young (5120K), 5 survivors (5120K)
 Metaspace       used 46863K, capacity 48040K, committed 48256K, reserved 1091584K
  class space    used 5989K, capacity 6412K, committed 6528K, reserved 1048576K
}
Event: 7.162 GC heap before
{Heap before GC invocations=15 (full 0):
 garbage-first heap   total 78848K, used 61787K [0x0000000080000000, 0x0000000100000000)
  region size 1024K, 29 young (29696K), 5 survivors (5120K)
 Metaspace       used 50553K, capacity 51738K, committed 51968K, reserved 1093632K
  class space    used 6437K, capacity 6838K, committed 6912K, reserved 1048576K
}

Deoptimization events (20 events):
Event: 6.563 Thread 0x00000180d925b800 DEOPT PACKING pc=0x00000180c7946ac8 sp=0x00000029216f7540
Event: 6.563 Thread 0x00000180d925b800 DEOPT UNPACKING pc=0x00000180bfd574af sp=0x00000029216f74f8 mode 2
Event: 6.565 Thread 0x00000180d925b800 Uncommon trap: trap_request=0xffffff4d fr.pc=0x00000180c78633f4 relative=0x0000000000000054
Event: 6.565 Thread 0x00000180d925b800 Uncommon trap: reason=unstable_if action=reinterpret pc=0x00000180c78633f4 method=java.util.regex.Pattern.has(I)Z @ 6 c2
Event: 6.565 Thread 0x00000180d925b800 DEOPT PACKING pc=0x00000180c78633f4 sp=0x00000029216f65d0
Event: 6.565 Thread 0x00000180d925b800 DEOPT UNPACKING pc=0x00000180bfd574af sp=0x00000029216f6560 mode 2
Event: 6.584 Thread 0x00000180d925b800 Uncommon trap: trap_request=0xffffff45 fr.pc=0x00000180c793e3a0 relative=0x0000000000000d60
Event: 6.584 Thread 0x00000180d925b800 Uncommon trap: reason=unstable_fused_if action=reinterpret pc=0x00000180c793e3a0 method=org.objectweb.asm.ByteVector.putUTF8(Ljava/lang/String;)Lorg/objectweb/asm/ByteVector; @ 93 c2
Event: 6.584 Thread 0x00000180d925b800 DEOPT PACKING pc=0x00000180c793e3a0 sp=0x00000029216f80e0
Event: 6.584 Thread 0x00000180d925b800 DEOPT UNPACKING pc=0x00000180bfd574af sp=0x00000029216f8038 mode 2
Event: 6.587 Thread 0x00000180d925b800 Uncommon trap: trap_request=0xffffff4d fr.pc=0x00000180c7984c4c relative=0x0000000000005acc
Event: 6.587 Thread 0x00000180d925b800 Uncommon trap: reason=unstable_if action=reinterpret pc=0x00000180c7984c4c method=org.objectweb.asm.Frame.execute(IILorg/objectweb/asm/Symbol;Lorg/objectweb/asm/SymbolTable;)V @ 1 c2
Event: 6.587 Thread 0x00000180d925b800 DEOPT PACKING pc=0x00000180c7984c4c sp=0x00000029216f82c0
Event: 6.587 Thread 0x00000180d925b800 DEOPT UNPACKING pc=0x00000180bfd574af sp=0x00000029216f8268 mode 2
Event: 6.617 Thread 0x00000180d925b800 Uncommon trap: trap_request=0xffffff45 fr.pc=0x00000180c78fdcf4 relative=0x0000000000000214
Event: 6.617 Thread 0x00000180d925b800 Uncommon trap: reason=unstable_fused_if action=reinterpret pc=0x00000180c78fdcf4 method=org.objectweb.asm.ByteVector.putUTF8(Ljava/lang/String;)Lorg/objectweb/asm/ByteVector; @ 93 c2
Event: 6.617 Thread 0x00000180d925b800 DEOPT PACKING pc=0x00000180c78fdcf4 sp=0x00000029216f8030
Event: 6.617 Thread 0x00000180d925b800 DEOPT UNPACKING pc=0x00000180bfd574af sp=0x00000029216f7fb0 mode 2
Event: 6.980 Thread 0x00000180d925b800 DEOPT PACKING pc=0x00000180c0b45362 sp=0x00000029216f2d00
Event: 6.980 Thread 0x00000180d925b800 DEOPT UNPACKING pc=0x00000180bfd572ce sp=0x00000029216f2190 mode 0

Classes redefined (0 events):
No events

Internal exceptions (20 events):
Event: 6.346 Thread 0x00000180d8b24800 Exception <a 'java/lang/NoSuchMethodError'{0x0000000083dfd120}: <clinit>> (0x0000000083dfd120) thrown at [./src/hotspot/share/prims/jni.cpp, line 1362]
Event: 6.349 Thread 0x00000180d8b24800 Exception <a 'java/lang/NoSuchMethodError'{0x0000000083c20068}: <clinit>> (0x0000000083c20068) thrown at [./src/hotspot/share/prims/jni.cpp, line 1362]
Event: 6.349 Thread 0x00000180d8b24800 Exception <a 'java/lang/NoSuchMethodError'{0x0000000083c213f0}: <clinit>> (0x0000000083c213f0) thrown at [./src/hotspot/share/prims/jni.cpp, line 1362]
Event: 6.349 Thread 0x00000180d8b24800 Exception <a 'java/lang/NoSuchMethodError'{0x0000000083c22958}: <clinit>> (0x0000000083c22958) thrown at [./src/hotspot/share/prims/jni.cpp, line 1362]
Event: 6.350 Thread 0x00000180d8b24800 Exception <a 'java/lang/NoSuchMethodError'{0x0000000083c23bf0}: <clinit>> (0x0000000083c23bf0) thrown at [./src/hotspot/share/prims/jni.cpp, line 1362]
Event: 6.351 Thread 0x00000180d8b24800 Exception <a 'java/lang/NoSuchMethodError'{0x0000000083c2e7d0}: <clinit>> (0x0000000083c2e7d0) thrown at [./src/hotspot/share/prims/jni.cpp, line 1362]
Event: 6.351 Thread 0x00000180d8b24800 Exception <a 'java/lang/NoSuchMethodError'{0x0000000083c39838}: <clinit>> (0x0000000083c39838) thrown at [./src/hotspot/share/prims/jni.cpp, line 1362]
Event: 6.354 Thread 0x00000180d8b24800 Exception <a 'java/lang/NoSuchMethodError'{0x0000000083c4f740}: <clinit>> (0x0000000083c4f740) thrown at [./src/hotspot/share/prims/jni.cpp, line 1362]
Event: 6.373 Thread 0x00000180d925b800 Exception <a 'java/lang/ClassNotFoundException'{0x0000000083ca8ba8}: build_dfdsmprrmqlwtrhlt303qyw1sBeanInfo> (0x0000000083ca8ba8) thrown at [./src/hotspot/share/classfile/systemDictionary.cpp, line 231]
Event: 6.373 Thread 0x00000180d925b800 Exception <a 'java/lang/ClassNotFoundException'{0x0000000083cb19b0}: build_dfdsmprrmqlwtrhlt303qyw1sCustomizer> (0x0000000083cb19b0) thrown at [./src/hotspot/share/classfile/systemDictionary.cpp, line 231]
Event: 6.383 Thread 0x00000180d925b800 Exception <a 'java/lang/ClassNotFoundException'{0x0000000083b20e20}: org/gradle/plugin/use/internal/PluginRequestCollector$PluginDependenciesSpecImplBeanInfo> (0x0000000083b20e20) thrown at [./src/hotspot/share/classfile/systemDictionary.cpp, line 231]
Event: 6.384 Thread 0x00000180d925b800 Exception <a 'java/lang/ClassNotFoundException'{0x0000000083b46b90}: org/gradle/plugin/use/internal/PluginRequestCollector$PluginDependenciesSpecImplCustomizer> (0x0000000083b46b90) thrown at [./src/hotspot/share/classfile/systemDictionary.cpp, line 231]
Event: 6.394 Thread 0x00000180d925b800 Exception <a 'java/lang/NoSuchMethodError'{0x0000000083bb84b0}: 'void java.lang.invoke.DirectMethodHandle$Holder.invokeInterface(java.lang.Object, java.lang.Object)'> (0x0000000083bb84b0) thrown at [./src/hotspot/share/interpreter/linkResolver.cpp, line 773]
Event: 6.427 Thread 0x00000180d925b800 Exception <a 'java/lang/ClassNotFoundException'{0x0000000083976198}: org/gradle/api/internal/plugins/DefaultObjectConfigurationActionBeanInfo> (0x0000000083976198) thrown at [./src/hotspot/share/classfile/systemDictionary.cpp, line 231]
Event: 6.427 Thread 0x00000180d925b800 Exception <a 'java/lang/ClassNotFoundException'{0x00000000839a2220}: org/gradle/api/internal/plugins/DefaultObjectConfigurationActionCustomizer> (0x00000000839a2220) thrown at [./src/hotspot/share/classfile/systemDictionary.cpp, line 231]
Event: 6.586 Thread 0x00000180d925b800 Exception <a 'java/lang/NoSuchMethodError'{0x00000000830695d8}: 'java.lang.Object java.lang.invoke.DirectMethodHandle$Holder.invokeStatic(java.lang.Object, java.lang.Object, java.lang.Object, java.lang.Object, int)'> (0x00000000830695d8) thrown at [./src/hotspot/share/interpreter/linkResolver.cpp, line 773]
Event: 6.586 Thread 0x00000180d925b800 Exception <a 'java/lang/NoSuchMethodError'{0x000000008306dfd0}: 'java.lang.Object java.lang.invoke.DirectMethodHandle$Holder.invokeSpecial(java.lang.Object, java.lang.Object, java.lang.Object, java.lang.Object, java.lang.Object, int)'> (0x000000008306dfd0) thrown at [./src/hotspot/share/interpreter/linkResolver.cpp, line 773]
Event: 6.587 Thread 0x00000180d925b800 Exception <a 'java/lang/NoSuchMethodError'{0x0000000083072610}: 'java.lang.Object java.lang.invoke.Invokers$Holder.linkToTargetMethod(java.lang.Object, java.lang.Object, java.lang.Object, int, java.lang.Object)'> (0x0000000083072610) thrown at [./src/hotspot/share/interpreter/linkResolver.cpp, line 773]
Event: 6.967 Thread 0x00000180d925b800 Exception <a 'java/lang/NoSuchMethodError'{0x0000000083cbe698}: 'java.lang.Object java.lang.invoke.DirectMethodHandle$Holder.invokeSpecial(java.lang.Object, java.lang.Object, int, int, java.lang.Object, java.lang.Object, java.lang.Object)'> (0x0000000083cbe698) thrown at [./src/hotspot/share/interpreter/linkResolver.cpp, line 773]
Event: 6.967 Thread 0x00000180d925b800 Exception <a 'java/lang/NoSuchMethodError'{0x0000000083cc2c18}: 'java.lang.Object java.lang.invoke.DelegatingMethodHandle$Holder.reinvoke_L(java.lang.Object, int, int, java.lang.Object, java.lang.Object, java.lang.Object)'> (0x0000000083cc2c18) thrown at [./src/hotspot/share/interpreter/linkResolver.cpp, line 773]

Events (20 events):
Event: 7.155 loading class org/apache/xerces/impl/dv/dtd/ListDatatypeValidator done
Event: 7.156 loading class org/apache/xerces/impl/dv/dtd/ENTITYDatatypeValidator
Event: 7.156 loading class org/apache/xerces/impl/dv/dtd/ENTITYDatatypeValidator done
Event: 7.156 loading class org/apache/xerces/impl/dv/dtd/NOTATIONDatatypeValidator
Event: 7.156 loading class org/apache/xerces/impl/dv/dtd/NOTATIONDatatypeValidator done
Event: 7.156 loading class org/apache/xerces/impl/dv/dtd/NMTOKENDatatypeValidator
Event: 7.156 loading class org/apache/xerces/impl/dv/dtd/NMTOKENDatatypeValidator done
Event: 7.157 loading class org/apache/xerces/impl/validation/ValidationManager
Event: 7.157 loading class org/apache/xerces/impl/validation/ValidationManager done
Event: 7.157 loading class org/apache/xerces/impl/XMLVersionDetector
Event: 7.157 loading class org/apache/xerces/impl/XMLVersionDetector done
Event: 7.158 loading class org/apache/xerces/impl/msg/XMLMessageFormatter
Event: 7.158 loading class org/apache/xerces/impl/msg/XMLMessageFormatter done
Event: 7.160 loading class org/apache/xerces/xni/parser/XMLInputSource
Event: 7.160 loading class org/apache/xerces/xni/parser/XMLInputSource done
Event: 7.161 loading class org/apache/xerces/util/XMLSymbols
Event: 7.161 loading class org/apache/xerces/util/XMLSymbols done
Event: 7.162 loading class org/apache/xerces/dom/DeferredDocumentImpl
Event: 7.162 loading class org/apache/xerces/dom/DeferredDocumentImpl done
Event: 7.162 Executing VM operation: G1CollectForAllocation


Dynamic libraries:
0x00007ff63ffc0000 - 0x00007ff63ffca000 	C:\Program Files\Android\Android Studio\jre\bin\java.exe
0x00007ffcfe630000 - 0x00007ffcfe825000 	C:\WINDOWS\SYSTEM32\ntdll.dll
0x00007ffcfe420000 - 0x00007ffcfe4de000 	C:\WINDOWS\System32\KERNEL32.DLL
0x00007ffcfbd80000 - 0x00007ffcfc048000 	C:\WINDOWS\System32\KERNELBASE.dll
0x00007ffcfc0a0000 - 0x00007ffcfc1a0000 	C:\WINDOWS\System32\ucrtbase.dll
0x00007ffce9610000 - 0x00007ffce9629000 	C:\Program Files\Android\Android Studio\jre\bin\jli.dll
0x00007ffcdfc80000 - 0x00007ffcdfc97000 	C:\Program Files\Android\Android Studio\jre\bin\VCRUNTIME140.dll
0x00007ffcfe270000 - 0x00007ffcfe411000 	C:\WINDOWS\System32\USER32.dll
0x00007ffcfc3e0000 - 0x00007ffcfc402000 	C:\WINDOWS\System32\win32u.dll
0x00007ffce8640000 - 0x00007ffce88da000 	C:\WINDOWS\WinSxS\amd64_microsoft.windows.common-controls_6595b64144ccf1df_6.0.19041.1110_none_60b5254171f9507e\COMCTL32.dll
0x00007ffcfc680000 - 0x00007ffcfc6ab000 	C:\WINDOWS\System32\GDI32.dll
0x00007ffcfd620000 - 0x00007ffcfd6be000 	C:\WINDOWS\System32\msvcrt.dll
0x00007ffcfc2d0000 - 0x00007ffcfc3db000 	C:\WINDOWS\System32\gdi32full.dll
0x00007ffcfc1a0000 - 0x00007ffcfc23d000 	C:\WINDOWS\System32\msvcp_win.dll
0x00007ffcfe240000 - 0x00007ffcfe270000 	C:\WINDOWS\System32\IMM32.DLL
0x00007ffccf2f0000 - 0x00007ffccf38d000 	C:\Program Files\Android\Android Studio\jre\bin\msvcp140.dll
0x00007ffc9c390000 - 0x00007ffc9ce4c000 	C:\Program Files\Android\Android Studio\jre\bin\server\jvm.dll
0x00007ffcfd850000 - 0x00007ffcfd8fc000 	C:\WINDOWS\System32\ADVAPI32.dll
0x00007ffcfc6b0000 - 0x00007ffcfc74b000 	C:\WINDOWS\System32\sechost.dll
0x00007ffcfdc90000 - 0x00007ffcfddba000 	C:\WINDOWS\System32\RPCRT4.dll
0x00007ffcfd7b0000 - 0x00007ffcfd7b8000 	C:\WINDOWS\System32\PSAPI.DLL
0x00007ffcf6600000 - 0x00007ffcf6609000 	C:\WINDOWS\SYSTEM32\WSOCK32.dll
0x00007ffce7390000 - 0x00007ffce73b7000 	C:\WINDOWS\SYSTEM32\WINMM.dll
0x00007ffceabd0000 - 0x00007ffceabda000 	C:\WINDOWS\SYSTEM32\VERSION.dll
0x00007ffcfd720000 - 0x00007ffcfd78b000 	C:\WINDOWS\System32\WS2_32.dll
0x00007ffcfa5e0000 - 0x00007ffcfa5f2000 	C:\WINDOWS\SYSTEM32\kernel.appcore.dll
0x00007ffce9650000 - 0x00007ffce9661000 	C:\Program Files\Android\Android Studio\jre\bin\verify.dll
0x00007ffcfa290000 - 0x00007ffcfa474000 	C:\WINDOWS\SYSTEM32\DBGHELP.DLL
0x00007ffce9370000 - 0x00007ffce939c000 	C:\WINDOWS\SYSTEM32\dbgcore.DLL
0x00007ffcfc240000 - 0x00007ffcfc2c3000 	C:\WINDOWS\System32\bcryptPrimitives.dll
0x00007ffce9560000 - 0x00007ffce9589000 	C:\Program Files\Android\Android Studio\jre\bin\java.dll
0x00007ffcf5e40000 - 0x00007ffcf5e4b000 	C:\Program Files\Android\Android Studio\jre\bin\jimage.dll
0x00007ffce9630000 - 0x00007ffce9648000 	C:\Program Files\Android\Android Studio\jre\bin\zip.dll
0x00007ffcfce20000 - 0x00007ffcfd55f000 	C:\WINDOWS\System32\SHELL32.dll
0x00007ffcf9b00000 - 0x00007ffcfa290000 	C:\WINDOWS\SYSTEM32\windows.storage.dll
0x00007ffcfc910000 - 0x00007ffcfcc65000 	C:\WINDOWS\System32\combase.dll
0x00007ffcfb7a0000 - 0x00007ffcfb7ce000 	C:\WINDOWS\SYSTEM32\Wldp.dll
0x00007ffcfdbe0000 - 0x00007ffcfdc8d000 	C:\WINDOWS\System32\SHCORE.dll
0x00007ffcfd5c0000 - 0x00007ffcfd615000 	C:\WINDOWS\System32\shlwapi.dll
0x00007ffcfbc90000 - 0x00007ffcfbcaf000 	C:\WINDOWS\SYSTEM32\profapi.dll
0x00007ffce9540000 - 0x00007ffce955a000 	C:\Program Files\Android\Android Studio\jre\bin\net.dll
0x00007ffcefba0000 - 0x00007ffcefcac000 	C:\WINDOWS\SYSTEM32\WINHTTP.dll
0x00007ffcfb4b0000 - 0x00007ffcfb51a000 	C:\WINDOWS\system32\mswsock.dll
0x00007ffce5ff0000 - 0x00007ffce6004000 	C:\Program Files\Android\Android Studio\jre\bin\nio.dll
0x00007ffcdc4f0000 - 0x00007ffcdc517000 	C:\Users\Hp\.gradle\native\fdc75f09e3144964f2cf3f50f0aa648679c211496f362492102eb8c894070792\windows-amd64\native-platform.dll
0x00007ffcc8fb0000 - 0x00007ffcc9146000 	C:\Users\Hp\.gradle\native\12488b8bf47d2d4c9fbf2f6322a914ad602e24e48041cd04a747c6da556b65c4\windows-amd64\native-platform-file-events.dll
0x00007ffcf4030000 - 0x00007ffcf403a000 	C:\Program Files\Android\Android Studio\jre\bin\management.dll
0x00007ffce4e30000 - 0x00007ffce4e3c000 	C:\Program Files\Android\Android Studio\jre\bin\management_ext.dll
0x00007ffcfb6d0000 - 0x00007ffcfb6e8000 	C:\WINDOWS\SYSTEM32\CRYPTSP.dll
0x00007ffcfadd0000 - 0x00007ffcfae04000 	C:\WINDOWS\system32\rsaenh.dll
0x00007ffcfbd50000 - 0x00007ffcfbd77000 	C:\WINDOWS\System32\bcrypt.dll
0x00007ffcfbc50000 - 0x00007ffcfbc7e000 	C:\WINDOWS\SYSTEM32\USERENV.dll
0x00007ffcfb6f0000 - 0x00007ffcfb6fc000 	C:\WINDOWS\SYSTEM32\CRYPTBASE.dll
0x00007ffcfb170000 - 0x00007ffcfb1ab000 	C:\WINDOWS\SYSTEM32\IPHLPAPI.DLL
0x00007ffcfd7c0000 - 0x00007ffcfd7c8000 	C:\WINDOWS\System32\NSI.dll
0x00007ffcf92f0000 - 0x00007ffcf9307000 	C:\WINDOWS\SYSTEM32\dhcpcsvc6.DLL
0x00007ffcf92d0000 - 0x00007ffcf92ed000 	C:\WINDOWS\SYSTEM32\dhcpcsvc.DLL
0x00007ffcfb1b0000 - 0x00007ffcfb27b000 	C:\WINDOWS\SYSTEM32\DNSAPI.dll
0x00007ffcf4f80000 - 0x00007ffcf4f8b000 	C:\WINDOWS\SYSTEM32\WINNSI.DLL

dbghelp: loaded successfully - version: 4.0.5 - missing functions: none
symbol engine: initialized successfully - sym options: 0x614 - pdb path: .;C:\Program Files\Android\Android Studio\jre\bin;C:\WINDOWS\SYSTEM32;C:\WINDOWS\WinSxS\amd64_microsoft.windows.common-controls_6595b64144ccf1df_6.0.19041.1110_none_60b5254171f9507e;C:\Program Files\Android\Android Studio\jre\bin\server;C:\Users\Hp\.gradle\native\fdc75f09e3144964f2cf3f50f0aa648679c211496f362492102eb8c894070792\windows-amd64;C:\Users\Hp\.gradle\native\12488b8bf47d2d4c9fbf2f6322a914ad602e24e48041cd04a747c6da556b65c4\windows-amd64

VM Arguments:
jvm_args: --add-opens=java.base/java.util=ALL-UNNAMED --add-opens=java.base/java.lang=ALL-UNNAMED --add-opens=java.base/java.lang.invoke=ALL-UNNAMED --add-opens=java.prefs/java.util.prefs=ALL-UNNAMED -Xmx2048m -Dfile.encoding=UTF-8 -Duser.country=ID -Duser.language=en -Duser.variant 
java_command: org.gradle.launcher.daemon.bootstrap.GradleDaemon 6.7.1
java_class_path (initial): C:\Users\Hp\.gradle\wrapper\dists\gradle-6.7.1-bin\bwlcbys1h7rz3272sye1xwiv6\gradle-6.7.1\lib\gradle-launcher-6.7.1.jar
Launcher Type: SUN_STANDARD

[Global flags]
     intx CICompilerCount                          = 4                                         {product} {ergonomic}
     uint ConcGCThreads                            = 2                                         {product} {ergonomic}
     uint G1ConcRefinementThreads                  = 8                                         {product} {ergonomic}
   size_t G1HeapRegionSize                         = 1048576                                   {product} {ergonomic}
    uintx GCDrainStackTargetSize                   = 64                                        {product} {ergonomic}
   size_t InitialHeapSize                          = 67108864                                  {product} {ergonomic}
   size_t MarkStackSize                            = 4194304                                   {product} {ergonomic}
   size_t MaxHeapSize                              = 2147483648                                {product} {command line}
   size_t MaxNewSize                               = 1287651328                                {product} {ergonomic}
   size_t MinHeapDeltaBytes                        = 1048576                                   {product} {ergonomic}
    uintx NonNMethodCodeHeapSize                   = 5836300                                {pd product} {ergonomic}
    uintx NonProfiledCodeHeapSize                  = 122910970                              {pd product} {ergonomic}
    uintx ProfiledCodeHeapSize                     = 122910970                              {pd product} {ergonomic}
    uintx ReservedCodeCacheSize                    = 251658240                              {pd product} {ergonomic}
     bool SegmentedCodeCache                       = true                                      {product} {ergonomic}
     bool UseCompressedClassPointers               = true                                 {lp64_product} {ergonomic}
     bool UseCompressedOops                        = true                                 {lp64_product} {ergonomic}
     bool UseG1GC                                  = true                                      {product} {ergonomic}
     bool UseLargePagesIndividualAllocation        = false                                  {pd product} {ergonomic}

Logging:
Log output configuration:
 #0: stdout all=warning uptime,level,tags
 #1: stderr all=off uptime,level,tags

Environment Variables:
PATH=C:\ProgramData\Oracle\Java\javapath;C:\Program Files (x86)\Common Files\Oracle\Java\javapath;C:\WINDOWS\system32;C:\WINDOWS;C:\WINDOWS\System32\Wbem;C:\WINDOWS\System32\WindowsPowerShell\v1.0\;C:\WINDOWS\System32\OpenSSH\;C:\Program Files\Git\cmd;D:\kuliah\SFML-2.5.1\bin;C:\Users\Hp\AppData\Local\Programs\Python\Python39\Scripts\;C:\Users\Hp\AppData\Local\Programs\Python\Python39\;C:\Program Files\Java\jdk1.8.0_291\bin;D:\Bahan Kuliah\bin;C:\opencv\opencv\build\x64\vc15\bin;C:\Users\Hp\AppData\Local\Microsoft\WindowsApps;D:\Microsoft VS Code\bin;
USERNAME=jasmine
OS=Windows_NT
PROCESSOR_IDENTIFIER=Intel64 Family 6 Model 142 Stepping 11, GenuineIntel



---------------  S Y S T E M  ---------------

OS: Windows 10 , 64 bit Build 19041 (10.0.19041.1348)
OS uptime: 0 days 0:46 hours
HyperV virtualization detected

CPU:total 8 (initial active 8) (4 cores per cpu, 2 threads per core) family 6 model 142 stepping 11, cmov, cx8, fxsr, mmx, sse, sse2, sse3, ssse3, sse4.1, sse4.2, popcnt, avx, avx2, aes, clmul, erms, 3dnowpref, lzcnt, ht, tsc, tscinvbit, bmi1, bmi2, adx, fma

Memory: 4k page, system-wide physical 3982M (261M free)
TotalPageFile size 8078M (AvailPageFile size 18M)
current process WorkingSet (physical memory assigned to process): 206M, peak: 208M
current process commit charge ("private bytes"): 278M, peak: 292M

vm_info: OpenJDK 64-Bit Server VM (11.0.8+10-b944.6842174) for windows-amd64 JRE (11.0.8+10-b944.6842174), built on Sep 19 2020 01:11:42 by "builder" with MS VC++ 14.0 (VS2015)

END.
