#
# There is insufficient memory for the Java Runtime Environment to continue.
# Native memory allocation (malloc) failed to allocate 2311376 bytes for Chunk::new
# Possible reasons:
#   The system is out of physical RAM or swap space
#   The process is running with CompressedOops enabled, and the Java Heap may be blocking the growth of the native heap
# Possible solutions:
#   Reduce memory load on the system
#   Increase physical memory or swap space
#   Check if swap backing store is full
#   Decrease Java heap size (-Xmx/-Xms)
#   Decrease number of Java threads
#   Decrease Java thread stack sizes (-Xss)
#   Set larger code cache with -XX:ReservedCodeCacheSize=
#   JVM is running with Unscaled Compressed Oops mode in which the Java heap is
#     placed in the first 4GB address space. The Java Heap base address is the
#     maximum limit for the native heap growth. Please use -XX:HeapBaseMinAddress
#     to set the Java Heap base and to place the Java Heap above 4GB virtual address.
# This output file may be truncated or incomplete.
#
#  Out of Memory Error (./src/hotspot/share/memory/arena.cpp:197), pid=11808, tid=11000
#
# JRE version: OpenJDK Runtime Environment (11.0.8+10) (build 11.0.8+10-b944.6842174)
# Java VM: OpenJDK 64-Bit Server VM (11.0.8+10-b944.6842174, mixed mode, tiered, compressed oops, g1 gc, windows-amd64)
# No core dump will be written. Minidumps are not enabled by default on client versions of Windows
#

---------------  S U M M A R Y ------------

Command Line: --add-opens=java.base/java.util=ALL-UNNAMED --add-opens=java.base/java.lang=ALL-UNNAMED --add-opens=java.base/java.lang.invoke=ALL-UNNAMED --add-opens=java.prefs/java.util.prefs=ALL-UNNAMED -Xmx2048m -Dfile.encoding=UTF-8 -Duser.country=ID -Duser.language=en -Duser.variant org.gradle.launcher.daemon.bootstrap.GradleDaemon 6.7.1

Host: Intel(R) Core(TM) i5-8265U CPU @ 1.60GHz, 8 cores, 3G,  Windows 10 , 64 bit Build 19041 (10.0.19041.1348)
Time: Thu Nov 18 10:49:18 2021 SE Asia Standard Time elapsed time: 19 seconds (0d 0h 0m 19s)

---------------  T H R E A D  ---------------

Current thread (0x000002e5b0505800):  JavaThread "C2 CompilerThread0" daemon [_thread_in_native, id=11000, stack(0x000000f8c5c00000,0x000000f8c5d00000)]


Current CompileTask:
C2:  19833 9278       4       groovy.lang.MetaClassImpl::addMetaMethodToIndex (65 bytes)

Stack: [0x000000f8c5c00000,0x000000f8c5d00000]
Native frames: (J=compiled Java code, j=interpreted, Vv=VM code, C=native code)
V  [jvm.dll+0x5de50a]
V  [jvm.dll+0x7122f5]
V  [jvm.dll+0x71384d]
V  [jvm.dll+0x713f03]
V  [jvm.dll+0x23e728]
V  [jvm.dll+0xb899c]
V  [jvm.dll+0xb8e9c]
V  [jvm.dll+0x35020b]
V  [jvm.dll+0x31dea3]
V  [jvm.dll+0x31d39a]
V  [jvm.dll+0x1f7702]
V  [jvm.dll+0x1f68d4]
V  [jvm.dll+0x17f32c]
V  [jvm.dll+0x205047]
V  [jvm.dll+0x203891]
V  [jvm.dll+0x6dad3f]
V  [jvm.dll+0x6d3895]
V  [jvm.dll+0x5dd4a6]
C  [ucrtbase.dll+0x21bb2]
C  [KERNEL32.DLL+0x17034]
C  [ntdll.dll+0x52651]


---------------  P R O C E S S  ---------------

Threads class SMR info:
_java_thread_list=0x000002e5b2bbd780, length=136, elements={
0x000002e5958b8800, 0x000002e5afb8b000, 0x000002e5afb8c000, 0x000002e5b0502800,
0x000002e5b0503800, 0x000002e5b0505800, 0x000002e5b050a800, 0x000002e5b0530000,
0x000002e5b067e800, 0x000002e5b069f800, 0x000002e5b22c9800, 0x000002e5b2246800,
0x000002e5b15bb800, 0x000002e5b1f99800, 0x000002e5b1f9a000, 0x000002e5b1f93800,
0x000002e5b2949800, 0x000002e5b200a800, 0x000002e5b200b800, 0x000002e5b21d2000,
0x000002e5b1eac800, 0x000002e5b1eab800, 0x000002e5b1eaa000, 0x000002e5b1ead000,
0x000002e5b1eae000, 0x000002e5b1ea8800, 0x000002e5b1ea9000, 0x000002e5b1eaf000,
0x000002e5b1eab000, 0x000002e5b397e800, 0x000002e5b3979000, 0x000002e5b397c000,
0x000002e5b397d000, 0x000002e5b397d800, 0x000002e5b397a800, 0x000002e5b397f800,
0x000002e5b397b000, 0x000002e5b3979800, 0x000002e5b3985000, 0x000002e5b3982800,
0x000002e5b3983800, 0x000002e5b3984000, 0x000002e5b3980000, 0x000002e5b3986000,
0x000002e5b3986800, 0x000002e5b3981000, 0x000002e5b3987800, 0x000002e5b3982000,
0x000002e5b055d000, 0x000002e5b055f800, 0x000002e5b0562800, 0x000002e5b0560800,
0x000002e5b0561000, 0x000002e5b0563800, 0x000002e5b055e000, 0x000002e5b0562000,
0x000002e5b055e800, 0x000002e5b0565000, 0x000002e5b0569000, 0x000002e5b0567000,
0x000002e5b0566000, 0x000002e5b0567800, 0x000002e5b0568800, 0x000002e5b056a000,
0x000002e5b0564800, 0x000002e5b056b000, 0x000002e5b2d64800, 0x000002e5b2d61800,
0x000002e5b2d65800, 0x000002e5b2d63000, 0x000002e5b2d67000, 0x000002e5b2d66800,
0x000002e5b2d64000, 0x000002e5b2d68000, 0x000002e5b2d62000, 0x000002e5b2d6c000,
0x000002e5b2d6d000, 0x000002e5b2d6d800, 0x000002e5b2d6e800, 0x000002e5b2d69800,
0x000002e5b2d68800, 0x000002e5b2d6f800, 0x000002e5b2d70000, 0x000002e5b2d6a800,
0x000002e5b2d6b000, 0x000002e5b2de6000, 0x000002e5b2de7000, 0x000002e5b2de7800,
0x000002e5b2de8800, 0x000002e5b2de3000, 0x000002e5b2de9800, 0x000002e5b2de5800,
0x000002e5b2de3800, 0x000002e5b2de4800, 0x000002e5b3d2e800, 0x000002e5b3d32000,
0x000002e5b3d30800, 0x000002e5b3d31000, 0x000002e5b3d2f800, 0x000002e5b3d2c800,
0x000002e5b3d33000, 0x000002e5b3d2e000, 0x000002e5b3d2d000, 0x000002e5b3d34800,
0x000002e5b3d33800, 0x000002e5b3d35000, 0x000002e5b3d37000, 0x000002e5b3d37800,
0x000002e5b3d3b000, 0x000002e5b3d38800, 0x000002e5b3d39800, 0x000002e5b3d36000,
0x000002e5b3d3a000, 0x000002e5b39dc800, 0x000002e5b39e3000, 0x000002e5b39df000,
0x000002e5b39de000, 0x000002e5b39dd000, 0x000002e5b39e3800, 0x000002e5b39e4800,
0x000002e5b39e0800, 0x000002e5b39e2000, 0x000002e5b39e1800, 0x000002e5b39e5800,
0x000002e5b39df800, 0x000002e5b39e9800, 0x000002e5b39ea000, 0x000002e5b39eb000,
0x000002e5b39e6000, 0x000002e5b39e7000, 0x000002e5b39e8000, 0x000002e5b39e8800,
0x000002e5b3f1b000, 0x000002e5b3f17000, 0x000002e5b3f1c000, 0x000002e5b3f1a800
}

Java Threads: ( => current thread )
  0x000002e5958b8800 JavaThread "main" [_thread_blocked, id=10336, stack(0x000000f8c5100000,0x000000f8c5200000)]
  0x000002e5afb8b000 JavaThread "Reference Handler" daemon [_thread_blocked, id=2588, stack(0x000000f8c5800000,0x000000f8c5900000)]
  0x000002e5afb8c000 JavaThread "Finalizer" daemon [_thread_blocked, id=10636, stack(0x000000f8c5900000,0x000000f8c5a00000)]
  0x000002e5b0502800 JavaThread "Signal Dispatcher" daemon [_thread_blocked, id=2936, stack(0x000000f8c5a00000,0x000000f8c5b00000)]
  0x000002e5b0503800 JavaThread "Attach Listener" daemon [_thread_blocked, id=9172, stack(0x000000f8c5b00000,0x000000f8c5c00000)]
=>0x000002e5b0505800 JavaThread "C2 CompilerThread0" daemon [_thread_in_native, id=11000, stack(0x000000f8c5c00000,0x000000f8c5d00000)]
  0x000002e5b050a800 JavaThread "C1 CompilerThread0" daemon [_thread_blocked, id=8480, stack(0x000000f8c5d00000,0x000000f8c5e00000)]
  0x000002e5b0530000 JavaThread "Sweeper thread" daemon [_thread_blocked, id=8468, stack(0x000000f8c5e00000,0x000000f8c5f00000)]
  0x000002e5b067e800 JavaThread "Common-Cleaner" daemon [_thread_blocked, id=3280, stack(0x000000f8c5f00000,0x000000f8c6000000)]
  0x000002e5b069f800 JavaThread "Service Thread" daemon [_thread_blocked, id=10664, stack(0x000000f8c6000000,0x000000f8c6100000)]
  0x000002e5b22c9800 JavaThread "Daemon health stats" [_thread_blocked, id=8396, stack(0x000000f8c6300000,0x000000f8c6400000)]
  0x000002e5b2246800 JavaThread "Incoming local TCP Connector on port 57804" [_thread_in_native, id=2808, stack(0x000000f8c6600000,0x000000f8c6700000)]
  0x000002e5b15bb800 JavaThread "Daemon periodic checks" [_thread_blocked, id=2892, stack(0x000000f8c6700000,0x000000f8c6800000)]
  0x000002e5b1f99800 JavaThread "Daemon" [_thread_blocked, id=5336, stack(0x000000f8c6800000,0x000000f8c6900000)]
  0x000002e5b1f9a000 JavaThread "Handler for socket connection from /127.0.0.1:57804 to /127.0.0.1:57805" [_thread_in_native, id=10184, stack(0x000000f8c6900000,0x000000f8c6a00000)]
  0x000002e5b1f93800 JavaThread "Cancel handler" [_thread_blocked, id=10356, stack(0x000000f8c6a00000,0x000000f8c6b00000)]
  0x000002e5b2949800 JavaThread "Daemon worker" [_thread_in_vm, id=8596, stack(0x000000f8c6b00000,0x000000f8c6c00000)]
  0x000002e5b200a800 JavaThread "Asynchronous log dispatcher for DefaultDaemonConnection: socket connection from /127.0.0.1:57804 to /127.0.0.1:57805" [_thread_blocked, id=11368, stack(0x000000f8c6c00000,0x000000f8c6d00000)]
  0x000002e5b200b800 JavaThread "Stdin handler" [_thread_blocked, id=4764, stack(0x000000f8c6d00000,0x000000f8c6e00000)]
  0x000002e5b21d2000 JavaThread "Thread-8" [_thread_blocked, id=11700, stack(0x000000f8c6e00000,0x000000f8c6f00000)]
  0x000002e5b1eac800 JavaThread "Cache worker for file hash cache (C:\Users\Hp\.gradle\caches\6.7.1\fileHashes)" [_thread_blocked, id=7868, stack(0x000000f8c7500000,0x000000f8c7600000)]
  0x000002e5b1eab800 JavaThread "File lock request listener" [_thread_in_native, id=7056, stack(0x000000f8c7600000,0x000000f8c7700000)]
  0x000002e5b1eaa000 JavaThread "Cache worker for journal cache (C:\Users\Hp\.gradle\caches\journal-1)" [_thread_blocked, id=11820, stack(0x000000f8c7800000,0x000000f8c7900000)]
  0x000002e5b1ead000 JavaThread "Cache worker for file hash cache (D:\FLO\.gradle\6.7.1\fileHashes)" [_thread_blocked, id=12176, stack(0x000000f8c7900000,0x000000f8c7a00000)]
  0x000002e5b1eae000 JavaThread "jar transforms" [_thread_blocked, id=8916, stack(0x000000f8c7a00000,0x000000f8c7b00000)]
  0x000002e5b1ea8800 JavaThread "jar transforms Thread 2" [_thread_blocked, id=6520, stack(0x000000f8c7b00000,0x000000f8c7c00000)]
  0x000002e5b1ea9000 JavaThread "jar transforms Thread 3" [_thread_blocked, id=7172, stack(0x000000f8c7c00000,0x000000f8c7d00000)]
  0x000002e5b1eaf000 JavaThread "jar transforms Thread 4" [_thread_blocked, id=10856, stack(0x000000f8c7d00000,0x000000f8c7e00000)]
  0x000002e5b1eab000 JavaThread "jar transforms Thread 5" [_thread_blocked, id=3176, stack(0x000000f8c7e00000,0x000000f8c7f00000)]
  0x000002e5b397e800 JavaThread "jar transforms Thread 6" [_thread_blocked, id=5716, stack(0x000000f8c7f00000,0x000000f8c8000000)]
  0x000002e5b3979000 JavaThread "jar transforms Thread 7" [_thread_blocked, id=8012, stack(0x000000f8c8000000,0x000000f8c8100000)]
  0x000002e5b397c000 JavaThread "jar transforms Thread 8" [_thread_blocked, id=10512, stack(0x000000f8c8100000,0x000000f8c8200000)]
  0x000002e5b397d000 JavaThread "jar transforms Thread 9" [_thread_blocked, id=2752, stack(0x000000f8c8200000,0x000000f8c8300000)]
  0x000002e5b397d800 JavaThread "jar transforms Thread 10" [_thread_blocked, id=6480, stack(0x000000f8c8300000,0x000000f8c8400000)]
  0x000002e5b397a800 JavaThread "jar transforms Thread 11" [_thread_blocked, id=4448, stack(0x000000f8c8400000,0x000000f8c8500000)]
  0x000002e5b397f800 JavaThread "jar transforms Thread 12" [_thread_blocked, id=3404, stack(0x000000f8c8500000,0x000000f8c8600000)]
  0x000002e5b397b000 JavaThread "jar transforms Thread 13" [_thread_blocked, id=2784, stack(0x000000f8c8600000,0x000000f8c8700000)]
  0x000002e5b3979800 JavaThread "jar transforms Thread 14" [_thread_blocked, id=7716, stack(0x000000f8c8700000,0x000000f8c8800000)]
  0x000002e5b3985000 JavaThread "jar transforms Thread 15" [_thread_blocked, id=3972, stack(0x000000f8c8800000,0x000000f8c8900000)]
  0x000002e5b3982800 JavaThread "jar transforms Thread 16" [_thread_blocked, id=11308, stack(0x000000f8c8900000,0x000000f8c8a00000)]
  0x000002e5b3983800 JavaThread "jar transforms Thread 17" [_thread_blocked, id=5096, stack(0x000000f8c8a00000,0x000000f8c8b00000)]
  0x000002e5b3984000 JavaThread "jar transforms Thread 18" [_thread_blocked, id=7852, stack(0x000000f8c8b00000,0x000000f8c8c00000)]
  0x000002e5b3980000 JavaThread "jar transforms Thread 19" [_thread_blocked, id=10740, stack(0x000000f8c8c00000,0x000000f8c8d00000)]
  0x000002e5b3986000 JavaThread "jar transforms Thread 20" [_thread_blocked, id=8136, stack(0x000000f8c8d00000,0x000000f8c8e00000)]
  0x000002e5b3986800 JavaThread "jar transforms Thread 21" [_thread_blocked, id=4848, stack(0x000000f8c8e00000,0x000000f8c8f00000)]
  0x000002e5b3981000 JavaThread "Cache worker for checksums cache (D:\FLO\.gradle\checksums)" [_thread_blocked, id=728, stack(0x000000f8c8f00000,0x000000f8c9000000)]
  0x000002e5b3987800 JavaThread "Cache worker for cache directory md-supplier (C:\Users\Hp\.gradle\caches\6.7.1\md-supplier)" [_thread_blocked, id=9224, stack(0x000000f8c9000000,0x000000f8c9100000)]
  0x000002e5b3982000 JavaThread "Cache worker for cache directory md-rule (C:\Users\Hp\.gradle\caches\6.7.1\md-rule)" [_thread_blocked, id=1904, stack(0x000000f8c9100000,0x000000f8c9200000)]
  0x000002e5b055d000 JavaThread "Cache worker for execution history cache (C:\Users\Hp\.gradle\caches\6.7.1\executionHistory)" [_thread_blocked, id=1924, stack(0x000000f8c9200000,0x000000f8c9300000)]
  0x000002e5b055f800 JavaThread "Cache worker for file content cache (C:\Users\Hp\.gradle\caches\6.7.1\fileContent)" [_thread_blocked, id=6688, stack(0x000000f8c9300000,0x000000f8c9400000)]
  0x000002e5b0562800 JavaThread "Cache worker for Build Output Cleanup Cache (D:\FLO\.gradle\buildOutputCleanup)" [_thread_blocked, id=7780, stack(0x000000f8c9400000,0x000000f8c9500000)]
  0x000002e5b0560800 JavaThread "Build operations" [_thread_blocked, id=11356, stack(0x000000f8c9500000,0x000000f8c9600000)]
  0x000002e5b0561000 JavaThread "Build operations Thread 2" [_thread_blocked, id=7468, stack(0x000000f8c9600000,0x000000f8c9700000)]
  0x000002e5b0563800 JavaThread "Build operations Thread 3" [_thread_blocked, id=3572, stack(0x000000f8c9700000,0x000000f8c9800000)]
  0x000002e5b055e000 JavaThread "Build operations Thread 4" [_thread_blocked, id=9612, stack(0x000000f8c9800000,0x000000f8c9900000)]
  0x000002e5b0562000 JavaThread "Build operations Thread 5" [_thread_blocked, id=5164, stack(0x000000f8c9900000,0x000000f8c9a00000)]
  0x000002e5b055e800 JavaThread "Build operations Thread 6" [_thread_blocked, id=8348, stack(0x000000f8c9a00000,0x000000f8c9b00000)]
  0x000002e5b0565000 JavaThread "Build operations Thread 7" [_thread_blocked, id=9304, stack(0x000000f8c9b00000,0x000000f8c9c00000)]
  0x000002e5b0569000 JavaThread "Build operations Thread 8" [_thread_blocked, id=6696, stack(0x000000f8c9c00000,0x000000f8c9d00000)]
  0x000002e5b0567000 JavaThread "jar transforms Thread 22" [_thread_blocked, id=248, stack(0x000000f8c9d00000,0x000000f8c9e00000)]
  0x000002e5b0566000 JavaThread "jar transforms Thread 23" [_thread_blocked, id=1520, stack(0x000000f8c9e00000,0x000000f8c9f00000)]
  0x000002e5b0567800 JavaThread "jar transforms Thread 24" [_thread_blocked, id=1764, stack(0x000000f8c9f00000,0x000000f8ca000000)]
  0x000002e5b0568800 JavaThread "jar transforms Thread 25" [_thread_blocked, id=7200, stack(0x000000f8ca000000,0x000000f8ca100000)]
  0x000002e5b056a000 JavaThread "jar transforms Thread 26" [_thread_blocked, id=11908, stack(0x000000f8ca100000,0x000000f8ca200000)]
  0x000002e5b0564800 JavaThread "jar transforms Thread 27" [_thread_blocked, id=11548, stack(0x000000f8ca200000,0x000000f8ca300000)]
  0x000002e5b056b000 JavaThread "jar transforms Thread 28" [_thread_blocked, id=8772, stack(0x000000f8ca300000,0x000000f8ca400000)]
  0x000002e5b2d64800 JavaThread "jar transforms Thread 29" [_thread_blocked, id=2912, stack(0x000000f8ca400000,0x000000f8ca500000)]
  0x000002e5b2d61800 JavaThread "jar transforms Thread 30" [_thread_blocked, id=10496, stack(0x000000f8ca500000,0x000000f8ca600000)]
  0x000002e5b2d65800 JavaThread "jar transforms Thread 31" [_thread_blocked, id=3020, stack(0x000000f8ca600000,0x000000f8ca700000)]
  0x000002e5b2d63000 JavaThread "jar transforms Thread 32" [_thread_blocked, id=4788, stack(0x000000f8ca700000,0x000000f8ca800000)]
  0x000002e5b2d67000 JavaThread "jar transforms Thread 33" [_thread_blocked, id=7116, stack(0x000000f8ca800000,0x000000f8ca900000)]
  0x000002e5b2d66800 JavaThread "jar transforms Thread 34" [_thread_blocked, id=9868, stack(0x000000f8ca900000,0x000000f8caa00000)]
  0x000002e5b2d64000 JavaThread "jar transforms Thread 35" [_thread_blocked, id=11268, stack(0x000000f8caa00000,0x000000f8cab00000)]
  0x000002e5b2d68000 JavaThread "jar transforms Thread 36" [_thread_blocked, id=10676, stack(0x000000f8cab00000,0x000000f8cac00000)]
  0x000002e5b2d62000 JavaThread "jar transforms Thread 37" [_thread_blocked, id=6212, stack(0x000000f8cac00000,0x000000f8cad00000)]
  0x000002e5b2d6c000 JavaThread "jar transforms Thread 38" [_thread_blocked, id=4144, stack(0x000000f8cad00000,0x000000f8cae00000)]
  0x000002e5b2d6d000 JavaThread "jar transforms Thread 39" [_thread_blocked, id=2904, stack(0x000000f8cae00000,0x000000f8caf00000)]
  0x000002e5b2d6d800 JavaThread "jar transforms Thread 40" [_thread_blocked, id=11160, stack(0x000000f8caf00000,0x000000f8cb000000)]
  0x000002e5b2d6e800 JavaThread "jar transforms Thread 41" [_thread_blocked, id=10768, stack(0x000000f8cb000000,0x000000f8cb100000)]
  0x000002e5b2d69800 JavaThread "jar transforms Thread 42" [_thread_blocked, id=6776, stack(0x000000f8cb100000,0x000000f8cb200000)]
  0x000002e5b2d68800 JavaThread "jar transforms Thread 43" [_thread_blocked, id=7464, stack(0x000000f8cb200000,0x000000f8cb300000)]
  0x000002e5b2d6f800 JavaThread "jar transforms Thread 44" [_thread_blocked, id=2840, stack(0x000000f8cb300000,0x000000f8cb400000)]
  0x000002e5b2d70000 JavaThread "jar transforms Thread 45" [_thread_blocked, id=7328, stack(0x000000f8cb400000,0x000000f8cb500000)]
  0x000002e5b2d6a800 JavaThread "jar transforms Thread 46" [_thread_blocked, id=12028, stack(0x000000f8cb500000,0x000000f8cb600000)]
  0x000002e5b2d6b000 JavaThread "jar transforms Thread 47" [_thread_blocked, id=9796, stack(0x000000f8cb600000,0x000000f8cb700000)]
  0x000002e5b2de6000 JavaThread "jar transforms Thread 48" [_thread_blocked, id=3736, stack(0x000000f8cb700000,0x000000f8cb800000)]
  0x000002e5b2de7000 JavaThread "jar transforms Thread 49" [_thread_blocked, id=10132, stack(0x000000f8cb800000,0x000000f8cb900000)]
  0x000002e5b2de7800 JavaThread "jar transforms Thread 50" [_thread_blocked, id=5892, stack(0x000000f8cb900000,0x000000f8cba00000)]
  0x000002e5b2de8800 JavaThread "jar transforms Thread 51" [_thread_blocked, id=12228, stack(0x000000f8cba00000,0x000000f8cbb00000)]
  0x000002e5b2de3000 JavaThread "jar transforms Thread 52" [_thread_blocked, id=8528, stack(0x000000f8cbb00000,0x000000f8cbc00000)]
  0x000002e5b2de9800 JavaThread "jar transforms Thread 53" [_thread_blocked, id=10456, stack(0x000000f8cbc00000,0x000000f8cbd00000)]
  0x000002e5b2de5800 JavaThread "jar transforms Thread 54" [_thread_blocked, id=9000, stack(0x000000f8cbd00000,0x000000f8cbe00000)]
  0x000002e5b2de3800 JavaThread "jar transforms Thread 55" [_thread_blocked, id=6896, stack(0x000000f8cbe00000,0x000000f8cbf00000)]
  0x000002e5b2de4800 JavaThread "jar transforms Thread 56" [_thread_blocked, id=5916, stack(0x000000f8cbf00000,0x000000f8cc000000)]
  0x000002e5b3d2e800 JavaThread "jar transforms Thread 57" [_thread_blocked, id=2132, stack(0x000000f8cc000000,0x000000f8cc100000)]
  0x000002e5b3d32000 JavaThread "jar transforms Thread 58" [_thread_blocked, id=3088, stack(0x000000f8cc100000,0x000000f8cc200000)]
  0x000002e5b3d30800 JavaThread "jar transforms Thread 59" [_thread_blocked, id=11860, stack(0x000000f8cc200000,0x000000f8cc300000)]
  0x000002e5b3d31000 JavaThread "jar transforms Thread 60" [_thread_blocked, id=4932, stack(0x000000f8cc300000,0x000000f8cc400000)]
  0x000002e5b3d2f800 JavaThread "jar transforms Thread 61" [_thread_blocked, id=11728, stack(0x000000f8cc400000,0x000000f8cc500000)]
  0x000002e5b3d2c800 JavaThread "jar transforms Thread 62" [_thread_blocked, id=7772, stack(0x000000f8cc500000,0x000000f8cc600000)]
  0x000002e5b3d33000 JavaThread "jar transforms Thread 63" [_thread_blocked, id=2868, stack(0x000000f8cc600000,0x000000f8cc700000)]
  0x000002e5b3d2e000 JavaThread "jar transforms Thread 64" [_thread_blocked, id=4332, stack(0x000000f8cc700000,0x000000f8cc800000)]
  0x000002e5b3d2d000 JavaThread "jar transforms Thread 65" [_thread_blocked, id=8860, stack(0x000000f8cc800000,0x000000f8cc900000)]
  0x000002e5b3d34800 JavaThread "jar transforms Thread 66" [_thread_blocked, id=9964, stack(0x000000f8cc900000,0x000000f8cca00000)]
  0x000002e5b3d33800 JavaThread "jar transforms Thread 67" [_thread_blocked, id=4264, stack(0x000000f8cca00000,0x000000f8ccb00000)]
  0x000002e5b3d35000 JavaThread "jar transforms Thread 68" [_thread_blocked, id=8588, stack(0x000000f8ccb00000,0x000000f8ccc00000)]
  0x000002e5b3d37000 JavaThread "jar transforms Thread 69" [_thread_blocked, id=2200, stack(0x000000f8ccc00000,0x000000f8ccd00000)]
  0x000002e5b3d37800 JavaThread "jar transforms Thread 70" [_thread_blocked, id=6936, stack(0x000000f8ccd00000,0x000000f8cce00000)]
  0x000002e5b3d3b000 JavaThread "jar transforms Thread 71" [_thread_blocked, id=8868, stack(0x000000f8cce00000,0x000000f8ccf00000)]
  0x000002e5b3d38800 JavaThread "jar transforms Thread 72" [_thread_blocked, id=2024, stack(0x000000f8ccf00000,0x000000f8cd000000)]
  0x000002e5b3d39800 JavaThread "jar transforms Thread 73" [_thread_blocked, id=3004, stack(0x000000f8cd000000,0x000000f8cd100000)]
  0x000002e5b3d36000 JavaThread "jar transforms Thread 74" [_thread_blocked, id=7496, stack(0x000000f8cd100000,0x000000f8cd200000)]
  0x000002e5b3d3a000 JavaThread "jar transforms Thread 75" [_thread_blocked, id=11312, stack(0x000000f8cd200000,0x000000f8cd300000)]
  0x000002e5b39dc800 JavaThread "jar transforms Thread 76" [_thread_blocked, id=4352, stack(0x000000f8cd300000,0x000000f8cd400000)]
  0x000002e5b39e3000 JavaThread "jar transforms Thread 77" [_thread_blocked, id=10800, stack(0x000000f8cd400000,0x000000f8cd500000)]
  0x000002e5b39df000 JavaThread "jar transforms Thread 78" [_thread_blocked, id=1496, stack(0x000000f8cd500000,0x000000f8cd600000)]
  0x000002e5b39de000 JavaThread "jar transforms Thread 79" [_thread_blocked, id=4816, stack(0x000000f8cd600000,0x000000f8cd700000)]
  0x000002e5b39dd000 JavaThread "jar transforms Thread 80" [_thread_blocked, id=5736, stack(0x000000f8cd700000,0x000000f8cd800000)]
  0x000002e5b39e3800 JavaThread "jar transforms Thread 81" [_thread_blocked, id=2852, stack(0x000000f8cd800000,0x000000f8cd900000)]
  0x000002e5b39e4800 JavaThread "jar transforms Thread 82" [_thread_blocked, id=3940, stack(0x000000f8cd900000,0x000000f8cda00000)]
  0x000002e5b39e0800 JavaThread "jar transforms Thread 83" [_thread_blocked, id=11676, stack(0x000000f8cda00000,0x000000f8cdb00000)]
  0x000002e5b39e2000 JavaThread "jar transforms Thread 84" [_thread_blocked, id=11800, stack(0x000000f8cdb00000,0x000000f8cdc00000)]
  0x000002e5b39e1800 JavaThread "jar transforms Thread 85" [_thread_blocked, id=7932, stack(0x000000f8cdc00000,0x000000f8cdd00000)]
  0x000002e5b39e5800 JavaThread "jar transforms Thread 86" [_thread_blocked, id=10860, stack(0x000000f8cdd00000,0x000000f8cde00000)]
  0x000002e5b39df800 JavaThread "jar transforms Thread 87" [_thread_blocked, id=9848, stack(0x000000f8cde00000,0x000000f8cdf00000)]
  0x000002e5b39e9800 JavaThread "jar transforms Thread 88" [_thread_blocked, id=11744, stack(0x000000f8cdf00000,0x000000f8ce000000)]
  0x000002e5b39ea000 JavaThread "jar transforms Thread 89" [_thread_blocked, id=7556, stack(0x000000f8ce000000,0x000000f8ce100000)]
  0x000002e5b39eb000 JavaThread "jar transforms Thread 90" [_thread_blocked, id=10476, stack(0x000000f8ce100000,0x000000f8ce200000)]
  0x000002e5b39e6000 JavaThread "jar transforms Thread 91" [_thread_blocked, id=10716, stack(0x000000f8ce200000,0x000000f8ce300000)]
  0x000002e5b39e7000 JavaThread "jar transforms Thread 92" [_thread_blocked, id=7820, stack(0x000000f8ce300000,0x000000f8ce400000)]
  0x000002e5b39e8000 JavaThread "jar transforms Thread 93" [_thread_blocked, id=8768, stack(0x000000f8ce400000,0x000000f8ce500000)]
  0x000002e5b39e8800 JavaThread "jar transforms Thread 94" [_thread_blocked, id=4308, stack(0x000000f8ce500000,0x000000f8ce600000)]
  0x000002e5b3f1b000 JavaThread "jar transforms Thread 95" [_thread_blocked, id=11940, stack(0x000000f8ce600000,0x000000f8ce700000)]
  0x000002e5b3f17000 JavaThread "jar transforms Thread 96" [_thread_blocked, id=1304, stack(0x000000f8ce700000,0x000000f8ce800000)]
  0x000002e5b3f1c000 JavaThread "jar transforms Thread 97" [_thread_blocked, id=10460, stack(0x000000f8ce800000,0x000000f8ce900000)]
  0x000002e5b3f1a800 JavaThread "Memory manager" [_thread_blocked, id=1504, stack(0x000000f8ce900000,0x000000f8cea00000)]

Other Threads:
  0x000002e5afb84800 VMThread "VM Thread" [stack: 0x000000f8c5700000,0x000000f8c5800000] [id=6916]
  0x000002e5b06a0800 WatcherThread [stack: 0x000000f8c6100000,0x000000f8c6200000] [id=11976]
  0x000002e5958d2000 GCTaskThread "GC Thread#0" [stack: 0x000000f8c5200000,0x000000f8c5300000] [id=8660]
  0x000002e5b152e800 GCTaskThread "GC Thread#1" [stack: 0x000000f8c6200000,0x000000f8c6300000] [id=3300]
  0x000002e5b2103800 GCTaskThread "GC Thread#2" [stack: 0x000000f8c6f00000,0x000000f8c7000000] [id=11164]
  0x000002e5b2104800 GCTaskThread "GC Thread#3" [stack: 0x000000f8c7000000,0x000000f8c7100000] [id=8624]
  0x000002e5b22ff800 GCTaskThread "GC Thread#4" [stack: 0x000000f8c7100000,0x000000f8c7200000] [id=10884]
  0x000002e5b2300000 GCTaskThread "GC Thread#5" [stack: 0x000000f8c7200000,0x000000f8c7300000] [id=11924]
  0x000002e5b2301800 GCTaskThread "GC Thread#6" [stack: 0x000000f8c7300000,0x000000f8c7400000] [id=7712]
  0x000002e5b292b000 GCTaskThread "GC Thread#7" [stack: 0x000000f8c7400000,0x000000f8c7500000] [id=10296]
  0x000002e595905000 ConcurrentGCThread "G1 Main Marker" [stack: 0x000000f8c5300000,0x000000f8c5400000] [id=2528]
  0x000002e595906800 ConcurrentGCThread "G1 Conc#0" [stack: 0x000000f8c5400000,0x000000f8c5500000] [id=12268]
  0x000002e5b1a33000 ConcurrentGCThread "G1 Conc#1" [stack: 0x000000f8c7700000,0x000000f8c7800000] [id=696]
  0x000002e595973000 ConcurrentGCThread "G1 Refine#0" [stack: 0x000000f8c5500000,0x000000f8c5600000] [id=5216]
  0x000002e595974000 ConcurrentGCThread "G1 Young RemSet Sampling" [stack: 0x000000f8c5600000,0x000000f8c5700000] [id=9128]

Threads with active compile tasks:
C2 CompilerThread0  19914 9278       4       groovy.lang.MetaClassImpl::addMetaMethodToIndex (65 bytes)

VM state:not at safepoint (normal execution)

VM Mutex/Monitor currently owned by a thread: None

Heap address: 0x0000000080000000, size: 2048 MB, Compressed Oops mode: 32-bit
Narrow klass base: 0x0000000000000000, Narrow klass shift: 3
Compressed class space size: 1073741824 Address: 0x0000000100000000

Heap:
 garbage-first heap   total 199680K, used 100061K [0x0000000080000000, 0x0000000100000000)
  region size 1024K, 19 young (19456K), 6 survivors (6144K)
 Metaspace       used 91484K, capacity 93916K, committed 94208K, reserved 1130496K
  class space    used 11882K, capacity 12757K, committed 12800K, reserved 1048576K
Heap Regions: E=young(eden), S=young(survivor), O=old, HS=humongous(starts), HC=humongous(continues), CS=collection set, F=free, A=archive, TAMS=top-at-mark-start (previous, next)
|   0|0x0000000080000000, 0x0000000080100000, 0x0000000080100000|100%| O|  |TAMS 0x0000000080100000, 0x0000000080000000| Untracked 
|   1|0x0000000080100000, 0x0000000080200000, 0x0000000080200000|100%| O|  |TAMS 0x0000000080200000, 0x0000000080100000| Untracked 
|   2|0x0000000080200000, 0x0000000080300000, 0x0000000080300000|100%| O|  |TAMS 0x0000000080300000, 0x0000000080200000| Untracked 
|   3|0x0000000080300000, 0x0000000080400000, 0x0000000080400000|100%|HS|  |TAMS 0x0000000080400000, 0x0000000080300000| Complete 
|   4|0x0000000080400000, 0x0000000080500000, 0x0000000080500000|100%|HC|  |TAMS 0x0000000080500000, 0x0000000080400000| Complete 
|   5|0x0000000080500000, 0x0000000080600000, 0x0000000080600000|100%|HC|  |TAMS 0x0000000080600000, 0x0000000080500000| Complete 
|   6|0x0000000080600000, 0x0000000080700000, 0x0000000080700000|100%| O|  |TAMS 0x0000000080700000, 0x0000000080600000| Untracked 
|   7|0x0000000080700000, 0x0000000080800000, 0x0000000080800000|100%| O|  |TAMS 0x0000000080800000, 0x0000000080700000| Untracked 
|   8|0x0000000080800000, 0x0000000080900000, 0x0000000080900000|100%| O|  |TAMS 0x0000000080900000, 0x0000000080800000| Untracked 
|   9|0x0000000080900000, 0x0000000080a00000, 0x0000000080a00000|100%| O|  |TAMS 0x0000000080a00000, 0x0000000080900000| Untracked 
|  10|0x0000000080a00000, 0x0000000080b00000, 0x0000000080b00000|100%| O|  |TAMS 0x0000000080b00000, 0x0000000080a00000| Untracked 
|  11|0x0000000080b00000, 0x0000000080c00000, 0x0000000080c00000|100%| O|  |TAMS 0x0000000080c00000, 0x0000000080b00000| Untracked 
|  12|0x0000000080c00000, 0x0000000080d00000, 0x0000000080d00000|100%| O|  |TAMS 0x0000000080d00000, 0x0000000080c00000| Untracked 
|  13|0x0000000080d00000, 0x0000000080e00000, 0x0000000080e00000|100%| O|  |TAMS 0x0000000080e00000, 0x0000000080d00000| Untracked 
|  14|0x0000000080e00000, 0x0000000080f00000, 0x0000000080f00000|100%| O|  |TAMS 0x0000000080f00000, 0x0000000080e00000| Untracked 
|  15|0x0000000080f00000, 0x0000000081000000, 0x0000000081000000|100%| O|  |TAMS 0x0000000081000000, 0x0000000080f00000| Untracked 
|  16|0x0000000081000000, 0x0000000081100000, 0x0000000081100000|100%|HS|  |TAMS 0x0000000081100000, 0x0000000081000000| Complete 
|  17|0x0000000081100000, 0x0000000081200000, 0x0000000081200000|100%|HC|  |TAMS 0x0000000081200000, 0x0000000081100000| Complete 
|  18|0x0000000081200000, 0x0000000081300000, 0x0000000081300000|100%|HS|  |TAMS 0x0000000081300000, 0x0000000081200000| Complete 
|  19|0x0000000081300000, 0x0000000081400000, 0x0000000081400000|100%|HC|  |TAMS 0x0000000081400000, 0x0000000081300000| Complete 
|  20|0x0000000081400000, 0x0000000081500000, 0x0000000081500000|100%|HC|  |TAMS 0x0000000081500000, 0x0000000081400000| Complete 
|  21|0x0000000081500000, 0x0000000081600000, 0x0000000081600000|100%|HS|  |TAMS 0x0000000081600000, 0x0000000081500000| Complete 
|  22|0x0000000081600000, 0x0000000081700000, 0x0000000081700000|100%|HC|  |TAMS 0x0000000081700000, 0x0000000081600000| Complete 
|  23|0x0000000081700000, 0x0000000081800000, 0x0000000081800000|100%|HC|  |TAMS 0x0000000081800000, 0x0000000081700000| Complete 
|  24|0x0000000081800000, 0x0000000081900000, 0x0000000081900000|100%|HC|  |TAMS 0x0000000081900000, 0x0000000081800000| Complete 
|  25|0x0000000081900000, 0x0000000081a00000, 0x0000000081a00000|100%| O|  |TAMS 0x0000000081a00000, 0x0000000081900000| Untracked 
|  26|0x0000000081a00000, 0x0000000081b00000, 0x0000000081b00000|100%| O|  |TAMS 0x0000000081b00000, 0x0000000081a00000| Untracked 
|  27|0x0000000081b00000, 0x0000000081c00000, 0x0000000081c00000|100%| O|  |TAMS 0x0000000081c00000, 0x0000000081b00000| Untracked 
|  28|0x0000000081c00000, 0x0000000081d00000, 0x0000000081d00000|100%| O|  |TAMS 0x0000000081d00000, 0x0000000081c00000| Untracked 
|  29|0x0000000081d00000, 0x0000000081e00000, 0x0000000081e00000|100%| O|  |TAMS 0x0000000081e00000, 0x0000000081d00000| Untracked 
|  30|0x0000000081e00000, 0x0000000081f00000, 0x0000000081f00000|100%| O|  |TAMS 0x0000000081f00000, 0x0000000081e00000| Untracked 
|  31|0x0000000081f00000, 0x0000000082000000, 0x0000000082000000|100%|HS|  |TAMS 0x0000000082000000, 0x0000000081f00000| Complete 
|  32|0x0000000082000000, 0x0000000082100000, 0x0000000082100000|100%|HC|  |TAMS 0x0000000082100000, 0x0000000082000000| Complete 
|  33|0x0000000082100000, 0x0000000082200000, 0x0000000082200000|100%|HC|  |TAMS 0x0000000082200000, 0x0000000082100000| Complete 
|  34|0x0000000082200000, 0x0000000082300000, 0x0000000082300000|100%| O|  |TAMS 0x0000000082300000, 0x0000000082200000| Untracked 
|  35|0x0000000082300000, 0x0000000082400000, 0x0000000082400000|100%| O|  |TAMS 0x0000000082400000, 0x0000000082300000| Untracked 
|  36|0x0000000082400000, 0x0000000082500000, 0x0000000082500000|100%|HS|  |TAMS 0x0000000082500000, 0x0000000082400000| Complete 
|  37|0x0000000082500000, 0x0000000082600000, 0x0000000082600000|100%|HC|  |TAMS 0x0000000082600000, 0x0000000082500000| Complete 
|  38|0x0000000082600000, 0x0000000082700000, 0x0000000082700000|100%|HC|  |TAMS 0x0000000082700000, 0x0000000082600000| Complete 
|  39|0x0000000082700000, 0x0000000082800000, 0x0000000082800000|100%|HC|  |TAMS 0x0000000082800000, 0x0000000082700000| Complete 
|  40|0x0000000082800000, 0x0000000082900000, 0x0000000082900000|100%| O|  |TAMS 0x0000000082900000, 0x0000000082800000| Untracked 
|  41|0x0000000082900000, 0x0000000082a00000, 0x0000000082a00000|100%| O|  |TAMS 0x0000000082a00000, 0x0000000082900000| Untracked 
|  42|0x0000000082a00000, 0x0000000082b00000, 0x0000000082b00000|100%| O|  |TAMS 0x0000000082b00000, 0x0000000082a00000| Untracked 
|  43|0x0000000082b00000, 0x0000000082c00000, 0x0000000082c00000|100%| O|  |TAMS 0x0000000082c00000, 0x0000000082b00000| Untracked 
|  44|0x0000000082c00000, 0x0000000082d00000, 0x0000000082d00000|100%| O|  |TAMS 0x0000000082d00000, 0x0000000082c00000| Untracked 
|  45|0x0000000082d00000, 0x0000000082e00000, 0x0000000082e00000|100%| O|  |TAMS 0x0000000082e00000, 0x0000000082d00000| Untracked 
|  46|0x0000000082e00000, 0x0000000082f00000, 0x0000000082f00000|100%| O|  |TAMS 0x0000000082f00000, 0x0000000082e00000| Untracked 
|  47|0x0000000082f00000, 0x0000000083000000, 0x0000000083000000|100%| O|  |TAMS 0x0000000083000000, 0x0000000082f00000| Untracked 
|  48|0x0000000083000000, 0x0000000083100000, 0x0000000083100000|100%|HS|  |TAMS 0x0000000083100000, 0x0000000083000000| Complete 
|  49|0x0000000083100000, 0x0000000083200000, 0x0000000083200000|100%| O|  |TAMS 0x0000000083200000, 0x0000000083100000| Untracked 
|  50|0x0000000083200000, 0x0000000083300000, 0x0000000083300000|100%| O|  |TAMS 0x0000000083300000, 0x0000000083200000| Untracked 
|  51|0x0000000083300000, 0x0000000083400000, 0x0000000083400000|100%| O|  |TAMS 0x0000000083400000, 0x0000000083300000| Untracked 
|  52|0x0000000083400000, 0x0000000083500000, 0x0000000083500000|100%|HS|  |TAMS 0x0000000083500000, 0x0000000083400000| Complete 
|  53|0x0000000083500000, 0x0000000083600000, 0x0000000083600000|100%|HC|  |TAMS 0x0000000083600000, 0x0000000083500000| Complete 
|  54|0x0000000083600000, 0x0000000083700000, 0x0000000083700000|100%| O|  |TAMS 0x0000000083700000, 0x0000000083600000| Untracked 
|  55|0x0000000083700000, 0x0000000083800000, 0x0000000083800000|100%| O|  |TAMS 0x0000000083800000, 0x0000000083700000| Untracked 
|  56|0x0000000083800000, 0x0000000083900000, 0x0000000083900000|100%| O|  |TAMS 0x0000000083900000, 0x0000000083800000| Untracked 
|  57|0x0000000083900000, 0x0000000083a00000, 0x0000000083a00000|100%| O|  |TAMS 0x0000000083a00000, 0x0000000083900000| Untracked 
|  58|0x0000000083a00000, 0x0000000083b00000, 0x0000000083b00000|100%| O|  |TAMS 0x0000000083b00000, 0x0000000083a00000| Untracked 
|  59|0x0000000083b00000, 0x0000000083c00000, 0x0000000083c00000|100%| O|  |TAMS 0x0000000083c00000, 0x0000000083b00000| Untracked 
|  60|0x0000000083c00000, 0x0000000083d00000, 0x0000000083d00000|100%| O|  |TAMS 0x0000000083d00000, 0x0000000083c00000| Untracked 
|  61|0x0000000083d00000, 0x0000000083e00000, 0x0000000083e00000|100%| O|  |TAMS 0x0000000083e00000, 0x0000000083d00000| Untracked 
|  62|0x0000000083e00000, 0x0000000083f00000, 0x0000000083f00000|100%| O|  |TAMS 0x0000000083f00000, 0x0000000083e00000| Untracked 
|  63|0x0000000083f00000, 0x0000000084000000, 0x0000000084000000|100%| O|  |TAMS 0x0000000084000000, 0x0000000083f00000| Untracked 
|  64|0x0000000084000000, 0x0000000084100000, 0x0000000084100000|100%| O|  |TAMS 0x0000000084100000, 0x0000000084000000| Untracked 
|  65|0x0000000084100000, 0x0000000084200000, 0x0000000084200000|100%| O|  |TAMS 0x0000000084200000, 0x0000000084100000| Untracked 
|  66|0x0000000084200000, 0x0000000084300000, 0x0000000084300000|100%| O|  |TAMS 0x0000000084300000, 0x0000000084200000| Untracked 
|  67|0x0000000084300000, 0x0000000084400000, 0x0000000084400000|100%| O|  |TAMS 0x0000000084400000, 0x0000000084300000| Untracked 
|  68|0x0000000084400000, 0x0000000084500000, 0x0000000084500000|100%| O|  |TAMS 0x0000000084500000, 0x0000000084400000| Untracked 
|  69|0x0000000084500000, 0x0000000084600000, 0x0000000084600000|100%| O|  |TAMS 0x0000000084600000, 0x0000000084500000| Untracked 
|  70|0x0000000084600000, 0x0000000084700000, 0x0000000084700000|100%| O|  |TAMS 0x0000000084700000, 0x0000000084600000| Untracked 
|  71|0x0000000084700000, 0x0000000084800000, 0x0000000084800000|100%| O|  |TAMS 0x0000000084800000, 0x0000000084700000| Untracked 
|  72|0x0000000084800000, 0x0000000084900000, 0x0000000084900000|100%| O|  |TAMS 0x0000000084900000, 0x0000000084800000| Untracked 
|  73|0x0000000084900000, 0x0000000084a00000, 0x0000000084a00000|100%| O|  |TAMS 0x0000000084a00000, 0x0000000084900000| Untracked 
|  74|0x0000000084a00000, 0x0000000084b00000, 0x0000000084b00000|100%| O|  |TAMS 0x0000000084b00000, 0x0000000084a00000| Untracked 
|  75|0x0000000084b00000, 0x0000000084c00000, 0x0000000084c00000|100%| O|  |TAMS 0x0000000084c00000, 0x0000000084b00000| Untracked 
|  76|0x0000000084c00000, 0x0000000084d00000, 0x0000000084d00000|100%| O|  |TAMS 0x0000000084d00000, 0x0000000084c00000| Untracked 
|  77|0x0000000084d00000, 0x0000000084e00000, 0x0000000084e00000|100%| O|  |TAMS 0x0000000084e00000, 0x0000000084d00000| Untracked 
|  78|0x0000000084e00000, 0x0000000084f00000, 0x0000000084f00000|100%| O|  |TAMS 0x0000000084f00000, 0x0000000084e00000| Untracked 
|  79|0x0000000084f00000, 0x0000000084fcc600, 0x0000000085000000| 79%| O|  |TAMS 0x0000000084fcc600, 0x0000000084f00000| Untracked 
|  80|0x0000000085000000, 0x0000000085000000, 0x0000000085100000|  0%| F|  |TAMS 0x0000000085000000, 0x0000000085000000| Untracked 
|  81|0x0000000085100000, 0x0000000085100000, 0x0000000085200000|  0%| F|  |TAMS 0x0000000085100000, 0x0000000085100000| Untracked 
|  82|0x0000000085200000, 0x0000000085200000, 0x0000000085300000|  0%| F|  |TAMS 0x0000000085200000, 0x0000000085200000| Untracked 
|  83|0x0000000085300000, 0x0000000085300000, 0x0000000085400000|  0%| F|  |TAMS 0x0000000085300000, 0x0000000085300000| Untracked 
|  84|0x0000000085400000, 0x0000000085400000, 0x0000000085500000|  0%| F|  |TAMS 0x0000000085400000, 0x0000000085400000| Untracked 
|  85|0x0000000085500000, 0x0000000085500000, 0x0000000085600000|  0%| F|  |TAMS 0x0000000085500000, 0x0000000085500000| Untracked 
|  86|0x0000000085600000, 0x0000000085600000, 0x0000000085700000|  0%| F|  |TAMS 0x0000000085600000, 0x0000000085600000| Untracked 
|  87|0x0000000085700000, 0x0000000085700000, 0x0000000085800000|  0%| F|  |TAMS 0x0000000085700000, 0x0000000085700000| Untracked 
|  88|0x0000000085800000, 0x0000000085800000, 0x0000000085900000|  0%| F|  |TAMS 0x0000000085800000, 0x0000000085800000| Untracked 
|  89|0x0000000085900000, 0x0000000085900000, 0x0000000085a00000|  0%| F|  |TAMS 0x0000000085900000, 0x0000000085900000| Untracked 
|  90|0x0000000085a00000, 0x0000000085a00000, 0x0000000085b00000|  0%| F|  |TAMS 0x0000000085a00000, 0x0000000085a00000| Untracked 
|  91|0x0000000085b00000, 0x0000000085b00000, 0x0000000085c00000|  0%| F|  |TAMS 0x0000000085b00000, 0x0000000085b00000| Untracked 
|  92|0x0000000085c00000, 0x0000000085c00000, 0x0000000085d00000|  0%| F|  |TAMS 0x0000000085c00000, 0x0000000085c00000| Untracked 
|  93|0x0000000085d00000, 0x0000000085d00000, 0x0000000085e00000|  0%| F|  |TAMS 0x0000000085d00000, 0x0000000085d00000| Untracked 
|  94|0x0000000085e00000, 0x0000000085e00000, 0x0000000085f00000|  0%| F|  |TAMS 0x0000000085e00000, 0x0000000085e00000| Untracked 
|  95|0x0000000085f00000, 0x0000000085f00000, 0x0000000086000000|  0%| F|  |TAMS 0x0000000085f00000, 0x0000000085f00000| Untracked 
|  96|0x0000000086000000, 0x0000000086000000, 0x0000000086100000|  0%| F|  |TAMS 0x0000000086000000, 0x0000000086000000| Untracked 
|  97|0x0000000086100000, 0x0000000086100000, 0x0000000086200000|  0%| F|  |TAMS 0x0000000086100000, 0x0000000086100000| Untracked 
|  98|0x0000000086200000, 0x0000000086200000, 0x0000000086300000|  0%| F|  |TAMS 0x0000000086200000, 0x0000000086200000| Untracked 
|  99|0x0000000086300000, 0x0000000086300000, 0x0000000086400000|  0%| F|  |TAMS 0x0000000086300000, 0x0000000086300000| Untracked 
| 100|0x0000000086400000, 0x0000000086400000, 0x0000000086500000|  0%| F|  |TAMS 0x0000000086400000, 0x0000000086400000| Untracked 
| 101|0x0000000086500000, 0x0000000086500000, 0x0000000086600000|  0%| F|  |TAMS 0x0000000086500000, 0x0000000086500000| Untracked 
| 102|0x0000000086600000, 0x0000000086600000, 0x0000000086700000|  0%| F|  |TAMS 0x0000000086600000, 0x0000000086600000| Untracked 
| 103|0x0000000086700000, 0x0000000086700000, 0x0000000086800000|  0%| F|  |TAMS 0x0000000086700000, 0x0000000086700000| Untracked 
| 104|0x0000000086800000, 0x0000000086800000, 0x0000000086900000|  0%| F|  |TAMS 0x0000000086800000, 0x0000000086800000| Untracked 
| 105|0x0000000086900000, 0x0000000086900000, 0x0000000086a00000|  0%| F|  |TAMS 0x0000000086900000, 0x0000000086900000| Untracked 
| 106|0x0000000086a00000, 0x0000000086a00000, 0x0000000086b00000|  0%| F|  |TAMS 0x0000000086a00000, 0x0000000086a00000| Untracked 
| 107|0x0000000086b00000, 0x0000000086b00000, 0x0000000086c00000|  0%| F|  |TAMS 0x0000000086b00000, 0x0000000086b00000| Untracked 
| 108|0x0000000086c00000, 0x0000000086c00000, 0x0000000086d00000|  0%| F|  |TAMS 0x0000000086c00000, 0x0000000086c00000| Untracked 
| 109|0x0000000086d00000, 0x0000000086d00000, 0x0000000086e00000|  0%| F|  |TAMS 0x0000000086d00000, 0x0000000086d00000| Untracked 
| 110|0x0000000086e00000, 0x0000000086e00000, 0x0000000086f00000|  0%| F|  |TAMS 0x0000000086e00000, 0x0000000086e00000| Untracked 
| 111|0x0000000086f00000, 0x0000000086f00000, 0x0000000087000000|  0%| F|  |TAMS 0x0000000086f00000, 0x0000000086f00000| Untracked 
| 112|0x0000000087000000, 0x0000000087000000, 0x0000000087100000|  0%| F|  |TAMS 0x0000000087000000, 0x0000000087000000| Untracked 
| 113|0x0000000087100000, 0x0000000087100000, 0x0000000087200000|  0%| F|  |TAMS 0x0000000087100000, 0x0000000087100000| Untracked 
| 114|0x0000000087200000, 0x0000000087200000, 0x0000000087300000|  0%| F|  |TAMS 0x0000000087200000, 0x0000000087200000| Untracked 
| 115|0x0000000087300000, 0x0000000087300000, 0x0000000087400000|  0%| F|  |TAMS 0x0000000087300000, 0x0000000087300000| Untracked 
| 116|0x0000000087400000, 0x0000000087400000, 0x0000000087500000|  0%| F|  |TAMS 0x0000000087400000, 0x0000000087400000| Untracked 
| 117|0x0000000087500000, 0x0000000087500000, 0x0000000087600000|  0%| F|  |TAMS 0x0000000087500000, 0x0000000087500000| Untracked 
| 118|0x0000000087600000, 0x0000000087600000, 0x0000000087700000|  0%| F|  |TAMS 0x0000000087600000, 0x0000000087600000| Untracked 
| 119|0x0000000087700000, 0x0000000087700000, 0x0000000087800000|  0%| F|  |TAMS 0x0000000087700000, 0x0000000087700000| Untracked 
| 120|0x0000000087800000, 0x0000000087800000, 0x0000000087900000|  0%| F|  |TAMS 0x0000000087800000, 0x0000000087800000| Untracked 
| 121|0x0000000087900000, 0x0000000087900000, 0x0000000087a00000|  0%| F|  |TAMS 0x0000000087900000, 0x0000000087900000| Untracked 
| 122|0x0000000087a00000, 0x0000000087a00000, 0x0000000087b00000|  0%| F|  |TAMS 0x0000000087a00000, 0x0000000087a00000| Untracked 
| 123|0x0000000087b00000, 0x0000000087b00000, 0x0000000087c00000|  0%| F|  |TAMS 0x0000000087b00000, 0x0000000087b00000| Untracked 
| 124|0x0000000087c00000, 0x0000000087c00000, 0x0000000087d00000|  0%| F|  |TAMS 0x0000000087c00000, 0x0000000087c00000| Untracked 
| 125|0x0000000087d00000, 0x0000000087d00000, 0x0000000087e00000|  0%| F|  |TAMS 0x0000000087d00000, 0x0000000087d00000| Untracked 
| 126|0x0000000087e00000, 0x0000000087e00000, 0x0000000087f00000|  0%| F|  |TAMS 0x0000000087e00000, 0x0000000087e00000| Untracked 
| 127|0x0000000087f00000, 0x0000000087f00000, 0x0000000088000000|  0%| F|  |TAMS 0x0000000087f00000, 0x0000000087f00000| Untracked 
| 128|0x0000000088000000, 0x0000000088000000, 0x0000000088100000|  0%| F|  |TAMS 0x0000000088000000, 0x0000000088000000| Untracked 
| 129|0x0000000088100000, 0x00000000881eb1a0, 0x0000000088200000| 91%| S|CS|TAMS 0x0000000088100000, 0x0000000088100000| Complete 
| 130|0x0000000088200000, 0x0000000088300000, 0x0000000088300000|100%| S|CS|TAMS 0x0000000088200000, 0x0000000088200000| Complete 
| 131|0x0000000088300000, 0x0000000088400000, 0x0000000088400000|100%| S|CS|TAMS 0x0000000088300000, 0x0000000088300000| Complete 
| 132|0x0000000088400000, 0x0000000088500000, 0x0000000088500000|100%| S|CS|TAMS 0x0000000088400000, 0x0000000088400000| Complete 
| 133|0x0000000088500000, 0x0000000088600000, 0x0000000088600000|100%| S|CS|TAMS 0x0000000088500000, 0x0000000088500000| Complete 
| 134|0x0000000088600000, 0x0000000088700000, 0x0000000088700000|100%| S|CS|TAMS 0x0000000088600000, 0x0000000088600000| Complete 
| 135|0x0000000088700000, 0x0000000088700000, 0x0000000088800000|  0%| F|  |TAMS 0x0000000088700000, 0x0000000088700000| Untracked 
| 136|0x0000000088800000, 0x0000000088800000, 0x0000000088900000|  0%| F|  |TAMS 0x0000000088800000, 0x0000000088800000| Untracked 
| 137|0x0000000088900000, 0x0000000088900000, 0x0000000088a00000|  0%| F|  |TAMS 0x0000000088900000, 0x0000000088900000| Untracked 
| 138|0x0000000088a00000, 0x0000000088a00000, 0x0000000088b00000|  0%| F|  |TAMS 0x0000000088a00000, 0x0000000088a00000| Untracked 
| 139|0x0000000088b00000, 0x0000000088b00000, 0x0000000088c00000|  0%| F|  |TAMS 0x0000000088b00000, 0x0000000088b00000| Untracked 
| 140|0x0000000088c00000, 0x0000000088c00000, 0x0000000088d00000|  0%| F|  |TAMS 0x0000000088c00000, 0x0000000088c00000| Untracked 
| 141|0x0000000088d00000, 0x0000000088d00000, 0x0000000088e00000|  0%| F|  |TAMS 0x0000000088d00000, 0x0000000088d00000| Untracked 
| 142|0x0000000088e00000, 0x0000000088e00000, 0x0000000088f00000|  0%| F|  |TAMS 0x0000000088e00000, 0x0000000088e00000| Untracked 
| 143|0x0000000088f00000, 0x0000000088f00000, 0x0000000089000000|  0%| F|  |TAMS 0x0000000088f00000, 0x0000000088f00000| Untracked 
| 144|0x0000000089000000, 0x0000000089000000, 0x0000000089100000|  0%| F|  |TAMS 0x0000000089000000, 0x0000000089000000| Untracked 
| 145|0x0000000089100000, 0x0000000089100000, 0x0000000089200000|  0%| F|  |TAMS 0x0000000089100000, 0x0000000089100000| Untracked 
| 146|0x0000000089200000, 0x0000000089200000, 0x0000000089300000|  0%| F|  |TAMS 0x0000000089200000, 0x0000000089200000| Untracked 
| 147|0x0000000089300000, 0x0000000089300000, 0x0000000089400000|  0%| F|  |TAMS 0x0000000089300000, 0x0000000089300000| Untracked 
| 148|0x0000000089400000, 0x0000000089400000, 0x0000000089500000|  0%| F|  |TAMS 0x0000000089400000, 0x0000000089400000| Untracked 
| 149|0x0000000089500000, 0x0000000089500000, 0x0000000089600000|  0%| F|  |TAMS 0x0000000089500000, 0x0000000089500000| Untracked 
| 150|0x0000000089600000, 0x0000000089600000, 0x0000000089700000|  0%| F|  |TAMS 0x0000000089600000, 0x0000000089600000| Untracked 
| 151|0x0000000089700000, 0x0000000089700000, 0x0000000089800000|  0%| F|  |TAMS 0x0000000089700000, 0x0000000089700000| Untracked 
| 152|0x0000000089800000, 0x0000000089800000, 0x0000000089900000|  0%| F|  |TAMS 0x0000000089800000, 0x0000000089800000| Untracked 
| 153|0x0000000089900000, 0x0000000089900000, 0x0000000089a00000|  0%| F|  |TAMS 0x0000000089900000, 0x0000000089900000| Untracked 
| 154|0x0000000089a00000, 0x0000000089a00000, 0x0000000089b00000|  0%| F|  |TAMS 0x0000000089a00000, 0x0000000089a00000| Untracked 
| 155|0x0000000089b00000, 0x0000000089b00000, 0x0000000089c00000|  0%| F|  |TAMS 0x0000000089b00000, 0x0000000089b00000| Untracked 
| 156|0x0000000089c00000, 0x0000000089c00000, 0x0000000089d00000|  0%| F|  |TAMS 0x0000000089c00000, 0x0000000089c00000| Untracked 
| 157|0x0000000089d00000, 0x0000000089d00000, 0x0000000089e00000|  0%| F|  |TAMS 0x0000000089d00000, 0x0000000089d00000| Untracked 
| 158|0x0000000089e00000, 0x0000000089e00000, 0x0000000089f00000|  0%| F|  |TAMS 0x0000000089e00000, 0x0000000089e00000| Untracked 
| 159|0x0000000089f00000, 0x0000000089f00000, 0x000000008a000000|  0%| F|  |TAMS 0x0000000089f00000, 0x0000000089f00000| Untracked 
| 160|0x000000008a000000, 0x000000008a000000, 0x000000008a100000|  0%| F|  |TAMS 0x000000008a000000, 0x000000008a000000| Untracked 
| 161|0x000000008a100000, 0x000000008a100000, 0x000000008a200000|  0%| F|  |TAMS 0x000000008a100000, 0x000000008a100000| Untracked 
| 162|0x000000008a200000, 0x000000008a200000, 0x000000008a300000|  0%| F|  |TAMS 0x000000008a200000, 0x000000008a200000| Untracked 
| 163|0x000000008a300000, 0x000000008a300000, 0x000000008a400000|  0%| F|  |TAMS 0x000000008a300000, 0x000000008a300000| Untracked 
| 164|0x000000008a400000, 0x000000008a400000, 0x000000008a500000|  0%| F|  |TAMS 0x000000008a400000, 0x000000008a400000| Untracked 
| 165|0x000000008a500000, 0x000000008a500000, 0x000000008a600000|  0%| F|  |TAMS 0x000000008a500000, 0x000000008a500000| Untracked 
| 166|0x000000008a600000, 0x000000008a600000, 0x000000008a700000|  0%| F|  |TAMS 0x000000008a600000, 0x000000008a600000| Untracked 
| 167|0x000000008a700000, 0x000000008a700000, 0x000000008a800000|  0%| F|  |TAMS 0x000000008a700000, 0x000000008a700000| Untracked 
| 168|0x000000008a800000, 0x000000008a800000, 0x000000008a900000|  0%| F|  |TAMS 0x000000008a800000, 0x000000008a800000| Untracked 
| 169|0x000000008a900000, 0x000000008a900000, 0x000000008aa00000|  0%| F|  |TAMS 0x000000008a900000, 0x000000008a900000| Untracked 
| 170|0x000000008aa00000, 0x000000008aa00000, 0x000000008ab00000|  0%| F|  |TAMS 0x000000008aa00000, 0x000000008aa00000| Untracked 
| 171|0x000000008ab00000, 0x000000008ab00000, 0x000000008ac00000|  0%| F|  |TAMS 0x000000008ab00000, 0x000000008ab00000| Untracked 
| 172|0x000000008ac00000, 0x000000008ac00000, 0x000000008ad00000|  0%| F|  |TAMS 0x000000008ac00000, 0x000000008ac00000| Untracked 
| 173|0x000000008ad00000, 0x000000008ad00000, 0x000000008ae00000|  0%| F|  |TAMS 0x000000008ad00000, 0x000000008ad00000| Untracked 
| 174|0x000000008ae00000, 0x000000008ae00000, 0x000000008af00000|  0%| F|  |TAMS 0x000000008ae00000, 0x000000008ae00000| Untracked 
| 175|0x000000008af00000, 0x000000008af00000, 0x000000008b000000|  0%| F|  |TAMS 0x000000008af00000, 0x000000008af00000| Untracked 
| 176|0x000000008b000000, 0x000000008b000000, 0x000000008b100000|  0%| F|  |TAMS 0x000000008b000000, 0x000000008b000000| Untracked 
| 177|0x000000008b100000, 0x000000008b100000, 0x000000008b200000|  0%| F|  |TAMS 0x000000008b100000, 0x000000008b100000| Untracked 
| 178|0x000000008b200000, 0x000000008b200000, 0x000000008b300000|  0%| F|  |TAMS 0x000000008b200000, 0x000000008b200000| Untracked 
| 179|0x000000008b300000, 0x000000008b300000, 0x000000008b400000|  0%| F|  |TAMS 0x000000008b300000, 0x000000008b300000| Untracked 
| 180|0x000000008b400000, 0x000000008b400000, 0x000000008b500000|  0%| F|  |TAMS 0x000000008b400000, 0x000000008b400000| Untracked 
| 181|0x000000008b500000, 0x000000008b500000, 0x000000008b600000|  0%| F|  |TAMS 0x000000008b500000, 0x000000008b500000| Untracked 
| 182|0x000000008b600000, 0x000000008b700000, 0x000000008b700000|100%| E|  |TAMS 0x000000008b600000, 0x000000008b600000| Complete 
| 183|0x000000008b700000, 0x000000008b800000, 0x000000008b800000|100%| E|CS|TAMS 0x000000008b700000, 0x000000008b700000| Complete 
| 184|0x000000008b800000, 0x000000008b900000, 0x000000008b900000|100%| E|CS|TAMS 0x000000008b800000, 0x000000008b800000| Complete 
| 185|0x000000008b900000, 0x000000008ba00000, 0x000000008ba00000|100%| E|CS|TAMS 0x000000008b900000, 0x000000008b900000| Complete 
| 186|0x000000008ba00000, 0x000000008bb00000, 0x000000008bb00000|100%| E|CS|TAMS 0x000000008ba00000, 0x000000008ba00000| Complete 
| 187|0x000000008bb00000, 0x000000008bc00000, 0x000000008bc00000|100%| E|CS|TAMS 0x000000008bb00000, 0x000000008bb00000| Complete 
| 188|0x000000008bc00000, 0x000000008bd00000, 0x000000008bd00000|100%| E|CS|TAMS 0x000000008bc00000, 0x000000008bc00000| Complete 
| 189|0x000000008bd00000, 0x000000008be00000, 0x000000008be00000|100%| E|CS|TAMS 0x000000008bd00000, 0x000000008bd00000| Complete 
| 190|0x000000008be00000, 0x000000008bf00000, 0x000000008bf00000|100%| E|CS|TAMS 0x000000008be00000, 0x000000008be00000| Complete 
| 191|0x000000008bf00000, 0x000000008c000000, 0x000000008c000000|100%| E|CS|TAMS 0x000000008bf00000, 0x000000008bf00000| Complete 
| 192|0x000000008c000000, 0x000000008c100000, 0x000000008c100000|100%| E|CS|TAMS 0x000000008c000000, 0x000000008c000000| Complete 
| 193|0x000000008c100000, 0x000000008c200000, 0x000000008c200000|100%| E|CS|TAMS 0x000000008c100000, 0x000000008c100000| Complete 
| 194|0x000000008c200000, 0x000000008c300000, 0x000000008c300000|100%| E|CS|TAMS 0x000000008c200000, 0x000000008c200000| Complete 

Card table byte_map: [0x000002e5a8970000,0x000002e5a8d70000] _byte_map_base: 0x000002e5a8570000

Marking Bits (Prev, Next): (CMBitMap*) 0x000002e5958fb5c8, (CMBitMap*) 0x000002e5958fb600
 Prev Bits: [0x000002e5a9170000, 0x000002e5ab170000)
 Next Bits: [0x000002e5ab170000, 0x000002e5ad170000)

Polling page: 0x000002e5938d0000

Metaspace:

Usage:
  Non-class:     79.32 MB capacity,    77.79 MB ( 98%) used,     1.29 MB (  2%) free+waste,   248.69 KB ( <1%) overhead. 
      Class:     12.46 MB capacity,    11.62 MB ( 93%) used,   743.30 KB (  6%) free+waste,   118.75 KB ( <1%) overhead. 
       Both:     91.78 MB capacity,    89.40 MB ( 97%) used,     2.01 MB (  2%) free+waste,   367.44 KB ( <1%) overhead. 

Virtual space:
  Non-class space:       80.00 MB reserved,      79.50 MB (>99%) committed 
      Class space:        1.00 GB reserved,      12.50 MB (  1%) committed 
             Both:        1.08 GB reserved,      92.00 MB (  8%) committed 

Chunk freelists:
   Non-Class:  57.00 KB
       Class:  11.00 KB
        Both:  68.00 KB

MaxMetaspaceSize: 17179869184.00 GB
CompressedClassSpaceSize: 1.00 GB

CodeHeap 'non-profiled nmethods': size=120000Kb used=3672Kb max_used=3672Kb free=116327Kb
 bounds [0x000002e5a0d10000, 0x000002e5a10b0000, 0x000002e5a8240000]
CodeHeap 'profiled nmethods': size=120000Kb used=17177Kb max_used=17177Kb free=102822Kb
 bounds [0x000002e5997e0000, 0x000002e59a8b0000, 0x000002e5a0d10000]
CodeHeap 'non-nmethods': size=5760Kb used=2283Kb max_used=2320Kb free=3476Kb
 bounds [0x000002e599240000, 0x000002e5994b0000, 0x000002e5997e0000]
 total_blobs=9750 nmethods=8869 adapters=792
 compilation: enabled
              stopped_count=0, restarted_count=0
 full_count=0

Compilation events (20 events):
Event: 19.782 Thread 0x000002e5b050a800 9319       2       groovy.lang.MetaClassImpl$2::skipClass (17 bytes)
Event: 19.783 Thread 0x000002e5b050a800 nmethod 9319 0x000002e59a89a690 code [0x000002e59a89a840, 0x000002e59a89a958]
Event: 19.786 Thread 0x000002e5b050a800 9323       1       org.codehaus.groovy.runtime.metaclass.MultipleSetterProperty::setField (6 bytes)
Event: 19.786 Thread 0x000002e5b050a800 nmethod 9323 0x000002e5a10a5210 code [0x000002e5a10a53c0, 0x000002e5a10a54b8]
Event: 19.804 Thread 0x000002e5b050a800 9326       2       java.lang.String::replace (42 bytes)
Event: 19.805 Thread 0x000002e5b050a800 nmethod 9326 0x000002e59a89aa10 code [0x000002e59a89abe0, 0x000002e59a89ad78]
Event: 19.815 Thread 0x000002e5b050a800 9328       2       groovy.lang.MetaClassImpl::getMetaProperty (45 bytes)
Event: 19.815 Thread 0x000002e5b050a800 nmethod 9328 0x000002e59a89ae10 code [0x000002e59a89afe0, 0x000002e59a89b1d8]
Event: 19.815 Thread 0x000002e5b050a800 9329       2       java.lang.ClassLoader::checkCreateClassLoader (5 bytes)
Event: 19.816 Thread 0x000002e5b050a800 nmethod 9329 0x000002e59a89b310 code [0x000002e59a89b4c0, 0x000002e59a89b5e8]
Event: 19.816 Thread 0x000002e5b050a800 9330       2       groovyjarjarasm.asm.Frame::push (59 bytes)
Event: 19.816 Thread 0x000002e5b050a800 nmethod 9330 0x000002e59a89b690 code [0x000002e59a89b8a0, 0x000002e59a89bc18]
Event: 19.816 Thread 0x000002e5b050a800 9332       2       groovyjarjarasm.asm.Handler::getExceptionTableLength (21 bytes)
Event: 19.816 Thread 0x000002e5b050a800 nmethod 9332 0x000002e59a89be90 code [0x000002e59a89c040, 0x000002e59a89c178]
Event: 19.816 Thread 0x000002e5b050a800 9331       2       groovyjarjarasm.asm.MethodWriter::endCurrentBasicBlockWithNoSuccessor (94 bytes)
Event: 19.817 Thread 0x000002e5b050a800 nmethod 9331 0x000002e59a89c290 code [0x000002e59a89c460, 0x000002e59a89c8a8]
Event: 19.821 Thread 0x000002e5b050a800 9334       2       org.codehaus.groovy.runtime.metaclass.MetaMethodIndex::addMethodToList (298 bytes)
Event: 19.822 Thread 0x000002e5b050a800 nmethod 9334 0x000002e59a89ca10 code [0x000002e59a89cd40, 0x000002e59a89d868]
Event: 19.822 Thread 0x000002e5b050a800 9335       2       groovy.lang.MetaMethod::equal (44 bytes)
Event: 19.822 Thread 0x000002e5b050a800 nmethod 9335 0x000002e59a89df90 code [0x000002e59a89e140, 0x000002e59a89e318]

GC Heap History (20 events):
Event: 10.504 GC heap before
{Heap before GC invocations=36 (full 0):
 garbage-first heap   total 114688K, used 83416K [0x0000000080000000, 0x0000000100000000)
  region size 1024K, 26 young (26624K), 4 survivors (4096K)
 Metaspace       used 59925K, capacity 61540K, committed 61696K, reserved 1103872K
  class space    used 7631K, capacity 8165K, committed 8192K, reserved 1048576K
}
Event: 10.512 GC heap after
{Heap after GC invocations=37 (full 0):
 garbage-first heap   total 138240K, used 64980K [0x0000000080000000, 0x0000000100000000)
  region size 1024K, 3 young (3072K), 3 survivors (3072K)
 Metaspace       used 59925K, capacity 61540K, committed 61696K, reserved 1103872K
  class space    used 7631K, capacity 8165K, committed 8192K, reserved 1048576K
}
Event: 10.922 GC heap before
{Heap before GC invocations=38 (full 0):
 garbage-first heap   total 138240K, used 98772K [0x0000000080000000, 0x0000000100000000)
  region size 1024K, 35 young (35840K), 3 survivors (3072K)
 Metaspace       used 61593K, capacity 63299K, committed 63488K, reserved 1103872K
  class space    used 7848K, capacity 8404K, committed 8448K, reserved 1048576K
}
Event: 10.927 GC heap after
{Heap after GC invocations=39 (full 0):
 garbage-first heap   total 138240K, used 67425K [0x0000000080000000, 0x0000000100000000)
  region size 1024K, 5 young (5120K), 5 survivors (5120K)
 Metaspace       used 61593K, capacity 63299K, committed 63488K, reserved 1103872K
  class space    used 7848K, capacity 8404K, committed 8448K, reserved 1048576K
}
Event: 11.698 GC heap before
{Heap before GC invocations=39 (full 0):
 garbage-first heap   total 138240K, used 102241K [0x0000000080000000, 0x0000000100000000)
  region size 1024K, 39 young (39936K), 5 survivors (5120K)
 Metaspace       used 65886K, capacity 67694K, committed 67840K, reserved 1107968K
  class space    used 8578K, capacity 9162K, committed 9216K, reserved 1048576K
}
Event: 11.710 GC heap after
{Heap after GC invocations=40 (full 0):
 garbage-first heap   total 138240K, used 69446K [0x0000000080000000, 0x0000000100000000)
  region size 1024K, 3 young (3072K), 3 survivors (3072K)
 Metaspace       used 65886K, capacity 67694K, committed 67840K, reserved 1107968K
  class space    used 8578K, capacity 9162K, committed 9216K, reserved 1048576K
}
Event: 12.440 GC heap before
{Heap before GC invocations=41 (full 0):
 garbage-first heap   total 138240K, used 104262K [0x0000000080000000, 0x0000000100000000)
  region size 1024K, 37 young (37888K), 3 survivors (3072K)
 Metaspace       used 69088K, capacity 70816K, committed 71040K, reserved 1110016K
  class space    used 9012K, capacity 9559K, committed 9600K, reserved 1048576K
}
Event: 12.445 GC heap after
{Heap after GC invocations=42 (full 0):
 garbage-first heap   total 138240K, used 71073K [0x0000000080000000, 0x0000000100000000)
  region size 1024K, 4 young (4096K), 4 survivors (4096K)
 Metaspace       used 69088K, capacity 70816K, committed 71040K, reserved 1110016K
  class space    used 9012K, capacity 9559K, committed 9600K, reserved 1048576K
}
Event: 13.068 GC heap before
{Heap before GC invocations=42 (full 0):
 garbage-first heap   total 138240K, used 106913K [0x0000000080000000, 0x0000000100000000)
  region size 1024K, 39 young (39936K), 4 survivors (4096K)
 Metaspace       used 71865K, capacity 73717K, committed 73984K, reserved 1114112K
  class space    used 9324K, capacity 9943K, committed 9984K, reserved 1048576K
}
Event: 13.077 GC heap after
{Heap after GC invocations=43 (full 0):
 garbage-first heap   total 165888K, used 73130K [0x0000000080000000, 0x0000000100000000)
  region size 1024K, 4 young (4096K), 4 survivors (4096K)
 Metaspace       used 71865K, capacity 73717K, committed 73984K, reserved 1114112K
  class space    used 9324K, capacity 9943K, committed 9984K, reserved 1048576K
}
Event: 14.253 GC heap before
{Heap before GC invocations=44 (full 0):
 garbage-first heap   total 165888K, used 116138K [0x0000000080000000, 0x0000000100000000)
  region size 1024K, 46 young (47104K), 4 survivors (4096K)
 Metaspace       used 74690K, capacity 76719K, committed 77056K, reserved 1116160K
  class space    used 9756K, capacity 10393K, committed 10496K, reserved 1048576K
}
Event: 14.271 GC heap after
{Heap after GC invocations=45 (full 0):
 garbage-first heap   total 165888K, used 75877K [0x0000000080000000, 0x0000000100000000)
  region size 1024K, 5 young (5120K), 5 survivors (5120K)
 Metaspace       used 74690K, capacity 76719K, committed 77056K, reserved 1116160K
  class space    used 9756K, capacity 10393K, committed 10496K, reserved 1048576K
}
Event: 15.266 GC heap before
{Heap before GC invocations=45 (full 0):
 garbage-first heap   total 165888K, used 121957K [0x0000000080000000, 0x0000000100000000)
  region size 1024K, 50 young (51200K), 5 survivors (5120K)
 Metaspace       used 78676K, capacity 80745K, committed 80896K, reserved 1120256K
  class space    used 10348K, capacity 10976K, committed 11008K, reserved 1048576K
}
Event: 15.274 GC heap after
{Heap after GC invocations=46 (full 0):
 garbage-first heap   total 165888K, used 77967K [0x0000000080000000, 0x0000000100000000)
  region size 1024K, 5 young (5120K), 5 survivors (5120K)
 Metaspace       used 78676K, capacity 80745K, committed 80896K, reserved 1120256K
  class space    used 10348K, capacity 10976K, committed 11008K, reserved 1048576K
}
Event: 16.710 GC heap before
{Heap before GC invocations=46 (full 0):
 garbage-first heap   total 165888K, used 125071K [0x0000000080000000, 0x0000000100000000)
  region size 1024K, 52 young (53248K), 5 survivors (5120K)
 Metaspace       used 84070K, capacity 86112K, committed 86400K, reserved 1124352K
  class space    used 10941K, capacity 11600K, committed 11648K, reserved 1048576K
}
Event: 16.726 GC heap after
{Heap after GC invocations=47 (full 0):
 garbage-first heap   total 165888K, used 82099K [0x0000000080000000, 0x0000000100000000)
  region size 1024K, 7 young (7168K), 7 survivors (7168K)
 Metaspace       used 84070K, capacity 86112K, committed 86400K, reserved 1124352K
  class space    used 10941K, capacity 11600K, committed 11648K, reserved 1048576K
}
Event: 17.385 GC heap before
{Heap before GC invocations=47 (full 0):
 garbage-first heap   total 165888K, used 129203K [0x0000000080000000, 0x0000000100000000)
  region size 1024K, 54 young (55296K), 7 survivors (7168K)
 Metaspace       used 85220K, capacity 87524K, committed 87808K, reserved 1124352K
  class space    used 11141K, capacity 11922K, committed 12032K, reserved 1048576K
}
Event: 17.401 GC heap after
{Heap after GC invocations=48 (full 0):
 garbage-first heap   total 199680K, used 84785K [0x0000000080000000, 0x0000000100000000)
  region size 1024K, 3 young (3072K), 3 survivors (3072K)
 Metaspace       used 85220K, capacity 87524K, committed 87808K, reserved 1124352K
  class space    used 11141K, capacity 11922K, committed 12032K, reserved 1048576K
}
Event: 19.703 GC heap before
{Heap before GC invocations=49 (full 0):
 garbage-first heap   total 199680K, used 146225K [0x0000000080000000, 0x0000000100000000)
  region size 1024K, 63 young (64512K), 3 survivors (3072K)
 Metaspace       used 90737K, capacity 93292K, committed 93440K, reserved 1130496K
  class space    used 11776K, capacity 12698K, committed 12800K, reserved 1048576K
}
Event: 19.726 GC heap after
{Heap after GC invocations=50 (full 0):
 garbage-first heap   total 199680K, used 87773K [0x0000000080000000, 0x0000000100000000)
  region size 1024K, 6 young (6144K), 6 survivors (6144K)
 Metaspace       used 90737K, capacity 93292K, committed 93440K, reserved 1130496K
  class space    used 11776K, capacity 12698K, committed 12800K, reserved 1048576K
}

Deoptimization events (20 events):
Event: 19.770 Thread 0x000002e5b2949800 DEOPT PACKING pc=0x000002e599a80d96 sp=0x000000f8c6bf93d0
Event: 19.770 Thread 0x000002e5b2949800 DEOPT UNPACKING pc=0x000002e5992672ce sp=0x000000f8c6bf88e8 mode 0
Event: 19.770 Thread 0x000002e5b2949800 DEOPT PACKING pc=0x000002e599d12591 sp=0x000000f8c6bf9400
Event: 19.770 Thread 0x000002e5b2949800 DEOPT UNPACKING pc=0x000002e5992672ce sp=0x000000f8c6bf88d8 mode 0
Event: 19.773 Thread 0x000002e5b2949800 DEOPT PACKING pc=0x000002e599a80d96 sp=0x000000f8c6bf93d0
Event: 19.773 Thread 0x000002e5b2949800 DEOPT UNPACKING pc=0x000002e5992672ce sp=0x000000f8c6bf88e8 mode 0
Event: 19.774 Thread 0x000002e5b2949800 Uncommon trap: trap_request=0xffffff4d fr.pc=0x000002e5a0d9b7cc relative=0x000000000000058c
Event: 19.774 Thread 0x000002e5b2949800 Uncommon trap: reason=unstable_if action=reinterpret pc=0x000002e5a0d9b7cc method=java.lang.String.replace(CC)Ljava/lang/String; @ 2 c2
Event: 19.774 Thread 0x000002e5b2949800 DEOPT PACKING pc=0x000002e5a0d9b7cc sp=0x000000f8c6bf94f0
Event: 19.774 Thread 0x000002e5b2949800 DEOPT UNPACKING pc=0x000002e5992674af sp=0x000000f8c6bf94b0 mode 2
Event: 19.780 Thread 0x000002e5b2949800 Uncommon trap: trap_request=0xffffff4d fr.pc=0x000002e5a0fb9e58 relative=0x0000000000006438
Event: 19.780 Thread 0x000002e5b2949800 Uncommon trap: reason=unstable_if action=reinterpret pc=0x000002e5a0fb9e58 method=groovy.lang.MetaClassImpl$1MOPIter.methodNameAction(Ljava/lang/Class;Lorg/codehaus/groovy/runtime/metaclass/MetaMethodIndex$Entry;)V @ 182 c2
Event: 19.780 Thread 0x000002e5b2949800 DEOPT PACKING pc=0x000002e5a0fb9e58 sp=0x000000f8c6bf9110
Event: 19.780 Thread 0x000002e5b2949800 DEOPT UNPACKING pc=0x000002e5992674af sp=0x000000f8c6bf9120 mode 2
Event: 19.780 Thread 0x000002e5b2949800 DEOPT PACKING pc=0x000002e59a2b7325 sp=0x000000f8c6bf9200
Event: 19.780 Thread 0x000002e5b2949800 DEOPT UNPACKING pc=0x000002e5992672ce sp=0x000000f8c6bf86b0 mode 0
Event: 19.819 Thread 0x000002e5b2949800 Uncommon trap: trap_request=0xffffff4d fr.pc=0x000002e5a0ee0290 relative=0x0000000000006ad0
Event: 19.819 Thread 0x000002e5b2949800 Uncommon trap: reason=unstable_if action=reinterpret pc=0x000002e5a0ee0290 method=org.codehaus.groovy.runtime.metaclass.MetaMethodIndex.addMethodToList(Ljava/lang/Object;Lgroovy/lang/MetaMethod;)Ljava/lang/Object; @ 256 c2
Event: 19.819 Thread 0x000002e5b2949800 DEOPT PACKING pc=0x000002e5a0ee0290 sp=0x000000f8c6bf9940
Event: 19.819 Thread 0x000002e5b2949800 DEOPT UNPACKING pc=0x000002e5992674af sp=0x000000f8c6bf99a8 mode 2

Classes redefined (0 events):
No events

Internal exceptions (20 events):
Event: 19.671 Thread 0x000002e5b2949800 Exception <a 'java/lang/ClassNotFoundException'{0x00000000888cb838}: org/gradle/plugins/ide/idea/model/IdeaModelBeanInfo> (0x00000000888cb838) thrown at [./src/hotspot/share/classfile/systemDictionary.cpp, line 231]
Event: 19.671 Thread 0x000002e5b2949800 Exception <a 'java/lang/ClassNotFoundException'{0x00000000888e3fd8}: org/gradle/plugins/ide/idea/model/IdeaModelCustomizer> (0x00000000888e3fd8) thrown at [./src/hotspot/share/classfile/systemDictionary.cpp, line 231]
Event: 19.672 Thread 0x000002e5b2949800 Exception <a 'java/lang/ClassNotFoundException'{0x000000008870dfc0}: org/gradle/plugins/ide/idea/model/IdeaModel_DecoratedCustomizer> (0x000000008870dfc0) thrown at [./src/hotspot/share/classfile/systemDictionary.cpp, line 231]
Event: 19.678 Thread 0x000002e5b2949800 Exception <a 'java/lang/ClassNotFoundException'{0x0000000088758fd0}: org/jetbrains/plugins/gradle/tooling/util/JavaPluginUtilBeanInfo> (0x0000000088758fd0) thrown at [./src/hotspot/share/classfile/systemDictionary.cpp, line 231]
Event: 19.678 Thread 0x000002e5b2949800 Exception <a 'java/lang/ClassNotFoundException'{0x00000000887661e0}: org/jetbrains/plugins/gradle/tooling/util/JavaPluginUtilCustomizer> (0x00000000887661e0) thrown at [./src/hotspot/share/classfile/systemDictionary.cpp, line 231]
Event: 19.735 Thread 0x000002e5b2949800 Exception <a 'java/lang/IncompatibleClassChangeError'{0x000000008c2358b0}: Found class java.lang.Object, but interface was expected> (0x000000008c2358b0) thrown at [./src/hotspot/share/interpreter/linkResolver.cpp, line 839]
Event: 19.781 Thread 0x000002e5b2949800 Exception <a 'java/lang/ClassNotFoundException'{0x000000008c1d8028}: org/gradle/api/internal/project/DefaultAntBuilderBeanInfo> (0x000000008c1d8028) thrown at [./src/hotspot/share/classfile/systemDictionary.cpp, line 231]
Event: 19.782 Thread 0x000002e5b2949800 Exception <a 'java/lang/ClassNotFoundException'{0x000000008c1e8aa8}: org/gradle/api/internal/project/ant/BasicAntBuilderBeanInfo> (0x000000008c1e8aa8) thrown at [./src/hotspot/share/classfile/systemDictionary.cpp, line 231]
Event: 19.782 Thread 0x000002e5b2949800 Exception <a 'java/lang/ClassNotFoundException'{0x000000008c1f6000}: org/gradle/api/AntBuilderBeanInfo> (0x000000008c1f6000) thrown at [./src/hotspot/share/classfile/systemDictionary.cpp, line 231]
Event: 19.782 Thread 0x000002e5b2949800 Exception <a 'java/lang/ClassNotFoundException'{0x000000008c003970}: groovy/util/AntBuilderBeanInfo> (0x000000008c003970) thrown at [./src/hotspot/share/classfile/systemDictionary.cpp, line 231]
Event: 19.783 Thread 0x000002e5b2949800 Exception <a 'java/lang/ClassNotFoundException'{0x000000008c012250}: groovy/util/BuilderSupportBeanInfo> (0x000000008c012250) thrown at [./src/hotspot/share/classfile/systemDictionary.cpp, line 231]
Event: 19.783 Thread 0x000002e5b2949800 Exception <a 'java/lang/ClassNotFoundException'{0x000000008c020418}: groovy/util/BuilderSupportCustomizer> (0x000000008c020418) thrown at [./src/hotspot/share/classfile/systemDictionary.cpp, line 231]
Event: 19.784 Thread 0x000002e5b2949800 Exception <a 'java/lang/ClassNotFoundException'{0x000000008c02ffc0}: groovy/util/AntBuilderCustomizer> (0x000000008c02ffc0) thrown at [./src/hotspot/share/classfile/systemDictionary.cpp, line 231]
Event: 19.784 Thread 0x000002e5b2949800 Exception <a 'java/lang/ClassNotFoundException'{0x000000008c042b30}: org/gradle/api/AntBuilderCustomizer> (0x000000008c042b30) thrown at [./src/hotspot/share/classfile/systemDictionary.cpp, line 231]
Event: 19.785 Thread 0x000002e5b2949800 Exception <a 'java/lang/ClassNotFoundException'{0x000000008c05c6d0}: org/gradle/api/internal/project/ant/BasicAntBuilderCustomizer> (0x000000008c05c6d0) thrown at [./src/hotspot/share/classfile/systemDictionary.cpp, line 231]
Event: 19.785 Thread 0x000002e5b2949800 Exception <a 'java/lang/ClassNotFoundException'{0x000000008c07c6c8}: org/gradle/api/internal/project/DefaultAntBuilderCustomizer> (0x000000008c07c6c8) thrown at [./src/hotspot/share/classfile/systemDictionary.cpp, line 231]
Event: 19.823 Thread 0x000002e5b2949800 Exception <a 'java/lang/ClassNotFoundException'{0x000000008bb1edd8}: org/gradle/api/internal/tasks/DefaultTaskContainer_DecoratedBeanInfo> (0x000000008bb1edd8) thrown at [./src/hotspot/share/classfile/systemDictionary.cpp, line 231]
Event: 19.824 Thread 0x000002e5b2949800 Exception <a 'java/lang/ClassNotFoundException'{0x000000008bb2f1a0}: org/gradle/api/internal/tasks/DefaultTaskContainerBeanInfo> (0x000000008bb2f1a0) thrown at [./src/hotspot/share/classfile/systemDictionary.cpp, line 231]
Event: 19.824 Thread 0x000002e5b2949800 Exception <a 'java/lang/ClassNotFoundException'{0x000000008bb3fbc0}: org/gradle/api/internal/tasks/DefaultTaskCollectionBeanInfo> (0x000000008bb3fbc0) thrown at [./src/hotspot/share/classfile/systemDictionary.cpp, line 231]
Event: 19.825 Thread 0x000002e5b2949800 Exception <a 'java/lang/ClassNotFoundException'{0x000000008bb505b0}: org/gradle/api/internal/tasks/DefaultTaskCollectionCustomizer> (0x000000008bb505b0) thrown at [./src/hotspot/share/classfile/systemDictionary.cpp, line 231]

Events (20 events):
Event: 19.823 loading class org/gradle/api/internal/tasks/DefaultTaskContainer_DecoratedBeanInfo
Event: 19.823 loading class org/gradle/api/internal/tasks/DefaultTaskContainer_DecoratedBeanInfo done
Event: 19.824 loading class org/gradle/api/internal/tasks/DefaultTaskContainerBeanInfo
Event: 19.824 loading class org/gradle/api/internal/tasks/DefaultTaskContainerBeanInfo done
Event: 19.824 loading class org/gradle/api/internal/tasks/DefaultTaskContainerBeanInfo
Event: 19.824 loading class org/gradle/api/internal/tasks/DefaultTaskContainerBeanInfo done
Event: 19.824 loading class org/gradle/api/internal/tasks/DefaultTaskContainerBeanInfo
Event: 19.824 loading class org/gradle/api/internal/tasks/DefaultTaskContainerBeanInfo done
Event: 19.824 loading class org/gradle/api/internal/tasks/DefaultTaskCollectionBeanInfo
Event: 19.824 loading class org/gradle/api/internal/tasks/DefaultTaskCollectionBeanInfo done
Event: 19.824 loading class org/gradle/api/internal/tasks/DefaultTaskCollectionBeanInfo
Event: 19.824 loading class org/gradle/api/internal/tasks/DefaultTaskCollectionBeanInfo done
Event: 19.824 loading class org/gradle/api/internal/tasks/DefaultTaskCollectionBeanInfo
Event: 19.824 loading class org/gradle/api/internal/tasks/DefaultTaskCollectionBeanInfo done
Event: 19.824 loading class org/gradle/api/internal/tasks/DefaultTaskCollectionCustomizer
Event: 19.824 loading class org/gradle/api/internal/tasks/DefaultTaskCollectionCustomizer done
Event: 19.825 loading class org/gradle/api/internal/tasks/DefaultTaskCollectionCustomizer
Event: 19.825 loading class org/gradle/api/internal/tasks/DefaultTaskCollectionCustomizer done
Event: 19.825 loading class org/gradle/api/internal/tasks/DefaultTaskCollectionCustomizer
Event: 19.825 loading class org/gradle/api/internal/tasks/DefaultTaskCollectionCustomizer done


Dynamic libraries:
0x00007ff72d6b0000 - 0x00007ff72d6ba000 	C:\Program Files\Android\Android Studio\jre\bin\java.exe
0x00007ff90af10000 - 0x00007ff90b105000 	C:\WINDOWS\SYSTEM32\ntdll.dll
0x00007ff9094e0000 - 0x00007ff90959e000 	C:\WINDOWS\System32\KERNEL32.DLL
0x00007ff9089f0000 - 0x00007ff908cb8000 	C:\WINDOWS\System32\KERNELBASE.dll
0x00007ff908d60000 - 0x00007ff908e60000 	C:\WINDOWS\System32\ucrtbase.dll
0x00007ff8f2550000 - 0x00007ff8f2569000 	C:\Program Files\Android\Android Studio\jre\bin\jli.dll
0x00007ff8f27f0000 - 0x00007ff8f2807000 	C:\Program Files\Android\Android Studio\jre\bin\VCRUNTIME140.dll
0x00007ff908f60000 - 0x00007ff909101000 	C:\WINDOWS\System32\USER32.dll
0x00007ff908930000 - 0x00007ff908952000 	C:\WINDOWS\System32\win32u.dll
0x00007ff8f5520000 - 0x00007ff8f57ba000 	C:\WINDOWS\WinSxS\amd64_microsoft.windows.common-controls_6595b64144ccf1df_6.0.19041.1110_none_60b5254171f9507e\COMCTL32.dll
0x00007ff909cd0000 - 0x00007ff909d6e000 	C:\WINDOWS\System32\msvcrt.dll
0x00007ff9098a0000 - 0x00007ff9098cb000 	C:\WINDOWS\System32\GDI32.dll
0x00007ff9087f0000 - 0x00007ff9088fb000 	C:\WINDOWS\System32\gdi32full.dll
0x00007ff908cc0000 - 0x00007ff908d5d000 	C:\WINDOWS\System32\msvcp_win.dll
0x00007ff909870000 - 0x00007ff9098a0000 	C:\WINDOWS\System32\IMM32.DLL
0x00007ff8d9b40000 - 0x00007ff8d9bdd000 	C:\Program Files\Android\Android Studio\jre\bin\msvcp140.dll
0x00007ff88a340000 - 0x00007ff88adfc000 	C:\Program Files\Android\Android Studio\jre\bin\server\jvm.dll
0x00007ff9095a0000 - 0x00007ff90964c000 	C:\WINDOWS\System32\ADVAPI32.dll
0x00007ff909c30000 - 0x00007ff909ccb000 	C:\WINDOWS\System32\sechost.dll
0x00007ff909f40000 - 0x00007ff90a06a000 	C:\WINDOWS\System32\RPCRT4.dll
0x00007ff90a300000 - 0x00007ff90a308000 	C:\WINDOWS\System32\PSAPI.DLL
0x00007ff903060000 - 0x00007ff903069000 	C:\WINDOWS\SYSTEM32\WSOCK32.dll
0x00007ff8f4300000 - 0x00007ff8f4327000 	C:\WINDOWS\SYSTEM32\WINMM.dll
0x00007ff8f7a60000 - 0x00007ff8f7a6a000 	C:\WINDOWS\SYSTEM32\VERSION.dll
0x00007ff90a200000 - 0x00007ff90a26b000 	C:\WINDOWS\System32\WS2_32.dll
0x00007ff906ec0000 - 0x00007ff906ed2000 	C:\WINDOWS\SYSTEM32\kernel.appcore.dll
0x00007ff902ad0000 - 0x00007ff902ae1000 	C:\Program Files\Android\Android Studio\jre\bin\verify.dll
0x00007ff906b70000 - 0x00007ff906d54000 	C:\WINDOWS\SYSTEM32\DBGHELP.DLL
0x00007ff8f5b10000 - 0x00007ff8f5b3c000 	C:\WINDOWS\SYSTEM32\dbgcore.DLL
0x00007ff908960000 - 0x00007ff9089e3000 	C:\WINDOWS\System32\bcryptPrimitives.dll
0x00007ff901e50000 - 0x00007ff901e79000 	C:\Program Files\Android\Android Studio\jre\bin\java.dll
0x00007ff902ac0000 - 0x00007ff902acb000 	C:\Program Files\Android\Android Studio\jre\bin\jimage.dll
0x00007ff8ecb00000 - 0x00007ff8ecb18000 	C:\Program Files\Android\Android Studio\jre\bin\zip.dll
0x00007ff90a310000 - 0x00007ff90aa4f000 	C:\WINDOWS\System32\SHELL32.dll
0x00007ff9063e0000 - 0x00007ff906b70000 	C:\WINDOWS\SYSTEM32\windows.storage.dll
0x00007ff9098d0000 - 0x00007ff909c25000 	C:\WINDOWS\System32\combase.dll
0x00007ff908080000 - 0x00007ff9080ae000 	C:\WINDOWS\SYSTEM32\Wldp.dll
0x00007ff909e90000 - 0x00007ff909f3d000 	C:\WINDOWS\System32\SHCORE.dll
0x00007ff909330000 - 0x00007ff909385000 	C:\WINDOWS\System32\shlwapi.dll
0x00007ff908570000 - 0x00007ff90858f000 	C:\WINDOWS\SYSTEM32\profapi.dll
0x00007ff8eca50000 - 0x00007ff8eca6a000 	C:\Program Files\Android\Android Studio\jre\bin\net.dll
0x00007ff8f9490000 - 0x00007ff8f959c000 	C:\WINDOWS\SYSTEM32\WINHTTP.dll
0x00007ff907d90000 - 0x00007ff907dfa000 	C:\WINDOWS\system32\mswsock.dll
0x00007ff8eca30000 - 0x00007ff8eca44000 	C:\Program Files\Android\Android Studio\jre\bin\nio.dll
0x00007ff8f2930000 - 0x00007ff8f2957000 	C:\Users\Hp\.gradle\native\fdc75f09e3144964f2cf3f50f0aa648679c211496f362492102eb8c894070792\windows-amd64\native-platform.dll
0x00007ff8f25d0000 - 0x00007ff8f2766000 	C:\Users\Hp\.gradle\native\12488b8bf47d2d4c9fbf2f6322a914ad602e24e48041cd04a747c6da556b65c4\windows-amd64\native-platform-file-events.dll
0x00007ff902ab0000 - 0x00007ff902aba000 	C:\Program Files\Android\Android Studio\jre\bin\management.dll
0x00007ff9018e0000 - 0x00007ff9018ec000 	C:\Program Files\Android\Android Studio\jre\bin\management_ext.dll
0x00007ff907fc0000 - 0x00007ff907fd8000 	C:\WINDOWS\SYSTEM32\CRYPTSP.dll
0x00007ff9076b0000 - 0x00007ff9076e4000 	C:\WINDOWS\system32\rsaenh.dll
0x00007ff908900000 - 0x00007ff908927000 	C:\WINDOWS\System32\bcrypt.dll
0x00007ff908530000 - 0x00007ff90855e000 	C:\WINDOWS\SYSTEM32\USERENV.dll
0x00007ff907fb0000 - 0x00007ff907fbc000 	C:\WINDOWS\SYSTEM32\CRYPTBASE.dll
0x00007ff907a50000 - 0x00007ff907a8b000 	C:\WINDOWS\SYSTEM32\IPHLPAPI.DLL
0x00007ff909240000 - 0x00007ff909248000 	C:\WINDOWS\System32\NSI.dll
0x00007ff905a40000 - 0x00007ff905a57000 	C:\WINDOWS\SYSTEM32\dhcpcsvc6.DLL
0x00007ff905a20000 - 0x00007ff905a3d000 	C:\WINDOWS\SYSTEM32\dhcpcsvc.DLL
0x00007ff907a90000 - 0x00007ff907b5b000 	C:\WINDOWS\SYSTEM32\DNSAPI.dll
0x00007ff901780000 - 0x00007ff90178b000 	C:\WINDOWS\SYSTEM32\WINNSI.DLL

dbghelp: loaded successfully - version: 4.0.5 - missing functions: none
symbol engine: initialized successfully - sym options: 0x614 - pdb path: .;C:\Program Files\Android\Android Studio\jre\bin;C:\WINDOWS\SYSTEM32;C:\WINDOWS\WinSxS\amd64_microsoft.windows.common-controls_6595b64144ccf1df_6.0.19041.1110_none_60b5254171f9507e;C:\Program Files\Android\Android Studio\jre\bin\server;C:\Users\Hp\.gradle\native\fdc75f09e3144964f2cf3f50f0aa648679c211496f362492102eb8c894070792\windows-amd64;C:\Users\Hp\.gradle\native\12488b8bf47d2d4c9fbf2f6322a914ad602e24e48041cd04a747c6da556b65c4\windows-amd64

VM Arguments:
jvm_args: --add-opens=java.base/java.util=ALL-UNNAMED --add-opens=java.base/java.lang=ALL-UNNAMED --add-opens=java.base/java.lang.invoke=ALL-UNNAMED --add-opens=java.prefs/java.util.prefs=ALL-UNNAMED -Xmx2048m -Dfile.encoding=UTF-8 -Duser.country=ID -Duser.language=en -Duser.variant 
java_command: org.gradle.launcher.daemon.bootstrap.GradleDaemon 6.7.1
java_class_path (initial): C:\Users\Hp\.gradle\wrapper\dists\gradle-6.7.1-bin\bwlcbys1h7rz3272sye1xwiv6\gradle-6.7.1\lib\gradle-launcher-6.7.1.jar
Launcher Type: SUN_STANDARD

[Global flags]
     intx CICompilerCount                          = 4                                         {product} {ergonomic}
     uint ConcGCThreads                            = 2                                         {product} {ergonomic}
     uint G1ConcRefinementThreads                  = 8                                         {product} {ergonomic}
   size_t G1HeapRegionSize                         = 1048576                                   {product} {ergonomic}
    uintx GCDrainStackTargetSize                   = 64                                        {product} {ergonomic}
   size_t InitialHeapSize                          = 67108864                                  {product} {ergonomic}
   size_t MarkStackSize                            = 4194304                                   {product} {ergonomic}
   size_t MaxHeapSize                              = 2147483648                                {product} {command line}
   size_t MaxNewSize                               = 1287651328                                {product} {ergonomic}
   size_t MinHeapDeltaBytes                        = 1048576                                   {product} {ergonomic}
    uintx NonNMethodCodeHeapSize                   = 5836300                                {pd product} {ergonomic}
    uintx NonProfiledCodeHeapSize                  = 122910970                              {pd product} {ergonomic}
    uintx ProfiledCodeHeapSize                     = 122910970                              {pd product} {ergonomic}
    uintx ReservedCodeCacheSize                    = 251658240                              {pd product} {ergonomic}
     bool SegmentedCodeCache                       = true                                      {product} {ergonomic}
     bool UseCompressedClassPointers               = true                                 {lp64_product} {ergonomic}
     bool UseCompressedOops                        = true                                 {lp64_product} {ergonomic}
     bool UseG1GC                                  = true                                      {product} {ergonomic}
     bool UseLargePagesIndividualAllocation        = false                                  {pd product} {ergonomic}

Logging:
Log output configuration:
 #0: stdout all=warning uptime,level,tags
 #1: stderr all=off uptime,level,tags

Environment Variables:
PATH=C:\ProgramData\Oracle\Java\javapath;C:\Program Files (x86)\Common Files\Oracle\Java\javapath;C:\WINDOWS\system32;C:\WINDOWS;C:\WINDOWS\System32\Wbem;C:\WINDOWS\System32\WindowsPowerShell\v1.0\;C:\WINDOWS\System32\OpenSSH\;C:\Program Files\Git\cmd;D:\kuliah\SFML-2.5.1\bin;C:\Users\Hp\AppData\Local\Programs\Python\Python39\Scripts\;C:\Users\Hp\AppData\Local\Programs\Python\Python39\;C:\Program Files\Java\jdk1.8.0_291\bin;D:\Bahan Kuliah\bin;C:\opencv\opencv\build\x64\vc15\bin;C:\Users\Hp\AppData\Local\Microsoft\WindowsApps;D:\Microsoft VS Code\bin;
USERNAME=jasmine
OS=Windows_NT
PROCESSOR_IDENTIFIER=Intel64 Family 6 Model 142 Stepping 11, GenuineIntel



---------------  S Y S T E M  ---------------

OS: Windows 10 , 64 bit Build 19041 (10.0.19041.1348)
OS uptime: 0 days 0:25 hours
HyperV virtualization detected

CPU:total 8 (initial active 8) (4 cores per cpu, 2 threads per core) family 6 model 142 stepping 11, cmov, cx8, fxsr, mmx, sse, sse2, sse3, ssse3, sse4.1, sse4.2, popcnt, avx, avx2, aes, clmul, erms, 3dnowpref, lzcnt, ht, tsc, tscinvbit, bmi1, bmi2, adx, fma

Memory: 4k page, system-wide physical 3982M (349M free)
TotalPageFile size 8078M (AvailPageFile size 122M)
current process WorkingSet (physical memory assigned to process): 355M, peak: 404M
current process commit charge ("private bytes"): 476M, peak: 478M

vm_info: OpenJDK 64-Bit Server VM (11.0.8+10-b944.6842174) for windows-amd64 JRE (11.0.8+10-b944.6842174), built on Sep 19 2020 01:11:42 by "builder" with MS VC++ 14.0 (VS2015)

END.
