#
# There is insufficient memory for the Java Runtime Environment to continue.
# Native memory allocation (malloc) failed to allocate 701936 bytes for Chunk::new
# Possible reasons:
#   The system is out of physical RAM or swap space
#   The process is running with CompressedOops enabled, and the Java Heap may be blocking the growth of the native heap
# Possible solutions:
#   Reduce memory load on the system
#   Increase physical memory or swap space
#   Check if swap backing store is full
#   Decrease Java heap size (-Xmx/-Xms)
#   Decrease number of Java threads
#   Decrease Java thread stack sizes (-Xss)
#   Set larger code cache with -XX:ReservedCodeCacheSize=
#   JVM is running with Unscaled Compressed Oops mode in which the Java heap is
#     placed in the first 4GB address space. The Java Heap base address is the
#     maximum limit for the native heap growth. Please use -XX:HeapBaseMinAddress
#     to set the Java Heap base and to place the Java Heap above 4GB virtual address.
# This output file may be truncated or incomplete.
#
#  Out of Memory Error (./src/hotspot/share/memory/arena.cpp:197), pid=3332, tid=3060
#
# JRE version: OpenJDK Runtime Environment (11.0.8+10) (build 11.0.8+10-b944.6842174)
# Java VM: OpenJDK 64-Bit Server VM (11.0.8+10-b944.6842174, mixed mode, tiered, compressed oops, g1 gc, windows-amd64)
# No core dump will be written. Minidumps are not enabled by default on client versions of Windows
#

---------------  S U M M A R Y ------------

Command Line: --add-opens=java.base/java.util=ALL-UNNAMED --add-opens=java.base/java.lang=ALL-UNNAMED --add-opens=java.base/java.lang.invoke=ALL-UNNAMED --add-opens=java.prefs/java.util.prefs=ALL-UNNAMED -Xmx2048m -Dfile.encoding=UTF-8 -Duser.country=ID -Duser.language=en -Duser.variant org.gradle.launcher.daemon.bootstrap.GradleDaemon 6.7.1

Host: Intel(R) Core(TM) i5-8265U CPU @ 1.60GHz, 8 cores, 3G,  Windows 10 , 64 bit Build 19041 (10.0.19041.1348)
Time: Tue Nov 16 13:52:45 2021 SE Asia Standard Time elapsed time: 2 seconds (0d 0h 0m 2s)

---------------  T H R E A D  ---------------

Current thread (0x0000020afee8a000):  JavaThread "C2 CompilerThread0" daemon [_thread_in_native, id=3060, stack(0x00000037c0f00000,0x00000037c1000000)]


Current CompileTask:
C2:   2651 1936   !   4       java.lang.ClassLoader::loadClass (122 bytes)

Stack: [0x00000037c0f00000,0x00000037c1000000]
Native frames: (J=compiled Java code, j=interpreted, Vv=VM code, C=native code)
V  [jvm.dll+0x5de50a]
V  [jvm.dll+0x7122f5]
V  [jvm.dll+0x71384d]
V  [jvm.dll+0x713f03]
V  [jvm.dll+0x23e728]
V  [jvm.dll+0xb899c]
V  [jvm.dll+0xb8e9c]
V  [jvm.dll+0x2b20e4]
V  [jvm.dll+0x502098]
V  [jvm.dll+0x1ff393]
V  [jvm.dll+0x1f917c]
V  [jvm.dll+0x1f685f]
V  [jvm.dll+0x17f32c]
V  [jvm.dll+0x205047]
V  [jvm.dll+0x203891]
V  [jvm.dll+0x6dad3f]
V  [jvm.dll+0x6d3895]
V  [jvm.dll+0x5dd4a6]
C  [ucrtbase.dll+0x21bb2]
C  [KERNEL32.DLL+0x17034]
C  [ntdll.dll+0x52651]


---------------  P R O C E S S  ---------------

Threads class SMR info:
_java_thread_list=0x0000020a87ba8cb0, length=23, elements={
0x0000020aea3ba800, 0x0000020afee72800, 0x0000020afee7c000, 0x0000020aff802800,
0x0000020afee89000, 0x0000020afee8a000, 0x0000020afee8f000, 0x0000020afee90000,
0x0000020aff94b800, 0x0000020aff956000, 0x0000020a87096000, 0x0000020a86d4a000,
0x0000020a87a2c800, 0x0000020a87325800, 0x0000020a87326000, 0x0000020a87b63000,
0x0000020a8756b800, 0x0000020a87364800, 0x0000020a87355800, 0x0000020a8762f000,
0x0000020a876e3000, 0x0000020a876e8800, 0x0000020a876e5800
}

Java Threads: ( => current thread )
  0x0000020aea3ba800 JavaThread "main" [_thread_blocked, id=320, stack(0x00000037c0400000,0x00000037c0500000)]
  0x0000020afee72800 JavaThread "Reference Handler" daemon [_thread_blocked, id=8520, stack(0x00000037c0b00000,0x00000037c0c00000)]
  0x0000020afee7c000 JavaThread "Finalizer" daemon [_thread_blocked, id=8620, stack(0x00000037c0c00000,0x00000037c0d00000)]
  0x0000020aff802800 JavaThread "Signal Dispatcher" daemon [_thread_blocked, id=9864, stack(0x00000037c0d00000,0x00000037c0e00000)]
  0x0000020afee89000 JavaThread "Attach Listener" daemon [_thread_blocked, id=5012, stack(0x00000037c0e00000,0x00000037c0f00000)]
=>0x0000020afee8a000 JavaThread "C2 CompilerThread0" daemon [_thread_in_native, id=3060, stack(0x00000037c0f00000,0x00000037c1000000)]
  0x0000020afee8f000 JavaThread "C1 CompilerThread0" daemon [_thread_blocked, id=1976, stack(0x00000037c1000000,0x00000037c1100000)]
  0x0000020afee90000 JavaThread "Sweeper thread" daemon [_thread_blocked, id=10944, stack(0x00000037c1100000,0x00000037c1200000)]
  0x0000020aff94b800 JavaThread "Common-Cleaner" daemon [_thread_blocked, id=6632, stack(0x00000037c1200000,0x00000037c1300000)]
  0x0000020aff956000 JavaThread "Service Thread" daemon [_thread_blocked, id=3340, stack(0x00000037c1300000,0x00000037c1400000)]
  0x0000020a87096000 JavaThread "Daemon health stats" [_thread_blocked, id=2040, stack(0x00000037c1600000,0x00000037c1700000)]
  0x0000020a86d4a000 JavaThread "Incoming local TCP Connector on port 54769" [_thread_in_native, id=5364, stack(0x00000037c1900000,0x00000037c1a00000)]
  0x0000020a87a2c800 JavaThread "Daemon periodic checks" [_thread_blocked, id=10860, stack(0x00000037c1a00000,0x00000037c1b00000)]
  0x0000020a87325800 JavaThread "Daemon" [_thread_blocked, id=11372, stack(0x00000037c1b00000,0x00000037c1c00000)]
  0x0000020a87326000 JavaThread "Handler for socket connection from /127.0.0.1:54769 to /127.0.0.1:54770" [_thread_in_native, id=9188, stack(0x00000037c1c00000,0x00000037c1d00000)]
  0x0000020a87b63000 JavaThread "Cancel handler" [_thread_blocked, id=2488, stack(0x00000037c1d00000,0x00000037c1e00000)]
  0x0000020a8756b800 JavaThread "Daemon worker" [_thread_in_native, id=9092, stack(0x00000037c1e00000,0x00000037c1f00000)]
  0x0000020a87364800 JavaThread "Asynchronous log dispatcher for DefaultDaemonConnection: socket connection from /127.0.0.1:54769 to /127.0.0.1:54770" [_thread_blocked, id=11088, stack(0x00000037c1f00000,0x00000037c2000000)]
  0x0000020a87355800 JavaThread "Stdin handler" [_thread_blocked, id=1908, stack(0x00000037c2000000,0x00000037c2100000)]
  0x0000020a8762f000 JavaThread "Thread-8" [_thread_blocked, id=9608, stack(0x00000037c2100000,0x00000037c2200000)]
  0x0000020a876e3000 JavaThread "Cache worker for file hash cache (C:\Users\Hp\.gradle\caches\6.7.1\fileHashes)" [_thread_blocked, id=1764, stack(0x00000037c2800000,0x00000037c2900000)]
  0x0000020a876e8800 JavaThread "File lock request listener" [_thread_in_native, id=4520, stack(0x00000037c2900000,0x00000037c2a00000)]
  0x0000020a876e5800 JavaThread "Cache worker for journal cache (C:\Users\Hp\.gradle\caches\journal-1)" [_thread_blocked, id=9288, stack(0x00000037c2b00000,0x00000037c2c00000)]

Other Threads:
  0x0000020afee6c800 VMThread "VM Thread" [stack: 0x00000037c0a00000,0x00000037c0b00000] [id=11212]
  0x0000020aff95f000 WatcherThread [stack: 0x00000037c1400000,0x00000037c1500000] [id=11352]
  0x0000020aea3d2800 GCTaskThread "GC Thread#0" [stack: 0x00000037c0500000,0x00000037c0600000] [id=10224]
  0x0000020a86936000 GCTaskThread "GC Thread#1" [stack: 0x00000037c1500000,0x00000037c1600000] [id=11296]
  0x0000020a87630000 GCTaskThread "GC Thread#2" [stack: 0x00000037c2200000,0x00000037c2300000] [id=4308]
  0x0000020a872b5000 GCTaskThread "GC Thread#3" [stack: 0x00000037c2300000,0x00000037c2400000] [id=11772]
  0x0000020a8762a800 GCTaskThread "GC Thread#4" [stack: 0x00000037c2400000,0x00000037c2500000] [id=6652]
  0x0000020a8714d800 GCTaskThread "GC Thread#5" [stack: 0x00000037c2500000,0x00000037c2600000] [id=4640]
  0x0000020a87761000 GCTaskThread "GC Thread#6" [stack: 0x00000037c2600000,0x00000037c2700000] [id=5916]
  0x0000020a87762000 GCTaskThread "GC Thread#7" [stack: 0x00000037c2700000,0x00000037c2800000] [id=7576]
  0x0000020aea404800 ConcurrentGCThread "G1 Main Marker" [stack: 0x00000037c0600000,0x00000037c0700000] [id=11440]
  0x0000020aea407000 ConcurrentGCThread "G1 Conc#0" [stack: 0x00000037c0700000,0x00000037c0800000] [id=9812]
  0x0000020a87be4800 ConcurrentGCThread "G1 Conc#1" [stack: 0x00000037c2a00000,0x00000037c2b00000] [id=1948]
  0x0000020aea499800 ConcurrentGCThread "G1 Refine#0" [stack: 0x00000037c0800000,0x00000037c0900000] [id=5332]
  0x0000020aea49a800 ConcurrentGCThread "G1 Young RemSet Sampling" [stack: 0x00000037c0900000,0x00000037c0a00000] [id=8416]

Threads with active compile tasks:
C2 CompilerThread0   2702 1936   !   4       java.lang.ClassLoader::loadClass (122 bytes)

VM state:not at safepoint (normal execution)

VM Mutex/Monitor currently owned by a thread: None

Heap address: 0x0000000080000000, size: 2048 MB, Compressed Oops mode: 32-bit
Narrow klass base: 0x0000000000000000, Narrow klass shift: 3
Compressed class space size: 1073741824 Address: 0x0000000100000000

Heap:
 garbage-first heap   total 65536K, used 38875K [0x0000000080000000, 0x0000000100000000)
  region size 1024K, 25 young (25600K), 2 survivors (2048K)
 Metaspace       used 23027K, capacity 23553K, committed 23680K, reserved 1069056K
  class space    used 2937K, capacity 3143K, committed 3200K, reserved 1048576K
Heap Regions: E=young(eden), S=young(survivor), O=old, HS=humongous(starts), HC=humongous(continues), CS=collection set, F=free, A=archive, TAMS=top-at-mark-start (previous, next)
|   0|0x0000000080000000, 0x0000000080100000, 0x0000000080100000|100%| O|  |TAMS 0x0000000080100000, 0x0000000080000000| Untracked 
|   1|0x0000000080100000, 0x0000000080200000, 0x0000000080200000|100%| O|  |TAMS 0x0000000080200000, 0x0000000080100000| Untracked 
|   2|0x0000000080200000, 0x0000000080300000, 0x0000000080300000|100%| O|  |TAMS 0x0000000080300000, 0x0000000080200000| Untracked 
|   3|0x0000000080300000, 0x0000000080400000, 0x0000000080400000|100%|HS|  |TAMS 0x0000000080400000, 0x0000000080300000| Complete 
|   4|0x0000000080400000, 0x0000000080500000, 0x0000000080500000|100%|HC|  |TAMS 0x0000000080500000, 0x0000000080400000| Complete 
|   5|0x0000000080500000, 0x0000000080600000, 0x0000000080600000|100%|HC|  |TAMS 0x0000000080600000, 0x0000000080500000| Complete 
|   6|0x0000000080600000, 0x0000000080700000, 0x0000000080700000|100%| O|  |TAMS 0x0000000080700000, 0x0000000080600000| Untracked 
|   7|0x0000000080700000, 0x0000000080800000, 0x0000000080800000|100%| O|  |TAMS 0x0000000080800000, 0x0000000080700000| Untracked 
|   8|0x0000000080800000, 0x0000000080900000, 0x0000000080900000|100%| O|  |TAMS 0x0000000080900000, 0x0000000080800000| Untracked 
|   9|0x0000000080900000, 0x0000000080a00000, 0x0000000080a00000|100%| O|  |TAMS 0x0000000080a00000, 0x0000000080900000| Untracked 
|  10|0x0000000080a00000, 0x0000000080b00000, 0x0000000080b00000|100%| O|  |TAMS 0x0000000080b00000, 0x0000000080a00000| Untracked 
|  11|0x0000000080b00000, 0x0000000080c00000, 0x0000000080c00000|100%| O|  |TAMS 0x0000000080c00000, 0x0000000080b00000| Untracked 
|  12|0x0000000080c00000, 0x0000000080d00000, 0x0000000080d00000|100%| O|  |TAMS 0x0000000080d00000, 0x0000000080c00000| Untracked 
|  13|0x0000000080d00000, 0x0000000080e00000, 0x0000000080e00000|100%| O|  |TAMS 0x0000000080e00000, 0x0000000080d00000| Untracked 
|  14|0x0000000080e00000, 0x0000000080eea000, 0x0000000080f00000| 91%| O|  |TAMS 0x0000000080eea000, 0x0000000080e00000| Untracked 
|  15|0x0000000080f00000, 0x0000000080f00000, 0x0000000081000000|  0%| F|  |TAMS 0x0000000080f00000, 0x0000000080f00000| Untracked 
|  16|0x0000000081000000, 0x0000000081000000, 0x0000000081100000|  0%| F|  |TAMS 0x0000000081000000, 0x0000000081000000| Untracked 
|  17|0x0000000081100000, 0x0000000081100000, 0x0000000081200000|  0%| F|  |TAMS 0x0000000081100000, 0x0000000081100000| Untracked 
|  18|0x0000000081200000, 0x0000000081200000, 0x0000000081300000|  0%| F|  |TAMS 0x0000000081200000, 0x0000000081200000| Untracked 
|  19|0x0000000081300000, 0x0000000081300000, 0x0000000081400000|  0%| F|  |TAMS 0x0000000081300000, 0x0000000081300000| Untracked 
|  20|0x0000000081400000, 0x0000000081400000, 0x0000000081500000|  0%| F|  |TAMS 0x0000000081400000, 0x0000000081400000| Untracked 
|  21|0x0000000081500000, 0x0000000081500000, 0x0000000081600000|  0%| F|  |TAMS 0x0000000081500000, 0x0000000081500000| Untracked 
|  22|0x0000000081600000, 0x0000000081600000, 0x0000000081700000|  0%| F|  |TAMS 0x0000000081600000, 0x0000000081600000| Untracked 
|  23|0x0000000081700000, 0x0000000081700000, 0x0000000081800000|  0%| F|  |TAMS 0x0000000081700000, 0x0000000081700000| Untracked 
|  24|0x0000000081800000, 0x0000000081800000, 0x0000000081900000|  0%| F|  |TAMS 0x0000000081800000, 0x0000000081800000| Untracked 
|  25|0x0000000081900000, 0x0000000081900000, 0x0000000081a00000|  0%| F|  |TAMS 0x0000000081900000, 0x0000000081900000| Untracked 
|  26|0x0000000081a00000, 0x0000000081a00000, 0x0000000081b00000|  0%| F|  |TAMS 0x0000000081a00000, 0x0000000081a00000| Untracked 
|  27|0x0000000081b00000, 0x0000000081b00000, 0x0000000081c00000|  0%| F|  |TAMS 0x0000000081b00000, 0x0000000081b00000| Untracked 
|  28|0x0000000081c00000, 0x0000000081c00000, 0x0000000081d00000|  0%| F|  |TAMS 0x0000000081c00000, 0x0000000081c00000| Untracked 
|  29|0x0000000081d00000, 0x0000000081d00000, 0x0000000081e00000|  0%| F|  |TAMS 0x0000000081d00000, 0x0000000081d00000| Untracked 
|  30|0x0000000081e00000, 0x0000000081e00000, 0x0000000081f00000|  0%| F|  |TAMS 0x0000000081e00000, 0x0000000081e00000| Untracked 
|  31|0x0000000081f00000, 0x0000000081f00000, 0x0000000082000000|  0%| F|  |TAMS 0x0000000081f00000, 0x0000000081f00000| Untracked 
|  32|0x0000000082000000, 0x0000000082000000, 0x0000000082100000|  0%| F|  |TAMS 0x0000000082000000, 0x0000000082000000| Untracked 
|  33|0x0000000082100000, 0x000000008210cea8, 0x0000000082200000|  5%| S|CS|TAMS 0x0000000082100000, 0x0000000082100000| Complete 
|  34|0x0000000082200000, 0x0000000082300000, 0x0000000082300000|100%| S|CS|TAMS 0x0000000082200000, 0x0000000082200000| Complete 
|  35|0x0000000082300000, 0x0000000082300000, 0x0000000082400000|  0%| F|  |TAMS 0x0000000082300000, 0x0000000082300000| Untracked 
|  36|0x0000000082400000, 0x0000000082400000, 0x0000000082500000|  0%| F|  |TAMS 0x0000000082400000, 0x0000000082400000| Untracked 
|  37|0x0000000082500000, 0x0000000082500000, 0x0000000082600000|  0%| F|  |TAMS 0x0000000082500000, 0x0000000082500000| Untracked 
|  38|0x0000000082600000, 0x0000000082600000, 0x0000000082700000|  0%| F|  |TAMS 0x0000000082600000, 0x0000000082600000| Untracked 
|  39|0x0000000082700000, 0x0000000082700000, 0x0000000082800000|  0%| F|  |TAMS 0x0000000082700000, 0x0000000082700000| Untracked 
|  40|0x0000000082800000, 0x0000000082800000, 0x0000000082900000|  0%| F|  |TAMS 0x0000000082800000, 0x0000000082800000| Untracked 
|  41|0x0000000082900000, 0x000000008299be28, 0x0000000082a00000| 60%| E|  |TAMS 0x0000000082900000, 0x0000000082900000| Complete 
|  42|0x0000000082a00000, 0x0000000082b00000, 0x0000000082b00000|100%| E|CS|TAMS 0x0000000082a00000, 0x0000000082a00000| Complete 
|  43|0x0000000082b00000, 0x0000000082c00000, 0x0000000082c00000|100%| E|CS|TAMS 0x0000000082b00000, 0x0000000082b00000| Complete 
|  44|0x0000000082c00000, 0x0000000082d00000, 0x0000000082d00000|100%| E|CS|TAMS 0x0000000082c00000, 0x0000000082c00000| Complete 
|  45|0x0000000082d00000, 0x0000000082e00000, 0x0000000082e00000|100%| E|CS|TAMS 0x0000000082d00000, 0x0000000082d00000| Complete 
|  46|0x0000000082e00000, 0x0000000082f00000, 0x0000000082f00000|100%| E|CS|TAMS 0x0000000082e00000, 0x0000000082e00000| Complete 
|  47|0x0000000082f00000, 0x0000000083000000, 0x0000000083000000|100%| E|CS|TAMS 0x0000000082f00000, 0x0000000082f00000| Complete 
|  48|0x0000000083000000, 0x0000000083100000, 0x0000000083100000|100%| E|CS|TAMS 0x0000000083000000, 0x0000000083000000| Complete 
|  49|0x0000000083100000, 0x0000000083200000, 0x0000000083200000|100%| E|CS|TAMS 0x0000000083100000, 0x0000000083100000| Complete 
|  50|0x0000000083200000, 0x0000000083300000, 0x0000000083300000|100%| E|CS|TAMS 0x0000000083200000, 0x0000000083200000| Complete 
|  51|0x0000000083300000, 0x0000000083400000, 0x0000000083400000|100%| E|CS|TAMS 0x0000000083300000, 0x0000000083300000| Complete 
|  52|0x0000000083400000, 0x0000000083500000, 0x0000000083500000|100%| E|CS|TAMS 0x0000000083400000, 0x0000000083400000| Complete 
|  53|0x0000000083500000, 0x0000000083600000, 0x0000000083600000|100%| E|CS|TAMS 0x0000000083500000, 0x0000000083500000| Complete 
|  54|0x0000000083600000, 0x0000000083700000, 0x0000000083700000|100%| E|CS|TAMS 0x0000000083600000, 0x0000000083600000| Complete 
|  55|0x0000000083700000, 0x0000000083800000, 0x0000000083800000|100%| E|CS|TAMS 0x0000000083700000, 0x0000000083700000| Complete 
|  56|0x0000000083800000, 0x0000000083900000, 0x0000000083900000|100%| E|CS|TAMS 0x0000000083800000, 0x0000000083800000| Complete 
|  57|0x0000000083900000, 0x0000000083a00000, 0x0000000083a00000|100%| E|CS|TAMS 0x0000000083900000, 0x0000000083900000| Complete 
|  58|0x0000000083a00000, 0x0000000083b00000, 0x0000000083b00000|100%| E|CS|TAMS 0x0000000083a00000, 0x0000000083a00000| Complete 
|  59|0x0000000083b00000, 0x0000000083c00000, 0x0000000083c00000|100%| E|CS|TAMS 0x0000000083b00000, 0x0000000083b00000| Complete 
|  60|0x0000000083c00000, 0x0000000083d00000, 0x0000000083d00000|100%| E|CS|TAMS 0x0000000083c00000, 0x0000000083c00000| Complete 
|  61|0x0000000083d00000, 0x0000000083e00000, 0x0000000083e00000|100%| E|CS|TAMS 0x0000000083d00000, 0x0000000083d00000| Complete 
|  62|0x0000000083e00000, 0x0000000083f00000, 0x0000000083f00000|100%| E|CS|TAMS 0x0000000083e00000, 0x0000000083e00000| Complete 
|  63|0x0000000083f00000, 0x0000000084000000, 0x0000000084000000|100%| E|CS|TAMS 0x0000000083f00000, 0x0000000083f00000| Complete 

Card table byte_map: [0x0000020afdba0000,0x0000020afdfa0000] _byte_map_base: 0x0000020afd7a0000

Marking Bits (Prev, Next): (CMBitMap*) 0x0000020aea3fb940, (CMBitMap*) 0x0000020aea3fb908
 Prev Bits: [0x0000020a82000000, 0x0000020a84000000)
 Next Bits: [0x0000020a80000000, 0x0000020a82000000)

Polling page: 0x0000020ae8bb0000

Metaspace:

Usage:
  Non-class:     19.99 MB capacity,    19.64 MB ( 98%) used,   319.11 KB (  2%) free+waste,    40.44 KB ( <1%) overhead. 
      Class:      3.07 MB capacity,     2.87 MB ( 94%) used,   182.07 KB (  6%) free+waste,    20.06 KB ( <1%) overhead. 
       Both:     23.06 MB capacity,    22.51 MB ( 98%) used,   501.18 KB (  2%) free+waste,    60.50 KB ( <1%) overhead. 

Virtual space:
  Non-class space:       20.00 MB reserved,      20.00 MB (100%) committed 
      Class space:        1.00 GB reserved,       3.13 MB ( <1%) committed 
             Both:        1.02 GB reserved,      23.13 MB (  2%) committed 

Chunk freelists:
   Non-Class:  6.00 KB
       Class:  25.00 KB
        Both:  31.00 KB

MaxMetaspaceSize: 17179869184.00 GB
CompressedClassSpaceSize: 1.00 GB

CodeHeap 'non-profiled nmethods': size=120000Kb used=746Kb max_used=746Kb free=119253Kb
 bounds [0x0000020af5810000, 0x0000020af5a80000, 0x0000020afcd40000]
CodeHeap 'profiled nmethods': size=120000Kb used=3828Kb max_used=3828Kb free=116171Kb
 bounds [0x0000020aee2e0000, 0x0000020aee6b0000, 0x0000020af5810000]
CodeHeap 'non-nmethods': size=5760Kb used=1133Kb max_used=1146Kb free=4626Kb
 bounds [0x0000020aedd40000, 0x0000020aedfb0000, 0x0000020aee2e0000]
 total_blobs=2272 nmethods=1807 adapters=376
 compilation: enabled
              stopped_count=0, restarted_count=0
 full_count=0

Compilation events (20 events):
Event: 2.638 Thread 0x0000020afee8f000 2001       3       org.apache.commons.lang.StringUtils::isEmpty (17 bytes)
Event: 2.638 Thread 0x0000020afee8f000 nmethod 2001 0x0000020aee687c10 code [0x0000020aee687de0, 0x0000020aee688058]
Event: 2.638 Thread 0x0000020afee8f000 2003       3       org.gradle.configuration.DefaultImportsReader$2::processLine (70 bytes)
Event: 2.639 Thread 0x0000020afee8f000 nmethod 2003 0x0000020aee688190 code [0x0000020aee688440, 0x0000020aee689278]
Event: 2.639 Thread 0x0000020afee8f000 2004       3       com.google.common.base.Splitter::omitEmptyStrings (21 bytes)
Event: 2.639 Thread 0x0000020afee8f000 nmethod 2004 0x0000020aee689890 code [0x0000020aee689a60, 0x0000020aee689d38]
Event: 2.639 Thread 0x0000020afee8f000 2006       3       com.google.common.base.Splitter::splittingIterator (12 bytes)
Event: 2.639 Thread 0x0000020afee8f000 nmethod 2006 0x0000020aee689e10 code [0x0000020aee689fe0, 0x0000020aee68a348]
Event: 2.639 Thread 0x0000020afee8f000 2007       3       com.google.common.base.Splitter$1::iterator (7 bytes)
Event: 2.639 Thread 0x0000020afee8f000 nmethod 2007 0x0000020aee68a510 code [0x0000020aee68a6e0, 0x0000020aee68a9a8]
Event: 2.639 Thread 0x0000020afee8f000 2008       3       com.google.common.base.Splitter$1::iterator (11 bytes)
Event: 2.640 Thread 0x0000020afee8f000 nmethod 2008 0x0000020aee68ab10 code [0x0000020aee68ace0, 0x0000020aee68af48]
Event: 2.640 Thread 0x0000020afee8f000 2009       3       com.google.common.base.Splitter$1$1::<init> (12 bytes)
Event: 2.640 Thread 0x0000020afee8f000 nmethod 2009 0x0000020aee68b090 code [0x0000020aee68b240, 0x0000020aee68b3c8]
Event: 2.640 Thread 0x0000020afee8f000 2010       3       com.google.common.base.Splitter$SplittingIterator::<init> (39 bytes)
Event: 2.640 Thread 0x0000020afee8f000 nmethod 2010 0x0000020aee68b490 code [0x0000020aee68b660, 0x0000020aee68b998]
Event: 2.640 Thread 0x0000020afee8f000 2013 %     3       com.google.common.io.LineBuffer::add @ 47 (204 bytes)
Event: 2.640 Thread 0x0000020afee8f000 nmethod 2013% 0x0000020aee68ba90 code [0x0000020aee68bce0, 0x0000020aee68c658]
Event: 2.640 Thread 0x0000020afee8f000 2011       3       com.google.common.base.AbstractIterator::<init> (12 bytes)
Event: 2.641 Thread 0x0000020afee8f000 nmethod 2011 0x0000020aee68ca10 code [0x0000020aee68cbc0, 0x0000020aee68cd78]

GC Heap History (8 events):
Event: 0.782 GC heap before
{Heap before GC invocations=0 (full 0):
 garbage-first heap   total 65536K, used 29696K [0x0000000080000000, 0x0000000100000000)
  region size 1024K, 24 young (24576K), 0 survivors (0K)
 Metaspace       used 10707K, capacity 10887K, committed 11008K, reserved 1058816K
  class space    used 1132K, capacity 1201K, committed 1280K, reserved 1048576K
}
Event: 0.792 GC heap after
{Heap after GC invocations=1 (full 0):
 garbage-first heap   total 65536K, used 8721K [0x0000000080000000, 0x0000000100000000)
  region size 1024K, 3 young (3072K), 3 survivors (3072K)
 Metaspace       used 10707K, capacity 10887K, committed 11008K, reserved 1058816K
  class space    used 1132K, capacity 1201K, committed 1280K, reserved 1048576K
}
Event: 1.096 GC heap before
{Heap before GC invocations=1 (full 0):
 garbage-first heap   total 65536K, used 39441K [0x0000000080000000, 0x0000000100000000)
  region size 1024K, 34 young (34816K), 3 survivors (3072K)
 Metaspace       used 11010K, capacity 11275K, committed 11520K, reserved 1058816K
  class space    used 1144K, capacity 1202K, committed 1280K, reserved 1048576K
}
Event: 1.103 GC heap after
{Heap after GC invocations=2 (full 0):
 garbage-first heap   total 65536K, used 12962K [0x0000000080000000, 0x0000000100000000)
  region size 1024K, 5 young (5120K), 5 survivors (5120K)
 Metaspace       used 11010K, capacity 11275K, committed 11520K, reserved 1058816K
  class space    used 1144K, capacity 1202K, committed 1280K, reserved 1048576K
}
Event: 2.163 GC heap before
{Heap before GC invocations=2 (full 0):
 garbage-first heap   total 65536K, used 39586K [0x0000000080000000, 0x0000000100000000)
  region size 1024K, 31 young (31744K), 5 survivors (5120K)
 Metaspace       used 17250K, capacity 17662K, committed 17792K, reserved 1064960K
  class space    used 2012K, capacity 2131K, committed 2176K, reserved 1048576K
}
Event: 2.168 GC heap after
{Heap after GC invocations=3 (full 0):
 garbage-first heap   total 65536K, used 15362K [0x0000000080000000, 0x0000000100000000)
  region size 1024K, 3 young (3072K), 3 survivors (3072K)
 Metaspace       used 17250K, capacity 17662K, committed 17792K, reserved 1064960K
  class space    used 2012K, capacity 2131K, committed 2176K, reserved 1048576K
}
Event: 2.444 GC heap before
{Heap before GC invocations=3 (full 0):
 garbage-first heap   total 65536K, used 40962K [0x0000000080000000, 0x0000000100000000)
  region size 1024K, 29 young (29696K), 3 survivors (3072K)
 Metaspace       used 20648K, capacity 21112K, committed 21248K, reserved 1067008K
  class space    used 2534K, capacity 2711K, committed 2816K, reserved 1048576K
}
Event: 2.448 GC heap after
{Heap after GC invocations=4 (full 0):
 garbage-first heap   total 65536K, used 16347K [0x0000000080000000, 0x0000000100000000)
  region size 1024K, 2 young (2048K), 2 survivors (2048K)
 Metaspace       used 20648K, capacity 21112K, committed 21248K, reserved 1067008K
  class space    used 2534K, capacity 2711K, committed 2816K, reserved 1048576K
}

Deoptimization events (20 events):
Event: 2.590 Thread 0x0000020a8756b800 Uncommon trap: trap_request=0xffffff4d fr.pc=0x0000020af58691d4 relative=0x0000000000000094
Event: 2.591 Thread 0x0000020a8756b800 Uncommon trap: reason=unstable_if action=reinterpret pc=0x0000020af58691d4 method=java.util.LinkedHashMap.afterNodeInsertion(Z)V @ 1 c2
Event: 2.591 Thread 0x0000020a8756b800 DEOPT PACKING pc=0x0000020af58691d4 sp=0x00000037c1efc360
Event: 2.591 Thread 0x0000020a8756b800 DEOPT UNPACKING pc=0x0000020aedd674af sp=0x00000037c1efc2e0 mode 2
Event: 2.591 Thread 0x0000020a8756b800 Uncommon trap: trap_request=0xffffff4d fr.pc=0x0000020af5860478 relative=0x0000000000000138
Event: 2.591 Thread 0x0000020a8756b800 Uncommon trap: reason=unstable_if action=reinterpret pc=0x0000020af5860478 method=java.util.HashMap.getNode(ILjava/lang/Object;)Ljava/util/HashMap$Node; @ 129 c2
Event: 2.591 Thread 0x0000020a8756b800 DEOPT PACKING pc=0x0000020af5860478 sp=0x00000037c1efa430
Event: 2.591 Thread 0x0000020a8756b800 DEOPT UNPACKING pc=0x0000020aedd674af sp=0x00000037c1efa330 mode 2
Event: 2.591 Thread 0x0000020a8756b800 Uncommon trap: trap_request=0xffffffc6 fr.pc=0x0000020af5851a88 relative=0x0000000000000dc8
Event: 2.591 Thread 0x0000020a8756b800 Uncommon trap: reason=bimorphic_or_optimized_type_check action=maybe_recompile pc=0x0000020af5851a88 method=java.util.HashMap.putVal(ILjava/lang/Object;Ljava/lang/Object;ZZ)Ljava/lang/Object; @ 203 c2
Event: 2.591 Thread 0x0000020a8756b800 DEOPT PACKING pc=0x0000020af5851a88 sp=0x00000037c1efa360
Event: 2.591 Thread 0x0000020a8756b800 DEOPT UNPACKING pc=0x0000020aedd674af sp=0x00000037c1efa330 mode 2
Event: 2.591 Thread 0x0000020a8756b800 Uncommon trap: trap_request=0xffffff4d fr.pc=0x0000020af5843aa8 relative=0x00000000000001e8
Event: 2.591 Thread 0x0000020a8756b800 Uncommon trap: reason=unstable_if action=reinterpret pc=0x0000020af5843aa8 method=java.util.HashMap.getNode(ILjava/lang/Object;)Ljava/util/HashMap$Node; @ 129 c2
Event: 2.591 Thread 0x0000020a8756b800 DEOPT PACKING pc=0x0000020af5843aa8 sp=0x00000037c1efa390
Event: 2.591 Thread 0x0000020a8756b800 DEOPT UNPACKING pc=0x0000020aedd674af sp=0x00000037c1efa318 mode 2
Event: 2.591 Thread 0x0000020a8756b800 Uncommon trap: trap_request=0xffffffc6 fr.pc=0x0000020af5851a88 relative=0x0000000000000dc8
Event: 2.591 Thread 0x0000020a8756b800 Uncommon trap: reason=bimorphic_or_optimized_type_check action=maybe_recompile pc=0x0000020af5851a88 method=java.util.HashMap.putVal(ILjava/lang/Object;Ljava/lang/Object;ZZ)Ljava/lang/Object; @ 203 c2
Event: 2.591 Thread 0x0000020a8756b800 DEOPT PACKING pc=0x0000020af5851a88 sp=0x00000037c1efa340
Event: 2.591 Thread 0x0000020a8756b800 DEOPT UNPACKING pc=0x0000020aedd674af sp=0x00000037c1efa310 mode 2

Classes redefined (0 events):
No events

Internal exceptions (20 events):
Event: 1.358 Thread 0x0000020aea3ba800 Exception <a 'java/lang/NoSuchMethodError'{0x0000000082ff3940}: 'void java.lang.invoke.DelegatingMethodHandle$Holder.delegate(java.lang.Object, java.lang.Object, int, java.lang.Object)'> (0x0000000082ff3940) thrown at [./src/hotspot/share/interpreter/linkResolver.cpp, line 773]
Event: 1.378 Thread 0x0000020aea3ba800 Exception <a 'java/lang/NoSuchMethodError'{0x0000000082eafb08}: 'java.lang.Object java.lang.invoke.DirectMethodHandle$Holder.invokeStaticInit(java.lang.Object, int, int, int, int)'> (0x0000000082eafb08) thrown at [./src/hotspot/share/interpreter/linkResolver.cpp, line 773]
Event: 1.621 Thread 0x0000020aea3ba800 Exception <a 'java/lang/NoSuchMethodError'{0x0000000082ed8bd8}: 'java.lang.Object java.lang.invoke.DirectMethodHandle$Holder.invokeStaticInit(java.lang.Object, java.lang.Object, int, int, int, int)'> (0x0000000082ed8bd8) thrown at [./src/hotspot/share/interpreter/linkResolver.cpp, line 773]
Event: 2.023 Thread 0x0000020aea3ba800 Exception <a 'java/io/IOException'{0x0000000082cd3558}> (0x0000000082cd3558) thrown at [./src/hotspot/share/prims/jni.cpp, line 615]
Event: 2.068 Thread 0x0000020a87326000 Exception <a 'java/lang/NoSuchMethodError'{0x0000000082aa6a88}: <clinit>> (0x0000000082aa6a88) thrown at [./src/hotspot/share/prims/jni.cpp, line 1362]
Event: 2.069 Thread 0x0000020a87326000 Exception <a 'java/lang/NoSuchMethodError'{0x0000000082aaf320}: <clinit>> (0x0000000082aaf320) thrown at [./src/hotspot/share/prims/jni.cpp, line 1362]
Event: 2.074 Thread 0x0000020a87326000 Exception <a 'java/lang/NoSuchMethodError'{0x0000000082ac2490}: <clinit>> (0x0000000082ac2490) thrown at [./src/hotspot/share/prims/jni.cpp, line 1362]
Event: 2.084 Thread 0x0000020a87326000 Exception <a 'java/lang/NoSuchMethodError'{0x00000000829108b8}: <clinit>> (0x00000000829108b8) thrown at [./src/hotspot/share/prims/jni.cpp, line 1362]
Event: 2.088 Thread 0x0000020a87326000 Exception <a 'java/lang/NoSuchMethodError'{0x000000008294bfb8}: <clinit>> (0x000000008294bfb8) thrown at [./src/hotspot/share/prims/jni.cpp, line 1362]
Event: 2.092 Thread 0x0000020a87326000 Exception <a 'java/lang/NoSuchMethodError'{0x000000008297e910}: <clinit>> (0x000000008297e910) thrown at [./src/hotspot/share/prims/jni.cpp, line 1362]
Event: 2.150 Thread 0x0000020a8756b800 Exception <a 'java/lang/NoSuchMethodError'{0x000000008265ab10}: 'void java.lang.invoke.DelegatingMethodHandle$Holder.reinvoke_L(java.lang.Object, java.lang.Object, java.lang.Object, java.lang.Object)'> (0x000000008265ab10) thrown at [./src/hotspot/share/interpreter/linkResolver.cpp, line 773]
Event: 2.155 Thread 0x0000020a8756b800 Exception <a 'java/lang/NoSuchMethodError'{0x00000000826919d0}: 'long java.lang.invoke.DirectMethodHandle$Holder.invokeInterface(java.lang.Object, java.lang.Object)'> (0x00000000826919d0) thrown at [./src/hotspot/share/interpreter/linkResolver.cpp, line 773]
Event: 2.158 Thread 0x0000020a8756b800 Exception <a 'java/lang/NoSuchMethodError'{0x00000000826b31a8}: 'void java.lang.invoke.DelegatingMethodHandle$Holder.reinvoke_L(java.lang.Object, java.lang.Object, java.lang.Object, java.lang.Object, java.lang.Object, java.lang.Object, java.lang.Object)'> (0x00000000826b31a8) thrown at [./src/hotspot/share/interpreter/linkResolver.cpp, line 773]
Event: 2.313 Thread 0x0000020a8756b800 Exception <a 'java/lang/NoSuchMethodError'{0x00000000831433c8}: 'java.lang.Object java.lang.invoke.DirectMethodHandle$Holder.invokeVirtual(java.lang.Object, java.lang.Object, java.lang.Object)'> (0x00000000831433c8) thrown at [./src/hotspot/share/interpreter/linkResolver.cpp, line 773]
Event: 2.340 Thread 0x0000020a8756b800 Exception <a 'java/lang/NoSuchMethodError'{0x0000000082ec0048}: 'void java.lang.invoke.DirectMethodHandle$Holder.invokeStaticInit(java.lang.Object)'> (0x0000000082ec0048) thrown at [./src/hotspot/share/interpreter/linkResolver.cpp, line 773]
Event: 2.429 Thread 0x0000020a8756b800 Exception <a 'java/lang/NoSuchMethodError'{0x00000000828deca0}: 'int java.lang.invoke.DirectMethodHandle$Holder.invokeSpecialIFC(java.lang.Object, java.lang.Object, java.lang.Object, java.lang.Object)'> (0x00000000828deca0) thrown at [./src/hotspot/share/interpreter/linkResolver.cpp, line 773]
Event: 2.430 Thread 0x0000020a8756b800 Exception <a 'java/lang/NoSuchMethodError'{0x00000000828eca60}: 'java.lang.Object java.lang.invoke.DirectMethodHandle$Holder.invokeInterface(java.lang.Object, java.lang.Object, java.lang.Object)'> (0x00000000828eca60) thrown at [./src/hotspot/share/interpreter/linkResolver.cpp, line 773]
Event: 2.431 Thread 0x0000020a8756b800 Exception <a 'java/lang/IncompatibleClassChangeError'{0x00000000828eff38}: Found class java.lang.Object, but interface was expected> (0x00000000828eff38) thrown at [./src/hotspot/share/interpreter/linkResolver.cpp, line 839]
Event: 2.491 Thread 0x0000020a8756b800 Exception <a 'java/lang/NoSuchMethodError'{0x0000000083df82a8}: 'void java.lang.invoke.DirectMethodHandle$Holder.invokeSpecial(java.lang.Object, java.lang.Object)'> (0x0000000083df82a8) thrown at [./src/hotspot/share/interpreter/linkResolver.cpp, line 773]
Event: 2.571 Thread 0x0000020a8756b800 Exception <a 'java/lang/NoSuchMethodError'{0x00000000833a15e0}: 'java.lang.Object java.lang.invoke.DirectMethodHandle$Holder.invokeVirtual(java.lang.Object, java.lang.Object, java.lang.Object, java.lang.Object)'> (0x00000000833a15e0) thrown at [./src/hotspot/share/interpreter/linkResolver.cpp, line 773]

Events (20 events):
Event: 2.643 loading class org/gradle/groovy/scripts/internal/CompiledScript
Event: 2.643 loading class org/gradle/groovy/scripts/internal/CompiledScript done
Event: 2.643 loading class groovy/lang/GroovyResourceLoader
Event: 2.643 loading class groovy/lang/GroovyResourceLoader done
Event: 2.644 loading class groovy/lang/GroovyClassLoader
Event: 2.644 loading class groovy/lang/GroovyClassLoader done
Event: 2.645 loading class org/gradle/groovy/scripts/internal/DefaultScriptCompilationHandler$1
Event: 2.645 loading class org/gradle/groovy/scripts/internal/DefaultScriptCompilationHandler$1 done
Event: 2.646 loading class org/gradle/groovy/scripts/internal/DefaultScriptCompilationHandler$NoOpGroovyResourceLoader
Event: 2.646 loading class org/gradle/groovy/scripts/internal/DefaultScriptCompilationHandler$NoOpGroovyResourceLoader done
Event: 2.646 loading class org/gradle/groovy/scripts/ScriptSource
Event: 2.646 loading class org/gradle/groovy/scripts/ScriptSource done
Event: 2.647 loading class org/gradle/groovy/scripts/internal/BuildOperationBackedScriptCompilationHandler
Event: 2.647 loading class org/gradle/groovy/scripts/internal/BuildOperationBackedScriptCompilationHandler done
Event: 2.648 loading class org/gradle/internal/operations/RunnableBuildOperation
Event: 2.648 loading class org/gradle/internal/operations/RunnableBuildOperation done
Event: 2.648 loading class org/gradle/internal/scripts/CompileScriptBuildOperationType$Result
Event: 2.648 loading class org/gradle/internal/scripts/CompileScriptBuildOperationType$Result done
Event: 2.648 loading class org/gradle/groovy/scripts/internal/BuildOperationBackedScriptCompilationHandler$1
Event: 2.648 loading class org/gradle/groovy/scripts/internal/BuildOperationBackedScriptCompilationHandler$1 done


Dynamic libraries:
0x00007ff7c6b80000 - 0x00007ff7c6b8a000 	C:\Program Files\Android\Android Studio\jre\bin\java.exe
0x00007ffcfe630000 - 0x00007ffcfe825000 	C:\WINDOWS\SYSTEM32\ntdll.dll
0x00007ffcfe420000 - 0x00007ffcfe4de000 	C:\WINDOWS\System32\KERNEL32.DLL
0x00007ffcfbd80000 - 0x00007ffcfc048000 	C:\WINDOWS\System32\KERNELBASE.dll
0x00007ffcfc0a0000 - 0x00007ffcfc1a0000 	C:\WINDOWS\System32\ucrtbase.dll
0x00007ffcdfc80000 - 0x00007ffcdfc97000 	C:\Program Files\Android\Android Studio\jre\bin\VCRUNTIME140.dll
0x00007ffcdd0f0000 - 0x00007ffcdd109000 	C:\Program Files\Android\Android Studio\jre\bin\jli.dll
0x00007ffcfe270000 - 0x00007ffcfe411000 	C:\WINDOWS\System32\USER32.dll
0x00007ffcfc3e0000 - 0x00007ffcfc402000 	C:\WINDOWS\System32\win32u.dll
0x00007ffce8640000 - 0x00007ffce88da000 	C:\WINDOWS\WinSxS\amd64_microsoft.windows.common-controls_6595b64144ccf1df_6.0.19041.1110_none_60b5254171f9507e\COMCTL32.dll
0x00007ffcfc680000 - 0x00007ffcfc6ab000 	C:\WINDOWS\System32\GDI32.dll
0x00007ffcfd620000 - 0x00007ffcfd6be000 	C:\WINDOWS\System32\msvcrt.dll
0x00007ffcfc2d0000 - 0x00007ffcfc3db000 	C:\WINDOWS\System32\gdi32full.dll
0x00007ffcfc1a0000 - 0x00007ffcfc23d000 	C:\WINDOWS\System32\msvcp_win.dll
0x00007ffcfe240000 - 0x00007ffcfe270000 	C:\WINDOWS\System32\IMM32.DLL
0x00007ffccf2f0000 - 0x00007ffccf38d000 	C:\Program Files\Android\Android Studio\jre\bin\msvcp140.dll
0x00007ffc9c390000 - 0x00007ffc9ce4c000 	C:\Program Files\Android\Android Studio\jre\bin\server\jvm.dll
0x00007ffcfd850000 - 0x00007ffcfd8fc000 	C:\WINDOWS\System32\ADVAPI32.dll
0x00007ffcfc6b0000 - 0x00007ffcfc74b000 	C:\WINDOWS\System32\sechost.dll
0x00007ffcfdc90000 - 0x00007ffcfddba000 	C:\WINDOWS\System32\RPCRT4.dll
0x00007ffcfd7b0000 - 0x00007ffcfd7b8000 	C:\WINDOWS\System32\PSAPI.DLL
0x00007ffcf6600000 - 0x00007ffcf6609000 	C:\WINDOWS\SYSTEM32\WSOCK32.dll
0x00007ffceabd0000 - 0x00007ffceabda000 	C:\WINDOWS\SYSTEM32\VERSION.dll
0x00007ffce7390000 - 0x00007ffce73b7000 	C:\WINDOWS\SYSTEM32\WINMM.dll
0x00007ffcfd720000 - 0x00007ffcfd78b000 	C:\WINDOWS\System32\WS2_32.dll
0x00007ffcfa5e0000 - 0x00007ffcfa5f2000 	C:\WINDOWS\SYSTEM32\kernel.appcore.dll
0x00007ffce9650000 - 0x00007ffce9661000 	C:\Program Files\Android\Android Studio\jre\bin\verify.dll
0x00007ffcfa290000 - 0x00007ffcfa474000 	C:\WINDOWS\SYSTEM32\DBGHELP.DLL
0x00007ffce9370000 - 0x00007ffce939c000 	C:\WINDOWS\SYSTEM32\dbgcore.DLL
0x00007ffcfc240000 - 0x00007ffcfc2c3000 	C:\WINDOWS\System32\bcryptPrimitives.dll
0x00007ffce9560000 - 0x00007ffce9589000 	C:\Program Files\Android\Android Studio\jre\bin\java.dll
0x00007ffcf5e40000 - 0x00007ffcf5e4b000 	C:\Program Files\Android\Android Studio\jre\bin\jimage.dll
0x00007ffce9630000 - 0x00007ffce9648000 	C:\Program Files\Android\Android Studio\jre\bin\zip.dll
0x00007ffcfce20000 - 0x00007ffcfd55f000 	C:\WINDOWS\System32\SHELL32.dll
0x00007ffcf9b00000 - 0x00007ffcfa290000 	C:\WINDOWS\SYSTEM32\windows.storage.dll
0x00007ffcfc910000 - 0x00007ffcfcc65000 	C:\WINDOWS\System32\combase.dll
0x00007ffcfb7a0000 - 0x00007ffcfb7ce000 	C:\WINDOWS\SYSTEM32\Wldp.dll
0x00007ffcfdbe0000 - 0x00007ffcfdc8d000 	C:\WINDOWS\System32\SHCORE.dll
0x00007ffcfd5c0000 - 0x00007ffcfd615000 	C:\WINDOWS\System32\shlwapi.dll
0x00007ffcfbc90000 - 0x00007ffcfbcaf000 	C:\WINDOWS\SYSTEM32\profapi.dll
0x00007ffce9540000 - 0x00007ffce955a000 	C:\Program Files\Android\Android Studio\jre\bin\net.dll
0x00007ffcefba0000 - 0x00007ffcefcac000 	C:\WINDOWS\SYSTEM32\WINHTTP.dll
0x00007ffcfb4b0000 - 0x00007ffcfb51a000 	C:\WINDOWS\system32\mswsock.dll
0x00007ffce5ff0000 - 0x00007ffce6004000 	C:\Program Files\Android\Android Studio\jre\bin\nio.dll
0x00007ffcdc4f0000 - 0x00007ffcdc517000 	C:\Users\Hp\.gradle\native\fdc75f09e3144964f2cf3f50f0aa648679c211496f362492102eb8c894070792\windows-amd64\native-platform.dll
0x00007ffcc8fb0000 - 0x00007ffcc9146000 	C:\Users\Hp\.gradle\native\12488b8bf47d2d4c9fbf2f6322a914ad602e24e48041cd04a747c6da556b65c4\windows-amd64\native-platform-file-events.dll
0x00007ffcf4030000 - 0x00007ffcf403a000 	C:\Program Files\Android\Android Studio\jre\bin\management.dll
0x00007ffce4e30000 - 0x00007ffce4e3c000 	C:\Program Files\Android\Android Studio\jre\bin\management_ext.dll
0x00007ffcfb6d0000 - 0x00007ffcfb6e8000 	C:\WINDOWS\SYSTEM32\CRYPTSP.dll
0x00007ffcfadd0000 - 0x00007ffcfae04000 	C:\WINDOWS\system32\rsaenh.dll
0x00007ffcfbd50000 - 0x00007ffcfbd77000 	C:\WINDOWS\System32\bcrypt.dll
0x00007ffcfbc50000 - 0x00007ffcfbc7e000 	C:\WINDOWS\SYSTEM32\USERENV.dll
0x00007ffcfb6f0000 - 0x00007ffcfb6fc000 	C:\WINDOWS\SYSTEM32\CRYPTBASE.dll
0x00007ffcfb170000 - 0x00007ffcfb1ab000 	C:\WINDOWS\SYSTEM32\IPHLPAPI.DLL
0x00007ffcfd7c0000 - 0x00007ffcfd7c8000 	C:\WINDOWS\System32\NSI.dll
0x00007ffcf92f0000 - 0x00007ffcf9307000 	C:\WINDOWS\SYSTEM32\dhcpcsvc6.DLL
0x00007ffcf92d0000 - 0x00007ffcf92ed000 	C:\WINDOWS\SYSTEM32\dhcpcsvc.DLL
0x00007ffcfb1b0000 - 0x00007ffcfb27b000 	C:\WINDOWS\SYSTEM32\DNSAPI.dll
0x00007ffcf4f80000 - 0x00007ffcf4f8b000 	C:\WINDOWS\SYSTEM32\WINNSI.DLL

dbghelp: loaded successfully - version: 4.0.5 - missing functions: none
symbol engine: initialized successfully - sym options: 0x614 - pdb path: .;C:\Program Files\Android\Android Studio\jre\bin;C:\WINDOWS\SYSTEM32;C:\WINDOWS\WinSxS\amd64_microsoft.windows.common-controls_6595b64144ccf1df_6.0.19041.1110_none_60b5254171f9507e;C:\Program Files\Android\Android Studio\jre\bin\server;C:\Users\Hp\.gradle\native\fdc75f09e3144964f2cf3f50f0aa648679c211496f362492102eb8c894070792\windows-amd64;C:\Users\Hp\.gradle\native\12488b8bf47d2d4c9fbf2f6322a914ad602e24e48041cd04a747c6da556b65c4\windows-amd64

VM Arguments:
jvm_args: --add-opens=java.base/java.util=ALL-UNNAMED --add-opens=java.base/java.lang=ALL-UNNAMED --add-opens=java.base/java.lang.invoke=ALL-UNNAMED --add-opens=java.prefs/java.util.prefs=ALL-UNNAMED -Xmx2048m -Dfile.encoding=UTF-8 -Duser.country=ID -Duser.language=en -Duser.variant 
java_command: org.gradle.launcher.daemon.bootstrap.GradleDaemon 6.7.1
java_class_path (initial): C:\Users\Hp\.gradle\wrapper\dists\gradle-6.7.1-bin\bwlcbys1h7rz3272sye1xwiv6\gradle-6.7.1\lib\gradle-launcher-6.7.1.jar
Launcher Type: SUN_STANDARD

[Global flags]
     intx CICompilerCount                          = 4                                         {product} {ergonomic}
     uint ConcGCThreads                            = 2                                         {product} {ergonomic}
     uint G1ConcRefinementThreads                  = 8                                         {product} {ergonomic}
   size_t G1HeapRegionSize                         = 1048576                                   {product} {ergonomic}
    uintx GCDrainStackTargetSize                   = 64                                        {product} {ergonomic}
   size_t InitialHeapSize                          = 67108864                                  {product} {ergonomic}
   size_t MarkStackSize                            = 4194304                                   {product} {ergonomic}
   size_t MaxHeapSize                              = 2147483648                                {product} {command line}
   size_t MaxNewSize                               = 1287651328                                {product} {ergonomic}
   size_t MinHeapDeltaBytes                        = 1048576                                   {product} {ergonomic}
    uintx NonNMethodCodeHeapSize                   = 5836300                                {pd product} {ergonomic}
    uintx NonProfiledCodeHeapSize                  = 122910970                              {pd product} {ergonomic}
    uintx ProfiledCodeHeapSize                     = 122910970                              {pd product} {ergonomic}
    uintx ReservedCodeCacheSize                    = 251658240                              {pd product} {ergonomic}
     bool SegmentedCodeCache                       = true                                      {product} {ergonomic}
     bool UseCompressedClassPointers               = true                                 {lp64_product} {ergonomic}
     bool UseCompressedOops                        = true                                 {lp64_product} {ergonomic}
     bool UseG1GC                                  = true                                      {product} {ergonomic}
     bool UseLargePagesIndividualAllocation        = false                                  {pd product} {ergonomic}

Logging:
Log output configuration:
 #0: stdout all=warning uptime,level,tags
 #1: stderr all=off uptime,level,tags

Environment Variables:
PATH=C:\ProgramData\Oracle\Java\javapath;C:\Program Files (x86)\Common Files\Oracle\Java\javapath;C:\WINDOWS\system32;C:\WINDOWS;C:\WINDOWS\System32\Wbem;C:\WINDOWS\System32\WindowsPowerShell\v1.0\;C:\WINDOWS\System32\OpenSSH\;C:\Program Files\Git\cmd;D:\kuliah\SFML-2.5.1\bin;C:\Users\Hp\AppData\Local\Programs\Python\Python39\Scripts\;C:\Users\Hp\AppData\Local\Programs\Python\Python39\;C:\Program Files\Java\jdk1.8.0_291\bin;D:\Bahan Kuliah\bin;C:\opencv\opencv\build\x64\vc15\bin;C:\Users\Hp\AppData\Local\Microsoft\WindowsApps;D:\Microsoft VS Code\bin;
USERNAME=jasmine
OS=Windows_NT
PROCESSOR_IDENTIFIER=Intel64 Family 6 Model 142 Stepping 11, GenuineIntel



---------------  S Y S T E M  ---------------

OS: Windows 10 , 64 bit Build 19041 (10.0.19041.1348)
OS uptime: 0 days 0:47 hours
HyperV virtualization detected

CPU:total 8 (initial active 8) (4 cores per cpu, 2 threads per core) family 6 model 142 stepping 11, cmov, cx8, fxsr, mmx, sse, sse2, sse3, ssse3, sse4.1, sse4.2, popcnt, avx, avx2, aes, clmul, erms, 3dnowpref, lzcnt, ht, tsc, tscinvbit, bmi1, bmi2, adx, fma

Memory: 4k page, system-wide physical 3982M (292M free)
TotalPageFile size 8078M (AvailPageFile size 2M)
current process WorkingSet (physical memory assigned to process): 142M, peak: 142M
current process commit charge ("private bytes"): 192M, peak: 192M

vm_info: OpenJDK 64-Bit Server VM (11.0.8+10-b944.6842174) for windows-amd64 JRE (11.0.8+10-b944.6842174), built on Sep 19 2020 01:11:42 by "builder" with MS VC++ 14.0 (VS2015)

END.
