#
# There is insufficient memory for the Java Runtime Environment to continue.
# Native memory allocation (malloc) failed to allocate 1870736 bytes for Chunk::new
# Possible reasons:
#   The system is out of physical RAM or swap space
#   The process is running with CompressedOops enabled, and the Java Heap may be blocking the growth of the native heap
# Possible solutions:
#   Reduce memory load on the system
#   Increase physical memory or swap space
#   Check if swap backing store is full
#   Decrease Java heap size (-Xmx/-Xms)
#   Decrease number of Java threads
#   Decrease Java thread stack sizes (-Xss)
#   Set larger code cache with -XX:ReservedCodeCacheSize=
#   JVM is running with Unscaled Compressed Oops mode in which the Java heap is
#     placed in the first 4GB address space. The Java Heap base address is the
#     maximum limit for the native heap growth. Please use -XX:HeapBaseMinAddress
#     to set the Java Heap base and to place the Java Heap above 4GB virtual address.
# This output file may be truncated or incomplete.
#
#  Out of Memory Error (./src/hotspot/share/memory/arena.cpp:197), pid=9412, tid=4144
#
# JRE version: OpenJDK Runtime Environment (11.0.8+10) (build 11.0.8+10-b944.6842174)
# Java VM: OpenJDK 64-Bit Server VM (11.0.8+10-b944.6842174, mixed mode, tiered, compressed oops, g1 gc, windows-amd64)
# No core dump will be written. Minidumps are not enabled by default on client versions of Windows
#

---------------  S U M M A R Y ------------

Command Line: --add-opens=java.base/java.util=ALL-UNNAMED --add-opens=java.base/java.lang=ALL-UNNAMED --add-opens=java.base/java.lang.invoke=ALL-UNNAMED --add-opens=java.prefs/java.util.prefs=ALL-UNNAMED -Xmx2048m -Dfile.encoding=UTF-8 -Duser.country=ID -Duser.language=en -Duser.variant org.gradle.launcher.daemon.bootstrap.GradleDaemon 6.7.1

Host: Intel(R) Core(TM) i5-8265U CPU @ 1.60GHz, 8 cores, 3G,  Windows 10 , 64 bit Build 19041 (10.0.19041.1348)
Time: Tue Nov 16 13:48:57 2021 SE Asia Standard Time elapsed time: 6 seconds (0d 0h 0m 6s)

---------------  T H R E A D  ---------------

Current thread (0x00000208f5d65000):  JavaThread "C2 CompilerThread0" daemon [_thread_in_native, id=4144, stack(0x000000ffb6300000,0x000000ffb6400000)]


Current CompileTask:
C2:   6242 3082       4       org.objectweb.asm.Frame::execute (2318 bytes)

Stack: [0x000000ffb6300000,0x000000ffb6400000]
Native frames: (J=compiled Java code, j=interpreted, Vv=VM code, C=native code)
V  [jvm.dll+0x5de50a]
V  [jvm.dll+0x7122f5]
V  [jvm.dll+0x71384d]
V  [jvm.dll+0x713f03]
V  [jvm.dll+0x23e728]
V  [jvm.dll+0xb899c]
V  [jvm.dll+0xb8e9c]
V  [jvm.dll+0x35024d]
V  [jvm.dll+0x31dea3]
V  [jvm.dll+0x31d39a]
V  [jvm.dll+0x1f7702]
V  [jvm.dll+0x1f68d4]
V  [jvm.dll+0x17f32c]
V  [jvm.dll+0x205047]
V  [jvm.dll+0x203891]
V  [jvm.dll+0x6dad3f]
V  [jvm.dll+0x6d3895]
V  [jvm.dll+0x5dd4a6]
C  [ucrtbase.dll+0x21bb2]
C  [KERNEL32.DLL+0x17034]
C  [ntdll.dll+0x52651]


---------------  P R O C E S S  ---------------

Threads class SMR info:
_java_thread_list=0x00000208f6edb990, length=30, elements={
0x00000208da9db000, 0x00000208f53ed000, 0x00000208f53f6800, 0x00000208f5d62800,
0x00000208f5d64000, 0x00000208f5d65000, 0x00000208f5d6a000, 0x00000208f5d6b000,
0x00000208f5ebc000, 0x00000208f5ed2000, 0x00000208f6ea8800, 0x00000208f725a800,
0x00000208f710c000, 0x00000208f8243800, 0x00000208f78e3000, 0x00000208f80f0800,
0x00000208f76e5800, 0x00000208f76fd800, 0x00000208f76e6000, 0x00000208f744f800,
0x00000208f84f1000, 0x00000208f84f2000, 0x00000208f84f3000, 0x00000208f84ed000,
0x00000208f84f3800, 0x00000208f84ef000, 0x00000208f84ee000, 0x00000208f84ef800,
0x00000208f84f0800, 0x00000208fa115800
}

Java Threads: ( => current thread )
  0x00000208da9db000 JavaThread "main" [_thread_blocked, id=4312, stack(0x000000ffb5800000,0x000000ffb5900000)]
  0x00000208f53ed000 JavaThread "Reference Handler" daemon [_thread_blocked, id=732, stack(0x000000ffb5f00000,0x000000ffb6000000)]
  0x00000208f53f6800 JavaThread "Finalizer" daemon [_thread_blocked, id=2472, stack(0x000000ffb6000000,0x000000ffb6100000)]
  0x00000208f5d62800 JavaThread "Signal Dispatcher" daemon [_thread_blocked, id=2864, stack(0x000000ffb6100000,0x000000ffb6200000)]
  0x00000208f5d64000 JavaThread "Attach Listener" daemon [_thread_blocked, id=9548, stack(0x000000ffb6200000,0x000000ffb6300000)]
=>0x00000208f5d65000 JavaThread "C2 CompilerThread0" daemon [_thread_in_native, id=4144, stack(0x000000ffb6300000,0x000000ffb6400000)]
  0x00000208f5d6a000 JavaThread "C1 CompilerThread0" daemon [_thread_blocked, id=6452, stack(0x000000ffb6400000,0x000000ffb6500000)]
  0x00000208f5d6b000 JavaThread "Sweeper thread" daemon [_thread_blocked, id=10352, stack(0x000000ffb6500000,0x000000ffb6600000)]
  0x00000208f5ebc000 JavaThread "Common-Cleaner" daemon [_thread_blocked, id=7588, stack(0x000000ffb6600000,0x000000ffb6700000)]
  0x00000208f5ed2000 JavaThread "Service Thread" daemon [_thread_blocked, id=10848, stack(0x000000ffb6700000,0x000000ffb6800000)]
  0x00000208f6ea8800 JavaThread "Daemon health stats" [_thread_blocked, id=10908, stack(0x000000ffb6a00000,0x000000ffb6b00000)]
  0x00000208f725a800 JavaThread "Incoming local TCP Connector on port 54617" [_thread_in_native, id=10044, stack(0x000000ffb6d00000,0x000000ffb6e00000)]
  0x00000208f710c000 JavaThread "Daemon periodic checks" [_thread_blocked, id=8416, stack(0x000000ffb6e00000,0x000000ffb6f00000)]
  0x00000208f8243800 JavaThread "Daemon" [_thread_blocked, id=10168, stack(0x000000ffb6f00000,0x000000ffb7000000)]
  0x00000208f78e3000 JavaThread "Handler for socket connection from /127.0.0.1:54617 to /127.0.0.1:54618" [_thread_in_native, id=2884, stack(0x000000ffb7000000,0x000000ffb7100000)]
  0x00000208f80f0800 JavaThread "Cancel handler" [_thread_blocked, id=9308, stack(0x000000ffb7100000,0x000000ffb7200000)]
  0x00000208f76e5800 JavaThread "Daemon worker" [_thread_in_native, id=2740, stack(0x000000ffb7200000,0x000000ffb7300000)]
  0x00000208f76fd800 JavaThread "Asynchronous log dispatcher for DefaultDaemonConnection: socket connection from /127.0.0.1:54617 to /127.0.0.1:54618" [_thread_blocked, id=8284, stack(0x000000ffb7300000,0x000000ffb7400000)]
  0x00000208f76e6000 JavaThread "Stdin handler" [_thread_blocked, id=4128, stack(0x000000ffb7400000,0x000000ffb7500000)]
  0x00000208f744f800 JavaThread "Thread-8" [_thread_blocked, id=1056, stack(0x000000ffb7500000,0x000000ffb7600000)]
  0x00000208f84f1000 JavaThread "Cache worker for file hash cache (C:\Users\Hp\.gradle\caches\6.7.1\fileHashes)" [_thread_blocked, id=10508, stack(0x000000ffb7c00000,0x000000ffb7d00000)]
  0x00000208f84f2000 JavaThread "File lock request listener" [_thread_in_native, id=9040, stack(0x000000ffb7d00000,0x000000ffb7e00000)]
  0x00000208f84f3000 JavaThread "Cache worker for journal cache (C:\Users\Hp\.gradle\caches\journal-1)" [_thread_blocked, id=6708, stack(0x000000ffb7f00000,0x000000ffb8000000)]
  0x00000208f84ed000 JavaThread "Cache worker for file hash cache (D:\FLO\.gradle\6.7.1\fileHashes)" [_thread_blocked, id=9076, stack(0x000000ffb8000000,0x000000ffb8100000)]
  0x00000208f84f3800 JavaThread "Cache worker for checksums cache (D:\FLO\.gradle\checksums)" [_thread_blocked, id=6184, stack(0x000000ffb8100000,0x000000ffb8200000)]
  0x00000208f84ef000 JavaThread "Cache worker for cache directory md-supplier (C:\Users\Hp\.gradle\caches\6.7.1\md-supplier)" [_thread_blocked, id=2296, stack(0x000000ffb8200000,0x000000ffb8300000)]
  0x00000208f84ee000 JavaThread "Cache worker for cache directory md-rule (C:\Users\Hp\.gradle\caches\6.7.1\md-rule)" [_thread_blocked, id=8332, stack(0x000000ffb8300000,0x000000ffb8400000)]
  0x00000208f84ef800 JavaThread "Cache worker for execution history cache (C:\Users\Hp\.gradle\caches\6.7.1\executionHistory)" [_thread_blocked, id=10296, stack(0x000000ffb8400000,0x000000ffb8500000)]
  0x00000208f84f0800 JavaThread "jar transforms" [_thread_blocked, id=12084, stack(0x000000ffb8500000,0x000000ffb8600000)]
  0x00000208fa115800 JavaThread "Cache worker for file content cache (C:\Users\Hp\.gradle\caches\6.7.1\fileContent)" [_thread_blocked, id=6204, stack(0x000000ffb8600000,0x000000ffb8700000)]

Other Threads:
  0x00000208f53e9800 VMThread "VM Thread" [stack: 0x000000ffb5e00000,0x000000ffb5f00000] [id=11132]
  0x00000208f5ed0000 WatcherThread [stack: 0x000000ffb6800000,0x000000ffb6900000] [id=12068]
  0x00000208da9f4000 GCTaskThread "GC Thread#0" [stack: 0x000000ffb5900000,0x000000ffb5a00000] [id=8956]
  0x00000208f67d0000 GCTaskThread "GC Thread#1" [stack: 0x000000ffb6900000,0x000000ffb6a00000] [id=7912]
  0x00000208f770d000 GCTaskThread "GC Thread#2" [stack: 0x000000ffb7600000,0x000000ffb7700000] [id=4200]
  0x00000208f75ba800 GCTaskThread "GC Thread#3" [stack: 0x000000ffb7700000,0x000000ffb7800000] [id=4560]
  0x00000208f75ea000 GCTaskThread "GC Thread#4" [stack: 0x000000ffb7800000,0x000000ffb7900000] [id=5104]
  0x00000208f7a3f000 GCTaskThread "GC Thread#5" [stack: 0x000000ffb7900000,0x000000ffb7a00000] [id=4024]
  0x00000208f8231000 GCTaskThread "GC Thread#6" [stack: 0x000000ffb7a00000,0x000000ffb7b00000] [id=8804]
  0x00000208f822c000 GCTaskThread "GC Thread#7" [stack: 0x000000ffb7b00000,0x000000ffb7c00000] [id=10336]
  0x00000208daa24000 ConcurrentGCThread "G1 Main Marker" [stack: 0x000000ffb5a00000,0x000000ffb5b00000] [id=6940]
  0x00000208daa26800 ConcurrentGCThread "G1 Conc#0" [stack: 0x000000ffb5b00000,0x000000ffb5c00000] [id=5932]
  0x00000208f8231800 ConcurrentGCThread "G1 Conc#1" [stack: 0x000000ffb7e00000,0x000000ffb7f00000] [id=9820]
  0x00000208daa93800 ConcurrentGCThread "G1 Refine#0" [stack: 0x000000ffb5c00000,0x000000ffb5d00000] [id=8364]
  0x00000208daa96800 ConcurrentGCThread "G1 Young RemSet Sampling" [stack: 0x000000ffb5d00000,0x000000ffb5e00000] [id=8944]

Threads with active compile tasks:
C2 CompilerThread0   6301 3082       4       org.objectweb.asm.Frame::execute (2318 bytes)

VM state:not at safepoint (normal execution)

VM Mutex/Monitor currently owned by a thread: None

Heap address: 0x0000000080000000, size: 2048 MB, Compressed Oops mode: 32-bit
Narrow klass base: 0x0000000000000000, Narrow klass shift: 3
Compressed class space size: 1073741824 Address: 0x0000000100000000

Heap:
 garbage-first heap   total 78848K, used 44719K [0x0000000080000000, 0x0000000100000000)
  region size 1024K, 24 young (24576K), 3 survivors (3072K)
 Metaspace       used 41306K, capacity 42148K, committed 42240K, reserved 1085440K
  class space    used 5304K, capacity 5611K, committed 5632K, reserved 1048576K
Heap Regions: E=young(eden), S=young(survivor), O=old, HS=humongous(starts), HC=humongous(continues), CS=collection set, F=free, A=archive, TAMS=top-at-mark-start (previous, next)
|   0|0x0000000080000000, 0x0000000080100000, 0x0000000080100000|100%| O|  |TAMS 0x0000000080100000, 0x0000000080000000| Untracked 
|   1|0x0000000080100000, 0x0000000080200000, 0x0000000080200000|100%| O|  |TAMS 0x0000000080200000, 0x0000000080100000| Untracked 
|   2|0x0000000080200000, 0x0000000080300000, 0x0000000080300000|100%| O|  |TAMS 0x0000000080300000, 0x0000000080200000| Untracked 
|   3|0x0000000080300000, 0x0000000080400000, 0x0000000080400000|100%|HS|  |TAMS 0x0000000080400000, 0x0000000080300000| Complete 
|   4|0x0000000080400000, 0x0000000080500000, 0x0000000080500000|100%|HC|  |TAMS 0x0000000080500000, 0x0000000080400000| Complete 
|   5|0x0000000080500000, 0x0000000080600000, 0x0000000080600000|100%|HC|  |TAMS 0x0000000080600000, 0x0000000080500000| Complete 
|   6|0x0000000080600000, 0x0000000080700000, 0x0000000080700000|100%| O|  |TAMS 0x0000000080700000, 0x0000000080600000| Untracked 
|   7|0x0000000080700000, 0x0000000080800000, 0x0000000080800000|100%| O|  |TAMS 0x0000000080800000, 0x0000000080700000| Untracked 
|   8|0x0000000080800000, 0x0000000080900000, 0x0000000080900000|100%| O|  |TAMS 0x0000000080900000, 0x0000000080800000| Untracked 
|   9|0x0000000080900000, 0x0000000080a00000, 0x0000000080a00000|100%| O|  |TAMS 0x0000000080a00000, 0x0000000080900000| Untracked 
|  10|0x0000000080a00000, 0x0000000080b00000, 0x0000000080b00000|100%| O|  |TAMS 0x0000000080b00000, 0x0000000080a00000| Untracked 
|  11|0x0000000080b00000, 0x0000000080c00000, 0x0000000080c00000|100%| O|  |TAMS 0x0000000080c00000, 0x0000000080b00000| Untracked 
|  12|0x0000000080c00000, 0x0000000080d00000, 0x0000000080d00000|100%| O|  |TAMS 0x0000000080d00000, 0x0000000080c00000| Untracked 
|  13|0x0000000080d00000, 0x0000000080e00000, 0x0000000080e00000|100%| O|  |TAMS 0x0000000080e00000, 0x0000000080d00000| Untracked 
|  14|0x0000000080e00000, 0x0000000080f00000, 0x0000000080f00000|100%| O|  |TAMS 0x0000000080f00000, 0x0000000080e00000| Untracked 
|  15|0x0000000080f00000, 0x0000000081000000, 0x0000000081000000|100%| O|  |TAMS 0x0000000081000000, 0x0000000080f00000| Untracked 
|  16|0x0000000081000000, 0x0000000081100000, 0x0000000081100000|100%| O|  |TAMS 0x0000000081100000, 0x0000000081000000| Untracked 
|  17|0x0000000081100000, 0x0000000081200000, 0x0000000081200000|100%| O|  |TAMS 0x00000000811ee800, 0x0000000081100000| Untracked 
|  18|0x0000000081200000, 0x0000000081200000, 0x0000000081300000|  0%| F|  |TAMS 0x0000000081200000, 0x0000000081200000| Untracked 
|  19|0x0000000081300000, 0x0000000081329600, 0x0000000081400000| 16%| O|  |TAMS 0x0000000081300000, 0x0000000081300000| Untracked 
|  20|0x0000000081400000, 0x0000000081400000, 0x0000000081500000|  0%| F|  |TAMS 0x0000000081400000, 0x0000000081400000| Untracked 
|  21|0x0000000081500000, 0x0000000081600000, 0x0000000081600000|100%| O|  |TAMS 0x0000000081500000, 0x0000000081500000| Untracked 
|  22|0x0000000081600000, 0x0000000081700000, 0x0000000081700000|100%| O|  |TAMS 0x0000000081600000, 0x0000000081600000| Untracked 
|  23|0x0000000081700000, 0x0000000081800000, 0x0000000081800000|100%| O|  |TAMS 0x0000000081700000, 0x0000000081700000| Untracked 
|  24|0x0000000081800000, 0x0000000081800000, 0x0000000081900000|  0%| F|  |TAMS 0x0000000081800000, 0x0000000081800000| Untracked 
|  25|0x0000000081900000, 0x0000000081900000, 0x0000000081a00000|  0%| F|  |TAMS 0x0000000081900000, 0x0000000081900000| Untracked 
|  26|0x0000000081a00000, 0x0000000081a00000, 0x0000000081b00000|  0%| F|  |TAMS 0x0000000081a00000, 0x0000000081a00000| Untracked 
|  27|0x0000000081b00000, 0x0000000081b00000, 0x0000000081c00000|  0%| F|  |TAMS 0x0000000081b00000, 0x0000000081b00000| Untracked 
|  28|0x0000000081c00000, 0x0000000081c00000, 0x0000000081d00000|  0%| F|  |TAMS 0x0000000081c00000, 0x0000000081c00000| Untracked 
|  29|0x0000000081d00000, 0x0000000081d00000, 0x0000000081e00000|  0%| F|  |TAMS 0x0000000081d00000, 0x0000000081d00000| Untracked 
|  30|0x0000000081e00000, 0x0000000081e00000, 0x0000000081f00000|  0%| F|  |TAMS 0x0000000081e00000, 0x0000000081e00000| Untracked 
|  31|0x0000000081f00000, 0x0000000081f00000, 0x0000000082000000|  0%| F|  |TAMS 0x0000000081f00000, 0x0000000081f00000| Untracked 
|  32|0x0000000082000000, 0x0000000082000000, 0x0000000082100000|  0%| F|  |TAMS 0x0000000082000000, 0x0000000082000000| Untracked 
|  33|0x0000000082100000, 0x0000000082100000, 0x0000000082200000|  0%| F|  |TAMS 0x0000000082100000, 0x0000000082100000| Untracked 
|  34|0x0000000082200000, 0x0000000082200000, 0x0000000082300000|  0%| F|  |TAMS 0x0000000082200000, 0x0000000082200000| Untracked 
|  35|0x0000000082300000, 0x0000000082300000, 0x0000000082400000|  0%| F|  |TAMS 0x0000000082300000, 0x0000000082300000| Untracked 
|  36|0x0000000082400000, 0x0000000082400000, 0x0000000082500000|  0%| F|  |TAMS 0x0000000082400000, 0x0000000082400000| Untracked 
|  37|0x0000000082500000, 0x0000000082500000, 0x0000000082600000|  0%| F|  |TAMS 0x0000000082500000, 0x0000000082500000| Untracked 
|  38|0x0000000082600000, 0x0000000082600000, 0x0000000082700000|  0%| F|  |TAMS 0x0000000082600000, 0x0000000082600000| Untracked 
|  39|0x0000000082700000, 0x0000000082782910, 0x0000000082800000| 51%| S|CS|TAMS 0x0000000082700000, 0x0000000082700000| Complete 
|  40|0x0000000082800000, 0x0000000082900000, 0x0000000082900000|100%| S|CS|TAMS 0x0000000082800000, 0x0000000082800000| Complete 
|  41|0x0000000082900000, 0x0000000082a00000, 0x0000000082a00000|100%| S|CS|TAMS 0x0000000082900000, 0x0000000082900000| Complete 
|  42|0x0000000082a00000, 0x0000000082a00000, 0x0000000082b00000|  0%| F|  |TAMS 0x0000000082a00000, 0x0000000082a00000| Untracked 
|  43|0x0000000082b00000, 0x0000000082b00000, 0x0000000082c00000|  0%| F|  |TAMS 0x0000000082b00000, 0x0000000082b00000| Untracked 
|  44|0x0000000082c00000, 0x0000000082c00000, 0x0000000082d00000|  0%| F|  |TAMS 0x0000000082c00000, 0x0000000082c00000| Untracked 
|  45|0x0000000082d00000, 0x0000000082d00000, 0x0000000082e00000|  0%| F|  |TAMS 0x0000000082d00000, 0x0000000082d00000| Untracked 
|  46|0x0000000082e00000, 0x0000000082e00000, 0x0000000082f00000|  0%| F|  |TAMS 0x0000000082e00000, 0x0000000082e00000| Untracked 
|  47|0x0000000082f00000, 0x0000000082f00000, 0x0000000083000000|  0%| F|  |TAMS 0x0000000082f00000, 0x0000000082f00000| Untracked 
|  48|0x0000000083000000, 0x0000000083000000, 0x0000000083100000|  0%| F|  |TAMS 0x0000000083000000, 0x0000000083000000| Untracked 
|  49|0x0000000083100000, 0x0000000083100000, 0x0000000083200000|  0%| F|  |TAMS 0x0000000083100000, 0x0000000083100000| Untracked 
|  50|0x0000000083200000, 0x0000000083200000, 0x0000000083300000|  0%| F|  |TAMS 0x0000000083200000, 0x0000000083200000| Untracked 
|  51|0x0000000083300000, 0x0000000083300000, 0x0000000083400000|  0%| F|  |TAMS 0x0000000083300000, 0x0000000083300000| Untracked 
|  52|0x0000000083400000, 0x0000000083400000, 0x0000000083500000|  0%| F|  |TAMS 0x0000000083400000, 0x0000000083400000| Untracked 
|  53|0x0000000083500000, 0x0000000083500000, 0x0000000083600000|  0%| F|  |TAMS 0x0000000083500000, 0x0000000083500000| Untracked 
|  54|0x0000000083600000, 0x0000000083600000, 0x0000000083700000|  0%| F|  |TAMS 0x0000000083600000, 0x0000000083600000| Untracked 
|  55|0x0000000083700000, 0x0000000083700000, 0x0000000083800000|  0%| F|  |TAMS 0x0000000083700000, 0x0000000083700000| Untracked 
|  56|0x0000000083800000, 0x0000000083880800, 0x0000000083900000| 50%| E|  |TAMS 0x0000000083800000, 0x0000000083800000| Complete 
|  57|0x0000000083900000, 0x0000000083a00000, 0x0000000083a00000|100%| E|CS|TAMS 0x0000000083900000, 0x0000000083900000| Complete 
|  58|0x0000000083a00000, 0x0000000083b00000, 0x0000000083b00000|100%| E|CS|TAMS 0x0000000083a00000, 0x0000000083a00000| Complete 
|  59|0x0000000083b00000, 0x0000000083c00000, 0x0000000083c00000|100%| E|CS|TAMS 0x0000000083b00000, 0x0000000083b00000| Complete 
|  60|0x0000000083c00000, 0x0000000083d00000, 0x0000000083d00000|100%| E|CS|TAMS 0x0000000083c00000, 0x0000000083c00000| Complete 
|  61|0x0000000083d00000, 0x0000000083e00000, 0x0000000083e00000|100%| E|CS|TAMS 0x0000000083d00000, 0x0000000083d00000| Complete 
|  62|0x0000000083e00000, 0x0000000083f00000, 0x0000000083f00000|100%| E|CS|TAMS 0x0000000083e00000, 0x0000000083e00000| Complete 
|  63|0x0000000083f00000, 0x0000000084000000, 0x0000000084000000|100%| E|CS|TAMS 0x0000000083f00000, 0x0000000083f00000| Complete 
|  64|0x0000000084000000, 0x0000000084100000, 0x0000000084100000|100%| E|CS|TAMS 0x0000000084000000, 0x0000000084000000| Complete 
|  65|0x0000000084100000, 0x0000000084200000, 0x0000000084200000|100%| E|CS|TAMS 0x0000000084100000, 0x0000000084100000| Complete 
|  66|0x0000000084200000, 0x0000000084300000, 0x0000000084300000|100%| E|CS|TAMS 0x0000000084200000, 0x0000000084200000| Complete 
|  67|0x0000000084300000, 0x0000000084400000, 0x0000000084400000|100%| E|CS|TAMS 0x0000000084300000, 0x0000000084300000| Complete 
|  68|0x0000000084400000, 0x0000000084500000, 0x0000000084500000|100%| E|CS|TAMS 0x0000000084400000, 0x0000000084400000| Complete 
|  69|0x0000000084500000, 0x0000000084600000, 0x0000000084600000|100%| E|CS|TAMS 0x0000000084500000, 0x0000000084500000| Complete 
|  70|0x0000000084600000, 0x0000000084700000, 0x0000000084700000|100%| E|CS|TAMS 0x0000000084600000, 0x0000000084600000| Complete 
|  71|0x0000000084700000, 0x0000000084800000, 0x0000000084800000|100%| E|CS|TAMS 0x0000000084700000, 0x0000000084700000| Complete 
|  72|0x0000000084800000, 0x0000000084900000, 0x0000000084900000|100%| E|CS|TAMS 0x0000000084800000, 0x0000000084800000| Complete 
|  73|0x0000000084900000, 0x0000000084a00000, 0x0000000084a00000|100%| E|CS|TAMS 0x0000000084900000, 0x0000000084900000| Complete 
|  74|0x0000000084a00000, 0x0000000084b00000, 0x0000000084b00000|100%| E|CS|TAMS 0x0000000084a00000, 0x0000000084a00000| Complete 
|  75|0x0000000084b00000, 0x0000000084c00000, 0x0000000084c00000|100%| E|CS|TAMS 0x0000000084b00000, 0x0000000084b00000| Complete 
|  76|0x0000000084c00000, 0x0000000084d00000, 0x0000000084d00000|100%| E|CS|TAMS 0x0000000084c00000, 0x0000000084c00000| Complete 

Card table byte_map: [0x00000208ee1d0000,0x00000208ee5d0000] _byte_map_base: 0x00000208eddd0000

Marking Bits (Prev, Next): (CMBitMap*) 0x00000208daa1b658, (CMBitMap*) 0x00000208daa1b690
 Prev Bits: [0x00000208ee9d0000, 0x00000208f09d0000)
 Next Bits: [0x00000208f09d0000, 0x00000208f29d0000)

Polling page: 0x00000208d9020000

Metaspace:

Usage:
  Non-class:     35.68 MB capacity,    35.18 MB ( 99%) used,   437.38 KB (  1%) free+waste,    79.69 KB ( <1%) overhead. 
      Class:      5.48 MB capacity,     5.18 MB ( 95%) used,   264.66 KB (  5%) free+waste,    38.13 KB ( <1%) overhead. 
       Both:     41.16 MB capacity,    40.36 MB ( 98%) used,   702.03 KB (  2%) free+waste,   117.81 KB ( <1%) overhead. 

Virtual space:
  Non-class space:       36.00 MB reserved,      35.75 MB (>99%) committed 
      Class space:        1.00 GB reserved,       5.50 MB ( <1%) committed 
             Both:        1.04 GB reserved,      41.25 MB (  4%) committed 

Chunk freelists:
   Non-Class:  7.00 KB
       Class:  21.00 KB
        Both:  28.00 KB

MaxMetaspaceSize: 17179869184.00 GB
CompressedClassSpaceSize: 1.00 GB

CodeHeap 'non-profiled nmethods': size=120000Kb used=1225Kb max_used=1225Kb free=118774Kb
 bounds [0x00000208e5e30000, 0x00000208e60a0000, 0x00000208ed360000]
CodeHeap 'profiled nmethods': size=120000Kb used=6352Kb max_used=6352Kb free=113647Kb
 bounds [0x00000208de900000, 0x00000208def40000, 0x00000208e5e30000]
CodeHeap 'non-nmethods': size=5760Kb used=2185Kb max_used=2214Kb free=3574Kb
 bounds [0x00000208de360000, 0x00000208de5d0000, 0x00000208de900000]
 total_blobs=3666 nmethods=2924 adapters=653
 compilation: enabled
              stopped_count=0, restarted_count=0
 full_count=0

Compilation events (20 events):
Event: 6.177 Thread 0x00000208f5d6a000 3132       3       java.beans.FeatureDescriptor::setTransient (30 bytes)
Event: 6.178 Thread 0x00000208f5d6a000 nmethod 3132 0x00000208def28090 code [0x00000208def282e0, 0x00000208def28bb8]
Event: 6.180 Thread 0x00000208f5d6a000 3134       3       org.codehaus.groovy.reflection.CachedField::<init> (18 bytes)
Event: 6.181 Thread 0x00000208f5d6a000 nmethod 3134 0x00000208def28e10 code [0x00000208def28fe0, 0x00000208def292f8]
Event: 6.181 Thread 0x00000208f5d6a000 3135       3       java.beans.PropertyDescriptor::getPropertyType0 (22 bytes)
Event: 6.181 Thread 0x00000208f5d6a000 nmethod 3135 0x00000208def29410 code [0x00000208def295e0, 0x00000208def298e8]
Event: 6.189 Thread 0x00000208f5d6a000 3136       1       org.gradle.internal.instantiation.generator.AbstractClassGenerator$PropertyMetadata::field (6 bytes)
Event: 6.189 Thread 0x00000208f5d6a000 nmethod 3136 0x00000208e5f60e10 code [0x00000208e5f60fc0, 0x00000208e5f610b8]
Event: 6.189 Thread 0x00000208f5d6a000 3137       3       java.lang.Class::createAnnotationData (195 bytes)
Event: 6.190 Thread 0x00000208f5d6a000 nmethod 3137 0x00000208def29a10 code [0x00000208def29d80, 0x00000208def2b278]
Event: 6.190 Thread 0x00000208f5d6a000 3140       3       org.gradle.internal.instantiation.generator.AbstractClassGenerator::access$1400 (5 bytes)
Event: 6.190 Thread 0x00000208f5d6a000 nmethod 3140 0x00000208def2b990 code [0x00000208def2bb40, 0x00000208def2bc48]
Event: 6.190 Thread 0x00000208f5d6a000 3141       3       org.gradle.internal.instantiation.generator.AbstractClassGenerator::isLazyAttachProperty (46 bytes)
Event: 6.191 Thread 0x00000208f5d6a000 nmethod 3141 0x00000208def2bd10 code [0x00000208def2bf80, 0x00000208def2c998]
Event: 6.191 Thread 0x00000208f5d6a000 3138       3       java.lang.System$2::getAnnotationType (5 bytes)
Event: 6.191 Thread 0x00000208f5d6a000 nmethod 3138 0x00000208def2cd10 code [0x00000208def2cec0, 0x00000208def2cfd8]
Event: 6.191 Thread 0x00000208f5d6a000 3139       3       sun.reflect.annotation.AnnotationParser$1::run (5 bytes)
Event: 6.191 Thread 0x00000208f5d6a000 nmethod 3139 0x00000208def2d090 code [0x00000208def2d240, 0x00000208def2d388]
Event: 6.204 Thread 0x00000208f5d6a000 3142       3       java.net.URI::match (56 bytes)
Event: 6.205 Thread 0x00000208f5d6a000 nmethod 3142 0x00000208def2d410 code [0x00000208def2d5c0, 0x00000208def2d878]

GC Heap History (20 events):
Event: 0.901 GC heap before
{Heap before GC invocations=0 (full 0):
 garbage-first heap   total 65536K, used 29696K [0x0000000080000000, 0x0000000100000000)
  region size 1024K, 24 young (24576K), 0 survivors (0K)
 Metaspace       used 10699K, capacity 10887K, committed 11008K, reserved 1058816K
  class space    used 1130K, capacity 1201K, committed 1280K, reserved 1048576K
}
Event: 0.909 GC heap after
{Heap after GC invocations=1 (full 0):
 garbage-first heap   total 65536K, used 8729K [0x0000000080000000, 0x0000000100000000)
  region size 1024K, 3 young (3072K), 3 survivors (3072K)
 Metaspace       used 10699K, capacity 10887K, committed 11008K, reserved 1058816K
  class space    used 1130K, capacity 1201K, committed 1280K, reserved 1048576K
}
Event: 1.377 GC heap before
{Heap before GC invocations=1 (full 0):
 garbage-first heap   total 65536K, used 39449K [0x0000000080000000, 0x0000000100000000)
  region size 1024K, 34 young (34816K), 3 survivors (3072K)
 Metaspace       used 11002K, capacity 11211K, committed 11520K, reserved 1058816K
  class space    used 1144K, capacity 1202K, committed 1280K, reserved 1048576K
}
Event: 1.384 GC heap after
{Heap after GC invocations=2 (full 0):
 garbage-first heap   total 65536K, used 12895K [0x0000000080000000, 0x0000000100000000)
  region size 1024K, 5 young (5120K), 5 survivors (5120K)
 Metaspace       used 11002K, capacity 11211K, committed 11520K, reserved 1058816K
  class space    used 1144K, capacity 1202K, committed 1280K, reserved 1048576K
}
Event: 2.963 GC heap before
{Heap before GC invocations=2 (full 0):
 garbage-first heap   total 65536K, used 39519K [0x0000000080000000, 0x0000000100000000)
  region size 1024K, 31 young (31744K), 5 survivors (5120K)
 Metaspace       used 17245K, capacity 17662K, committed 17792K, reserved 1064960K
  class space    used 2013K, capacity 2131K, committed 2176K, reserved 1048576K
}
Event: 2.969 GC heap after
{Heap after GC invocations=3 (full 0):
 garbage-first heap   total 65536K, used 15283K [0x0000000080000000, 0x0000000100000000)
  region size 1024K, 3 young (3072K), 3 survivors (3072K)
 Metaspace       used 17245K, capacity 17662K, committed 17792K, reserved 1064960K
  class space    used 2013K, capacity 2131K, committed 2176K, reserved 1048576K
}
Event: 3.401 GC heap before
{Heap before GC invocations=3 (full 0):
 garbage-first heap   total 65536K, used 39859K [0x0000000080000000, 0x0000000100000000)
  region size 1024K, 29 young (29696K), 3 survivors (3072K)
 Metaspace       used 20636K, capacity 21112K, committed 21248K, reserved 1067008K
  class space    used 2534K, capacity 2711K, committed 2816K, reserved 1048576K
}
Event: 3.406 GC heap after
{Heap after GC invocations=4 (full 0):
 garbage-first heap   total 65536K, used 16339K [0x0000000080000000, 0x0000000100000000)
  region size 1024K, 2 young (2048K), 2 survivors (2048K)
 Metaspace       used 20636K, capacity 21112K, committed 21248K, reserved 1067008K
  class space    used 2534K, capacity 2711K, committed 2816K, reserved 1048576K
}
Event: 3.952 GC heap before
{Heap before GC invocations=5 (full 0):
 garbage-first heap   total 65536K, used 45011K [0x0000000080000000, 0x0000000100000000)
  region size 1024K, 31 young (31744K), 2 survivors (2048K)
 Metaspace       used 24187K, capacity 24743K, committed 24832K, reserved 1071104K
  class space    used 3091K, capacity 3264K, committed 3328K, reserved 1048576K
}
Event: 3.954 GC heap after
{Heap after GC invocations=6 (full 0):
 garbage-first heap   total 65536K, used 17503K [0x0000000080000000, 0x0000000100000000)
  region size 1024K, 3 young (3072K), 3 survivors (3072K)
 Metaspace       used 24187K, capacity 24743K, committed 24832K, reserved 1071104K
  class space    used 3091K, capacity 3264K, committed 3328K, reserved 1048576K
}
Event: 4.398 GC heap before
{Heap before GC invocations=6 (full 0):
 garbage-first heap   total 65536K, used 47199K [0x0000000080000000, 0x0000000100000000)
  region size 1024K, 32 young (32768K), 3 survivors (3072K)
 Metaspace       used 27172K, capacity 27810K, committed 27904K, reserved 1073152K
  class space    used 3583K, capacity 3821K, committed 3840K, reserved 1048576K
}
Event: 4.403 GC heap after
{Heap after GC invocations=7 (full 0):
 garbage-first heap   total 65536K, used 18560K [0x0000000080000000, 0x0000000100000000)
  region size 1024K, 3 young (3072K), 3 survivors (3072K)
 Metaspace       used 27172K, capacity 27810K, committed 27904K, reserved 1073152K
  class space    used 3583K, capacity 3821K, committed 3840K, reserved 1048576K
}
Event: 5.091 GC heap before
{Heap before GC invocations=7 (full 0):
 garbage-first heap   total 65536K, used 48256K [0x0000000080000000, 0x0000000100000000)
  region size 1024K, 33 young (33792K), 3 survivors (3072K)
 Metaspace       used 33757K, capacity 34468K, committed 34688K, reserved 1079296K
  class space    used 4372K, capacity 4634K, committed 4736K, reserved 1048576K
}
Event: 5.096 GC heap after
{Heap after GC invocations=8 (full 0):
 garbage-first heap   total 65536K, used 21050K [0x0000000080000000, 0x0000000100000000)
  region size 1024K, 5 young (5120K), 5 survivors (5120K)
 Metaspace       used 33757K, capacity 34468K, committed 34688K, reserved 1079296K
  class space    used 4372K, capacity 4634K, committed 4736K, reserved 1048576K
}
Event: 5.253 GC heap before
{Heap before GC invocations=8 (full 0):
 garbage-first heap   total 65536K, used 28218K [0x0000000080000000, 0x0000000100000000)
  region size 1024K, 13 young (13312K), 5 survivors (5120K)
 Metaspace       used 35089K, capacity 35776K, committed 35840K, reserved 1081344K
  class space    used 4568K, capacity 4857K, committed 4864K, reserved 1048576K
}
Event: 5.262 GC heap after
{Heap after GC invocations=9 (full 0):
 garbage-first heap   total 65536K, used 21534K [0x0000000080000000, 0x0000000100000000)
  region size 1024K, 4 young (4096K), 4 survivors (4096K)
 Metaspace       used 35089K, capacity 35776K, committed 35840K, reserved 1081344K
  class space    used 4568K, capacity 4857K, committed 4864K, reserved 1048576K
}
Event: 5.646 GC heap before
{Heap before GC invocations=10 (full 0):
 garbage-first heap   total 65536K, used 45086K [0x0000000080000000, 0x0000000100000000)
  region size 1024K, 25 young (25600K), 4 survivors (4096K)
 Metaspace       used 37462K, capacity 38226K, committed 38528K, reserved 1083392K
  class space    used 4812K, capacity 5133K, committed 5248K, reserved 1048576K
}
Event: 5.651 GC heap after
{Heap after GC invocations=11 (full 0):
 garbage-first heap   total 65536K, used 23020K [0x0000000080000000, 0x0000000100000000)
  region size 1024K, 2 young (2048K), 2 survivors (2048K)
 Metaspace       used 37462K, capacity 38226K, committed 38528K, reserved 1083392K
  class space    used 4812K, capacity 5133K, committed 5248K, reserved 1048576K
}
Event: 6.007 GC heap before
{Heap before GC invocations=11 (full 0):
 garbage-first heap   total 65536K, used 46572K [0x0000000080000000, 0x0000000100000000)
  region size 1024K, 24 young (24576K), 2 survivors (2048K)
 Metaspace       used 39722K, capacity 40583K, committed 40704K, reserved 1085440K
  class space    used 5049K, capacity 5363K, committed 5376K, reserved 1048576K
}
Event: 6.012 GC heap after
{Heap after GC invocations=12 (full 0):
 garbage-first heap   total 78848K, used 24239K [0x0000000080000000, 0x0000000100000000)
  region size 1024K, 3 young (3072K), 3 survivors (3072K)
 Metaspace       used 39722K, capacity 40583K, committed 40704K, reserved 1085440K
  class space    used 5049K, capacity 5363K, committed 5376K, reserved 1048576K
}

Deoptimization events (20 events):
Event: 6.066 Thread 0x00000208f76e5800 Uncommon trap: trap_request=0xffffff6e fr.pc=0x00000208e5f56d64 relative=0x00000000000007a4
Event: 6.066 Thread 0x00000208f76e5800 Uncommon trap: reason=speculate_class_check action=maybe_recompile pc=0x00000208e5f56d64 method=java.lang.reflect.Executable.declaredAnnotations()Ljava/util/Map; @ 23 c2
Event: 6.067 Thread 0x00000208f76e5800 DEOPT PACKING pc=0x00000208e5f56d64 sp=0x000000ffb72f60f0
Event: 6.067 Thread 0x00000208f76e5800 DEOPT UNPACKING pc=0x00000208de3874af sp=0x000000ffb72f6030 mode 2
Event: 6.067 Thread 0x00000208f76e5800 Uncommon trap: trap_request=0xffffff6e fr.pc=0x00000208e5f56d64 relative=0x00000000000007a4
Event: 6.068 Thread 0x00000208f76e5800 Uncommon trap: reason=speculate_class_check action=maybe_recompile pc=0x00000208e5f56d64 method=java.lang.reflect.Executable.declaredAnnotations()Ljava/util/Map; @ 23 c2
Event: 6.068 Thread 0x00000208f76e5800 DEOPT PACKING pc=0x00000208e5f56d64 sp=0x000000ffb72f60f0
Event: 6.068 Thread 0x00000208f76e5800 DEOPT UNPACKING pc=0x00000208de3874af sp=0x000000ffb72f6030 mode 2
Event: 6.103 Thread 0x00000208f76e5800 Uncommon trap: trap_request=0xffffff6e fr.pc=0x00000208e5f56d64 relative=0x00000000000007a4
Event: 6.103 Thread 0x00000208f76e5800 Uncommon trap: reason=speculate_class_check action=maybe_recompile pc=0x00000208e5f56d64 method=java.lang.reflect.Executable.declaredAnnotations()Ljava/util/Map; @ 23 c2
Event: 6.103 Thread 0x00000208f76e5800 DEOPT PACKING pc=0x00000208e5f56d64 sp=0x000000ffb72f7f20
Event: 6.103 Thread 0x00000208f76e5800 DEOPT UNPACKING pc=0x00000208de3874af sp=0x000000ffb72f7e60 mode 2
Event: 6.204 Thread 0x00000208f76e5800 Uncommon trap: trap_request=0xffffff4d fr.pc=0x00000208e5e77c5c relative=0x000000000000011c
Event: 6.204 Thread 0x00000208f76e5800 Uncommon trap: reason=unstable_if action=reinterpret pc=0x00000208e5e77c5c method=java.net.URI.match(CJJ)Z @ 45 c2
Event: 6.204 Thread 0x00000208f76e5800 DEOPT PACKING pc=0x00000208e5e77c5c sp=0x000000ffb72f91a0
Event: 6.204 Thread 0x00000208f76e5800 DEOPT UNPACKING pc=0x00000208de3874af sp=0x000000ffb72f90d8 mode 2
Event: 6.204 Thread 0x00000208f76e5800 Uncommon trap: trap_request=0xffffff4d fr.pc=0x00000208e5e4fd68 relative=0x0000000000000048
Event: 6.204 Thread 0x00000208f76e5800 Uncommon trap: reason=unstable_if action=reinterpret pc=0x00000208e5e4fd68 method=java.net.URI.match(CJJ)Z @ 19 c2
Event: 6.204 Thread 0x00000208f76e5800 DEOPT PACKING pc=0x00000208e5e4fd68 sp=0x000000ffb72f91b0
Event: 6.204 Thread 0x00000208f76e5800 DEOPT UNPACKING pc=0x00000208de3874af sp=0x000000ffb72f9160 mode 2

Classes redefined (0 events):
No events

Internal exceptions (20 events):
Event: 5.976 Thread 0x00000208f76e5800 Exception <a 'java/lang/ClassNotFoundException'{0x0000000082fad2b8}: org/gradle/api/internal/initialization/DefaultScriptHandlerCustomizer> (0x0000000082fad2b8) thrown at [./src/hotspot/share/classfile/systemDictionary.cpp, line 231]
Event: 5.999 Thread 0x00000208f76e5800 Exception <a 'java/lang/ClassNotFoundException'{0x0000000082bdb450}: org/gradle/api/internal/artifacts/dsl/DefaultRepositoryHandler_DecoratedBeanInfo> (0x0000000082bdb450) thrown at [./src/hotspot/share/classfile/systemDictionary.cpp, line 231]
Event: 6.000 Thread 0x00000208f76e5800 Exception <a 'java/lang/ClassNotFoundException'{0x0000000082a0bfe8}: org/gradle/api/internal/artifacts/dsl/DefaultRepositoryHandlerBeanInfo> (0x0000000082a0bfe8) thrown at [./src/hotspot/share/classfile/systemDictionary.cpp, line 231]
Event: 6.001 Thread 0x00000208f76e5800 Exception <a 'java/lang/ClassNotFoundException'{0x0000000082a3e9f8}: org/gradle/api/internal/artifacts/DefaultArtifactRepositoryContainerBeanInfo> (0x0000000082a3e9f8) thrown at [./src/hotspot/share/classfile/systemDictionary.cpp, line 231]
Event: 6.002 Thread 0x00000208f76e5800 Exception <a 'java/lang/ClassNotFoundException'{0x0000000082a61828}: org/gradle/api/internal/DefaultNamedDomainObjectListBeanInfo> (0x0000000082a61828) thrown at [./src/hotspot/share/classfile/systemDictionary.cpp, line 231]
Event: 6.003 Thread 0x00000208f76e5800 Exception <a 'java/lang/ClassNotFoundException'{0x0000000082a85638}: org/gradle/api/internal/DefaultNamedDomainObjectCollectionBeanInfo> (0x0000000082a85638) thrown at [./src/hotspot/share/classfile/systemDictionary.cpp, line 231]
Event: 6.004 Thread 0x00000208f76e5800 Exception <a 'java/lang/ClassNotFoundException'{0x0000000082aa84a8}: org/gradle/api/internal/DefaultDomainObjectCollectionBeanInfo> (0x0000000082aa84a8) thrown at [./src/hotspot/share/classfile/systemDictionary.cpp, line 231]
Event: 6.004 Thread 0x00000208f76e5800 Exception <a 'java/lang/ClassNotFoundException'{0x0000000082aadf50}: java/util/AbstractCollectionBeanInfo> (0x0000000082aadf50) thrown at [./src/hotspot/share/classfile/systemDictionary.cpp, line 231]
Event: 6.004 Thread 0x00000208f76e5800 Exception <a 'java/lang/ClassNotFoundException'{0x0000000082ab3960}: java/util/AbstractCollectionCustomizer> (0x0000000082ab3960) thrown at [./src/hotspot/share/classfile/systemDictionary.cpp, line 231]
Event: 6.006 Thread 0x00000208f76e5800 Exception <a 'java/lang/ClassNotFoundException'{0x0000000082adfdb0}: org/gradle/api/internal/DefaultDomainObjectCollectionCustomizer> (0x0000000082adfdb0) thrown at [./src/hotspot/share/classfile/systemDictionary.cpp, line 231]
Event: 6.013 Thread 0x00000208f76e5800 Exception <a 'java/lang/ClassNotFoundException'{0x0000000084c21370}: org/gradle/api/internal/DefaultNamedDomainObjectCollectionCustomizer> (0x0000000084c21370) thrown at [./src/hotspot/share/classfile/systemDictionary.cpp, line 231]
Event: 6.017 Thread 0x00000208f76e5800 Exception <a 'java/lang/ClassNotFoundException'{0x0000000084c75c78}: org/gradle/api/internal/DefaultNamedDomainObjectListCustomizer> (0x0000000084c75c78) thrown at [./src/hotspot/share/classfile/systemDictionary.cpp, line 231]
Event: 6.019 Thread 0x00000208f76e5800 Exception <a 'java/lang/ClassNotFoundException'{0x0000000084cc4dd8}: org/gradle/api/internal/artifacts/DefaultArtifactRepositoryContainerCustomizer> (0x0000000084cc4dd8) thrown at [./src/hotspot/share/classfile/systemDictionary.cpp, line 231]
Event: 6.022 Thread 0x00000208f76e5800 Exception <a 'java/lang/ClassNotFoundException'{0x0000000084b06d98}: org/gradle/api/internal/artifacts/dsl/DefaultRepositoryHandlerCustomizer> (0x0000000084b06d98) thrown at [./src/hotspot/share/classfile/systemDictionary.cpp, line 231]
Event: 6.025 Thread 0x00000208f76e5800 Exception <a 'java/lang/ClassNotFoundException'{0x0000000084b59ef8}: org/gradle/api/internal/artifacts/dsl/DefaultRepositoryHandler_DecoratedCustomizer> (0x0000000084b59ef8) thrown at [./src/hotspot/share/classfile/systemDictionary.cpp, line 231]
Event: 6.071 Thread 0x00000208f76e5800 Exception <a 'java/lang/NoSuchMethodError'{0x00000000848b3e10}: 'int java.lang.invoke.DirectMethodHandle$Holder.invokeStaticInit(java.lang.Object, java.lang.Object, java.lang.Object, java.lang.Object)'> (0x00000000848b3e10) thrown at [./src/hotspot/share/interpreter/linkResolver.cpp, line 773]
Event: 6.174 Thread 0x00000208f76e5800 Exception <a 'java/lang/ClassNotFoundException'{0x00000000841362b8}: org/gradle/api/internal/artifacts/dsl/dependencies/DefaultDependencyHandler_DecoratedBeanInfo> (0x00000000841362b8) thrown at [./src/hotspot/share/classfile/systemDictionary.cpp, line 231]
Event: 6.175 Thread 0x00000208f76e5800 Exception <a 'java/lang/ClassNotFoundException'{0x000000008416b0a8}: org/gradle/api/internal/artifacts/dsl/dependencies/DefaultDependencyHandlerBeanInfo> (0x000000008416b0a8) thrown at [./src/hotspot/share/classfile/systemDictionary.cpp, line 231]
Event: 6.176 Thread 0x00000208f76e5800 Exception <a 'java/lang/ClassNotFoundException'{0x00000000841a06b0}: org/gradle/api/internal/artifacts/dsl/dependencies/DefaultDependencyHandlerCustomizer> (0x00000000841a06b0) thrown at [./src/hotspot/share/classfile/systemDictionary.cpp, line 231]
Event: 6.179 Thread 0x00000208f76e5800 Exception <a 'java/lang/ClassNotFoundException'{0x00000000841f4510}: org/gradle/api/internal/artifacts/dsl/dependencies/DefaultDependencyHandler_DecoratedCustomizer> (0x00000000841f4510) thrown at [./src/hotspot/share/classfile/systemDictionary.cpp, line 231]

Events (20 events):
Event: 6.234 loading class org/gradle/api/internal/artifacts/ivyservice/resolveengine/projectresult/ResolvedLocalComponentsResultGraphVisitor
Event: 6.234 loading class org/gradle/api/internal/artifacts/ivyservice/resolveengine/projectresult/ResolvedLocalComponentsResultGraphVisitor done
Event: 6.235 loading class org/gradle/api/internal/artifacts/ivyservice/resolutionstrategy/DefaultCapabilitiesResolution
Event: 6.235 loading class org/gradle/api/internal/artifacts/ivyservice/resolutionstrategy/DefaultCapabilitiesResolution done
Event: 6.236 loading class org/gradle/api/internal/artifacts/ivyservice/resolutionstrategy/CapabilitiesResolutionInternal
Event: 6.236 loading class org/gradle/api/internal/artifacts/ivyservice/resolutionstrategy/CapabilitiesResolutionInternal done
Event: 6.236 loading class org/gradle/api/artifacts/CapabilitiesResolution
Event: 6.236 loading class org/gradle/api/artifacts/CapabilitiesResolution done
Event: 6.237 loading class org/gradle/api/internal/artifacts/ivyservice/resolveengine/graph/conflicts/CapabilitiesConflictHandler$ResolutionDetails
Event: 6.237 loading class org/gradle/api/internal/artifacts/ivyservice/resolveengine/graph/conflicts/CapabilitiesConflictHandler$ResolutionDetails done
Event: 6.237 loading class org/gradle/api/internal/artifacts/ivyservice/resolveengine/graph/conflicts/ConflictResolutionResult
Event: 6.237 loading class org/gradle/api/internal/artifacts/ivyservice/resolveengine/graph/conflicts/ConflictResolutionResult done
Event: 6.237 loading class org/gradle/api/internal/artifacts/ivyservice/resolutionstrategy/DefaultCapabilitiesResolution$DefaultCapabilityResolutionDetails
Event: 6.237 loading class org/gradle/api/internal/artifacts/ivyservice/resolutionstrategy/DefaultCapabilitiesResolution$DefaultCapabilityResolutionDetails done
Event: 6.238 loading class org/gradle/api/artifacts/CapabilityResolutionDetails
Event: 6.238 loading class org/gradle/api/artifacts/CapabilityResolutionDetails done
Event: 6.238 loading class org/gradle/api/internal/artifacts/ivyservice/resolveengine/graph/conflicts/CapabilitiesConflictHandler$CandidateDetails
Event: 6.238 loading class org/gradle/api/internal/artifacts/ivyservice/resolveengine/graph/conflicts/CapabilitiesConflictHandler$CandidateDetails done
Event: 6.238 loading class org/gradle/internal/component/external/model/ImmutableCapability
Event: 6.238 loading class org/gradle/internal/component/external/model/ImmutableCapability done


Dynamic libraries:
0x00007ff6e9850000 - 0x00007ff6e985a000 	C:\Program Files\Android\Android Studio\jre\bin\java.exe
0x00007ffcfe630000 - 0x00007ffcfe825000 	C:\WINDOWS\SYSTEM32\ntdll.dll
0x00007ffcfe420000 - 0x00007ffcfe4de000 	C:\WINDOWS\System32\KERNEL32.DLL
0x00007ffcfbd80000 - 0x00007ffcfc048000 	C:\WINDOWS\System32\KERNELBASE.dll
0x00007ffcfc0a0000 - 0x00007ffcfc1a0000 	C:\WINDOWS\System32\ucrtbase.dll
0x00007ffce9610000 - 0x00007ffce9629000 	C:\Program Files\Android\Android Studio\jre\bin\jli.dll
0x00007ffcdcc30000 - 0x00007ffcdcc47000 	C:\Program Files\Android\Android Studio\jre\bin\VCRUNTIME140.dll
0x00007ffcfe270000 - 0x00007ffcfe411000 	C:\WINDOWS\System32\USER32.dll
0x00007ffcfc3e0000 - 0x00007ffcfc402000 	C:\WINDOWS\System32\win32u.dll
0x00007ffce8640000 - 0x00007ffce88da000 	C:\WINDOWS\WinSxS\amd64_microsoft.windows.common-controls_6595b64144ccf1df_6.0.19041.1110_none_60b5254171f9507e\COMCTL32.dll
0x00007ffcfc680000 - 0x00007ffcfc6ab000 	C:\WINDOWS\System32\GDI32.dll
0x00007ffcfd620000 - 0x00007ffcfd6be000 	C:\WINDOWS\System32\msvcrt.dll
0x00007ffcfc2d0000 - 0x00007ffcfc3db000 	C:\WINDOWS\System32\gdi32full.dll
0x00007ffcfc1a0000 - 0x00007ffcfc23d000 	C:\WINDOWS\System32\msvcp_win.dll
0x00007ffcfe240000 - 0x00007ffcfe270000 	C:\WINDOWS\System32\IMM32.DLL
0x00007ffccf470000 - 0x00007ffccf50d000 	C:\Program Files\Android\Android Studio\jre\bin\msvcp140.dll
0x00007ffc9c310000 - 0x00007ffc9cdcc000 	C:\Program Files\Android\Android Studio\jre\bin\server\jvm.dll
0x00007ffcfd850000 - 0x00007ffcfd8fc000 	C:\WINDOWS\System32\ADVAPI32.dll
0x00007ffcfc6b0000 - 0x00007ffcfc74b000 	C:\WINDOWS\System32\sechost.dll
0x00007ffcfdc90000 - 0x00007ffcfddba000 	C:\WINDOWS\System32\RPCRT4.dll
0x00007ffcfd7b0000 - 0x00007ffcfd7b8000 	C:\WINDOWS\System32\PSAPI.DLL
0x00007ffceabd0000 - 0x00007ffceabda000 	C:\WINDOWS\SYSTEM32\VERSION.dll
0x00007ffce7390000 - 0x00007ffce73b7000 	C:\WINDOWS\SYSTEM32\WINMM.dll
0x00007ffcf6600000 - 0x00007ffcf6609000 	C:\WINDOWS\SYSTEM32\WSOCK32.dll
0x00007ffcfd720000 - 0x00007ffcfd78b000 	C:\WINDOWS\System32\WS2_32.dll
0x00007ffcfa5e0000 - 0x00007ffcfa5f2000 	C:\WINDOWS\SYSTEM32\kernel.appcore.dll
0x00007ffce3b40000 - 0x00007ffce3b51000 	C:\Program Files\Android\Android Studio\jre\bin\verify.dll
0x00007ffcfa290000 - 0x00007ffcfa474000 	C:\WINDOWS\SYSTEM32\DBGHELP.DLL
0x00007ffce9370000 - 0x00007ffce939c000 	C:\WINDOWS\SYSTEM32\dbgcore.DLL
0x00007ffcfc240000 - 0x00007ffcfc2c3000 	C:\WINDOWS\System32\bcryptPrimitives.dll
0x00007ffccf320000 - 0x00007ffccf349000 	C:\Program Files\Android\Android Studio\jre\bin\java.dll
0x00007ffcf5e40000 - 0x00007ffcf5e4b000 	C:\Program Files\Android\Android Studio\jre\bin\jimage.dll
0x00007ffcdfc80000 - 0x00007ffcdfc98000 	C:\Program Files\Android\Android Studio\jre\bin\zip.dll
0x00007ffcfce20000 - 0x00007ffcfd55f000 	C:\WINDOWS\System32\SHELL32.dll
0x00007ffcf9b00000 - 0x00007ffcfa290000 	C:\WINDOWS\SYSTEM32\windows.storage.dll
0x00007ffcfc910000 - 0x00007ffcfcc65000 	C:\WINDOWS\System32\combase.dll
0x00007ffcfb7a0000 - 0x00007ffcfb7ce000 	C:\WINDOWS\SYSTEM32\Wldp.dll
0x00007ffcfdbe0000 - 0x00007ffcfdc8d000 	C:\WINDOWS\System32\SHCORE.dll
0x00007ffcfd5c0000 - 0x00007ffcfd615000 	C:\WINDOWS\System32\shlwapi.dll
0x00007ffcfbc90000 - 0x00007ffcfbcaf000 	C:\WINDOWS\SYSTEM32\profapi.dll
0x00007ffcddde0000 - 0x00007ffcdddfa000 	C:\Program Files\Android\Android Studio\jre\bin\net.dll
0x00007ffcefba0000 - 0x00007ffcefcac000 	C:\WINDOWS\SYSTEM32\WINHTTP.dll
0x00007ffcfb4b0000 - 0x00007ffcfb51a000 	C:\WINDOWS\system32\mswsock.dll
0x00007ffccf300000 - 0x00007ffccf314000 	C:\Program Files\Android\Android Studio\jre\bin\nio.dll
0x00007ffcdc4f0000 - 0x00007ffcdc517000 	C:\Users\Hp\.gradle\native\fdc75f09e3144964f2cf3f50f0aa648679c211496f362492102eb8c894070792\windows-amd64\native-platform.dll
0x00007ffca2680000 - 0x00007ffca2816000 	C:\Users\Hp\.gradle\native\12488b8bf47d2d4c9fbf2f6322a914ad602e24e48041cd04a747c6da556b65c4\windows-amd64\native-platform-file-events.dll
0x00007ffcde250000 - 0x00007ffcde25a000 	C:\Program Files\Android\Android Studio\jre\bin\management.dll
0x00007ffcdde10000 - 0x00007ffcdde1c000 	C:\Program Files\Android\Android Studio\jre\bin\management_ext.dll
0x00007ffcfb6d0000 - 0x00007ffcfb6e8000 	C:\WINDOWS\SYSTEM32\CRYPTSP.dll
0x00007ffcfadd0000 - 0x00007ffcfae04000 	C:\WINDOWS\system32\rsaenh.dll
0x00007ffcfbd50000 - 0x00007ffcfbd77000 	C:\WINDOWS\System32\bcrypt.dll
0x00007ffcfbc50000 - 0x00007ffcfbc7e000 	C:\WINDOWS\SYSTEM32\USERENV.dll
0x00007ffcfb6f0000 - 0x00007ffcfb6fc000 	C:\WINDOWS\SYSTEM32\CRYPTBASE.dll
0x00007ffcfb170000 - 0x00007ffcfb1ab000 	C:\WINDOWS\SYSTEM32\IPHLPAPI.DLL
0x00007ffcfd7c0000 - 0x00007ffcfd7c8000 	C:\WINDOWS\System32\NSI.dll
0x00007ffcf92f0000 - 0x00007ffcf9307000 	C:\WINDOWS\SYSTEM32\dhcpcsvc6.DLL
0x00007ffcf92d0000 - 0x00007ffcf92ed000 	C:\WINDOWS\SYSTEM32\dhcpcsvc.DLL
0x00007ffcfb1b0000 - 0x00007ffcfb27b000 	C:\WINDOWS\SYSTEM32\DNSAPI.dll
0x00007ffcf4f80000 - 0x00007ffcf4f8b000 	C:\WINDOWS\SYSTEM32\WINNSI.DLL

dbghelp: loaded successfully - version: 4.0.5 - missing functions: none
symbol engine: initialized successfully - sym options: 0x614 - pdb path: .;C:\Program Files\Android\Android Studio\jre\bin;C:\WINDOWS\SYSTEM32;C:\WINDOWS\WinSxS\amd64_microsoft.windows.common-controls_6595b64144ccf1df_6.0.19041.1110_none_60b5254171f9507e;C:\Program Files\Android\Android Studio\jre\bin\server;C:\Users\Hp\.gradle\native\fdc75f09e3144964f2cf3f50f0aa648679c211496f362492102eb8c894070792\windows-amd64;C:\Users\Hp\.gradle\native\12488b8bf47d2d4c9fbf2f6322a914ad602e24e48041cd04a747c6da556b65c4\windows-amd64

VM Arguments:
jvm_args: --add-opens=java.base/java.util=ALL-UNNAMED --add-opens=java.base/java.lang=ALL-UNNAMED --add-opens=java.base/java.lang.invoke=ALL-UNNAMED --add-opens=java.prefs/java.util.prefs=ALL-UNNAMED -Xmx2048m -Dfile.encoding=UTF-8 -Duser.country=ID -Duser.language=en -Duser.variant 
java_command: org.gradle.launcher.daemon.bootstrap.GradleDaemon 6.7.1
java_class_path (initial): C:\Users\Hp\.gradle\wrapper\dists\gradle-6.7.1-bin\bwlcbys1h7rz3272sye1xwiv6\gradle-6.7.1\lib\gradle-launcher-6.7.1.jar
Launcher Type: SUN_STANDARD

[Global flags]
     intx CICompilerCount                          = 4                                         {product} {ergonomic}
     uint ConcGCThreads                            = 2                                         {product} {ergonomic}
     uint G1ConcRefinementThreads                  = 8                                         {product} {ergonomic}
   size_t G1HeapRegionSize                         = 1048576                                   {product} {ergonomic}
    uintx GCDrainStackTargetSize                   = 64                                        {product} {ergonomic}
   size_t InitialHeapSize                          = 67108864                                  {product} {ergonomic}
   size_t MarkStackSize                            = 4194304                                   {product} {ergonomic}
   size_t MaxHeapSize                              = 2147483648                                {product} {command line}
   size_t MaxNewSize                               = 1287651328                                {product} {ergonomic}
   size_t MinHeapDeltaBytes                        = 1048576                                   {product} {ergonomic}
    uintx NonNMethodCodeHeapSize                   = 5836300                                {pd product} {ergonomic}
    uintx NonProfiledCodeHeapSize                  = 122910970                              {pd product} {ergonomic}
    uintx ProfiledCodeHeapSize                     = 122910970                              {pd product} {ergonomic}
    uintx ReservedCodeCacheSize                    = 251658240                              {pd product} {ergonomic}
     bool SegmentedCodeCache                       = true                                      {product} {ergonomic}
     bool UseCompressedClassPointers               = true                                 {lp64_product} {ergonomic}
     bool UseCompressedOops                        = true                                 {lp64_product} {ergonomic}
     bool UseG1GC                                  = true                                      {product} {ergonomic}
     bool UseLargePagesIndividualAllocation        = false                                  {pd product} {ergonomic}

Logging:
Log output configuration:
 #0: stdout all=warning uptime,level,tags
 #1: stderr all=off uptime,level,tags

Environment Variables:
PATH=C:\ProgramData\Oracle\Java\javapath;C:\Program Files (x86)\Common Files\Oracle\Java\javapath;C:\WINDOWS\system32;C:\WINDOWS;C:\WINDOWS\System32\Wbem;C:\WINDOWS\System32\WindowsPowerShell\v1.0\;C:\WINDOWS\System32\OpenSSH\;C:\Program Files\Git\cmd;D:\kuliah\SFML-2.5.1\bin;C:\Users\Hp\AppData\Local\Programs\Python\Python39\Scripts\;C:\Users\Hp\AppData\Local\Programs\Python\Python39\;C:\Program Files\Java\jdk1.8.0_291\bin;D:\Bahan Kuliah\bin;C:\opencv\opencv\build\x64\vc15\bin;C:\Users\Hp\AppData\Local\Microsoft\WindowsApps;D:\Microsoft VS Code\bin;
USERNAME=jasmine
OS=Windows_NT
PROCESSOR_IDENTIFIER=Intel64 Family 6 Model 142 Stepping 11, GenuineIntel



---------------  S Y S T E M  ---------------

OS: Windows 10 , 64 bit Build 19041 (10.0.19041.1348)
OS uptime: 0 days 0:43 hours
HyperV virtualization detected

CPU:total 8 (initial active 8) (4 cores per cpu, 2 threads per core) family 6 model 142 stepping 11, cmov, cx8, fxsr, mmx, sse, sse2, sse3, ssse3, sse4.1, sse4.2, popcnt, avx, avx2, aes, clmul, erms, 3dnowpref, lzcnt, ht, tsc, tscinvbit, bmi1, bmi2, adx, fma

Memory: 4k page, system-wide physical 3982M (316M free)
TotalPageFile size 8078M (AvailPageFile size 4M)
current process WorkingSet (physical memory assigned to process): 203M, peak: 203M
current process commit charge ("private bytes"): 245M, peak: 247M

vm_info: OpenJDK 64-Bit Server VM (11.0.8+10-b944.6842174) for windows-amd64 JRE (11.0.8+10-b944.6842174), built on Sep 19 2020 01:11:42 by "builder" with MS VC++ 14.0 (VS2015)

END.
