#
# There is insufficient memory for the Java Runtime Environment to continue.
# Native memory allocation (malloc) failed to allocate 1016016 bytes for Chunk::new
# Possible reasons:
#   The system is out of physical RAM or swap space
#   The process is running with CompressedOops enabled, and the Java Heap may be blocking the growth of the native heap
# Possible solutions:
#   Reduce memory load on the system
#   Increase physical memory or swap space
#   Check if swap backing store is full
#   Decrease Java heap size (-Xmx/-Xms)
#   Decrease number of Java threads
#   Decrease Java thread stack sizes (-Xss)
#   Set larger code cache with -XX:ReservedCodeCacheSize=
#   JVM is running with Unscaled Compressed Oops mode in which the Java heap is
#     placed in the first 4GB address space. The Java Heap base address is the
#     maximum limit for the native heap growth. Please use -XX:HeapBaseMinAddress
#     to set the Java Heap base and to place the Java Heap above 4GB virtual address.
# This output file may be truncated or incomplete.
#
#  Out of Memory Error (./src/hotspot/share/memory/arena.cpp:197), pid=2036, tid=732
#
# JRE version: OpenJDK Runtime Environment (11.0.8+10) (build 11.0.8+10-b944.6842174)
# Java VM: OpenJDK 64-Bit Server VM (11.0.8+10-b944.6842174, mixed mode, tiered, compressed oops, g1 gc, windows-amd64)
# No core dump will be written. Minidumps are not enabled by default on client versions of Windows
#

---------------  S U M M A R Y ------------

Command Line: --add-opens=java.base/java.util=ALL-UNNAMED --add-opens=java.base/java.lang=ALL-UNNAMED --add-opens=java.base/java.lang.invoke=ALL-UNNAMED --add-opens=java.prefs/java.util.prefs=ALL-UNNAMED -Xmx2048m -Dfile.encoding=UTF-8 -Duser.country=ID -Duser.language=en -Duser.variant org.gradle.launcher.daemon.bootstrap.GradleDaemon 6.7.1

Host: Intel(R) Core(TM) i5-8265U CPU @ 1.60GHz, 8 cores, 3G,  Windows 10 , 64 bit Build 19041 (10.0.19041.1348)
Time: Tue Nov 16 13:50:04 2021 SE Asia Standard Time elapsed time: 3 seconds (0d 0h 0m 3s)

---------------  T H R E A D  ---------------

Current thread (0x00000287545b5000):  JavaThread "C2 CompilerThread0" daemon [_thread_in_native, id=732, stack(0x000000bfa9b00000,0x000000bfa9c00000)]


Current CompileTask:
C2:   3567 2241       4       java.net.URLClassLoader$1::run (5 bytes)

Stack: [0x000000bfa9b00000,0x000000bfa9c00000]
Native frames: (J=compiled Java code, j=interpreted, Vv=VM code, C=native code)
V  [jvm.dll+0x5de50a]
V  [jvm.dll+0x7122f5]
V  [jvm.dll+0x71384d]
V  [jvm.dll+0x713f03]
V  [jvm.dll+0x23e728]
V  [jvm.dll+0xb899c]
V  [jvm.dll+0xb8e9c]
V  [jvm.dll+0x2b20e4]
V  [jvm.dll+0x502098]
V  [jvm.dll+0x1ff393]
V  [jvm.dll+0x1f917c]
V  [jvm.dll+0x1f685f]
V  [jvm.dll+0x17f32c]
V  [jvm.dll+0x205047]
V  [jvm.dll+0x203891]
V  [jvm.dll+0x6dad3f]
V  [jvm.dll+0x6d3895]
V  [jvm.dll+0x5dd4a6]
C  [ucrtbase.dll+0x21bb2]
C  [KERNEL32.DLL+0x17034]
C  [ntdll.dll+0x52651]


---------------  P R O C E S S  ---------------

Threads class SMR info:
_java_thread_list=0x00000287588fc830, length=27, elements={
0x000002873798b000, 0x0000028753c3c800, 0x0000028753c46000, 0x00000287545b2800,
0x00000287545b4000, 0x00000287545b5000, 0x00000287545ba800, 0x00000287545bb800,
0x000002875472c800, 0x000002875474c800, 0x00000287555d2800, 0x00000287568de800,
0x0000028756317000, 0x0000028755d74800, 0x00000287562b1800, 0x0000028755f00000,
0x000002875662a800, 0x0000028755ffc000, 0x0000028755ffc800, 0x0000028756dac800,
0x000002875605d800, 0x000002875605c000, 0x000002875605e800, 0x000002875605f000,
0x0000028756060800, 0x0000028756061800, 0x0000028756062800
}

Java Threads: ( => current thread )
  0x000002873798b000 JavaThread "main" [_thread_blocked, id=9612, stack(0x000000bfa9000000,0x000000bfa9100000)]
  0x0000028753c3c800 JavaThread "Reference Handler" daemon [_thread_blocked, id=7368, stack(0x000000bfa9700000,0x000000bfa9800000)]
  0x0000028753c46000 JavaThread "Finalizer" daemon [_thread_blocked, id=9224, stack(0x000000bfa9800000,0x000000bfa9900000)]
  0x00000287545b2800 JavaThread "Signal Dispatcher" daemon [_thread_blocked, id=8944, stack(0x000000bfa9900000,0x000000bfa9a00000)]
  0x00000287545b4000 JavaThread "Attach Listener" daemon [_thread_blocked, id=11132, stack(0x000000bfa9a00000,0x000000bfa9b00000)]
=>0x00000287545b5000 JavaThread "C2 CompilerThread0" daemon [_thread_in_native, id=732, stack(0x000000bfa9b00000,0x000000bfa9c00000)]
  0x00000287545ba800 JavaThread "C1 CompilerThread0" daemon [_thread_in_native, id=2472, stack(0x000000bfa9c00000,0x000000bfa9d00000)]
  0x00000287545bb800 JavaThread "Sweeper thread" daemon [_thread_blocked, id=2864, stack(0x000000bfa9d00000,0x000000bfa9e00000)]
  0x000002875472c800 JavaThread "Common-Cleaner" daemon [_thread_blocked, id=9548, stack(0x000000bfa9e00000,0x000000bfa9f00000)]
  0x000002875474c800 JavaThread "Service Thread" daemon [_thread_blocked, id=10352, stack(0x000000bfa9f00000,0x000000bfaa000000)]
  0x00000287555d2800 JavaThread "Daemon health stats" [_thread_blocked, id=4128, stack(0x000000bfaa200000,0x000000bfaa300000)]
  0x00000287568de800 JavaThread "Incoming local TCP Connector on port 54656" [_thread_in_native, id=4400, stack(0x000000bfaa500000,0x000000bfaa600000)]
  0x0000028756317000 JavaThread "Daemon periodic checks" [_thread_blocked, id=5592, stack(0x000000bfaa600000,0x000000bfaa700000)]
  0x0000028755d74800 JavaThread "Daemon" [_thread_blocked, id=4560, stack(0x000000bfaa700000,0x000000bfaa800000)]
  0x00000287562b1800 JavaThread "Handler for socket connection from /127.0.0.1:54656 to /127.0.0.1:54657" [_thread_in_native, id=5104, stack(0x000000bfaa800000,0x000000bfaa900000)]
  0x0000028755f00000 JavaThread "Cancel handler" [_thread_blocked, id=4024, stack(0x000000bfaa900000,0x000000bfaaa00000)]
  0x000002875662a800 JavaThread "Daemon worker" [_thread_in_vm, id=10336, stack(0x000000bfaaa00000,0x000000bfaab00000)]
  0x0000028755ffc000 JavaThread "Asynchronous log dispatcher for DefaultDaemonConnection: socket connection from /127.0.0.1:54656 to /127.0.0.1:54657" [_thread_blocked, id=9820, stack(0x000000bfaab00000,0x000000bfaac00000)]
  0x0000028755ffc800 JavaThread "Stdin handler" [_thread_blocked, id=6708, stack(0x000000bfaac00000,0x000000bfaad00000)]
  0x0000028756dac800 JavaThread "Thread-8" [_thread_blocked, id=6816, stack(0x000000bfaad00000,0x000000bfaae00000)]
  0x000002875605d800 JavaThread "Cache worker for file hash cache (C:\Users\Hp\.gradle\caches\6.7.1\fileHashes)" [_thread_blocked, id=10296, stack(0x000000bfab400000,0x000000bfab500000)]
  0x000002875605c000 JavaThread "File lock request listener" [_thread_in_native, id=12084, stack(0x000000bfab500000,0x000000bfab600000)]
  0x000002875605e800 JavaThread "Cache worker for journal cache (C:\Users\Hp\.gradle\caches\journal-1)" [_thread_blocked, id=9460, stack(0x000000bfab700000,0x000000bfab800000)]
  0x000002875605f000 JavaThread "Cache worker for file hash cache (D:\FLO\.gradle\6.7.1\fileHashes)" [_thread_blocked, id=3560, stack(0x000000bfab800000,0x000000bfab900000)]
  0x0000028756060800 JavaThread "Cache worker for checksums cache (D:\FLO\.gradle\checksums)" [_thread_blocked, id=6996, stack(0x000000bfab900000,0x000000bfaba00000)]
  0x0000028756061800 JavaThread "Cache worker for cache directory md-supplier (C:\Users\Hp\.gradle\caches\6.7.1\md-supplier)" [_thread_blocked, id=4452, stack(0x000000bfaba00000,0x000000bfabb00000)]
  0x0000028756062800 JavaThread "Cache worker for cache directory md-rule (C:\Users\Hp\.gradle\caches\6.7.1\md-rule)" [_thread_blocked, id=9428, stack(0x000000bfabb00000,0x000000bfabc00000)]

Other Threads:
  0x0000028753c36800 VMThread "VM Thread" [stack: 0x000000bfa9600000,0x000000bfa9700000] [id=9472]
  0x000002875473f800 WatcherThread [stack: 0x000000bfaa000000,0x000000bfaa100000] [id=6452]
  0x00000287379a3000 GCTaskThread "GC Thread#0" [stack: 0x000000bfa9100000,0x000000bfa9200000] [id=11236]
  0x00000287551ae000 GCTaskThread "GC Thread#1" [stack: 0x000000bfaa100000,0x000000bfaa200000] [id=2740]
  0x0000028755ffa800 GCTaskThread "GC Thread#2" [stack: 0x000000bfaae00000,0x000000bfaaf00000] [id=9076]
  0x0000028756066000 GCTaskThread "GC Thread#3" [stack: 0x000000bfaaf00000,0x000000bfab000000] [id=11836]
  0x0000028756066800 GCTaskThread "GC Thread#4" [stack: 0x000000bfab000000,0x000000bfab100000] [id=11460]
  0x000002875604e000 GCTaskThread "GC Thread#5" [stack: 0x000000bfab100000,0x000000bfab200000] [id=8284]
  0x000002875604e800 GCTaskThread "GC Thread#6" [stack: 0x000000bfab200000,0x000000bfab300000] [id=6184]
  0x00000287557d5000 GCTaskThread "GC Thread#7" [stack: 0x000000bfab300000,0x000000bfab400000] [id=2296]
  0x00000287379d4800 ConcurrentGCThread "G1 Main Marker" [stack: 0x000000bfa9200000,0x000000bfa9300000] [id=11772]
  0x00000287379d7000 ConcurrentGCThread "G1 Conc#0" [stack: 0x000000bfa9300000,0x000000bfa9400000] [id=2040]
  0x0000028756b29000 ConcurrentGCThread "G1 Conc#1" [stack: 0x000000bfab600000,0x000000bfab700000] [id=11976]
  0x0000028737a43000 ConcurrentGCThread "G1 Refine#0" [stack: 0x000000bfa9400000,0x000000bfa9500000] [id=4076]
  0x0000028737a44000 ConcurrentGCThread "G1 Young RemSet Sampling" [stack: 0x000000bfa9500000,0x000000bfa9600000] [id=6548]

Threads with active compile tasks:
C2 CompilerThread0   3606 2241       4       java.net.URLClassLoader$1::run (5 bytes)

VM state:not at safepoint (normal execution)

VM Mutex/Monitor currently owned by a thread: None

Heap address: 0x0000000080000000, size: 2048 MB, Compressed Oops mode: 32-bit
Narrow klass base: 0x0000000000000000, Narrow klass shift: 3
Compressed class space size: 1073741824 Address: 0x0000000100000000

Heap:
 garbage-first heap   total 65536K, used 23981K [0x0000000080000000, 0x0000000100000000)
  region size 1024K, 9 young (9216K), 3 survivors (3072K)
 Metaspace       used 27586K, capacity 28275K, committed 28544K, reserved 1077248K
  class space    used 3641K, capacity 3890K, committed 3968K, reserved 1048576K
Heap Regions: E=young(eden), S=young(survivor), O=old, HS=humongous(starts), HC=humongous(continues), CS=collection set, F=free, A=archive, TAMS=top-at-mark-start (previous, next)
|   0|0x0000000080000000, 0x0000000080100000, 0x0000000080100000|100%| O|  |TAMS 0x0000000080100000, 0x0000000080000000| Untracked 
|   1|0x0000000080100000, 0x0000000080200000, 0x0000000080200000|100%| O|  |TAMS 0x0000000080200000, 0x0000000080100000| Untracked 
|   2|0x0000000080200000, 0x0000000080300000, 0x0000000080300000|100%| O|  |TAMS 0x0000000080300000, 0x0000000080200000| Untracked 
|   3|0x0000000080300000, 0x0000000080400000, 0x0000000080400000|100%|HS|  |TAMS 0x0000000080400000, 0x0000000080300000| Complete 
|   4|0x0000000080400000, 0x0000000080500000, 0x0000000080500000|100%|HC|  |TAMS 0x0000000080500000, 0x0000000080400000| Complete 
|   5|0x0000000080500000, 0x0000000080600000, 0x0000000080600000|100%|HC|  |TAMS 0x0000000080600000, 0x0000000080500000| Complete 
|   6|0x0000000080600000, 0x0000000080700000, 0x0000000080700000|100%| O|  |TAMS 0x0000000080700000, 0x0000000080600000| Untracked 
|   7|0x0000000080700000, 0x0000000080800000, 0x0000000080800000|100%| O|  |TAMS 0x0000000080800000, 0x0000000080700000| Untracked 
|   8|0x0000000080800000, 0x0000000080900000, 0x0000000080900000|100%| O|  |TAMS 0x0000000080900000, 0x0000000080800000| Untracked 
|   9|0x0000000080900000, 0x0000000080a00000, 0x0000000080a00000|100%| O|  |TAMS 0x0000000080a00000, 0x0000000080900000| Untracked 
|  10|0x0000000080a00000, 0x0000000080b00000, 0x0000000080b00000|100%| O|  |TAMS 0x0000000080b00000, 0x0000000080a00000| Untracked 
|  11|0x0000000080b00000, 0x0000000080c00000, 0x0000000080c00000|100%| O|  |TAMS 0x0000000080c00000, 0x0000000080b00000| Untracked 
|  12|0x0000000080c00000, 0x0000000080d00000, 0x0000000080d00000|100%| O|  |TAMS 0x0000000080d00000, 0x0000000080c00000| Untracked 
|  13|0x0000000080d00000, 0x0000000080e00000, 0x0000000080e00000|100%| O|  |TAMS 0x0000000080e00000, 0x0000000080d00000| Untracked 
|  14|0x0000000080e00000, 0x0000000080f00000, 0x0000000080f00000|100%| O|  |TAMS 0x0000000080f00000, 0x0000000080e00000| Untracked 
|  15|0x0000000080f00000, 0x0000000080ffc200, 0x0000000081000000| 98%| O|  |TAMS 0x0000000080f28c00, 0x0000000080f00000| Untracked 
|  16|0x0000000081000000, 0x0000000081000000, 0x0000000081100000|  0%| F|  |TAMS 0x0000000081000000, 0x0000000081000000| Untracked 
|  17|0x0000000081100000, 0x0000000081100000, 0x0000000081200000|  0%| F|  |TAMS 0x0000000081100000, 0x0000000081100000| Untracked 
|  18|0x0000000081200000, 0x0000000081200000, 0x0000000081300000|  0%| F|  |TAMS 0x0000000081200000, 0x0000000081200000| Untracked 
|  19|0x0000000081300000, 0x0000000081300000, 0x0000000081400000|  0%| F|  |TAMS 0x0000000081300000, 0x0000000081300000| Untracked 
|  20|0x0000000081400000, 0x0000000081400000, 0x0000000081500000|  0%| F|  |TAMS 0x0000000081400000, 0x0000000081400000| Untracked 
|  21|0x0000000081500000, 0x0000000081500000, 0x0000000081600000|  0%| F|  |TAMS 0x0000000081500000, 0x0000000081500000| Untracked 
|  22|0x0000000081600000, 0x0000000081600000, 0x0000000081700000|  0%| F|  |TAMS 0x0000000081600000, 0x0000000081600000| Untracked 
|  23|0x0000000081700000, 0x0000000081700000, 0x0000000081800000|  0%| F|  |TAMS 0x0000000081700000, 0x0000000081700000| Untracked 
|  24|0x0000000081800000, 0x0000000081800000, 0x0000000081900000|  0%| F|  |TAMS 0x0000000081800000, 0x0000000081800000| Untracked 
|  25|0x0000000081900000, 0x0000000081900000, 0x0000000081a00000|  0%| F|  |TAMS 0x0000000081900000, 0x0000000081900000| Untracked 
|  26|0x0000000081a00000, 0x0000000081a00000, 0x0000000081b00000|  0%| F|  |TAMS 0x0000000081a00000, 0x0000000081a00000| Untracked 
|  27|0x0000000081b00000, 0x0000000081b00000, 0x0000000081c00000|  0%| F|  |TAMS 0x0000000081b00000, 0x0000000081b00000| Untracked 
|  28|0x0000000081c00000, 0x0000000081c00000, 0x0000000081d00000|  0%| F|  |TAMS 0x0000000081c00000, 0x0000000081c00000| Untracked 
|  29|0x0000000081d00000, 0x0000000081d6f350, 0x0000000081e00000| 43%| S|CS|TAMS 0x0000000081d00000, 0x0000000081d00000| Complete 
|  30|0x0000000081e00000, 0x0000000081f00000, 0x0000000081f00000|100%| S|CS|TAMS 0x0000000081e00000, 0x0000000081e00000| Complete 
|  31|0x0000000081f00000, 0x0000000081f00000, 0x0000000082000000|  0%| F|  |TAMS 0x0000000081f00000, 0x0000000081f00000| Untracked 
|  32|0x0000000082000000, 0x0000000082000000, 0x0000000082100000|  0%| F|  |TAMS 0x0000000082000000, 0x0000000082000000| Untracked 
|  33|0x0000000082100000, 0x0000000082200000, 0x0000000082200000|100%| S|CS|TAMS 0x0000000082100000, 0x0000000082100000| Complete 
|  34|0x0000000082200000, 0x0000000082200000, 0x0000000082300000|  0%| F|  |TAMS 0x0000000082200000, 0x0000000082200000| Untracked 
|  35|0x0000000082300000, 0x0000000082300000, 0x0000000082400000|  0%| F|  |TAMS 0x0000000082300000, 0x0000000082300000| Untracked 
|  36|0x0000000082400000, 0x0000000082400000, 0x0000000082500000|  0%| F|  |TAMS 0x0000000082400000, 0x0000000082400000| Untracked 
|  37|0x0000000082500000, 0x0000000082500000, 0x0000000082600000|  0%| F|  |TAMS 0x0000000082500000, 0x0000000082500000| Untracked 
|  38|0x0000000082600000, 0x0000000082600000, 0x0000000082700000|  0%| F|  |TAMS 0x0000000082600000, 0x0000000082600000| Untracked 
|  39|0x0000000082700000, 0x0000000082700000, 0x0000000082800000|  0%| F|  |TAMS 0x0000000082700000, 0x0000000082700000| Untracked 
|  40|0x0000000082800000, 0x0000000082800000, 0x0000000082900000|  0%| F|  |TAMS 0x0000000082800000, 0x0000000082800000| Untracked 
|  41|0x0000000082900000, 0x0000000082900000, 0x0000000082a00000|  0%| F|  |TAMS 0x0000000082900000, 0x0000000082900000| Untracked 
|  42|0x0000000082a00000, 0x0000000082a00000, 0x0000000082b00000|  0%| F|  |TAMS 0x0000000082a00000, 0x0000000082a00000| Untracked 
|  43|0x0000000082b00000, 0x0000000082b00000, 0x0000000082c00000|  0%| F|  |TAMS 0x0000000082b00000, 0x0000000082b00000| Untracked 
|  44|0x0000000082c00000, 0x0000000082c00000, 0x0000000082d00000|  0%| F|  |TAMS 0x0000000082c00000, 0x0000000082c00000| Untracked 
|  45|0x0000000082d00000, 0x0000000082d00000, 0x0000000082e00000|  0%| F|  |TAMS 0x0000000082d00000, 0x0000000082d00000| Untracked 
|  46|0x0000000082e00000, 0x0000000082e00000, 0x0000000082f00000|  0%| F|  |TAMS 0x0000000082e00000, 0x0000000082e00000| Untracked 
|  47|0x0000000082f00000, 0x0000000082f00000, 0x0000000083000000|  0%| F|  |TAMS 0x0000000082f00000, 0x0000000082f00000| Untracked 
|  48|0x0000000083000000, 0x0000000083000000, 0x0000000083100000|  0%| F|  |TAMS 0x0000000083000000, 0x0000000083000000| Untracked 
|  49|0x0000000083100000, 0x0000000083100000, 0x0000000083200000|  0%| F|  |TAMS 0x0000000083100000, 0x0000000083100000| Untracked 
|  50|0x0000000083200000, 0x0000000083200000, 0x0000000083300000|  0%| F|  |TAMS 0x0000000083200000, 0x0000000083200000| Untracked 
|  51|0x0000000083300000, 0x0000000083300000, 0x0000000083400000|  0%| F|  |TAMS 0x0000000083300000, 0x0000000083300000| Untracked 
|  52|0x0000000083400000, 0x0000000083400000, 0x0000000083500000|  0%| F|  |TAMS 0x0000000083400000, 0x0000000083400000| Untracked 
|  53|0x0000000083500000, 0x0000000083500000, 0x0000000083600000|  0%| F|  |TAMS 0x0000000083500000, 0x0000000083500000| Untracked 
|  54|0x0000000083600000, 0x0000000083600000, 0x0000000083700000|  0%| F|  |TAMS 0x0000000083600000, 0x0000000083600000| Untracked 
|  55|0x0000000083700000, 0x0000000083700000, 0x0000000083800000|  0%| F|  |TAMS 0x0000000083700000, 0x0000000083700000| Untracked 
|  56|0x0000000083800000, 0x0000000083800000, 0x0000000083900000|  0%| F|  |TAMS 0x0000000083800000, 0x0000000083800000| Untracked 
|  57|0x0000000083900000, 0x0000000083900000, 0x0000000083a00000|  0%| F|  |TAMS 0x0000000083900000, 0x0000000083900000| Untracked 
|  58|0x0000000083a00000, 0x0000000083a79f08, 0x0000000083b00000| 47%| E|  |TAMS 0x0000000083a00000, 0x0000000083a00000| Complete 
|  59|0x0000000083b00000, 0x0000000083c00000, 0x0000000083c00000|100%| E|CS|TAMS 0x0000000083b00000, 0x0000000083b00000| Complete 
|  60|0x0000000083c00000, 0x0000000083d00000, 0x0000000083d00000|100%| E|CS|TAMS 0x0000000083c00000, 0x0000000083c00000| Complete 
|  61|0x0000000083d00000, 0x0000000083e00000, 0x0000000083e00000|100%| E|CS|TAMS 0x0000000083d00000, 0x0000000083d00000| Complete 
|  62|0x0000000083e00000, 0x0000000083f00000, 0x0000000083f00000|100%| E|CS|TAMS 0x0000000083e00000, 0x0000000083e00000| Complete 
|  63|0x0000000083f00000, 0x0000000084000000, 0x0000000084000000|100%| E|CS|TAMS 0x0000000083f00000, 0x0000000083f00000| Complete 

Card table byte_map: [0x000002874c990000,0x000002874cd90000] _byte_map_base: 0x000002874c590000

Marking Bits (Prev, Next): (CMBitMap*) 0x00000287379cb9e0, (CMBitMap*) 0x00000287379cb9a8
 Prev Bits: [0x000002874f190000, 0x0000028751190000)
 Next Bits: [0x000002874d190000, 0x000002874f190000)

Polling page: 0x0000028737a70000

Metaspace:

Usage:
  Non-class:     23.81 MB capacity,    23.39 MB ( 98%) used,   384.47 KB (  2%) free+waste,    52.19 KB ( <1%) overhead. 
      Class:      3.80 MB capacity,     3.56 MB ( 94%) used,   221.02 KB (  6%) free+waste,    26.06 KB ( <1%) overhead. 
       Both:     27.61 MB capacity,    26.94 MB ( 98%) used,   605.48 KB (  2%) free+waste,    78.25 KB ( <1%) overhead. 

Virtual space:
  Non-class space:       28.00 MB reserved,      24.00 MB ( 86%) committed 
      Class space:        1.00 GB reserved,       3.88 MB ( <1%) committed 
             Both:        1.03 GB reserved,      27.88 MB (  3%) committed 

Chunk freelists:
   Non-Class:  63.00 KB
       Class:  14.00 KB
        Both:  77.00 KB

MaxMetaspaceSize: 17179869184.00 GB
CompressedClassSpaceSize: 1.00 GB

CodeHeap 'non-profiled nmethods': size=120000Kb used=862Kb max_used=862Kb free=119137Kb
 bounds [0x00000287445f0000, 0x0000028744860000, 0x000002874bb20000]
CodeHeap 'profiled nmethods': size=120000Kb used=4575Kb max_used=4575Kb free=115424Kb
 bounds [0x000002873d0c0000, 0x000002873d540000, 0x00000287445f0000]
CodeHeap 'non-nmethods': size=5760Kb used=1147Kb max_used=1179Kb free=4612Kb
 bounds [0x000002873cb20000, 0x000002873cd90000, 0x000002873d0c0000]
 total_blobs=2620 nmethods=2135 adapters=396
 compilation: enabled
              stopped_count=0, restarted_count=0
 full_count=0

Compilation events (20 events):
Event: 3.543 Thread 0x00000287545ba800 2313       3       org.objectweb.asm.SymbolTable::addConstantUtf8Reference (101 bytes)
Event: 3.543 Thread 0x00000287545ba800 nmethod 2313 0x000002873d51e390 code [0x000002873d51e5c0, 0x000002873d51ec38]
Event: 3.543 Thread 0x00000287545ba800 2318       3       org.objectweb.asm.Type::getArgumentsAndReturnSizes (140 bytes)
Event: 3.546 Thread 0x00000287545ba800 nmethod 2318 0x000002873d51ef90 code [0x000002873d51f3a0, 0x000002873d521198]
Event: 3.546 Thread 0x00000287545ba800 2315       3       org.objectweb.asm.Type::appendDescriptor (90 bytes)
Event: 3.547 Thread 0x00000287545ba800 nmethod 2315 0x000002873d521c90 code [0x000002873d521ec0, 0x000002873d5223a8]
Event: 3.547 Thread 0x00000287545ba800 2317       3       org.objectweb.asm.Frame::getLocal (46 bytes)
Event: 3.547 Thread 0x00000287545ba800 nmethod 2317 0x000002873d522610 code [0x000002873d5227c0, 0x000002873d5229b8]
Event: 3.547 Thread 0x00000287545ba800 2319       3       org.objectweb.asm.Frame::getAbstractTypeFromDescriptor (415 bytes)
Event: 3.549 Thread 0x00000287545ba800 nmethod 2319 0x000002873d522a90 code [0x000002873d522e20, 0x000002873d5248b8]
Event: 3.549 Thread 0x00000287545ba800 2320       1       org.objectweb.asm.MethodWriter::hasAsmInstructions (5 bytes)
Event: 3.549 Thread 0x00000287545ba800 nmethod 2320 0x00000287446c6b90 code [0x00000287446c6d40, 0x00000287446c6df8]
Event: 3.549 Thread 0x00000287545ba800 2316       3       org.objectweb.asm.Frame::<init> (10 bytes)
Event: 3.550 Thread 0x00000287545ba800 nmethod 2316 0x000002873d525190 code [0x000002873d525340, 0x000002873d5254f8]
Event: 3.550 Thread 0x00000287545ba800 2314       3       org.objectweb.asm.Frame::push (59 bytes)
Event: 3.550 Thread 0x00000287545ba800 nmethod 2314 0x000002873d525590 code [0x000002873d5257e0, 0x000002873d525f38]
Event: 3.551 Thread 0x00000287545ba800 2312       3       org.objectweb.asm.MethodWriter::addSuccessorToCurrentBasicBlock (24 bytes)
Event: 3.551 Thread 0x00000287545ba800 nmethod 2312 0x000002873d526290 code [0x000002873d526460, 0x000002873d526798]
Event: 3.559 Thread 0x00000287545ba800 2321       3       java.util.concurrent.ConcurrentHashMap::remove (8 bytes)
Event: 3.559 Thread 0x00000287545ba800 nmethod 2321 0x000002873d526910 code [0x000002873d526ac0, 0x000002873d526c08]

GC Heap History (12 events):
Event: 0.671 GC heap before
{Heap before GC invocations=0 (full 0):
 garbage-first heap   total 65536K, used 29696K [0x0000000080000000, 0x0000000100000000)
  region size 1024K, 24 young (24576K), 0 survivors (0K)
 Metaspace       used 10699K, capacity 10887K, committed 11008K, reserved 1058816K
  class space    used 1130K, capacity 1201K, committed 1280K, reserved 1048576K
}
Event: 0.679 GC heap after
{Heap after GC invocations=1 (full 0):
 garbage-first heap   total 65536K, used 8542K [0x0000000080000000, 0x0000000100000000)
  region size 1024K, 3 young (3072K), 3 survivors (3072K)
 Metaspace       used 10699K, capacity 10887K, committed 11008K, reserved 1058816K
  class space    used 1130K, capacity 1201K, committed 1280K, reserved 1048576K
}
Event: 1.099 GC heap before
{Heap before GC invocations=1 (full 0):
 garbage-first heap   total 65536K, used 39262K [0x0000000080000000, 0x0000000100000000)
  region size 1024K, 34 young (34816K), 3 survivors (3072K)
 Metaspace       used 11006K, capacity 11275K, committed 11520K, reserved 1058816K
  class space    used 1144K, capacity 1202K, committed 1280K, reserved 1048576K
}
Event: 1.104 GC heap after
{Heap after GC invocations=2 (full 0):
 garbage-first heap   total 65536K, used 13010K [0x0000000080000000, 0x0000000100000000)
  region size 1024K, 5 young (5120K), 5 survivors (5120K)
 Metaspace       used 11006K, capacity 11275K, committed 11520K, reserved 1058816K
  class space    used 1144K, capacity 1202K, committed 1280K, reserved 1048576K
}
Event: 2.228 GC heap before
{Heap before GC invocations=2 (full 0):
 garbage-first heap   total 65536K, used 39634K [0x0000000080000000, 0x0000000100000000)
  region size 1024K, 31 young (31744K), 5 survivors (5120K)
 Metaspace       used 17241K, capacity 17694K, committed 17792K, reserved 1064960K
  class space    used 2012K, capacity 2163K, committed 2176K, reserved 1048576K
}
Event: 2.233 GC heap after
{Heap after GC invocations=3 (full 0):
 garbage-first heap   total 65536K, used 15650K [0x0000000080000000, 0x0000000100000000)
  region size 1024K, 3 young (3072K), 3 survivors (3072K)
 Metaspace       used 17241K, capacity 17694K, committed 17792K, reserved 1064960K
  class space    used 2012K, capacity 2163K, committed 2176K, reserved 1048576K
}
Event: 2.575 GC heap before
{Heap before GC invocations=3 (full 0):
 garbage-first heap   total 65536K, used 41250K [0x0000000080000000, 0x0000000100000000)
  region size 1024K, 29 young (29696K), 3 survivors (3072K)
 Metaspace       used 20630K, capacity 21112K, committed 21248K, reserved 1067008K
  class space    used 2533K, capacity 2711K, committed 2816K, reserved 1048576K
}
Event: 2.578 GC heap after
{Heap after GC invocations=4 (full 0):
 garbage-first heap   total 65536K, used 16706K [0x0000000080000000, 0x0000000100000000)
  region size 1024K, 2 young (2048K), 2 survivors (2048K)
 Metaspace       used 20630K, capacity 21112K, committed 21248K, reserved 1067008K
  class space    used 2533K, capacity 2711K, committed 2816K, reserved 1048576K
}
Event: 2.948 GC heap before
{Heap before GC invocations=5 (full 0):
 garbage-first heap   total 65536K, used 44354K [0x0000000080000000, 0x0000000100000000)
  region size 1024K, 30 young (30720K), 2 survivors (2048K)
 Metaspace       used 24068K, capacity 24676K, committed 24832K, reserved 1071104K
  class space    used 3069K, capacity 3263K, committed 3328K, reserved 1048576K
}
Event: 2.951 GC heap after
{Heap after GC invocations=6 (full 0):
 garbage-first heap   total 65536K, used 17923K [0x0000000080000000, 0x0000000100000000)
  region size 1024K, 3 young (3072K), 3 survivors (3072K)
 Metaspace       used 24068K, capacity 24676K, committed 24832K, reserved 1071104K
  class space    used 3069K, capacity 3263K, committed 3328K, reserved 1048576K
}
Event: 3.490 GC heap before
{Heap before GC invocations=6 (full 0):
 garbage-first heap   total 65536K, used 47619K [0x0000000080000000, 0x0000000100000000)
  region size 1024K, 32 young (32768K), 3 survivors (3072K)
 Metaspace       used 26993K, capacity 27586K, committed 27648K, reserved 1073152K
  class space    used 3554K, capacity 3789K, committed 3840K, reserved 1048576K
}
Event: 3.494 GC heap after
{Heap after GC invocations=7 (full 0):
 garbage-first heap   total 65536K, used 18861K [0x0000000080000000, 0x0000000100000000)
  region size 1024K, 3 young (3072K), 3 survivors (3072K)
 Metaspace       used 26993K, capacity 27586K, committed 27648K, reserved 1073152K
  class space    used 3554K, capacity 3789K, committed 3840K, reserved 1048576K
}

Deoptimization events (20 events):
Event: 3.141 Thread 0x000002875662a800 Uncommon trap: trap_request=0xffffffde fr.pc=0x00000287446a28a8 relative=0x00000000000002e8
Event: 3.141 Thread 0x000002875662a800 Uncommon trap: reason=class_check action=maybe_recompile pc=0x00000287446a28a8 method=java.util.Collections$SetFromMap.remove(Ljava/lang/Object;)Z @ 5 c2
Event: 3.141 Thread 0x000002875662a800 DEOPT PACKING pc=0x00000287446a28a8 sp=0x000000bfaaafc510
Event: 3.141 Thread 0x000002875662a800 DEOPT UNPACKING pc=0x000002873cb474af sp=0x000000bfaaafc508 mode 2
Event: 3.141 Thread 0x000002875662a800 Uncommon trap: trap_request=0xffffffde fr.pc=0x00000287446a28a8 relative=0x00000000000002e8
Event: 3.141 Thread 0x000002875662a800 Uncommon trap: reason=class_check action=maybe_recompile pc=0x00000287446a28a8 method=java.util.Collections$SetFromMap.remove(Ljava/lang/Object;)Z @ 5 c2
Event: 3.141 Thread 0x000002875662a800 DEOPT PACKING pc=0x00000287446a28a8 sp=0x000000bfaaafc490
Event: 3.142 Thread 0x000002875662a800 DEOPT UNPACKING pc=0x000002873cb474af sp=0x000000bfaaafc488 mode 2
Event: 3.176 Thread 0x000002875662a800 Uncommon trap: trap_request=0xffffff4d fr.pc=0x0000028744627ba4 relative=0x0000000000000464
Event: 3.176 Thread 0x000002875662a800 Uncommon trap: reason=unstable_if action=reinterpret pc=0x0000028744627ba4 method=java.util.Properties$LineReader.readLine()I @ 249 c2
Event: 3.176 Thread 0x000002875662a800 DEOPT PACKING pc=0x0000028744627ba4 sp=0x000000bfaaafb8f0
Event: 3.176 Thread 0x000002875662a800 DEOPT UNPACKING pc=0x000002873cb474af sp=0x000000bfaaafb880 mode 2
Event: 3.298 Thread 0x000002875662a800 Uncommon trap: trap_request=0xffffff4d fr.pc=0x00000287446bb548 relative=0x0000000000000208
Event: 3.298 Thread 0x000002875662a800 Uncommon trap: reason=unstable_if action=reinterpret pc=0x00000287446bb548 method=java.util.HashMap.hash(Ljava/lang/Object;)I @ 1 c2
Event: 3.298 Thread 0x000002875662a800 DEOPT PACKING pc=0x00000287446bb548 sp=0x000000bfaaaf8390
Event: 3.298 Thread 0x000002875662a800 DEOPT UNPACKING pc=0x000002873cb474af sp=0x000000bfaaaf82c8 mode 2
Event: 3.466 Thread 0x000002875662a800 Uncommon trap: trap_request=0xffffff4d fr.pc=0x0000028744642188 relative=0x0000000000000a48
Event: 3.466 Thread 0x000002875662a800 Uncommon trap: reason=unstable_if action=reinterpret pc=0x0000028744642188 method=java.io.WinNTFileSystem.resolve(Ljava/lang/String;Ljava/lang/String;)Ljava/lang/String; @ 83 c2
Event: 3.466 Thread 0x000002875662a800 DEOPT PACKING pc=0x0000028744642188 sp=0x000000bfaaaf9bb0
Event: 3.466 Thread 0x000002875662a800 DEOPT UNPACKING pc=0x000002873cb474af sp=0x000000bfaaaf9b58 mode 2

Classes redefined (0 events):
No events

Internal exceptions (20 events):
Event: 2.559 Thread 0x000002875662a800 Exception <a 'java/lang/IncompatibleClassChangeError'{0x00000000828ee508}: Found class java.lang.Object, but interface was expected> (0x00000000828ee508) thrown at [./src/hotspot/share/interpreter/linkResolver.cpp, line 839]
Event: 2.621 Thread 0x000002875662a800 Exception <a 'java/lang/NoSuchMethodError'{0x0000000083c113e8}: 'void java.lang.invoke.DirectMethodHandle$Holder.invokeSpecial(java.lang.Object, java.lang.Object)'> (0x0000000083c113e8) thrown at [./src/hotspot/share/interpreter/linkResolver.cpp, line 773]
Event: 2.706 Thread 0x000002875662a800 Exception <a 'java/lang/NoSuchMethodError'{0x00000000833b94c0}: 'java.lang.Object java.lang.invoke.DirectMethodHandle$Holder.invokeVirtual(java.lang.Object, java.lang.Object, java.lang.Object, java.lang.Object)'> (0x00000000833b94c0) thrown at [./src/hotspot/share/interpreter/linkResolver.cpp, line 773]
Event: 2.899 Thread 0x000002875662a800 Exception <a 'java/lang/NoSuchMethodError'{0x000000008263bbd8}: 'void java.lang.invoke.DirectMethodHandle$Holder.invokeSpecial(java.lang.Object, java.lang.Object, java.lang.Object, java.lang.Object, java.lang.Object, java.lang.Object)'> (0x000000008263bbd8) thrown at [./src/hotspot/share/interpreter/linkResolver.cpp, line 773]
Event: 2.929 Thread 0x000002875662a800 Exception <a 'java/lang/NoSuchMethodError'{0x00000000825e5100}: 'java.lang.Object java.lang.invoke.Invokers$Holder.invoker(java.lang.Object, java.lang.Object, java.lang.Object)'> (0x00000000825e5100) thrown at [./src/hotspot/share/interpreter/linkResolver.cpp, line 773]
Event: 2.946 Thread 0x000002875662a800 Exception <a 'java/lang/NoSuchMethodError'{0x00000000824e3ee0}: 'void java.lang.invoke.DirectMethodHandle$Holder.invokeSpecial(java.lang.Object, java.lang.Object, java.lang.Object, java.lang.Object, java.lang.Object, java.lang.Object, java.lang.Object)'> (0x00000000824e3ee0) thrown at [./src/hotspot/share/interpreter/linkResolver.cpp, line 773]
Event: 2.947 Thread 0x000002875662a800 Exception <a 'java/lang/NoSuchMethodError'{0x00000000824ec3d0}: 'java.lang.Object java.lang.invoke.Invokers$Holder.linkToTargetMethod(java.lang.Object, java.lang.Object, java.lang.Object, java.lang.Object, java.lang.Object, java.lang.Object)'> (0x00000000824ec3d0) thrown at [./src/hotspot/share/interpreter/linkResolver.cpp, line 773]
Event: 2.966 Thread 0x000002875662a800 Exception <a 'java/lang/NoSuchMethodError'{0x0000000083e1e4b8}: 'java.lang.Object java.lang.invoke.DirectMethodHandle$Holder.invokeVirtual(java.lang.Object, java.lang.Object, java.lang.Object, java.lang.Object, java.lang.Object, java.lang.Object, java.lang.Object, java.lang.Object, java.lang.Object, java.lang.Object, java.lang.Object, java.lang.Object, java.lang.Object, java.lang.Object, java.lang.Object, java.lang.Object, java.lang.Object)'> (0x0000000083e1e4b8) thrown at [./src/hotspot/share/interpreter/
Event: 2.971 Thread 0x000002875662a800 Exception <a 'java/lang/NoSuchMethodError'{0x0000000083e4d188}: 'java.lang.Object java.lang.invoke.DirectMethodHandle$Holder.invokeSpecial(java.lang.Object, java.lang.Object, java.lang.Object, java.lang.Object, java.lang.Object, java.lang.Object, java.lang.Object, java.lang.Object, java.lang.Object)'> (0x0000000083e4d188) thrown at [./src/hotspot/share/interpreter/linkResolver.cpp, line 773]
Event: 3.128 Thread 0x000002875662a800 Exception <a 'java/lang/NoSuchMethodError'{0x000000008359a1c8}: 'java.lang.Object java.lang.invoke.DirectMethodHandle$Holder.invokeStatic(java.lang.Object, java.lang.Object, java.lang.Object, int, java.lang.Object, java.lang.Object)'> (0x000000008359a1c8) thrown at [./src/hotspot/share/interpreter/linkResolver.cpp, line 773]
Event: 3.130 Thread 0x000002875662a800 Exception <a 'java/lang/NoSuchMethodError'{0x00000000835a1530}: 'java.lang.Object java.lang.invoke.Invokers$Holder.linkToTargetMethod(java.lang.Object, java.lang.Object, int, java.lang.Object, java.lang.Object, java.lang.Object)'> (0x00000000835a1530) thrown at [./src/hotspot/share/interpreter/linkResolver.cpp, line 773]
Event: 3.170 Thread 0x000002875662a800 Exception <a 'java/lang/NoSuchMethodError'{0x0000000083309c98}: 'void java.lang.invoke.DirectMethodHandle$Holder.invokeSpecial(java.lang.Object, java.lang.Object, java.lang.Object, java.lang.Object)'> (0x0000000083309c98) thrown at [./src/hotspot/share/interpreter/linkResolver.cpp, line 773]
Event: 3.298 Thread 0x000002875662a800 Implicit null exception at 0x00000287446bb375 to 0x00000287446bb538
Event: 3.357 Thread 0x000002875662a800 Exception <a 'java/lang/NoSuchMethodError'{0x0000000082906960}: 'java.lang.Object java.lang.invoke.DirectMethodHandle$Holder.invokeSpecialIFC(java.lang.Object, java.lang.Object, java.lang.Object, java.lang.Object)'> (0x0000000082906960) thrown at [./src/hotspot/share/interpreter/linkResolver.cpp, line 773]
Event: 3.368 Thread 0x000002875662a800 Exception <a 'java/lang/NoSuchMethodError'{0x00000000829c2608}: 'java.lang.Object java.lang.invoke.DirectMethodHandle$Holder.invokeSpecial(java.lang.Object, java.lang.Object, java.lang.Object, java.lang.Object, java.lang.Object, java.lang.Object, java.lang.Object, java.lang.Object, java.lang.Object, java.lang.Object, java.lang.Object, java.lang.Object, java.lang.Object)'> (0x00000000829c2608) thrown at [./src/hotspot/share/interpreter/linkResolver.cpp, line 773]
Event: 3.369 Thread 0x000002875662a800 Exception <a 'java/lang/NoSuchMethodError'{0x00000000829d3ad0}: 'java.lang.Object java.lang.invoke.DirectMethodHandle$Holder.invokeSpecial(java.lang.Object, java.lang.Object, java.lang.Object, java.lang.Object, java.lang.Object, java.lang.Object, java.lang.Object, java.lang.Object, java.lang.Object, java.lang.Object, java.lang.Object, java.lang.Object)'> (0x00000000829d3ad0) thrown at [./src/hotspot/share/interpreter/linkResolver.cpp, line 773]
Event: 3.369 Thread 0x000002875662a800 Exception <a 'java/lang/NoSuchMethodError'{0x00000000829d8bf8}: 'java.lang.Object java.lang.invoke.Invokers$Holder.linkToTargetMethod(java.lang.Object, java.lang.Object, java.lang.Object, java.lang.Object, java.lang.Object, java.lang.Object, java.lang.Object, java.lang.Object, java.lang.Object, java.lang.Object, java.lang.Object)'> (0x00000000829d8bf8) thrown at [./src/hotspot/share/interpreter/linkResolver.cpp, line 773]
Event: 3.384 Thread 0x000002875662a800 Exception <a 'java/lang/NoSuchMethodError'{0x00000000828d0108}: 'java.lang.Object java.lang.invoke.DirectMethodHandle$Holder.invokeSpecial(java.lang.Object, java.lang.Object, java.lang.Object, java.lang.Object, java.lang.Object, java.lang.Object, java.lang.Object, java.lang.Object, java.lang.Object, java.lang.Object, java.lang.Object, java.lang.Object, java.lang.Object, java.lang.Object)'> (0x00000000828d0108) thrown at [./src/hotspot/share/interpreter/linkResolver.cpp, line 773]
Event: 3.385 Thread 0x000002875662a800 Exception <a 'java/lang/NoSuchMethodError'{0x00000000828e1700}: 'java.lang.Object java.lang.invoke.Invokers$Holder.linkToTargetMethod(java.lang.Object, java.lang.Object, java.lang.Object, java.lang.Object, java.lang.Object, java.lang.Object, java.lang.Object, java.lang.Object, java.lang.Object, java.lang.Object, java.lang.Object, java.lang.Object)'> (0x00000000828e1700) thrown at [./src/hotspot/share/interpreter/linkResolver.cpp, line 773]
Event: 3.393 Thread 0x000002875662a800 Exception <a 'java/lang/NoSuchMethodError'{0x000000008275a5b0}: 'java.lang.Object java.lang.invoke.DirectMethodHandle$Holder.invokeStaticInit(java.lang.Object, java.lang.Object, java.lang.Object, java.lang.Object)'> (0x000000008275a5b0) thrown at [./src/hotspot/share/interpreter/linkResolver.cpp, line 773]

Events (20 events):
Event: 3.558 loading class org/gradle/api/internal/collections/AbstractIterationOrderRetainingElementSource$RealizedElementCollectionIterator
Event: 3.558 loading class org/gradle/api/internal/collections/AbstractIterationOrderRetainingElementSource$RealizedElementCollectionIterator done
Event: 3.559 loading class org/gradle/api/artifacts/repositories/ArtifactRepository
Event: 3.559 loading class org/gradle/api/artifacts/repositories/ArtifactRepository done
Event: 3.559 loading class org/gradle/api/internal/artifacts/DefaultArtifactRepositoryContainer
Event: 3.559 loading class org/gradle/api/internal/artifacts/DefaultArtifactRepositoryContainer done
Event: 3.560 loading class org/gradle/api/artifacts/repositories/ArtifactRepository
Event: 3.560 loading class org/gradle/api/artifacts/repositories/ArtifactRepository done
Event: 3.560 loading class org/gradle/api/internal/artifacts/DefaultArtifactRepositoryContainer
Event: 3.560 loading class org/gradle/api/internal/artifacts/DefaultArtifactRepositoryContainer done
Event: 3.561 loading class org/gradle/internal/resolve/caching/DesugaringAttributeContainerSerializer
Event: 3.561 loading class org/gradle/internal/resolve/caching/DesugaringAttributeContainerSerializer done
Event: 3.562 loading class org/gradle/internal/component/external/model/ModuleComponentResolveMetadata
Event: 3.562 loading class org/gradle/internal/component/external/model/ModuleComponentResolveMetadata done
Event: 3.562 loading class org/gradle/internal/component/external/model/VirtualComponentIdentifier
Event: 3.562 loading class org/gradle/internal/component/external/model/VirtualComponentIdentifier done
Event: 3.563 loading class org/gradle/internal/component/external/model/ivy/RealisedIvyModuleResolveMetadataSerializationHelper
Event: 3.563 loading class org/gradle/internal/component/external/model/ivy/RealisedIvyModuleResolveMetadataSerializationHelper done
Event: 3.564 loading class org/gradle/internal/component/external/model/AbstractRealisedModuleResolveMetadataSerializationHelper
Event: 3.564 loading class org/gradle/internal/component/external/model/AbstractRealisedModuleResolveMetadataSerializationHelper done


Dynamic libraries:
0x00007ff72d2f0000 - 0x00007ff72d2fa000 	C:\Program Files\Android\Android Studio\jre\bin\java.exe
0x00007ffcfe630000 - 0x00007ffcfe825000 	C:\WINDOWS\SYSTEM32\ntdll.dll
0x00007ffcfe420000 - 0x00007ffcfe4de000 	C:\WINDOWS\System32\KERNEL32.DLL
0x00007ffcfbd80000 - 0x00007ffcfc048000 	C:\WINDOWS\System32\KERNELBASE.dll
0x00007ffcfc0a0000 - 0x00007ffcfc1a0000 	C:\WINDOWS\System32\ucrtbase.dll
0x00007ffce5ff0000 - 0x00007ffce6009000 	C:\Program Files\Android\Android Studio\jre\bin\jli.dll
0x00007ffcdcc30000 - 0x00007ffcdcc47000 	C:\Program Files\Android\Android Studio\jre\bin\VCRUNTIME140.dll
0x00007ffcfe270000 - 0x00007ffcfe411000 	C:\WINDOWS\System32\USER32.dll
0x00007ffcfc3e0000 - 0x00007ffcfc402000 	C:\WINDOWS\System32\win32u.dll
0x00007ffce8640000 - 0x00007ffce88da000 	C:\WINDOWS\WinSxS\amd64_microsoft.windows.common-controls_6595b64144ccf1df_6.0.19041.1110_none_60b5254171f9507e\COMCTL32.dll
0x00007ffcfc680000 - 0x00007ffcfc6ab000 	C:\WINDOWS\System32\GDI32.dll
0x00007ffcfd620000 - 0x00007ffcfd6be000 	C:\WINDOWS\System32\msvcrt.dll
0x00007ffcfc2d0000 - 0x00007ffcfc3db000 	C:\WINDOWS\System32\gdi32full.dll
0x00007ffcfc1a0000 - 0x00007ffcfc23d000 	C:\WINDOWS\System32\msvcp_win.dll
0x00007ffcfe240000 - 0x00007ffcfe270000 	C:\WINDOWS\System32\IMM32.DLL
0x00007ffccf470000 - 0x00007ffccf50d000 	C:\Program Files\Android\Android Studio\jre\bin\msvcp140.dll
0x00007ffc9c310000 - 0x00007ffc9cdcc000 	C:\Program Files\Android\Android Studio\jre\bin\server\jvm.dll
0x00007ffcfd850000 - 0x00007ffcfd8fc000 	C:\WINDOWS\System32\ADVAPI32.dll
0x00007ffcfc6b0000 - 0x00007ffcfc74b000 	C:\WINDOWS\System32\sechost.dll
0x00007ffcfdc90000 - 0x00007ffcfddba000 	C:\WINDOWS\System32\RPCRT4.dll
0x00007ffcfd7b0000 - 0x00007ffcfd7b8000 	C:\WINDOWS\System32\PSAPI.DLL
0x00007ffceabd0000 - 0x00007ffceabda000 	C:\WINDOWS\SYSTEM32\VERSION.dll
0x00007ffce7390000 - 0x00007ffce73b7000 	C:\WINDOWS\SYSTEM32\WINMM.dll
0x00007ffcf6600000 - 0x00007ffcf6609000 	C:\WINDOWS\SYSTEM32\WSOCK32.dll
0x00007ffcfd720000 - 0x00007ffcfd78b000 	C:\WINDOWS\System32\WS2_32.dll
0x00007ffcfa5e0000 - 0x00007ffcfa5f2000 	C:\WINDOWS\SYSTEM32\kernel.appcore.dll
0x00007ffce3b40000 - 0x00007ffce3b51000 	C:\Program Files\Android\Android Studio\jre\bin\verify.dll
0x00007ffcfa290000 - 0x00007ffcfa474000 	C:\WINDOWS\SYSTEM32\DBGHELP.DLL
0x00007ffce9370000 - 0x00007ffce939c000 	C:\WINDOWS\SYSTEM32\dbgcore.DLL
0x00007ffcfc240000 - 0x00007ffcfc2c3000 	C:\WINDOWS\System32\bcryptPrimitives.dll
0x00007ffccf320000 - 0x00007ffccf349000 	C:\Program Files\Android\Android Studio\jre\bin\java.dll
0x00007ffcf5e40000 - 0x00007ffcf5e4b000 	C:\Program Files\Android\Android Studio\jre\bin\jimage.dll
0x00007ffcdfc80000 - 0x00007ffcdfc98000 	C:\Program Files\Android\Android Studio\jre\bin\zip.dll
0x00007ffcfce20000 - 0x00007ffcfd55f000 	C:\WINDOWS\System32\SHELL32.dll
0x00007ffcf9b00000 - 0x00007ffcfa290000 	C:\WINDOWS\SYSTEM32\windows.storage.dll
0x00007ffcfc910000 - 0x00007ffcfcc65000 	C:\WINDOWS\System32\combase.dll
0x00007ffcfb7a0000 - 0x00007ffcfb7ce000 	C:\WINDOWS\SYSTEM32\Wldp.dll
0x00007ffcfdbe0000 - 0x00007ffcfdc8d000 	C:\WINDOWS\System32\SHCORE.dll
0x00007ffcfd5c0000 - 0x00007ffcfd615000 	C:\WINDOWS\System32\shlwapi.dll
0x00007ffcfbc90000 - 0x00007ffcfbcaf000 	C:\WINDOWS\SYSTEM32\profapi.dll
0x00007ffcddde0000 - 0x00007ffcdddfa000 	C:\Program Files\Android\Android Studio\jre\bin\net.dll
0x00007ffcefba0000 - 0x00007ffcefcac000 	C:\WINDOWS\SYSTEM32\WINHTTP.dll
0x00007ffcfb4b0000 - 0x00007ffcfb51a000 	C:\WINDOWS\system32\mswsock.dll
0x00007ffccf300000 - 0x00007ffccf314000 	C:\Program Files\Android\Android Studio\jre\bin\nio.dll
0x00007ffcdc4f0000 - 0x00007ffcdc517000 	C:\Users\Hp\.gradle\native\fdc75f09e3144964f2cf3f50f0aa648679c211496f362492102eb8c894070792\windows-amd64\native-platform.dll
0x00007ffca2680000 - 0x00007ffca2816000 	C:\Users\Hp\.gradle\native\12488b8bf47d2d4c9fbf2f6322a914ad602e24e48041cd04a747c6da556b65c4\windows-amd64\native-platform-file-events.dll
0x00007ffcde250000 - 0x00007ffcde25a000 	C:\Program Files\Android\Android Studio\jre\bin\management.dll
0x00007ffcdde10000 - 0x00007ffcdde1c000 	C:\Program Files\Android\Android Studio\jre\bin\management_ext.dll
0x00007ffcfb6d0000 - 0x00007ffcfb6e8000 	C:\WINDOWS\SYSTEM32\CRYPTSP.dll
0x00007ffcfadd0000 - 0x00007ffcfae04000 	C:\WINDOWS\system32\rsaenh.dll
0x00007ffcfbd50000 - 0x00007ffcfbd77000 	C:\WINDOWS\System32\bcrypt.dll
0x00007ffcfbc50000 - 0x00007ffcfbc7e000 	C:\WINDOWS\SYSTEM32\USERENV.dll
0x00007ffcfb6f0000 - 0x00007ffcfb6fc000 	C:\WINDOWS\SYSTEM32\CRYPTBASE.dll
0x00007ffcfb170000 - 0x00007ffcfb1ab000 	C:\WINDOWS\SYSTEM32\IPHLPAPI.DLL
0x00007ffcfd7c0000 - 0x00007ffcfd7c8000 	C:\WINDOWS\System32\NSI.dll
0x00007ffcf92f0000 - 0x00007ffcf9307000 	C:\WINDOWS\SYSTEM32\dhcpcsvc6.DLL
0x00007ffcf92d0000 - 0x00007ffcf92ed000 	C:\WINDOWS\SYSTEM32\dhcpcsvc.DLL
0x00007ffcfb1b0000 - 0x00007ffcfb27b000 	C:\WINDOWS\SYSTEM32\DNSAPI.dll
0x00007ffcf4f80000 - 0x00007ffcf4f8b000 	C:\WINDOWS\SYSTEM32\WINNSI.DLL

dbghelp: loaded successfully - version: 4.0.5 - missing functions: none
symbol engine: initialized successfully - sym options: 0x614 - pdb path: .;C:\Program Files\Android\Android Studio\jre\bin;C:\WINDOWS\SYSTEM32;C:\WINDOWS\WinSxS\amd64_microsoft.windows.common-controls_6595b64144ccf1df_6.0.19041.1110_none_60b5254171f9507e;C:\Program Files\Android\Android Studio\jre\bin\server;C:\Users\Hp\.gradle\native\fdc75f09e3144964f2cf3f50f0aa648679c211496f362492102eb8c894070792\windows-amd64;C:\Users\Hp\.gradle\native\12488b8bf47d2d4c9fbf2f6322a914ad602e24e48041cd04a747c6da556b65c4\windows-amd64

VM Arguments:
jvm_args: --add-opens=java.base/java.util=ALL-UNNAMED --add-opens=java.base/java.lang=ALL-UNNAMED --add-opens=java.base/java.lang.invoke=ALL-UNNAMED --add-opens=java.prefs/java.util.prefs=ALL-UNNAMED -Xmx2048m -Dfile.encoding=UTF-8 -Duser.country=ID -Duser.language=en -Duser.variant 
java_command: org.gradle.launcher.daemon.bootstrap.GradleDaemon 6.7.1
java_class_path (initial): C:\Users\Hp\.gradle\wrapper\dists\gradle-6.7.1-bin\bwlcbys1h7rz3272sye1xwiv6\gradle-6.7.1\lib\gradle-launcher-6.7.1.jar
Launcher Type: SUN_STANDARD

[Global flags]
     intx CICompilerCount                          = 4                                         {product} {ergonomic}
     uint ConcGCThreads                            = 2                                         {product} {ergonomic}
     uint G1ConcRefinementThreads                  = 8                                         {product} {ergonomic}
   size_t G1HeapRegionSize                         = 1048576                                   {product} {ergonomic}
    uintx GCDrainStackTargetSize                   = 64                                        {product} {ergonomic}
   size_t InitialHeapSize                          = 67108864                                  {product} {ergonomic}
   size_t MarkStackSize                            = 4194304                                   {product} {ergonomic}
   size_t MaxHeapSize                              = 2147483648                                {product} {command line}
   size_t MaxNewSize                               = 1287651328                                {product} {ergonomic}
   size_t MinHeapDeltaBytes                        = 1048576                                   {product} {ergonomic}
    uintx NonNMethodCodeHeapSize                   = 5836300                                {pd product} {ergonomic}
    uintx NonProfiledCodeHeapSize                  = 122910970                              {pd product} {ergonomic}
    uintx ProfiledCodeHeapSize                     = 122910970                              {pd product} {ergonomic}
    uintx ReservedCodeCacheSize                    = 251658240                              {pd product} {ergonomic}
     bool SegmentedCodeCache                       = true                                      {product} {ergonomic}
     bool UseCompressedClassPointers               = true                                 {lp64_product} {ergonomic}
     bool UseCompressedOops                        = true                                 {lp64_product} {ergonomic}
     bool UseG1GC                                  = true                                      {product} {ergonomic}
     bool UseLargePagesIndividualAllocation        = false                                  {pd product} {ergonomic}

Logging:
Log output configuration:
 #0: stdout all=warning uptime,level,tags
 #1: stderr all=off uptime,level,tags

Environment Variables:
PATH=C:\ProgramData\Oracle\Java\javapath;C:\Program Files (x86)\Common Files\Oracle\Java\javapath;C:\WINDOWS\system32;C:\WINDOWS;C:\WINDOWS\System32\Wbem;C:\WINDOWS\System32\WindowsPowerShell\v1.0\;C:\WINDOWS\System32\OpenSSH\;C:\Program Files\Git\cmd;D:\kuliah\SFML-2.5.1\bin;C:\Users\Hp\AppData\Local\Programs\Python\Python39\Scripts\;C:\Users\Hp\AppData\Local\Programs\Python\Python39\;C:\Program Files\Java\jdk1.8.0_291\bin;D:\Bahan Kuliah\bin;C:\opencv\opencv\build\x64\vc15\bin;C:\Users\Hp\AppData\Local\Microsoft\WindowsApps;D:\Microsoft VS Code\bin;
USERNAME=jasmine
OS=Windows_NT
PROCESSOR_IDENTIFIER=Intel64 Family 6 Model 142 Stepping 11, GenuineIntel



---------------  S Y S T E M  ---------------

OS: Windows 10 , 64 bit Build 19041 (10.0.19041.1348)
OS uptime: 0 days 0:44 hours
HyperV virtualization detected

CPU:total 8 (initial active 8) (4 cores per cpu, 2 threads per core) family 6 model 142 stepping 11, cmov, cx8, fxsr, mmx, sse, sse2, sse3, ssse3, sse4.1, sse4.2, popcnt, avx, avx2, aes, clmul, erms, 3dnowpref, lzcnt, ht, tsc, tscinvbit, bmi1, bmi2, adx, fma

Memory: 4k page, system-wide physical 3982M (197M free)
TotalPageFile size 8078M (AvailPageFile size 5M)
current process WorkingSet (physical memory assigned to process): 159M, peak: 159M
current process commit charge ("private bytes"): 209M, peak: 209M

vm_info: OpenJDK 64-Bit Server VM (11.0.8+10-b944.6842174) for windows-amd64 JRE (11.0.8+10-b944.6842174), built on Sep 19 2020 01:11:42 by "builder" with MS VC++ 14.0 (VS2015)

END.
