#
# There is insufficient memory for the Java Runtime Environment to continue.
# Native memory allocation (malloc) failed to allocate 678416 bytes for Chunk::new
# Possible reasons:
#   The system is out of physical RAM or swap space
#   The process is running with CompressedOops enabled, and the Java Heap may be blocking the growth of the native heap
# Possible solutions:
#   Reduce memory load on the system
#   Increase physical memory or swap space
#   Check if swap backing store is full
#   Decrease Java heap size (-Xmx/-Xms)
#   Decrease number of Java threads
#   Decrease Java thread stack sizes (-Xss)
#   Set larger code cache with -XX:ReservedCodeCacheSize=
#   JVM is running with Unscaled Compressed Oops mode in which the Java heap is
#     placed in the first 4GB address space. The Java Heap base address is the
#     maximum limit for the native heap growth. Please use -XX:HeapBaseMinAddress
#     to set the Java Heap base and to place the Java Heap above 4GB virtual address.
# This output file may be truncated or incomplete.
#
#  Out of Memory Error (./src/hotspot/share/memory/arena.cpp:197), pid=4900, tid=1948
#
# JRE version: OpenJDK Runtime Environment (11.0.8+10) (build 11.0.8+10-b944.6842174)
# Java VM: OpenJDK 64-Bit Server VM (11.0.8+10-b944.6842174, mixed mode, tiered, compressed oops, g1 gc, windows-amd64)
# No core dump will be written. Minidumps are not enabled by default on client versions of Windows
#

---------------  S U M M A R Y ------------

Command Line: --add-opens=java.base/java.util=ALL-UNNAMED --add-opens=java.base/java.lang=ALL-UNNAMED --add-opens=java.base/java.lang.invoke=ALL-UNNAMED --add-opens=java.prefs/java.util.prefs=ALL-UNNAMED -Xmx2048m -Dfile.encoding=UTF-8 -Duser.country=ID -Duser.language=en -Duser.variant org.gradle.launcher.daemon.bootstrap.GradleDaemon 6.7.1

Host: Intel(R) Core(TM) i5-8265U CPU @ 1.60GHz, 8 cores, 3G,  Windows 10 , 64 bit Build 19041 (10.0.19041.1348)
Time: Wed Nov 17 21:53:22 2021 SE Asia Standard Time elapsed time: 15 seconds (0d 0h 0m 15s)

---------------  T H R E A D  ---------------

Current thread (0x000001b372d1c800):  JavaThread "C2 CompilerThread0" daemon [_thread_in_native, id=1948, stack(0x0000000f67d00000,0x0000000f67e00000)]


Current CompileTask:
C2:  15184 4287       4       groovy.lang.MetaClassImpl$1MOPIter::methodNameAction (325 bytes)

Stack: [0x0000000f67d00000,0x0000000f67e00000]
Native frames: (J=compiled Java code, j=interpreted, Vv=VM code, C=native code)
V  [jvm.dll+0x5de50a]
V  [jvm.dll+0x7122f5]
V  [jvm.dll+0x71384d]
V  [jvm.dll+0x713f03]
V  [jvm.dll+0x23e728]
V  [jvm.dll+0xb899c]
V  [jvm.dll+0xb8e9c]
V  [jvm.dll+0x2b20e4]
V  [jvm.dll+0x502098]
V  [jvm.dll+0x1f8a85]
V  [jvm.dll+0x1f685f]
V  [jvm.dll+0x17f32c]
V  [jvm.dll+0x205047]
V  [jvm.dll+0x203891]
V  [jvm.dll+0x6dad3f]
V  [jvm.dll+0x6d3895]
V  [jvm.dll+0x5dd4a6]
C  [ucrtbase.dll+0x21bb2]
C  [KERNEL32.DLL+0x17034]
C  [ntdll.dll+0x52651]


---------------  P R O C E S S  ---------------

Threads class SMR info:
_java_thread_list=0x000001b3780a7a10, length=135, elements={
0x000001b3582fa800, 0x000001b372d03000, 0x000001b372d0e800, 0x000001b3736b3000,
0x000001b372d1b800, 0x000001b372d1c800, 0x000001b372d31000, 0x000001b3736c4000,
0x000001b3737c5800, 0x000001b3737d9800, 0x000001b3748fa000, 0x000001b374a18800,
0x000001b37526e000, 0x000001b374a2d800, 0x000001b374a2e800, 0x000001b37498f800,
0x000001b374ac0800, 0x000001b374a2f000, 0x000001b37477e800, 0x000001b374b4e000,
0x000001b374973000, 0x000001b374975800, 0x000001b374974000, 0x000001b374975000,
0x000001b373985800, 0x000001b373984000, 0x000001b373988000, 0x000001b373984800,
0x000001b373986800, 0x000001b373987000, 0x000001b373983000, 0x000001b37398f800,
0x000001b37398e800, 0x000001b37398d800, 0x000001b37398d000, 0x000001b37398a800,
0x000001b373989800, 0x000001b373990000, 0x000001b373991000, 0x000001b37398b000,
0x000001b37398c000, 0x000001b373991800, 0x000001b377d42000, 0x000001b377d3f800,
0x000001b377d40800, 0x000001b377d3c000, 0x000001b377d41000, 0x000001b377d43000,
0x000001b377d3d000, 0x000001b377d3e000, 0x000001b377d43800, 0x000001b377d44800,
0x000001b377d3e800, 0x000001b377d46000, 0x000001b377d45000, 0x000001b377d48800,
0x000001b377d47000, 0x000001b377d47800, 0x000001b377d4a000, 0x000001b377d4b000,
0x000001b377d49800, 0x000001b377be8000, 0x000001b377be6000, 0x000001b377be5800,
0x000001b377be2000, 0x000001b377be3800, 0x000001b377be7000, 0x000001b377be8800,
0x000001b377be3000, 0x000001b377bea000, 0x000001b377be4800, 0x000001b377bed800,
0x000001b377beb000, 0x000001b377be9800, 0x000001b377bf0000, 0x000001b377bee800,
0x000001b377bef000, 0x000001b377bf1000, 0x000001b377bec000, 0x000001b377bec800,
0x000001b377c0a000, 0x000001b377c10000, 0x000001b377c10800, 0x000001b377c0b800,
0x000001b377c0b000, 0x000001b377c0f000, 0x000001b377c12000, 0x000001b377c11800,
0x000001b377c0c800, 0x000001b377c13000, 0x000001b377c0e000, 0x000001b377c0d800,
0x000001b377c19000, 0x000001b377c14000, 0x000001b377c14800, 0x000001b377c16800,
0x000001b377c15800, 0x000001b377c17000, 0x000001b377c18000, 0x000001b3780dc800,
0x000001b3780da000, 0x000001b3780da800, 0x000001b3780d6800, 0x000001b3780d7800,
0x000001b3780db800, 0x000001b3780d8800, 0x000001b3780de000, 0x000001b3780dd000,
0x000001b3780df000, 0x000001b3780d9000, 0x000001b3780e3800, 0x000001b3780e2000,
0x000001b3780e5800, 0x000001b3780e4800, 0x000001b3780e3000, 0x000001b3780df800,
0x000001b3780e1000, 0x000001b3780e0800, 0x000001b37602f000, 0x000001b376032000,
0x000001b376030800, 0x000001b37602e000, 0x000001b37602f800, 0x000001b37602d000,
0x000001b376033800, 0x000001b376031800, 0x000001b376034800, 0x000001b376037000,
0x000001b376035800, 0x000001b376033000, 0x000001b376039800, 0x000001b37603c000,
0x000001b37603a000, 0x000001b376038000, 0x000001b376036000
}

Java Threads: ( => current thread )
  0x000001b3582fa800 JavaThread "main" [_thread_blocked, id=6716, stack(0x0000000f67200000,0x0000000f67300000)]
  0x000001b372d03000 JavaThread "Reference Handler" daemon [_thread_blocked, id=2908, stack(0x0000000f67900000,0x0000000f67a00000)]
  0x000001b372d0e800 JavaThread "Finalizer" daemon [_thread_blocked, id=6380, stack(0x0000000f67a00000,0x0000000f67b00000)]
  0x000001b3736b3000 JavaThread "Signal Dispatcher" daemon [_thread_blocked, id=4080, stack(0x0000000f67b00000,0x0000000f67c00000)]
  0x000001b372d1b800 JavaThread "Attach Listener" daemon [_thread_blocked, id=9940, stack(0x0000000f67c00000,0x0000000f67d00000)]
=>0x000001b372d1c800 JavaThread "C2 CompilerThread0" daemon [_thread_in_native, id=1948, stack(0x0000000f67d00000,0x0000000f67e00000)]
  0x000001b372d31000 JavaThread "C1 CompilerThread0" daemon [_thread_blocked, id=3640, stack(0x0000000f67e00000,0x0000000f67f00000)]
  0x000001b3736c4000 JavaThread "Sweeper thread" daemon [_thread_blocked, id=5416, stack(0x0000000f67f00000,0x0000000f68000000)]
  0x000001b3737c5800 JavaThread "Common-Cleaner" daemon [_thread_blocked, id=8060, stack(0x0000000f68000000,0x0000000f68100000)]
  0x000001b3737d9800 JavaThread "Service Thread" daemon [_thread_blocked, id=9192, stack(0x0000000f68100000,0x0000000f68200000)]
  0x000001b3748fa000 JavaThread "Daemon health stats" [_thread_blocked, id=2724, stack(0x0000000f68400000,0x0000000f68500000)]
  0x000001b374a18800 JavaThread "Incoming local TCP Connector on port 57796" [_thread_in_native, id=9836, stack(0x0000000f68900000,0x0000000f68a00000)]
  0x000001b37526e000 JavaThread "Daemon periodic checks" [_thread_blocked, id=10304, stack(0x0000000f68a00000,0x0000000f68b00000)]
  0x000001b374a2d800 JavaThread "Daemon" [_thread_blocked, id=8388, stack(0x0000000f68b00000,0x0000000f68c00000)]
  0x000001b374a2e800 JavaThread "Handler for socket connection from /127.0.0.1:57796 to /127.0.0.1:57797" [_thread_in_native, id=10324, stack(0x0000000f68c00000,0x0000000f68d00000)]
  0x000001b37498f800 JavaThread "Cancel handler" [_thread_blocked, id=3648, stack(0x0000000f68d00000,0x0000000f68e00000)]
  0x000001b374ac0800 JavaThread "Daemon worker" [_thread_in_Java, id=6140, stack(0x0000000f68e00000,0x0000000f68f00000)]
  0x000001b374a2f000 JavaThread "Asynchronous log dispatcher for DefaultDaemonConnection: socket connection from /127.0.0.1:57796 to /127.0.0.1:57797" [_thread_blocked, id=7220, stack(0x0000000f68f00000,0x0000000f69000000)]
  0x000001b37477e800 JavaThread "Stdin handler" [_thread_blocked, id=9344, stack(0x0000000f69000000,0x0000000f69100000)]
  0x000001b374b4e000 JavaThread "Thread-8" [_thread_blocked, id=6636, stack(0x0000000f69100000,0x0000000f69200000)]
  0x000001b374973000 JavaThread "Cache worker for file hash cache (C:\Users\Hp\.gradle\caches\6.7.1\fileHashes)" [_thread_blocked, id=10344, stack(0x0000000f69600000,0x0000000f69700000)]
  0x000001b374975800 JavaThread "File lock request listener" [_thread_in_native, id=10288, stack(0x0000000f69700000,0x0000000f69800000)]
  0x000001b374974000 JavaThread "Cache worker for journal cache (C:\Users\Hp\.gradle\caches\journal-1)" [_thread_blocked, id=4524, stack(0x0000000f69900000,0x0000000f69a00000)]
  0x000001b374975000 JavaThread "Cache worker for file hash cache (D:\FLO\.gradle\6.7.1\fileHashes)" [_thread_blocked, id=4452, stack(0x0000000f69a00000,0x0000000f69b00000)]
  0x000001b373985800 JavaThread "Cache worker for checksums cache (D:\FLO\.gradle\checksums)" [_thread_blocked, id=10044, stack(0x0000000f69b00000,0x0000000f69c00000)]
  0x000001b373984000 JavaThread "Cache worker for cache directory md-supplier (C:\Users\Hp\.gradle\caches\6.7.1\md-supplier)" [_thread_blocked, id=7968, stack(0x0000000f69c00000,0x0000000f69d00000)]
  0x000001b373988000 JavaThread "Cache worker for cache directory md-rule (C:\Users\Hp\.gradle\caches\6.7.1\md-rule)" [_thread_blocked, id=9532, stack(0x0000000f69d00000,0x0000000f69e00000)]
  0x000001b373984800 JavaThread "Cache worker for execution history cache (C:\Users\Hp\.gradle\caches\6.7.1\executionHistory)" [_thread_blocked, id=1272, stack(0x0000000f69e00000,0x0000000f69f00000)]
  0x000001b373986800 JavaThread "jar transforms" [_thread_blocked, id=10372, stack(0x0000000f69f00000,0x0000000f6a000000)]
  0x000001b373987000 JavaThread "Cache worker for file content cache (C:\Users\Hp\.gradle\caches\6.7.1\fileContent)" [_thread_blocked, id=5444, stack(0x0000000f6a000000,0x0000000f6a100000)]
  0x000001b373983000 JavaThread "Cache worker for Build Output Cleanup Cache (D:\FLO\.gradle\buildOutputCleanup)" [_thread_blocked, id=5960, stack(0x0000000f6a100000,0x0000000f6a200000)]
  0x000001b37398f800 JavaThread "Build operations" [_thread_blocked, id=664, stack(0x0000000f6a200000,0x0000000f6a300000)]
  0x000001b37398e800 JavaThread "Build operations Thread 2" [_thread_blocked, id=1756, stack(0x0000000f6a300000,0x0000000f6a400000)]
  0x000001b37398d800 JavaThread "Build operations Thread 3" [_thread_blocked, id=4028, stack(0x0000000f6a400000,0x0000000f6a500000)]
  0x000001b37398d000 JavaThread "Build operations Thread 4" [_thread_blocked, id=5372, stack(0x0000000f6a500000,0x0000000f6a600000)]
  0x000001b37398a800 JavaThread "Build operations Thread 5" [_thread_blocked, id=10376, stack(0x0000000f6a600000,0x0000000f6a700000)]
  0x000001b373989800 JavaThread "Build operations Thread 6" [_thread_blocked, id=6268, stack(0x0000000f6a700000,0x0000000f6a800000)]
  0x000001b373990000 JavaThread "Build operations Thread 7" [_thread_blocked, id=10380, stack(0x0000000f6a800000,0x0000000f6a900000)]
  0x000001b373991000 JavaThread "Build operations Thread 8" [_thread_blocked, id=7768, stack(0x0000000f6a900000,0x0000000f6aa00000)]
  0x000001b37398b000 JavaThread "jar transforms Thread 2" [_thread_blocked, id=5892, stack(0x0000000f6aa00000,0x0000000f6ab00000)]
  0x000001b37398c000 JavaThread "jar transforms Thread 3" [_thread_blocked, id=4596, stack(0x0000000f6ab00000,0x0000000f6ac00000)]
  0x000001b373991800 JavaThread "jar transforms Thread 4" [_thread_blocked, id=5900, stack(0x0000000f6ac00000,0x0000000f6ad00000)]
  0x000001b377d42000 JavaThread "jar transforms Thread 5" [_thread_blocked, id=8320, stack(0x0000000f6ad00000,0x0000000f6ae00000)]
  0x000001b377d3f800 JavaThread "jar transforms Thread 6" [_thread_blocked, id=9600, stack(0x0000000f6ae00000,0x0000000f6af00000)]
  0x000001b377d40800 JavaThread "jar transforms Thread 7" [_thread_blocked, id=400, stack(0x0000000f6af00000,0x0000000f6b000000)]
  0x000001b377d3c000 JavaThread "jar transforms Thread 8" [_thread_blocked, id=5252, stack(0x0000000f6b000000,0x0000000f6b100000)]
  0x000001b377d41000 JavaThread "jar transforms Thread 9" [_thread_blocked, id=6456, stack(0x0000000f6b100000,0x0000000f6b200000)]
  0x000001b377d43000 JavaThread "jar transforms Thread 10" [_thread_blocked, id=7128, stack(0x0000000f6b200000,0x0000000f6b300000)]
  0x000001b377d3d000 JavaThread "jar transforms Thread 11" [_thread_blocked, id=7580, stack(0x0000000f6b300000,0x0000000f6b400000)]
  0x000001b377d3e000 JavaThread "jar transforms Thread 12" [_thread_blocked, id=10384, stack(0x0000000f6b400000,0x0000000f6b500000)]
  0x000001b377d43800 JavaThread "jar transforms Thread 13" [_thread_blocked, id=5520, stack(0x0000000f6b500000,0x0000000f6b600000)]
  0x000001b377d44800 JavaThread "jar transforms Thread 14" [_thread_blocked, id=8452, stack(0x0000000f6b600000,0x0000000f6b700000)]
  0x000001b377d3e800 JavaThread "jar transforms Thread 15" [_thread_blocked, id=6048, stack(0x0000000f6b700000,0x0000000f6b800000)]
  0x000001b377d46000 JavaThread "jar transforms Thread 16" [_thread_blocked, id=2068, stack(0x0000000f6b800000,0x0000000f6b900000)]
  0x000001b377d45000 JavaThread "jar transforms Thread 17" [_thread_blocked, id=5924, stack(0x0000000f6b900000,0x0000000f6ba00000)]
  0x000001b377d48800 JavaThread "jar transforms Thread 18" [_thread_blocked, id=8640, stack(0x0000000f6ba00000,0x0000000f6bb00000)]
  0x000001b377d47000 JavaThread "jar transforms Thread 19" [_thread_blocked, id=8632, stack(0x0000000f6bb00000,0x0000000f6bc00000)]
  0x000001b377d47800 JavaThread "jar transforms Thread 20" [_thread_blocked, id=2984, stack(0x0000000f6bc00000,0x0000000f6bd00000)]
  0x000001b377d4a000 JavaThread "jar transforms Thread 21" [_thread_blocked, id=8900, stack(0x0000000f6bd00000,0x0000000f6be00000)]
  0x000001b377d4b000 JavaThread "jar transforms Thread 22" [_thread_blocked, id=10388, stack(0x0000000f6be00000,0x0000000f6bf00000)]
  0x000001b377d49800 JavaThread "jar transforms Thread 23" [_thread_blocked, id=2444, stack(0x0000000f6bf00000,0x0000000f6c000000)]
  0x000001b377be8000 JavaThread "jar transforms Thread 24" [_thread_blocked, id=10004, stack(0x0000000f6c000000,0x0000000f6c100000)]
  0x000001b377be6000 JavaThread "jar transforms Thread 25" [_thread_blocked, id=9880, stack(0x0000000f6c100000,0x0000000f6c200000)]
  0x000001b377be5800 JavaThread "jar transforms Thread 26" [_thread_blocked, id=8420, stack(0x0000000f6c200000,0x0000000f6c300000)]
  0x000001b377be2000 JavaThread "jar transforms Thread 27" [_thread_blocked, id=8336, stack(0x0000000f6c300000,0x0000000f6c400000)]
  0x000001b377be3800 JavaThread "jar transforms Thread 28" [_thread_blocked, id=8220, stack(0x0000000f6c400000,0x0000000f6c500000)]
  0x000001b377be7000 JavaThread "jar transforms Thread 29" [_thread_blocked, id=8376, stack(0x0000000f6c500000,0x0000000f6c600000)]
  0x000001b377be8800 JavaThread "jar transforms Thread 30" [_thread_blocked, id=5588, stack(0x0000000f6c600000,0x0000000f6c700000)]
  0x000001b377be3000 JavaThread "jar transforms Thread 31" [_thread_blocked, id=8852, stack(0x0000000f6c700000,0x0000000f6c800000)]
  0x000001b377bea000 JavaThread "jar transforms Thread 32" [_thread_blocked, id=8300, stack(0x0000000f6c800000,0x0000000f6c900000)]
  0x000001b377be4800 JavaThread "jar transforms Thread 33" [_thread_blocked, id=8248, stack(0x0000000f6c900000,0x0000000f6ca00000)]
  0x000001b377bed800 JavaThread "jar transforms Thread 34" [_thread_blocked, id=7900, stack(0x0000000f6ca00000,0x0000000f6cb00000)]
  0x000001b377beb000 JavaThread "jar transforms Thread 35" [_thread_blocked, id=8012, stack(0x0000000f6cb00000,0x0000000f6cc00000)]
  0x000001b377be9800 JavaThread "jar transforms Thread 36" [_thread_blocked, id=9100, stack(0x0000000f6cc00000,0x0000000f6cd00000)]
  0x000001b377bf0000 JavaThread "jar transforms Thread 37" [_thread_blocked, id=1504, stack(0x0000000f6cd00000,0x0000000f6ce00000)]
  0x000001b377bee800 JavaThread "jar transforms Thread 38" [_thread_blocked, id=7052, stack(0x0000000f6ce00000,0x0000000f6cf00000)]
  0x000001b377bef000 JavaThread "jar transforms Thread 39" [_thread_blocked, id=8712, stack(0x0000000f6cf00000,0x0000000f6d000000)]
  0x000001b377bf1000 JavaThread "jar transforms Thread 40" [_thread_blocked, id=2992, stack(0x0000000f6d000000,0x0000000f6d100000)]
  0x000001b377bec000 JavaThread "jar transforms Thread 41" [_thread_blocked, id=2680, stack(0x0000000f6d100000,0x0000000f6d200000)]
  0x000001b377bec800 JavaThread "jar transforms Thread 42" [_thread_blocked, id=6776, stack(0x0000000f6d200000,0x0000000f6d300000)]
  0x000001b377c0a000 JavaThread "jar transforms Thread 43" [_thread_blocked, id=8428, stack(0x0000000f6d300000,0x0000000f6d400000)]
  0x000001b377c10000 JavaThread "jar transforms Thread 44" [_thread_blocked, id=8404, stack(0x0000000f6d400000,0x0000000f6d500000)]
  0x000001b377c10800 JavaThread "jar transforms Thread 45" [_thread_blocked, id=8400, stack(0x0000000f6d500000,0x0000000f6d600000)]
  0x000001b377c0b800 JavaThread "jar transforms Thread 46" [_thread_blocked, id=8372, stack(0x0000000f6d600000,0x0000000f6d700000)]
  0x000001b377c0b000 JavaThread "jar transforms Thread 47" [_thread_blocked, id=7936, stack(0x0000000f6d700000,0x0000000f6d800000)]
  0x000001b377c0f000 JavaThread "jar transforms Thread 48" [_thread_blocked, id=8016, stack(0x0000000f6d800000,0x0000000f6d900000)]
  0x000001b377c12000 JavaThread "jar transforms Thread 49" [_thread_blocked, id=8008, stack(0x0000000f6d900000,0x0000000f6da00000)]
  0x000001b377c11800 JavaThread "jar transforms Thread 50" [_thread_blocked, id=7928, stack(0x0000000f6da00000,0x0000000f6db00000)]
  0x000001b377c0c800 JavaThread "jar transforms Thread 51" [_thread_blocked, id=9188, stack(0x0000000f6db00000,0x0000000f6dc00000)]
  0x000001b377c13000 JavaThread "jar transforms Thread 52" [_thread_blocked, id=8432, stack(0x0000000f6dc00000,0x0000000f6dd00000)]
  0x000001b377c0e000 JavaThread "jar transforms Thread 53" [_thread_blocked, id=7480, stack(0x0000000f6dd00000,0x0000000f6de00000)]
  0x000001b377c0d800 JavaThread "jar transforms Thread 54" [_thread_blocked, id=8764, stack(0x0000000f6de00000,0x0000000f6df00000)]
  0x000001b377c19000 JavaThread "jar transforms Thread 55" [_thread_blocked, id=8620, stack(0x0000000f6df00000,0x0000000f6e000000)]
  0x000001b377c14000 JavaThread "jar transforms Thread 56" [_thread_blocked, id=4716, stack(0x0000000f6e000000,0x0000000f6e100000)]
  0x000001b377c14800 JavaThread "jar transforms Thread 57" [_thread_blocked, id=7504, stack(0x0000000f6e100000,0x0000000f6e200000)]
  0x000001b377c16800 JavaThread "jar transforms Thread 58" [_thread_blocked, id=8440, stack(0x0000000f6e200000,0x0000000f6e300000)]
  0x000001b377c15800 JavaThread "jar transforms Thread 59" [_thread_blocked, id=5332, stack(0x0000000f6e300000,0x0000000f6e400000)]
  0x000001b377c17000 JavaThread "jar transforms Thread 60" [_thread_blocked, id=9092, stack(0x0000000f6e400000,0x0000000f6e500000)]
  0x000001b377c18000 JavaThread "jar transforms Thread 61" [_thread_blocked, id=3928, stack(0x0000000f6e500000,0x0000000f6e600000)]
  0x000001b3780dc800 JavaThread "jar transforms Thread 62" [_thread_blocked, id=5660, stack(0x0000000f6e600000,0x0000000f6e700000)]
  0x000001b3780da000 JavaThread "jar transforms Thread 63" [_thread_blocked, id=3908, stack(0x0000000f6e700000,0x0000000f6e800000)]
  0x000001b3780da800 JavaThread "jar transforms Thread 64" [_thread_blocked, id=5812, stack(0x0000000f6e800000,0x0000000f6e900000)]
  0x000001b3780d6800 JavaThread "jar transforms Thread 65" [_thread_blocked, id=1512, stack(0x0000000f6e900000,0x0000000f6ea00000)]
  0x000001b3780d7800 JavaThread "jar transforms Thread 66" [_thread_blocked, id=5940, stack(0x0000000f6ea00000,0x0000000f6eb00000)]
  0x000001b3780db800 JavaThread "jar transforms Thread 67" [_thread_blocked, id=9088, stack(0x0000000f6eb00000,0x0000000f6ec00000)]
  0x000001b3780d8800 JavaThread "jar transforms Thread 68" [_thread_blocked, id=6148, stack(0x0000000f6ec00000,0x0000000f6ed00000)]
  0x000001b3780de000 JavaThread "jar transforms Thread 69" [_thread_blocked, id=1012, stack(0x0000000f6ed00000,0x0000000f6ee00000)]
  0x000001b3780dd000 JavaThread "jar transforms Thread 70" [_thread_blocked, id=4732, stack(0x0000000f6ee00000,0x0000000f6ef00000)]
  0x000001b3780df000 JavaThread "jar transforms Thread 71" [_thread_blocked, id=7172, stack(0x0000000f6ef00000,0x0000000f6f000000)]
  0x000001b3780d9000 JavaThread "jar transforms Thread 72" [_thread_blocked, id=8424, stack(0x0000000f6f000000,0x0000000f6f100000)]
  0x000001b3780e3800 JavaThread "jar transforms Thread 73" [_thread_blocked, id=3492, stack(0x0000000f6f100000,0x0000000f6f200000)]
  0x000001b3780e2000 JavaThread "jar transforms Thread 74" [_thread_blocked, id=6732, stack(0x0000000f6f200000,0x0000000f6f300000)]
  0x000001b3780e5800 JavaThread "jar transforms Thread 75" [_thread_blocked, id=6728, stack(0x0000000f6f300000,0x0000000f6f400000)]
  0x000001b3780e4800 JavaThread "jar transforms Thread 76" [_thread_blocked, id=7056, stack(0x0000000f6f400000,0x0000000f6f500000)]
  0x000001b3780e3000 JavaThread "jar transforms Thread 77" [_thread_blocked, id=7132, stack(0x0000000f6f500000,0x0000000f6f600000)]
  0x000001b3780df800 JavaThread "jar transforms Thread 78" [_thread_blocked, id=3856, stack(0x0000000f6f600000,0x0000000f6f700000)]
  0x000001b3780e1000 JavaThread "jar transforms Thread 79" [_thread_blocked, id=4640, stack(0x0000000f6f700000,0x0000000f6f800000)]
  0x000001b3780e0800 JavaThread "jar transforms Thread 80" [_thread_blocked, id=9404, stack(0x0000000f6f800000,0x0000000f6f900000)]
  0x000001b37602f000 JavaThread "jar transforms Thread 81" [_thread_blocked, id=8708, stack(0x0000000f6f900000,0x0000000f6fa00000)]
  0x000001b376032000 JavaThread "jar transforms Thread 82" [_thread_blocked, id=8468, stack(0x0000000f6fa00000,0x0000000f6fb00000)]
  0x000001b376030800 JavaThread "jar transforms Thread 83" [_thread_blocked, id=8496, stack(0x0000000f6fb00000,0x0000000f6fc00000)]
  0x000001b37602e000 JavaThread "jar transforms Thread 84" [_thread_blocked, id=8672, stack(0x0000000f6fc00000,0x0000000f6fd00000)]
  0x000001b37602f800 JavaThread "jar transforms Thread 85" [_thread_blocked, id=8492, stack(0x0000000f6fd00000,0x0000000f6fe00000)]
  0x000001b37602d000 JavaThread "jar transforms Thread 86" [_thread_blocked, id=7136, stack(0x0000000f6fe00000,0x0000000f6ff00000)]
  0x000001b376033800 JavaThread "jar transforms Thread 87" [_thread_blocked, id=6772, stack(0x0000000f6ff00000,0x0000000f70000000)]
  0x000001b376031800 JavaThread "jar transforms Thread 88" [_thread_blocked, id=7048, stack(0x0000000f70000000,0x0000000f70100000)]
  0x000001b376034800 JavaThread "jar transforms Thread 89" [_thread_blocked, id=740, stack(0x0000000f70100000,0x0000000f70200000)]
  0x000001b376037000 JavaThread "jar transforms Thread 90" [_thread_blocked, id=6752, stack(0x0000000f70200000,0x0000000f70300000)]
  0x000001b376035800 JavaThread "jar transforms Thread 91" [_thread_blocked, id=6748, stack(0x0000000f70300000,0x0000000f70400000)]
  0x000001b376033000 JavaThread "jar transforms Thread 92" [_thread_blocked, id=6740, stack(0x0000000f70400000,0x0000000f70500000)]
  0x000001b376039800 JavaThread "jar transforms Thread 93" [_thread_blocked, id=6744, stack(0x0000000f70500000,0x0000000f70600000)]
  0x000001b37603c000 JavaThread "jar transforms Thread 94" [_thread_blocked, id=1532, stack(0x0000000f70600000,0x0000000f70700000)]
  0x000001b37603a000 JavaThread "jar transforms Thread 95" [_thread_blocked, id=9168, stack(0x0000000f70700000,0x0000000f70800000)]
  0x000001b376038000 JavaThread "jar transforms Thread 96" [_thread_blocked, id=1544, stack(0x0000000f70800000,0x0000000f70900000)]
  0x000001b376036000 JavaThread "jar transforms Thread 97" [_thread_blocked, id=1104, stack(0x0000000f70900000,0x0000000f70a00000)]

Other Threads:
  0x000001b372cfc800 VMThread "VM Thread" [stack: 0x0000000f67800000,0x0000000f67900000] [id=8360]
  0x000001b3737da800 WatcherThread [stack: 0x0000000f68200000,0x0000000f68300000] [id=5688]
  0x000001b358312000 GCTaskThread "GC Thread#0" [stack: 0x0000000f67300000,0x0000000f67400000] [id=10296]
  0x000001b3744d5800 GCTaskThread "GC Thread#1" [stack: 0x0000000f68300000,0x0000000f68400000] [id=2404]
  0x000001b375b07800 GCTaskThread "GC Thread#2" [stack: 0x0000000f68500000,0x0000000f68600000] [id=8328]
  0x000001b37510a000 GCTaskThread "GC Thread#3" [stack: 0x0000000f68600000,0x0000000f68700000] [id=5904]
  0x000001b373947000 GCTaskThread "GC Thread#4" [stack: 0x0000000f69200000,0x0000000f69300000] [id=7888]
  0x000001b3753cd800 GCTaskThread "GC Thread#5" [stack: 0x0000000f69300000,0x0000000f69400000] [id=10276]
  0x000001b373af8000 GCTaskThread "GC Thread#6" [stack: 0x0000000f69400000,0x0000000f69500000] [id=9484]
  0x000001b373964000 GCTaskThread "GC Thread#7" [stack: 0x0000000f69500000,0x0000000f69600000] [id=9828]
  0x000001b358346800 ConcurrentGCThread "G1 Main Marker" [stack: 0x0000000f67400000,0x0000000f67500000] [id=10284]
  0x000001b358349000 ConcurrentGCThread "G1 Conc#0" [stack: 0x0000000f67500000,0x0000000f67600000] [id=10092]
  0x000001b373b1f800 ConcurrentGCThread "G1 Conc#1" [stack: 0x0000000f69800000,0x0000000f69900000] [id=3628]
  0x000001b3583b1000 ConcurrentGCThread "G1 Refine#0" [stack: 0x0000000f67600000,0x0000000f67700000] [id=2672]
  0x000001b3583b2000 ConcurrentGCThread "G1 Young RemSet Sampling" [stack: 0x0000000f67700000,0x0000000f67800000] [id=280]

Threads with active compile tasks:
C2 CompilerThread0  15246 4287       4       groovy.lang.MetaClassImpl$1MOPIter::methodNameAction (325 bytes)

VM state:not at safepoint (normal execution)

VM Mutex/Monitor currently owned by a thread: None

Heap address: 0x0000000080000000, size: 2048 MB, Compressed Oops mode: 32-bit
Narrow klass base: 0x0000000000000000, Narrow klass shift: 3
Compressed class space size: 1073741824 Address: 0x0000000100000000

Heap:
 garbage-first heap   total 65536K, used 44431K [0x0000000080000000, 0x0000000100000000)
  region size 1024K, 22 young (22528K), 4 survivors (4096K)
 Metaspace       used 44334K, capacity 45376K, committed 45568K, reserved 1089536K
  class space    used 5677K, capacity 6031K, committed 6144K, reserved 1048576K
Heap Regions: E=young(eden), S=young(survivor), O=old, HS=humongous(starts), HC=humongous(continues), CS=collection set, F=free, A=archive, TAMS=top-at-mark-start (previous, next)
|   0|0x0000000080000000, 0x0000000080100000, 0x0000000080100000|100%| O|  |TAMS 0x0000000080100000, 0x0000000080000000| Untracked 
|   1|0x0000000080100000, 0x0000000080200000, 0x0000000080200000|100%| O|  |TAMS 0x0000000080200000, 0x0000000080100000| Untracked 
|   2|0x0000000080200000, 0x0000000080300000, 0x0000000080300000|100%| O|  |TAMS 0x0000000080300000, 0x0000000080200000| Untracked 
|   3|0x0000000080300000, 0x0000000080400000, 0x0000000080400000|100%|HS|  |TAMS 0x0000000080400000, 0x0000000080300000| Complete 
|   4|0x0000000080400000, 0x0000000080500000, 0x0000000080500000|100%|HC|  |TAMS 0x0000000080500000, 0x0000000080400000| Complete 
|   5|0x0000000080500000, 0x0000000080600000, 0x0000000080600000|100%|HC|  |TAMS 0x0000000080600000, 0x0000000080500000| Complete 
|   6|0x0000000080600000, 0x0000000080700000, 0x0000000080700000|100%| O|  |TAMS 0x0000000080700000, 0x0000000080600000| Untracked 
|   7|0x0000000080700000, 0x0000000080800000, 0x0000000080800000|100%| O|  |TAMS 0x0000000080800000, 0x0000000080700000| Untracked 
|   8|0x0000000080800000, 0x0000000080900000, 0x0000000080900000|100%| O|  |TAMS 0x0000000080900000, 0x0000000080800000| Untracked 
|   9|0x0000000080900000, 0x0000000080a00000, 0x0000000080a00000|100%| O|  |TAMS 0x0000000080a00000, 0x0000000080900000| Untracked 
|  10|0x0000000080a00000, 0x0000000080b00000, 0x0000000080b00000|100%| O|  |TAMS 0x0000000080b00000, 0x0000000080a00000| Untracked 
|  11|0x0000000080b00000, 0x0000000080c00000, 0x0000000080c00000|100%| O|  |TAMS 0x0000000080c00000, 0x0000000080b00000| Untracked 
|  12|0x0000000080c00000, 0x0000000080d00000, 0x0000000080d00000|100%| O|  |TAMS 0x0000000080d00000, 0x0000000080c00000| Untracked 
|  13|0x0000000080d00000, 0x0000000080e00000, 0x0000000080e00000|100%| O|  |TAMS 0x0000000080e00000, 0x0000000080d00000| Untracked 
|  14|0x0000000080e00000, 0x0000000080f00000, 0x0000000080f00000|100%| O|  |TAMS 0x0000000080f00000, 0x0000000080e00000| Untracked 
|  15|0x0000000080f00000, 0x0000000081000000, 0x0000000081000000|100%| O|  |TAMS 0x0000000081000000, 0x0000000080f00000| Untracked 
|  16|0x0000000081000000, 0x0000000081100000, 0x0000000081100000|100%| O|  |TAMS 0x0000000081100000, 0x0000000081000000| Untracked 
|  17|0x0000000081100000, 0x0000000081200000, 0x0000000081200000|100%| O|  |TAMS 0x000000008114f600, 0x0000000081100000| Untracked 
|  18|0x0000000081200000, 0x00000000812bfe00, 0x0000000081300000| 74%| O|  |TAMS 0x0000000081200000, 0x0000000081200000| Untracked 
|  19|0x0000000081300000, 0x0000000081400000, 0x0000000081400000|100%|HS|  |TAMS 0x0000000081300000, 0x0000000081300000| Complete 
|  20|0x0000000081400000, 0x0000000081400000, 0x0000000081500000|  0%| F|  |TAMS 0x0000000081400000, 0x0000000081400000| Untracked 
|  21|0x0000000081500000, 0x0000000081600000, 0x0000000081600000|100%| O|  |TAMS 0x0000000081500000, 0x0000000081500000| Untracked 
|  22|0x0000000081600000, 0x0000000081700000, 0x0000000081700000|100%| O|  |TAMS 0x0000000081600000, 0x0000000081600000| Untracked 
|  23|0x0000000081700000, 0x0000000081800000, 0x0000000081800000|100%| O|  |TAMS 0x0000000081700000, 0x0000000081700000| Untracked 
|  24|0x0000000081800000, 0x0000000081900000, 0x0000000081900000|100%| O|  |TAMS 0x0000000081800000, 0x0000000081800000| Untracked 
|  25|0x0000000081900000, 0x0000000081900000, 0x0000000081a00000|  0%| F|  |TAMS 0x0000000081900000, 0x0000000081900000| Untracked 
|  26|0x0000000081a00000, 0x0000000081a00000, 0x0000000081b00000|  0%| F|  |TAMS 0x0000000081a00000, 0x0000000081a00000| Untracked 
|  27|0x0000000081b00000, 0x0000000081b00000, 0x0000000081c00000|  0%| F|  |TAMS 0x0000000081b00000, 0x0000000081b00000| Untracked 
|  28|0x0000000081c00000, 0x0000000081c00000, 0x0000000081d00000|  0%| F|  |TAMS 0x0000000081c00000, 0x0000000081c00000| Untracked 
|  29|0x0000000081d00000, 0x0000000081d00000, 0x0000000081e00000|  0%| F|  |TAMS 0x0000000081d00000, 0x0000000081d00000| Untracked 
|  30|0x0000000081e00000, 0x0000000081e00000, 0x0000000081f00000|  0%| F|  |TAMS 0x0000000081e00000, 0x0000000081e00000| Untracked 
|  31|0x0000000081f00000, 0x0000000081f00000, 0x0000000082000000|  0%| F|  |TAMS 0x0000000081f00000, 0x0000000081f00000| Untracked 
|  32|0x0000000082000000, 0x0000000082000000, 0x0000000082100000|  0%| F|  |TAMS 0x0000000082000000, 0x0000000082000000| Untracked 
|  33|0x0000000082100000, 0x00000000821a40f0, 0x0000000082200000| 64%| S|CS|TAMS 0x0000000082100000, 0x0000000082100000| Complete 
|  34|0x0000000082200000, 0x0000000082200000, 0x0000000082300000|  0%| F|  |TAMS 0x0000000082200000, 0x0000000082200000| Untracked 
|  35|0x0000000082300000, 0x0000000082300000, 0x0000000082400000|  0%| F|  |TAMS 0x0000000082300000, 0x0000000082300000| Untracked 
|  36|0x0000000082400000, 0x0000000082400000, 0x0000000082500000|  0%| F|  |TAMS 0x0000000082400000, 0x0000000082400000| Untracked 
|  37|0x0000000082500000, 0x0000000082600000, 0x0000000082600000|100%| S|CS|TAMS 0x0000000082500000, 0x0000000082500000| Complete 
|  38|0x0000000082600000, 0x0000000082700000, 0x0000000082700000|100%| S|CS|TAMS 0x0000000082600000, 0x0000000082600000| Complete 
|  39|0x0000000082700000, 0x0000000082800000, 0x0000000082800000|100%| S|CS|TAMS 0x0000000082700000, 0x0000000082700000| Complete 
|  40|0x0000000082800000, 0x0000000082800000, 0x0000000082900000|  0%| F|  |TAMS 0x0000000082800000, 0x0000000082800000| Untracked 
|  41|0x0000000082900000, 0x0000000082900000, 0x0000000082a00000|  0%| F|  |TAMS 0x0000000082900000, 0x0000000082900000| Untracked 
|  42|0x0000000082a00000, 0x0000000082a00000, 0x0000000082b00000|  0%| F|  |TAMS 0x0000000082a00000, 0x0000000082a00000| Untracked 
|  43|0x0000000082b00000, 0x0000000082b00000, 0x0000000082c00000|  0%| F|  |TAMS 0x0000000082b00000, 0x0000000082b00000| Untracked 
|  44|0x0000000082c00000, 0x0000000082c00000, 0x0000000082d00000|  0%| F|  |TAMS 0x0000000082c00000, 0x0000000082c00000| Untracked 
|  45|0x0000000082d00000, 0x0000000082d00000, 0x0000000082e00000|  0%| F|  |TAMS 0x0000000082d00000, 0x0000000082d00000| Untracked 
|  46|0x0000000082e00000, 0x0000000082ee06b8, 0x0000000082f00000| 87%| E|  |TAMS 0x0000000082e00000, 0x0000000082e00000| Complete 
|  47|0x0000000082f00000, 0x0000000083000000, 0x0000000083000000|100%| E|  |TAMS 0x0000000082f00000, 0x0000000082f00000| Complete 
|  48|0x0000000083000000, 0x0000000083100000, 0x0000000083100000|100%| E|CS|TAMS 0x0000000083000000, 0x0000000083000000| Complete 
|  49|0x0000000083100000, 0x0000000083200000, 0x0000000083200000|100%| E|CS|TAMS 0x0000000083100000, 0x0000000083100000| Complete 
|  50|0x0000000083200000, 0x0000000083300000, 0x0000000083300000|100%| E|CS|TAMS 0x0000000083200000, 0x0000000083200000| Complete 
|  51|0x0000000083300000, 0x0000000083400000, 0x0000000083400000|100%| E|CS|TAMS 0x0000000083300000, 0x0000000083300000| Complete 
|  52|0x0000000083400000, 0x0000000083500000, 0x0000000083500000|100%| E|CS|TAMS 0x0000000083400000, 0x0000000083400000| Complete 
|  53|0x0000000083500000, 0x0000000083600000, 0x0000000083600000|100%| E|CS|TAMS 0x0000000083500000, 0x0000000083500000| Complete 
|  54|0x0000000083600000, 0x0000000083700000, 0x0000000083700000|100%| E|CS|TAMS 0x0000000083600000, 0x0000000083600000| Complete 
|  55|0x0000000083700000, 0x0000000083800000, 0x0000000083800000|100%| E|CS|TAMS 0x0000000083700000, 0x0000000083700000| Complete 
|  56|0x0000000083800000, 0x0000000083900000, 0x0000000083900000|100%| E|CS|TAMS 0x0000000083800000, 0x0000000083800000| Complete 
|  57|0x0000000083900000, 0x0000000083a00000, 0x0000000083a00000|100%| E|CS|TAMS 0x0000000083900000, 0x0000000083900000| Complete 
|  58|0x0000000083a00000, 0x0000000083b00000, 0x0000000083b00000|100%| E|CS|TAMS 0x0000000083a00000, 0x0000000083a00000| Complete 
|  59|0x0000000083b00000, 0x0000000083c00000, 0x0000000083c00000|100%| E|CS|TAMS 0x0000000083b00000, 0x0000000083b00000| Complete 
|  60|0x0000000083c00000, 0x0000000083d00000, 0x0000000083d00000|100%| E|CS|TAMS 0x0000000083c00000, 0x0000000083c00000| Complete 
|  61|0x0000000083d00000, 0x0000000083e00000, 0x0000000083e00000|100%| E|CS|TAMS 0x0000000083d00000, 0x0000000083d00000| Complete 
|  62|0x0000000083e00000, 0x0000000083f00000, 0x0000000083f00000|100%| E|CS|TAMS 0x0000000083e00000, 0x0000000083e00000| Complete 
|  63|0x0000000083f00000, 0x0000000084000000, 0x0000000084000000|100%| E|CS|TAMS 0x0000000083f00000, 0x0000000083f00000| Complete 

Card table byte_map: [0x000001b36baf0000,0x000001b36bef0000] _byte_map_base: 0x000001b36b6f0000

Marking Bits (Prev, Next): (CMBitMap*) 0x000001b35833dc08, (CMBitMap*) 0x000001b35833dc40
 Prev Bits: [0x000001b36c2f0000, 0x000001b36e2f0000)
 Next Bits: [0x000001b36e2f0000, 0x000001b3702f0000)

Polling page: 0x000001b356930000

Metaspace:

Usage:
  Non-class:     38.42 MB capacity,    37.75 MB ( 98%) used,   589.91 KB (  1%) free+waste,    97.69 KB ( <1%) overhead. 
      Class:      5.89 MB capacity,     5.54 MB ( 94%) used,   306.81 KB (  5%) free+waste,    46.81 KB ( <1%) overhead. 
       Both:     44.31 MB capacity,    43.30 MB ( 98%) used,   896.73 KB (  2%) free+waste,   144.50 KB ( <1%) overhead. 

Virtual space:
  Non-class space:       40.00 MB reserved,      38.50 MB ( 96%) committed 
      Class space:        1.00 GB reserved,       6.00 MB ( <1%) committed 
             Both:        1.04 GB reserved,      44.50 MB (  4%) committed 

Chunk freelists:
   Non-Class:  15.00 KB
       Class:  1.00 KB
        Both:  16.00 KB

MaxMetaspaceSize: 17179869184.00 GB
CompressedClassSpaceSize: 1.00 GB

CodeHeap 'non-profiled nmethods': size=120000Kb used=1809Kb max_used=1809Kb free=118190Kb
 bounds [0x000001b363750000, 0x000001b3639c0000, 0x000001b36ac80000]
CodeHeap 'profiled nmethods': size=120000Kb used=8266Kb max_used=8266Kb free=111733Kb
 bounds [0x000001b35c220000, 0x000001b35ca40000, 0x000001b363750000]
CodeHeap 'non-nmethods': size=5760Kb used=2197Kb max_used=2225Kb free=3562Kb
 bounds [0x000001b35bc80000, 0x000001b35bef0000, 0x000001b35c220000]
 total_blobs=4857 nmethods=4098 adapters=670
 compilation: enabled
              stopped_count=0, restarted_count=0
 full_count=0

Compilation events (20 events):
Event: 15.110 Thread 0x000001b372d1c800 4272       4       jdk.internal.reflect.ClassFileAssembler::emitConstantPoolUTF8 (50 bytes)
Event: 15.111 Thread 0x000001b372d31000 nmethod 4278 0x000001b35ca21310 code [0x000001b35ca21780, 0x000001b35ca23468]
Event: 15.111 Thread 0x000001b372d31000 4282  s!   3       java.beans.PropertyDescriptor::getPropertyType (33 bytes)
Event: 15.112 Thread 0x000001b372d31000 nmethod 4282 0x000001b35ca23e90 code [0x000001b35ca240e0, 0x000001b35ca24b48]
Event: 15.112 Thread 0x000001b372d31000 4280       3       org.codehaus.groovy.util.ComplexKeyHashMap::getEntrySetIterator (9 bytes)
Event: 15.112 Thread 0x000001b372d31000 nmethod 4280 0x000001b35ca24e90 code [0x000001b35ca25040, 0x000001b35ca251c8]
Event: 15.112 Thread 0x000001b372d31000 4281       3       java.lang.reflect.Field::checkCanSetAccessible (10 bytes)
Event: 15.112 Thread 0x000001b372d31000 nmethod 4281 0x000001b35ca25290 code [0x000001b35ca25460, 0x000001b35ca255e8]
Event: 15.112 Thread 0x000001b372d31000 4279       3       java.util.StringJoiner::setEmptyValue (20 bytes)
Event: 15.112 Thread 0x000001b372d31000 nmethod 4279 0x000001b35ca25710 code [0x000001b35ca25900, 0x000001b35ca25d98]
Event: 15.113 Thread 0x000001b372d31000 4283       3       java.lang.reflect.AccessibleObject::setAccessible (87 bytes)
Event: 15.115 Thread 0x000001b372d31000 nmethod 4283 0x000001b35ca25f10 code [0x000001b35ca26140, 0x000001b35ca26958]
Event: 15.115 Thread 0x000001b372d31000 4284       3       org.codehaus.groovy.reflection.CachedClass$3::initValue (232 bytes)
Event: 15.117 Thread 0x000001b372d31000 nmethod 4284 0x000001b35ca26c90 code [0x000001b35ca27140, 0x000001b35ca29628]
Event: 15.117 Thread 0x000001b372d31000 4288       1       groovy.lang.MetaClassImpl$MethodIndexAction::skipClass (2 bytes)
Event: 15.117 Thread 0x000001b372d31000 nmethod 4288 0x000001b363912f10 code [0x000001b3639130c0, 0x000001b363913178]
Event: 15.122 Thread 0x000001b372d31000 4289       3       java.util.zip.ZipFile$Source::initCEN (658 bytes)
Event: 15.127 Thread 0x000001b372d31000 nmethod 4289 0x000001b35ca2a490 code [0x000001b35ca2aae0, 0x000001b35ca2e448]
Event: 15.133 Thread 0x000001b372d1c800 nmethod 4272 0x000001b363913210 code [0x000001b363913460, 0x000001b363913d50]
Event: 15.134 Thread 0x000001b372d1c800 4287       4       groovy.lang.MetaClassImpl$1MOPIter::methodNameAction (325 bytes)

GC Heap History (20 events):
Event: 8.000 GC heap before
{Heap before GC invocations=3 (full 0):
 garbage-first heap   total 65536K, used 40412K [0x0000000080000000, 0x0000000100000000)
  region size 1024K, 29 young (29696K), 4 survivors (4096K)
 Metaspace       used 19088K, capacity 19521K, committed 19712K, reserved 1067008K
  class space    used 2322K, capacity 2458K, committed 2560K, reserved 1048576K
}
Event: 8.049 GC heap after
{Heap after GC invocations=4 (full 0):
 garbage-first heap   total 65536K, used 16376K [0x0000000080000000, 0x0000000100000000)
  region size 1024K, 2 young (2048K), 2 survivors (2048K)
 Metaspace       used 19088K, capacity 19521K, committed 19712K, reserved 1067008K
  class space    used 2322K, capacity 2458K, committed 2560K, reserved 1048576K
}
Event: 8.372 GC heap before
{Heap before GC invocations=4 (full 0):
 garbage-first heap   total 65536K, used 25592K [0x0000000080000000, 0x0000000100000000)
  region size 1024K, 12 young (12288K), 2 survivors (2048K)
 Metaspace       used 20597K, capacity 21096K, committed 21248K, reserved 1067008K
  class space    used 2525K, capacity 2711K, committed 2816K, reserved 1048576K
}
Event: 8.379 GC heap after
{Heap after GC invocations=5 (full 0):
 garbage-first heap   total 65536K, used 16643K [0x0000000080000000, 0x0000000100000000)
  region size 1024K, 2 young (2048K), 2 survivors (2048K)
 Metaspace       used 20597K, capacity 21096K, committed 21248K, reserved 1067008K
  class space    used 2525K, capacity 2711K, committed 2816K, reserved 1048576K
}
Event: 9.164 GC heap before
{Heap before GC invocations=6 (full 0):
 garbage-first heap   total 65536K, used 40195K [0x0000000080000000, 0x0000000100000000)
  region size 1024K, 26 young (26624K), 2 survivors (2048K)
 Metaspace       used 23195K, capacity 23729K, committed 23936K, reserved 1071104K
  class space    used 2958K, capacity 3143K, committed 3200K, reserved 1048576K
}
Event: 9.170 GC heap after
{Heap after GC invocations=7 (full 0):
 garbage-first heap   total 65536K, used 17752K [0x0000000080000000, 0x0000000100000000)
  region size 1024K, 3 young (3072K), 3 survivors (3072K)
 Metaspace       used 23195K, capacity 23729K, committed 23936K, reserved 1071104K
  class space    used 2958K, capacity 3143K, committed 3200K, reserved 1048576K
}
Event: 10.141 GC heap before
{Heap before GC invocations=7 (full 0):
 garbage-first heap   total 65536K, used 42328K [0x0000000080000000, 0x0000000100000000)
  region size 1024K, 27 young (27648K), 3 survivors (3072K)
 Metaspace       used 26206K, capacity 26726K, committed 27008K, reserved 1073152K
  class space    used 3424K, capacity 3633K, committed 3712K, reserved 1048576K
}
Event: 10.146 GC heap after
{Heap after GC invocations=8 (full 0):
 garbage-first heap   total 65536K, used 18718K [0x0000000080000000, 0x0000000100000000)
  region size 1024K, 3 young (3072K), 3 survivors (3072K)
 Metaspace       used 26206K, capacity 26726K, committed 27008K, reserved 1073152K
  class space    used 3424K, capacity 3633K, committed 3712K, reserved 1048576K
}
Event: 11.266 GC heap before
{Heap before GC invocations=8 (full 0):
 garbage-first heap   total 65536K, used 44318K [0x0000000080000000, 0x0000000100000000)
  region size 1024K, 28 young (28672K), 3 survivors (3072K)
 Metaspace       used 28938K, capacity 29576K, committed 29696K, reserved 1075200K
  class space    used 3858K, capacity 4094K, committed 4096K, reserved 1048576K
}
Event: 11.271 GC heap after
{Heap after GC invocations=9 (full 0):
 garbage-first heap   total 65536K, used 19473K [0x0000000080000000, 0x0000000100000000)
  region size 1024K, 3 young (3072K), 3 survivors (3072K)
 Metaspace       used 28938K, capacity 29576K, committed 29696K, reserved 1075200K
  class space    used 3858K, capacity 4094K, committed 4096K, reserved 1048576K
}
Event: 12.067 GC heap before
{Heap before GC invocations=9 (full 0):
 garbage-first heap   total 65536K, used 42001K [0x0000000080000000, 0x0000000100000000)
  region size 1024K, 26 young (26624K), 3 survivors (3072K)
 Metaspace       used 35124K, capacity 35792K, committed 35840K, reserved 1081344K
  class space    used 4563K, capacity 4825K, committed 4864K, reserved 1048576K
}
Event: 12.077 GC heap after
{Heap after GC invocations=10 (full 0):
 garbage-first heap   total 65536K, used 21821K [0x0000000080000000, 0x0000000100000000)
  region size 1024K, 4 young (4096K), 4 survivors (4096K)
 Metaspace       used 35124K, capacity 35792K, committed 35840K, reserved 1081344K
  class space    used 4563K, capacity 4825K, committed 4864K, reserved 1048576K
}
Event: 12.784 GC heap before
{Heap before GC invocations=11 (full 0):
 garbage-first heap   total 65536K, used 48445K [0x0000000080000000, 0x0000000100000000)
  region size 1024K, 28 young (28672K), 4 survivors (4096K)
 Metaspace       used 37852K, capacity 38571K, committed 38784K, reserved 1083392K
  class space    used 4865K, capacity 5168K, committed 5248K, reserved 1048576K
}
Event: 12.795 GC heap after
{Heap after GC invocations=12 (full 0):
 garbage-first heap   total 65536K, used 23523K [0x0000000080000000, 0x0000000100000000)
  region size 1024K, 2 young (2048K), 2 survivors (2048K)
 Metaspace       used 37852K, capacity 38571K, committed 38784K, reserved 1083392K
  class space    used 4865K, capacity 5168K, committed 5248K, reserved 1048576K
}
Event: 13.454 GC heap before
{Heap before GC invocations=12 (full 0):
 garbage-first heap   total 65536K, used 48099K [0x0000000080000000, 0x0000000100000000)
  region size 1024K, 26 young (26624K), 2 survivors (2048K)
 Metaspace       used 40088K, capacity 40967K, committed 41088K, reserved 1085440K
  class space    used 5097K, capacity 5434K, committed 5504K, reserved 1048576K
}
Event: 13.460 GC heap after
{Heap after GC invocations=13 (full 0):
 garbage-first heap   total 65536K, used 24685K [0x0000000080000000, 0x0000000100000000)
  region size 1024K, 3 young (3072K), 3 survivors (3072K)
 Metaspace       used 40088K, capacity 40967K, committed 41088K, reserved 1085440K
  class space    used 5097K, capacity 5434K, committed 5504K, reserved 1048576K
}
Event: 13.948 GC heap before
{Heap before GC invocations=13 (full 0):
 garbage-first heap   total 65536K, used 49261K [0x0000000080000000, 0x0000000100000000)
  region size 1024K, 27 young (27648K), 3 survivors (3072K)
 Metaspace       used 42226K, capacity 43158K, committed 43392K, reserved 1087488K
  class space    used 5431K, capacity 5744K, committed 5760K, reserved 1048576K
}
Event: 13.953 GC heap after
{Heap after GC invocations=14 (full 0):
 garbage-first heap   total 65536K, used 25604K [0x0000000080000000, 0x0000000100000000)
  region size 1024K, 3 young (3072K), 3 survivors (3072K)
 Metaspace       used 42226K, capacity 43158K, committed 43392K, reserved 1087488K
  class space    used 5431K, capacity 5744K, committed 5760K, reserved 1048576K
}
Event: 14.836 GC heap before
{Heap before GC invocations=14 (full 0):
 garbage-first heap   total 65536K, used 50180K [0x0000000080000000, 0x0000000100000000)
  region size 1024K, 27 young (27648K), 3 survivors (3072K)
 Metaspace       used 44088K, capacity 45076K, committed 45312K, reserved 1089536K
  class space    used 5658K, capacity 6020K, committed 6144K, reserved 1048576K
}
Event: 14.841 GC heap after
{Heap after GC invocations=15 (full 0):
 garbage-first heap   total 65536K, used 27023K [0x0000000080000000, 0x0000000100000000)
  region size 1024K, 4 young (4096K), 4 survivors (4096K)
 Metaspace       used 44088K, capacity 45076K, committed 45312K, reserved 1089536K
  class space    used 5658K, capacity 6020K, committed 6144K, reserved 1048576K
}

Deoptimization events (20 events):
Event: 14.596 Thread 0x000001b373991000 DEOPT PACKING pc=0x000001b3637f18ac sp=0x0000000f6a9fe9b0
Event: 14.596 Thread 0x000001b37398f800 DEOPT PACKING pc=0x000001b3637f18ac sp=0x0000000f6a2fea40
Event: 14.596 Thread 0x000001b37398f800 DEOPT UNPACKING pc=0x000001b35bca74af sp=0x0000000f6a2fe980 mode 2
Event: 14.596 Thread 0x000001b373991000 DEOPT UNPACKING pc=0x000001b35bca74af sp=0x0000000f6a9fe8f0 mode 2
Event: 14.598 Thread 0x000001b37398e800 DEOPT PACKING pc=0x000001b35c2db44c sp=0x0000000f6a3fd710
Event: 14.598 Thread 0x000001b37398e800 DEOPT UNPACKING pc=0x000001b35bca72ce sp=0x0000000f6a3fccb0 mode 0
Event: 14.674 Thread 0x000001b37398d800 DEOPT PACKING pc=0x000001b35c2db44c sp=0x0000000f6a4fd640
Event: 14.674 Thread 0x000001b37398d800 DEOPT UNPACKING pc=0x000001b35bca72ce sp=0x0000000f6a4fcbe0 mode 0
Event: 14.998 Thread 0x000001b374ac0800 Uncommon trap: trap_request=0xffffffcc fr.pc=0x000001b3638feb80 relative=0x0000000000001060
Event: 14.999 Thread 0x000001b374ac0800 Uncommon trap: reason=intrinsic_or_type_checked_inlining action=make_not_entrant pc=0x000001b3638feb80 method=java.util.ArrayList.toArray([Ljava/lang/Object;)[Ljava/lang/Object; @ 36 c2
Event: 14.999 Thread 0x000001b374ac0800 DEOPT PACKING pc=0x000001b3638feb80 sp=0x0000000f68efa470
Event: 14.999 Thread 0x000001b374ac0800 DEOPT UNPACKING pc=0x000001b35bca74af sp=0x0000000f68efa3c8 mode 2
Event: 15.078 Thread 0x000001b374973000 DEOPT PACKING pc=0x000001b35c98dd7d sp=0x0000000f696fe340
Event: 15.078 Thread 0x000001b374973000 DEOPT UNPACKING pc=0x000001b35bca72ce sp=0x0000000f696fd778 mode 0
Event: 15.091 Thread 0x000001b374ac0800 DEOPT PACKING pc=0x000001b35c8784f1 sp=0x0000000f68ef9d60
Event: 15.091 Thread 0x000001b374ac0800 DEOPT UNPACKING pc=0x000001b35bca72ce sp=0x0000000f68ef9258 mode 0
Event: 15.140 Thread 0x000001b374ac0800 DEOPT PACKING pc=0x000001b35c54fd5a sp=0x0000000f68ef20c0
Event: 15.140 Thread 0x000001b374ac0800 DEOPT UNPACKING pc=0x000001b35bca72ce sp=0x0000000f68ef1548 mode 0
Event: 15.140 Thread 0x000001b374ac0800 DEOPT PACKING pc=0x000001b35ca2dc2a sp=0x0000000f68ef2100
Event: 15.141 Thread 0x000001b374ac0800 DEOPT UNPACKING pc=0x000001b35bca72ce sp=0x0000000f68ef16f0 mode 0

Classes redefined (0 events):
No events

Internal exceptions (20 events):
Event: 15.143 Thread 0x000001b374ac0800 Exception <a 'java/security/PrivilegedActionException'{0x00000000832edd48}> (0x00000000832edd48) thrown at [./src/hotspot/share/prims/jvm.cpp, line 1297]
Event: 15.143 Thread 0x000001b374ac0800 Exception <a 'java/security/PrivilegedActionException'{0x00000000832eed60}> (0x00000000832eed60) thrown at [./src/hotspot/share/prims/jvm.cpp, line 1297]
Event: 15.143 Thread 0x000001b374ac0800 Exception <a 'java/security/PrivilegedActionException'{0x00000000832f16e0}> (0x00000000832f16e0) thrown at [./src/hotspot/share/prims/jvm.cpp, line 1297]
Event: 15.143 Thread 0x000001b374ac0800 Exception <a 'java/security/PrivilegedActionException'{0x00000000832f26f8}> (0x00000000832f26f8) thrown at [./src/hotspot/share/prims/jvm.cpp, line 1297]
Event: 15.144 Thread 0x000001b374ac0800 Exception <a 'java/security/PrivilegedActionException'{0x00000000832f5078}> (0x00000000832f5078) thrown at [./src/hotspot/share/prims/jvm.cpp, line 1297]
Event: 15.144 Thread 0x000001b374ac0800 Exception <a 'java/security/PrivilegedActionException'{0x00000000832f6090}> (0x00000000832f6090) thrown at [./src/hotspot/share/prims/jvm.cpp, line 1297]
Event: 15.144 Thread 0x000001b374ac0800 Exception <a 'java/security/PrivilegedActionException'{0x00000000832f8a50}> (0x00000000832f8a50) thrown at [./src/hotspot/share/prims/jvm.cpp, line 1297]
Event: 15.144 Thread 0x000001b374ac0800 Exception <a 'java/security/PrivilegedActionException'{0x00000000832f9a68}> (0x00000000832f9a68) thrown at [./src/hotspot/share/prims/jvm.cpp, line 1297]
Event: 15.144 Thread 0x000001b374ac0800 Exception <a 'java/security/PrivilegedActionException'{0x00000000832fc5d8}> (0x00000000832fc5d8) thrown at [./src/hotspot/share/prims/jvm.cpp, line 1297]
Event: 15.144 Thread 0x000001b374ac0800 Exception <a 'java/security/PrivilegedActionException'{0x00000000832fd5f0}> (0x00000000832fd5f0) thrown at [./src/hotspot/share/prims/jvm.cpp, line 1297]
Event: 15.144 Thread 0x000001b374ac0800 Exception <a 'java/security/PrivilegedActionException'{0x0000000083100230}> (0x0000000083100230) thrown at [./src/hotspot/share/prims/jvm.cpp, line 1297]
Event: 15.144 Thread 0x000001b374ac0800 Exception <a 'java/security/PrivilegedActionException'{0x00000000831014d0}> (0x00000000831014d0) thrown at [./src/hotspot/share/prims/jvm.cpp, line 1297]
Event: 15.144 Thread 0x000001b374ac0800 Exception <a 'java/security/PrivilegedActionException'{0x0000000083103e88}> (0x0000000083103e88) thrown at [./src/hotspot/share/prims/jvm.cpp, line 1297]
Event: 15.144 Thread 0x000001b374ac0800 Exception <a 'java/security/PrivilegedActionException'{0x0000000083104ea0}> (0x0000000083104ea0) thrown at [./src/hotspot/share/prims/jvm.cpp, line 1297]
Event: 15.144 Thread 0x000001b374ac0800 Exception <a 'java/security/PrivilegedActionException'{0x0000000083107878}> (0x0000000083107878) thrown at [./src/hotspot/share/prims/jvm.cpp, line 1297]
Event: 15.144 Thread 0x000001b374ac0800 Exception <a 'java/security/PrivilegedActionException'{0x0000000083108890}> (0x0000000083108890) thrown at [./src/hotspot/share/prims/jvm.cpp, line 1297]
Event: 15.145 Thread 0x000001b374ac0800 Exception <a 'java/security/PrivilegedActionException'{0x000000008310b2c8}> (0x000000008310b2c8) thrown at [./src/hotspot/share/prims/jvm.cpp, line 1297]
Event: 15.145 Thread 0x000001b374ac0800 Exception <a 'java/security/PrivilegedActionException'{0x000000008310c2e0}> (0x000000008310c2e0) thrown at [./src/hotspot/share/prims/jvm.cpp, line 1297]
Event: 15.145 Thread 0x000001b374ac0800 Exception <a 'java/security/PrivilegedActionException'{0x000000008310ec10}> (0x000000008310ec10) thrown at [./src/hotspot/share/prims/jvm.cpp, line 1297]
Event: 15.145 Thread 0x000001b374ac0800 Exception <a 'java/security/PrivilegedActionException'{0x000000008310fc28}> (0x000000008310fc28) thrown at [./src/hotspot/share/prims/jvm.cpp, line 1297]

Events (20 events):
Event: 15.106 loading class groovy/runtime/metaclass/build_anacpfk0infn7w49w5myu958kMetaClass
Event: 15.106 loading class groovy/runtime/metaclass/build_anacpfk0infn7w49w5myu958kMetaClass done
Event: 15.108 loading class build_anacpfk0infn7w49w5myu958kBeanInfo
Event: 15.108 loading class build_anacpfk0infn7w49w5myu958kBeanInfo done
Event: 15.108 loading class build_anacpfk0infn7w49w5myu958kBeanInfo
Event: 15.108 loading class build_anacpfk0infn7w49w5myu958kBeanInfo done
Event: 15.109 loading class build_anacpfk0infn7w49w5myu958kCustomizer
Event: 15.109 loading class build_anacpfk0infn7w49w5myu958kCustomizer done
Event: 15.109 loading class build_anacpfk0infn7w49w5myu958kCustomizer
Event: 15.109 loading class build_anacpfk0infn7w49w5myu958kCustomizer done
Event: 15.111 loading class groovy/runtime/metaclass/build_anacpfk0infn7w49w5myu958k$_run_closure1MetaClass
Event: 15.111 loading class groovy/runtime/metaclass/build_anacpfk0infn7w49w5myu958k$_run_closure1MetaClass done
Event: 15.112 loading class groovy/runtime/metaclass/org/gradle/api/internal/project/DefaultProject_DecoratedMetaClass
Event: 15.112 loading class groovy/runtime/metaclass/org/gradle/api/internal/project/DefaultProject_DecoratedMetaClass done
Event: 15.117 loading class org/gradle/api/internal/project/DefaultProject_DecoratedBeanInfo
Event: 15.117 loading class org/gradle/api/internal/project/DefaultProject_DecoratedBeanInfo done
Event: 15.117 loading class org/gradle/api/internal/project/DefaultProject_DecoratedBeanInfo
Event: 15.117 loading class org/gradle/api/internal/project/DefaultProject_DecoratedBeanInfo done
Event: 15.117 loading class org/gradle/api/internal/project/DefaultProject_DecoratedBeanInfo
Event: 15.117 loading class org/gradle/api/internal/project/DefaultProject_DecoratedBeanInfo done


Dynamic libraries:
0x00007ff6d2c80000 - 0x00007ff6d2c8a000 	C:\Program Files\Android\Android Studio\jre\bin\java.exe
0x00007ffbec0d0000 - 0x00007ffbec2c5000 	C:\WINDOWS\SYSTEM32\ntdll.dll
0x00007ffbebfd0000 - 0x00007ffbec08e000 	C:\WINDOWS\System32\KERNEL32.DLL
0x00007ffbe98f0000 - 0x00007ffbe9bb8000 	C:\WINDOWS\System32\KERNELBASE.dll
0x00007ffbe97f0000 - 0x00007ffbe98f0000 	C:\WINDOWS\System32\ucrtbase.dll
0x00007ffbe36b0000 - 0x00007ffbe36c7000 	C:\Program Files\Android\Android Studio\jre\bin\VCRUNTIME140.dll
0x00007ffbe1140000 - 0x00007ffbe1159000 	C:\Program Files\Android\Android Studio\jre\bin\jli.dll
0x00007ffbeb880000 - 0x00007ffbeba21000 	C:\WINDOWS\System32\USER32.dll
0x00007ffbe9eb0000 - 0x00007ffbe9ed2000 	C:\WINDOWS\System32\win32u.dll
0x00007ffbeb490000 - 0x00007ffbeb4bb000 	C:\WINDOWS\System32\GDI32.dll
0x00007ffbe9ee0000 - 0x00007ffbe9feb000 	C:\WINDOWS\System32\gdi32full.dll
0x00007ffbe9e10000 - 0x00007ffbe9ead000 	C:\WINDOWS\System32\msvcp_win.dll
0x00007ffbd6110000 - 0x00007ffbd63aa000 	C:\WINDOWS\WinSxS\amd64_microsoft.windows.common-controls_6595b64144ccf1df_6.0.19041.1110_none_60b5254171f9507e\COMCTL32.dll
0x00007ffbeb670000 - 0x00007ffbeb70e000 	C:\WINDOWS\System32\msvcrt.dll
0x00007ffbea280000 - 0x00007ffbea2b0000 	C:\WINDOWS\System32\IMM32.DLL
0x00007ffbbc160000 - 0x00007ffbbc1fd000 	C:\Program Files\Android\Android Studio\jre\bin\msvcp140.dll
0x00007ffb8eb30000 - 0x00007ffb8f5ec000 	C:\Program Files\Android\Android Studio\jre\bin\server\jvm.dll
0x00007ffbea2b0000 - 0x00007ffbea35c000 	C:\WINDOWS\System32\ADVAPI32.dll
0x00007ffbeb710000 - 0x00007ffbeb7ab000 	C:\WINDOWS\System32\sechost.dll
0x00007ffbeb350000 - 0x00007ffbeb47a000 	C:\WINDOWS\System32\RPCRT4.dll
0x00007ffbeb480000 - 0x00007ffbeb488000 	C:\WINDOWS\System32\PSAPI.DLL
0x00007ffbe1100000 - 0x00007ffbe1109000 	C:\WINDOWS\SYSTEM32\WSOCK32.dll
0x00007ffbeb2e0000 - 0x00007ffbeb34b000 	C:\WINDOWS\System32\WS2_32.dll
0x00007ffbd4e80000 - 0x00007ffbd4ea7000 	C:\WINDOWS\SYSTEM32\WINMM.dll
0x00007ffbd9210000 - 0x00007ffbd921a000 	C:\WINDOWS\SYSTEM32\VERSION.dll
0x00007ffbe8080000 - 0x00007ffbe8092000 	C:\WINDOWS\SYSTEM32\kernel.appcore.dll
0x00007ffbd3d10000 - 0x00007ffbd3d21000 	C:\Program Files\Android\Android Studio\jre\bin\verify.dll
0x00007ffbe7d30000 - 0x00007ffbe7f14000 	C:\WINDOWS\SYSTEM32\DBGHELP.DLL
0x00007ffbd67e0000 - 0x00007ffbd680c000 	C:\WINDOWS\SYSTEM32\dbgcore.DLL
0x00007ffbe9d80000 - 0x00007ffbe9e03000 	C:\WINDOWS\System32\bcryptPrimitives.dll
0x00007ffbd3b20000 - 0x00007ffbd3b49000 	C:\Program Files\Android\Android Studio\jre\bin\java.dll
0x00007ffbd3d00000 - 0x00007ffbd3d0b000 	C:\Program Files\Android\Android Studio\jre\bin\jimage.dll
0x00007ffbd3a90000 - 0x00007ffbd3aa8000 	C:\Program Files\Android\Android Studio\jre\bin\zip.dll
0x00007ffbeab90000 - 0x00007ffbeb2cf000 	C:\WINDOWS\System32\SHELL32.dll
0x00007ffbe75a0000 - 0x00007ffbe7d30000 	C:\WINDOWS\SYSTEM32\windows.storage.dll
0x00007ffbebae0000 - 0x00007ffbebe35000 	C:\WINDOWS\System32\combase.dll
0x00007ffbe9240000 - 0x00007ffbe926e000 	C:\WINDOWS\SYSTEM32\Wldp.dll
0x00007ffbea3f0000 - 0x00007ffbea49d000 	C:\WINDOWS\System32\SHCORE.dll
0x00007ffbebe40000 - 0x00007ffbebe95000 	C:\WINDOWS\System32\shlwapi.dll
0x00007ffbe9730000 - 0x00007ffbe974f000 	C:\WINDOWS\SYSTEM32\profapi.dll
0x00007ffbd0f50000 - 0x00007ffbd0f6a000 	C:\Program Files\Android\Android Studio\jre\bin\net.dll
0x00007ffbe01f0000 - 0x00007ffbe02fc000 	C:\WINDOWS\SYSTEM32\WINHTTP.dll
0x00007ffbe8f50000 - 0x00007ffbe8fba000 	C:\WINDOWS\system32\mswsock.dll
0x00007ffbcee00000 - 0x00007ffbcee14000 	C:\Program Files\Android\Android Studio\jre\bin\nio.dll
0x00007ffbe3c10000 - 0x00007ffbe3c37000 	C:\Users\Hp\.gradle\native\fdc75f09e3144964f2cf3f50f0aa648679c211496f362492102eb8c894070792\windows-amd64\native-platform.dll
0x00007ffbba2f0000 - 0x00007ffbba486000 	C:\Users\Hp\.gradle\native\12488b8bf47d2d4c9fbf2f6322a914ad602e24e48041cd04a747c6da556b65c4\windows-amd64\native-platform-file-events.dll
0x00007ffbd3cf0000 - 0x00007ffbd3cfa000 	C:\Program Files\Android\Android Studio\jre\bin\management.dll
0x00007ffbd3b10000 - 0x00007ffbd3b1c000 	C:\Program Files\Android\Android Studio\jre\bin\management_ext.dll
0x00007ffbe9130000 - 0x00007ffbe9148000 	C:\WINDOWS\SYSTEM32\CRYPTSP.dll
0x00007ffbe8870000 - 0x00007ffbe88a4000 	C:\WINDOWS\system32\rsaenh.dll
0x00007ffbea0a0000 - 0x00007ffbea0c7000 	C:\WINDOWS\System32\bcrypt.dll
0x00007ffbe96b0000 - 0x00007ffbe96de000 	C:\WINDOWS\SYSTEM32\USERENV.dll
0x00007ffbe9150000 - 0x00007ffbe915c000 	C:\WINDOWS\SYSTEM32\CRYPTBASE.dll
0x00007ffbe8c10000 - 0x00007ffbe8c4b000 	C:\WINDOWS\SYSTEM32\IPHLPAPI.DLL
0x00007ffbea4a0000 - 0x00007ffbea4a8000 	C:\WINDOWS\System32\NSI.dll
0x00007ffbe6cd0000 - 0x00007ffbe6ce7000 	C:\WINDOWS\SYSTEM32\dhcpcsvc6.DLL
0x00007ffbe6cb0000 - 0x00007ffbe6ccd000 	C:\WINDOWS\SYSTEM32\dhcpcsvc.DLL
0x00007ffbe8c60000 - 0x00007ffbe8d2b000 	C:\WINDOWS\SYSTEM32\DNSAPI.dll
0x00007ffbe2030000 - 0x00007ffbe203b000 	C:\WINDOWS\SYSTEM32\WINNSI.DLL

dbghelp: loaded successfully - version: 4.0.5 - missing functions: none
symbol engine: initialized successfully - sym options: 0x614 - pdb path: .;C:\Program Files\Android\Android Studio\jre\bin;C:\WINDOWS\SYSTEM32;C:\WINDOWS\WinSxS\amd64_microsoft.windows.common-controls_6595b64144ccf1df_6.0.19041.1110_none_60b5254171f9507e;C:\Program Files\Android\Android Studio\jre\bin\server;C:\Users\Hp\.gradle\native\fdc75f09e3144964f2cf3f50f0aa648679c211496f362492102eb8c894070792\windows-amd64;C:\Users\Hp\.gradle\native\12488b8bf47d2d4c9fbf2f6322a914ad602e24e48041cd04a747c6da556b65c4\windows-amd64

VM Arguments:
jvm_args: --add-opens=java.base/java.util=ALL-UNNAMED --add-opens=java.base/java.lang=ALL-UNNAMED --add-opens=java.base/java.lang.invoke=ALL-UNNAMED --add-opens=java.prefs/java.util.prefs=ALL-UNNAMED -Xmx2048m -Dfile.encoding=UTF-8 -Duser.country=ID -Duser.language=en -Duser.variant 
java_command: org.gradle.launcher.daemon.bootstrap.GradleDaemon 6.7.1
java_class_path (initial): C:\Users\Hp\.gradle\wrapper\dists\gradle-6.7.1-bin\bwlcbys1h7rz3272sye1xwiv6\gradle-6.7.1\lib\gradle-launcher-6.7.1.jar
Launcher Type: SUN_STANDARD

[Global flags]
     intx CICompilerCount                          = 4                                         {product} {ergonomic}
     uint ConcGCThreads                            = 2                                         {product} {ergonomic}
     uint G1ConcRefinementThreads                  = 8                                         {product} {ergonomic}
   size_t G1HeapRegionSize                         = 1048576                                   {product} {ergonomic}
    uintx GCDrainStackTargetSize                   = 64                                        {product} {ergonomic}
   size_t InitialHeapSize                          = 67108864                                  {product} {ergonomic}
   size_t MarkStackSize                            = 4194304                                   {product} {ergonomic}
   size_t MaxHeapSize                              = 2147483648                                {product} {command line}
   size_t MaxNewSize                               = 1287651328                                {product} {ergonomic}
   size_t MinHeapDeltaBytes                        = 1048576                                   {product} {ergonomic}
    uintx NonNMethodCodeHeapSize                   = 5836300                                {pd product} {ergonomic}
    uintx NonProfiledCodeHeapSize                  = 122910970                              {pd product} {ergonomic}
    uintx ProfiledCodeHeapSize                     = 122910970                              {pd product} {ergonomic}
    uintx ReservedCodeCacheSize                    = 251658240                              {pd product} {ergonomic}
     bool SegmentedCodeCache                       = true                                      {product} {ergonomic}
     bool UseCompressedClassPointers               = true                                 {lp64_product} {ergonomic}
     bool UseCompressedOops                        = true                                 {lp64_product} {ergonomic}
     bool UseG1GC                                  = true                                      {product} {ergonomic}
     bool UseLargePagesIndividualAllocation        = false                                  {pd product} {ergonomic}

Logging:
Log output configuration:
 #0: stdout all=warning uptime,level,tags
 #1: stderr all=off uptime,level,tags

Environment Variables:
PATH=C:\ProgramData\Oracle\Java\javapath;C:\Program Files (x86)\Common Files\Oracle\Java\javapath;C:\WINDOWS\system32;C:\WINDOWS;C:\WINDOWS\System32\Wbem;C:\WINDOWS\System32\WindowsPowerShell\v1.0\;C:\WINDOWS\System32\OpenSSH\;C:\Program Files\Git\cmd;D:\kuliah\SFML-2.5.1\bin;C:\Users\Hp\AppData\Local\Programs\Python\Python39\Scripts\;C:\Users\Hp\AppData\Local\Programs\Python\Python39\;C:\Program Files\Java\jdk1.8.0_291\bin;D:\Bahan Kuliah\bin;C:\opencv\opencv\build\x64\vc15\bin;C:\Users\Hp\AppData\Local\Microsoft\WindowsApps;D:\Microsoft VS Code\bin;
USERNAME=jasmine
OS=Windows_NT
PROCESSOR_IDENTIFIER=Intel64 Family 6 Model 142 Stepping 11, GenuineIntel



---------------  S Y S T E M  ---------------

OS: Windows 10 , 64 bit Build 19041 (10.0.19041.1348)
OS uptime: 0 days 0:21 hours
HyperV virtualization detected

CPU:total 8 (initial active 8) (4 cores per cpu, 2 threads per core) family 6 model 142 stepping 11, cmov, cx8, fxsr, mmx, sse, sse2, sse3, ssse3, sse4.1, sse4.2, popcnt, avx, avx2, aes, clmul, erms, 3dnowpref, lzcnt, ht, tsc, tscinvbit, bmi1, bmi2, adx, fma

Memory: 4k page, system-wide physical 3982M (195M free)
TotalPageFile size 8078M (AvailPageFile size 0M)
current process WorkingSet (physical memory assigned to process): 196M, peak: 196M
current process commit charge ("private bytes"): 244M, peak: 244M

vm_info: OpenJDK 64-Bit Server VM (11.0.8+10-b944.6842174) for windows-amd64 JRE (11.0.8+10-b944.6842174), built on Sep 19 2020 01:11:42 by "builder" with MS VC++ 14.0 (VS2015)

END.
