#
# There is insufficient memory for the Java Runtime Environment to continue.
# Native memory allocation (malloc) failed to allocate 1526096 bytes for Chunk::new
# Possible reasons:
#   The system is out of physical RAM or swap space
#   The process is running with CompressedOops enabled, and the Java Heap may be blocking the growth of the native heap
# Possible solutions:
#   Reduce memory load on the system
#   Increase physical memory or swap space
#   Check if swap backing store is full
#   Decrease Java heap size (-Xmx/-Xms)
#   Decrease number of Java threads
#   Decrease Java thread stack sizes (-Xss)
#   Set larger code cache with -XX:ReservedCodeCacheSize=
#   JVM is running with Unscaled Compressed Oops mode in which the Java heap is
#     placed in the first 4GB address space. The Java Heap base address is the
#     maximum limit for the native heap growth. Please use -XX:HeapBaseMinAddress
#     to set the Java Heap base and to place the Java Heap above 4GB virtual address.
# This output file may be truncated or incomplete.
#
#  Out of Memory Error (./src/hotspot/share/memory/arena.cpp:197), pid=7192, tid=2644
#
# JRE version: OpenJDK Runtime Environment (11.0.8+10) (build 11.0.8+10-b944.6842174)
# Java VM: OpenJDK 64-Bit Server VM (11.0.8+10-b944.6842174, mixed mode, tiered, compressed oops, g1 gc, windows-amd64)
# No core dump will be written. Minidumps are not enabled by default on client versions of Windows
#

---------------  S U M M A R Y ------------

Command Line: --add-opens=java.base/java.util=ALL-UNNAMED --add-opens=java.base/java.lang=ALL-UNNAMED --add-opens=java.base/java.lang.invoke=ALL-UNNAMED --add-opens=java.prefs/java.util.prefs=ALL-UNNAMED -Xmx2048m -Dfile.encoding=UTF-8 -Duser.country=ID -Duser.language=en -Duser.variant org.gradle.launcher.daemon.bootstrap.GradleDaemon 6.7.1

Host: Intel(R) Core(TM) i5-8265U CPU @ 1.60GHz, 8 cores, 3G,  Windows 10 , 64 bit Build 19041 (10.0.19041.1348)
Time: Sat Nov 13 20:16:13 2021 SE Asia Standard Time elapsed time: 63 seconds (0d 0h 1m 3s)

---------------  T H R E A D  ---------------

Current thread (0x0000024a61a34800):  JavaThread "C2 CompilerThread0" daemon [_thread_in_native, id=2644, stack(0x0000004e6b600000,0x0000004e6b700000)]


Current CompileTask:
C2:  63353 11153       4       org.gradle.internal.snapshot.SnapshotUtil::getMetadataFromChildren (317 bytes)

Stack: [0x0000004e6b600000,0x0000004e6b700000]
Native frames: (J=compiled Java code, j=interpreted, Vv=VM code, C=native code)
V  [jvm.dll+0x5de50a]
V  [jvm.dll+0x7122f5]
V  [jvm.dll+0x71384d]
V  [jvm.dll+0x713f03]
V  [jvm.dll+0x23e728]
V  [jvm.dll+0xb899c]
V  [jvm.dll+0xb8e9c]
V  [jvm.dll+0x35020b]
V  [jvm.dll+0x31dea3]
V  [jvm.dll+0x31d39a]
V  [jvm.dll+0x1f7702]
V  [jvm.dll+0x1f68d4]
V  [jvm.dll+0x17f32c]
V  [jvm.dll+0x205047]
V  [jvm.dll+0x203891]
V  [jvm.dll+0x6dad3f]
V  [jvm.dll+0x6d3895]
V  [jvm.dll+0x5dd4a6]
C  [ucrtbase.dll+0x21bb2]
C  [KERNEL32.DLL+0x17034]
C  [ntdll.dll+0x52651]


---------------  P R O C E S S  ---------------

Threads class SMR info:
_java_thread_list=0x0000024a68991bb0, length=118, elements={
0x0000024a46dda800, 0x0000024a610b9800, 0x0000024a610c4800, 0x0000024a61a32800,
0x0000024a61a33800, 0x0000024a61a34800, 0x0000024a61a39800, 0x0000024a61a3b000,
0x0000024a61ba1800, 0x0000024a61bbb800, 0x0000024a62cc2000, 0x0000024a63ef5000,
0x0000024a63775000, 0x0000024a62f77800, 0x0000024a63602800, 0x0000024a640f1800,
0x0000024a640f0000, 0x0000024a640ee800, 0x0000024a640ef000, 0x0000024a640f1000,
0x0000024a640f2800, 0x0000024a640ec800, 0x0000024a640f3800, 0x0000024a64173800,
0x0000024a64171000, 0x0000024a64172800, 0x0000024a64174000, 0x0000024a64171800,
0x0000024a6416f800, 0x0000024a64175000, 0x0000024a64176000, 0x0000024a64170000,
0x0000024a6417a000, 0x0000024a64177800, 0x0000024a6417b800, 0x0000024a64176800,
0x0000024a6417c800, 0x0000024a64179000, 0x0000024a6417a800, 0x0000024a6427a000,
0x0000024a6427b000, 0x0000024a6427d800, 0x0000024a64285800, 0x0000024a64284800,
0x0000024a64284000, 0x0000024a6427f800, 0x0000024a64286800, 0x0000024a64287000,
0x0000024a66579800, 0x0000024a6657b000, 0x0000024a6657b800, 0x0000024a6657a000,
0x0000024a66576000, 0x0000024a6657c800, 0x0000024a66577000, 0x0000024a6657d800,
0x0000024a66578800, 0x0000024a66577800, 0x0000024a6657f000, 0x0000024a66584000,
0x0000024a6657e000, 0x0000024a66580000, 0x0000024a66584800, 0x0000024a66580800,
0x0000024a66581800, 0x0000024a66582000, 0x0000024a66583000, 0x0000024a63f1e000,
0x0000024a63f20800, 0x0000024a63f24000, 0x0000024a63f25000, 0x0000024a63f21800,
0x0000024a63f20000, 0x0000024a63f23000, 0x0000024a63f1f000, 0x0000024a63f25800,
0x0000024a63f22800, 0x0000024a63f2b800, 0x0000024a63f29000, 0x0000024a63f2c000,
0x0000024a63f26800, 0x0000024a63f27000, 0x0000024a63f2d000, 0x0000024a63f29800,
0x0000024a63f28000, 0x0000024a63f2a800, 0x0000024a64837800, 0x0000024a6483d000,
0x0000024a6483a000, 0x0000024a6483e000, 0x0000024a64838000, 0x0000024a6483e800,
0x0000024a64839000, 0x0000024a6483f800, 0x0000024a6483a800, 0x0000024a64840800,
0x0000024a6483c000, 0x0000024a64841000, 0x0000024a6483b800, 0x0000024a64846000,
0x0000024a64842000, 0x0000024a64842800, 0x0000024a64843800, 0x0000024a64844800,
0x0000024a64845000, 0x0000024a664d1800, 0x0000024a664d4000, 0x0000024a664ce000,
0x0000024a664d0000, 0x0000024a664d4800, 0x0000024a664cf000, 0x0000024a664d0800,
0x0000024a664d5800, 0x0000024a664d6800, 0x0000024a664d8000, 0x0000024a664d7000,
0x0000024a664d2800, 0x0000024a664d9000
}

Java Threads: ( => current thread )
  0x0000024a46dda800 JavaThread "main" [_thread_blocked, id=3604, stack(0x0000004e6ab00000,0x0000004e6ac00000)]
  0x0000024a610b9800 JavaThread "Reference Handler" daemon [_thread_blocked, id=9600, stack(0x0000004e6b200000,0x0000004e6b300000)]
  0x0000024a610c4800 JavaThread "Finalizer" daemon [_thread_blocked, id=2840, stack(0x0000004e6b300000,0x0000004e6b400000)]
  0x0000024a61a32800 JavaThread "Signal Dispatcher" daemon [_thread_blocked, id=10100, stack(0x0000004e6b400000,0x0000004e6b500000)]
  0x0000024a61a33800 JavaThread "Attach Listener" daemon [_thread_blocked, id=9536, stack(0x0000004e6b500000,0x0000004e6b600000)]
=>0x0000024a61a34800 JavaThread "C2 CompilerThread0" daemon [_thread_in_native, id=2644, stack(0x0000004e6b600000,0x0000004e6b700000)]
  0x0000024a61a39800 JavaThread "C1 CompilerThread0" daemon [_thread_blocked, id=7116, stack(0x0000004e6b700000,0x0000004e6b800000)]
  0x0000024a61a3b000 JavaThread "Sweeper thread" daemon [_thread_blocked, id=11636, stack(0x0000004e6b800000,0x0000004e6b900000)]
  0x0000024a61ba1800 JavaThread "Common-Cleaner" daemon [_thread_blocked, id=15328, stack(0x0000004e6b900000,0x0000004e6ba00000)]
  0x0000024a61bbb800 JavaThread "Service Thread" daemon [_thread_blocked, id=14368, stack(0x0000004e6ba00000,0x0000004e6bb00000)]
  0x0000024a62cc2000 JavaThread "Daemon health stats" [_thread_blocked, id=7676, stack(0x0000004e6bd00000,0x0000004e6be00000)]
  0x0000024a63ef5000 JavaThread "Incoming local TCP Connector on port 61357" [_thread_in_native, id=15276, stack(0x0000004e6c000000,0x0000004e6c100000)]
  0x0000024a63775000 JavaThread "Daemon periodic checks" [_thread_blocked, id=13740, stack(0x0000004e6c100000,0x0000004e6c200000)]
  0x0000024a62f77800 JavaThread "Daemon" [_thread_blocked, id=1416, stack(0x0000004e6c200000,0x0000004e6c300000)]
  0x0000024a63602800 JavaThread "Daemon worker" [_thread_blocked, id=13744, stack(0x0000004e6c500000,0x0000004e6c600000)]
  0x0000024a640f1800 JavaThread "Cache worker for file hash cache (C:\Users\Hp\.gradle\caches\6.7.1\fileHashes)" [_thread_blocked, id=6936, stack(0x0000004e6cf00000,0x0000004e6d000000)]
  0x0000024a640f0000 JavaThread "File lock request listener" [_thread_in_native, id=3384, stack(0x0000004e6d000000,0x0000004e6d100000)]
  0x0000024a640ee800 JavaThread "Cache worker for journal cache (C:\Users\Hp\.gradle\caches\journal-1)" [_thread_blocked, id=7836, stack(0x0000004e6d200000,0x0000004e6d300000)]
  0x0000024a640ef000 JavaThread "jar transforms" [_thread_blocked, id=9032, stack(0x0000004e6d400000,0x0000004e6d500000)]
  0x0000024a640f1000 JavaThread "jar transforms Thread 2" [_thread_blocked, id=1640, stack(0x0000004e6d500000,0x0000004e6d600000)]
  0x0000024a640f2800 JavaThread "jar transforms Thread 3" [_thread_blocked, id=14720, stack(0x0000004e6d600000,0x0000004e6d700000)]
  0x0000024a640ec800 JavaThread "jar transforms Thread 4" [_thread_blocked, id=2552, stack(0x0000004e6d700000,0x0000004e6d800000)]
  0x0000024a640f3800 JavaThread "jar transforms Thread 5" [_thread_blocked, id=2676, stack(0x0000004e6d800000,0x0000004e6d900000)]
  0x0000024a64173800 JavaThread "jar transforms Thread 6" [_thread_blocked, id=2528, stack(0x0000004e6d900000,0x0000004e6da00000)]
  0x0000024a64171000 JavaThread "jar transforms Thread 7" [_thread_blocked, id=12412, stack(0x0000004e6da00000,0x0000004e6db00000)]
  0x0000024a64172800 JavaThread "jar transforms Thread 8" [_thread_blocked, id=5824, stack(0x0000004e6db00000,0x0000004e6dc00000)]
  0x0000024a64174000 JavaThread "jar transforms Thread 9" [_thread_blocked, id=5476, stack(0x0000004e6dc00000,0x0000004e6dd00000)]
  0x0000024a64171800 JavaThread "jar transforms Thread 10" [_thread_blocked, id=9016, stack(0x0000004e6dd00000,0x0000004e6de00000)]
  0x0000024a6416f800 JavaThread "jar transforms Thread 11" [_thread_blocked, id=4860, stack(0x0000004e6de00000,0x0000004e6df00000)]
  0x0000024a64175000 JavaThread "jar transforms Thread 12" [_thread_blocked, id=15188, stack(0x0000004e6df00000,0x0000004e6e000000)]
  0x0000024a64176000 JavaThread "jar transforms Thread 13" [_thread_blocked, id=15284, stack(0x0000004e6e000000,0x0000004e6e100000)]
  0x0000024a64170000 JavaThread "jar transforms Thread 14" [_thread_blocked, id=3240, stack(0x0000004e6e100000,0x0000004e6e200000)]
  0x0000024a6417a000 JavaThread "jar transforms Thread 15" [_thread_blocked, id=1564, stack(0x0000004e6e200000,0x0000004e6e300000)]
  0x0000024a64177800 JavaThread "jar transforms Thread 16" [_thread_blocked, id=11984, stack(0x0000004e6e300000,0x0000004e6e400000)]
  0x0000024a6417b800 JavaThread "jar transforms Thread 17" [_thread_blocked, id=3992, stack(0x0000004e6e400000,0x0000004e6e500000)]
  0x0000024a64176800 JavaThread "jar transforms Thread 18" [_thread_blocked, id=4284, stack(0x0000004e6e500000,0x0000004e6e600000)]
  0x0000024a6417c800 JavaThread "jar transforms Thread 19" [_thread_blocked, id=11244, stack(0x0000004e6e600000,0x0000004e6e700000)]
  0x0000024a64179000 JavaThread "jar transforms Thread 20" [_thread_blocked, id=5892, stack(0x0000004e6e700000,0x0000004e6e800000)]
  0x0000024a6417a800 JavaThread "jar transforms Thread 21" [_thread_blocked, id=6220, stack(0x0000004e6e800000,0x0000004e6e900000)]
  0x0000024a6427a000 JavaThread "Cache worker for execution history cache (C:\Users\Hp\.gradle\caches\6.7.1\executionHistory)" [_thread_blocked, id=13184, stack(0x0000004e6ec00000,0x0000004e6ed00000)]
  0x0000024a6427b000 JavaThread "Cache worker for file content cache (C:\Users\Hp\.gradle\caches\6.7.1\fileContent)" [_thread_blocked, id=6468, stack(0x0000004e6ed00000,0x0000004e6ee00000)]
  0x0000024a6427d800 JavaThread "jar transforms Thread 22" [_thread_blocked, id=14568, stack(0x0000004e6f700000,0x0000004e6f800000)]
  0x0000024a64285800 JavaThread "jar transforms Thread 23" [_thread_blocked, id=14672, stack(0x0000004e6f800000,0x0000004e6f900000)]
  0x0000024a64284800 JavaThread "jar transforms Thread 24" [_thread_blocked, id=10532, stack(0x0000004e6f900000,0x0000004e6fa00000)]
  0x0000024a64284000 JavaThread "jar transforms Thread 25" [_thread_blocked, id=10560, stack(0x0000004e6fa00000,0x0000004e6fb00000)]
  0x0000024a6427f800 JavaThread "jar transforms Thread 26" [_thread_blocked, id=10556, stack(0x0000004e6fb00000,0x0000004e6fc00000)]
  0x0000024a64286800 JavaThread "jar transforms Thread 27" [_thread_blocked, id=4812, stack(0x0000004e6fc00000,0x0000004e6fd00000)]
  0x0000024a64287000 JavaThread "jar transforms Thread 28" [_thread_blocked, id=12620, stack(0x0000004e6fd00000,0x0000004e6fe00000)]
  0x0000024a66579800 JavaThread "jar transforms Thread 29" [_thread_blocked, id=14548, stack(0x0000004e6fe00000,0x0000004e6ff00000)]
  0x0000024a6657b000 JavaThread "jar transforms Thread 30" [_thread_blocked, id=7952, stack(0x0000004e6ff00000,0x0000004e70000000)]
  0x0000024a6657b800 JavaThread "jar transforms Thread 31" [_thread_blocked, id=12776, stack(0x0000004e70000000,0x0000004e70100000)]
  0x0000024a6657a000 JavaThread "jar transforms Thread 32" [_thread_blocked, id=2280, stack(0x0000004e70100000,0x0000004e70200000)]
  0x0000024a66576000 JavaThread "jar transforms Thread 33" [_thread_blocked, id=1860, stack(0x0000004e70200000,0x0000004e70300000)]
  0x0000024a6657c800 JavaThread "jar transforms Thread 34" [_thread_blocked, id=2364, stack(0x0000004e70300000,0x0000004e70400000)]
  0x0000024a66577000 JavaThread "jar transforms Thread 35" [_thread_blocked, id=3532, stack(0x0000004e70400000,0x0000004e70500000)]
  0x0000024a6657d800 JavaThread "jar transforms Thread 36" [_thread_blocked, id=2576, stack(0x0000004e70500000,0x0000004e70600000)]
  0x0000024a66578800 JavaThread "jar transforms Thread 37" [_thread_blocked, id=2268, stack(0x0000004e70600000,0x0000004e70700000)]
  0x0000024a66577800 JavaThread "jar transforms Thread 38" [_thread_blocked, id=14736, stack(0x0000004e70700000,0x0000004e70800000)]
  0x0000024a6657f000 JavaThread "jar transforms Thread 39" [_thread_blocked, id=7924, stack(0x0000004e70800000,0x0000004e70900000)]
  0x0000024a66584000 JavaThread "jar transforms Thread 40" [_thread_blocked, id=9264, stack(0x0000004e70900000,0x0000004e70a00000)]
  0x0000024a6657e000 JavaThread "jar transforms Thread 41" [_thread_blocked, id=14800, stack(0x0000004e70a00000,0x0000004e70b00000)]
  0x0000024a66580000 JavaThread "jar transforms Thread 42" [_thread_blocked, id=8252, stack(0x0000004e70b00000,0x0000004e70c00000)]
  0x0000024a66584800 JavaThread "jar transforms Thread 43" [_thread_blocked, id=11216, stack(0x0000004e70c00000,0x0000004e70d00000)]
  0x0000024a66580800 JavaThread "jar transforms Thread 44" [_thread_blocked, id=10068, stack(0x0000004e70d00000,0x0000004e70e00000)]
  0x0000024a66581800 JavaThread "jar transforms Thread 45" [_thread_blocked, id=4068, stack(0x0000004e70e00000,0x0000004e70f00000)]
  0x0000024a66582000 JavaThread "jar transforms Thread 46" [_thread_blocked, id=10000, stack(0x0000004e70f00000,0x0000004e71000000)]
  0x0000024a66583000 JavaThread "jar transforms Thread 47" [_thread_blocked, id=9088, stack(0x0000004e71000000,0x0000004e71100000)]
  0x0000024a63f1e000 JavaThread "jar transforms Thread 48" [_thread_blocked, id=9876, stack(0x0000004e71100000,0x0000004e71200000)]
  0x0000024a63f20800 JavaThread "jar transforms Thread 49" [_thread_blocked, id=7084, stack(0x0000004e71200000,0x0000004e71300000)]
  0x0000024a63f24000 JavaThread "jar transforms Thread 50" [_thread_blocked, id=8084, stack(0x0000004e71300000,0x0000004e71400000)]
  0x0000024a63f25000 JavaThread "jar transforms Thread 51" [_thread_blocked, id=10040, stack(0x0000004e71400000,0x0000004e71500000)]
  0x0000024a63f21800 JavaThread "jar transforms Thread 52" [_thread_blocked, id=9416, stack(0x0000004e71500000,0x0000004e71600000)]
  0x0000024a63f20000 JavaThread "jar transforms Thread 53" [_thread_blocked, id=11644, stack(0x0000004e71600000,0x0000004e71700000)]
  0x0000024a63f23000 JavaThread "jar transforms Thread 54" [_thread_blocked, id=1696, stack(0x0000004e71700000,0x0000004e71800000)]
  0x0000024a63f1f000 JavaThread "jar transforms Thread 55" [_thread_blocked, id=10720, stack(0x0000004e71800000,0x0000004e71900000)]
  0x0000024a63f25800 JavaThread "jar transforms Thread 56" [_thread_blocked, id=13948, stack(0x0000004e71900000,0x0000004e71a00000)]
  0x0000024a63f22800 JavaThread "jar transforms Thread 57" [_thread_blocked, id=14400, stack(0x0000004e71a00000,0x0000004e71b00000)]
  0x0000024a63f2b800 JavaThread "jar transforms Thread 58" [_thread_blocked, id=14520, stack(0x0000004e71b00000,0x0000004e71c00000)]
  0x0000024a63f29000 JavaThread "jar transforms Thread 59" [_thread_blocked, id=13924, stack(0x0000004e71c00000,0x0000004e71d00000)]
  0x0000024a63f2c000 JavaThread "jar transforms Thread 60" [_thread_blocked, id=11912, stack(0x0000004e71d00000,0x0000004e71e00000)]
  0x0000024a63f26800 JavaThread "jar transforms Thread 61" [_thread_blocked, id=3864, stack(0x0000004e71e00000,0x0000004e71f00000)]
  0x0000024a63f27000 JavaThread "jar transforms Thread 62" [_thread_blocked, id=10868, stack(0x0000004e71f00000,0x0000004e72000000)]
  0x0000024a63f2d000 JavaThread "jar transforms Thread 63" [_thread_blocked, id=1900, stack(0x0000004e72000000,0x0000004e72100000)]
  0x0000024a63f29800 JavaThread "jar transforms Thread 64" [_thread_blocked, id=11804, stack(0x0000004e72100000,0x0000004e72200000)]
  0x0000024a63f28000 JavaThread "jar transforms Thread 65" [_thread_blocked, id=11764, stack(0x0000004e72200000,0x0000004e72300000)]
  0x0000024a63f2a800 JavaThread "jar transforms Thread 66" [_thread_blocked, id=11160, stack(0x0000004e72300000,0x0000004e72400000)]
  0x0000024a64837800 JavaThread "jar transforms Thread 67" [_thread_blocked, id=13200, stack(0x0000004e72400000,0x0000004e72500000)]
  0x0000024a6483d000 JavaThread "jar transforms Thread 68" [_thread_blocked, id=11832, stack(0x0000004e72500000,0x0000004e72600000)]
  0x0000024a6483a000 JavaThread "jar transforms Thread 69" [_thread_blocked, id=11140, stack(0x0000004e72600000,0x0000004e72700000)]
  0x0000024a6483e000 JavaThread "jar transforms Thread 70" [_thread_blocked, id=15112, stack(0x0000004e72700000,0x0000004e72800000)]
  0x0000024a64838000 JavaThread "jar transforms Thread 71" [_thread_blocked, id=15104, stack(0x0000004e72800000,0x0000004e72900000)]
  0x0000024a6483e800 JavaThread "jar transforms Thread 72" [_thread_blocked, id=2592, stack(0x0000004e72900000,0x0000004e72a00000)]
  0x0000024a64839000 JavaThread "jar transforms Thread 73" [_thread_blocked, id=11824, stack(0x0000004e72a00000,0x0000004e72b00000)]
  0x0000024a6483f800 JavaThread "jar transforms Thread 74" [_thread_blocked, id=12248, stack(0x0000004e72b00000,0x0000004e72c00000)]
  0x0000024a6483a800 JavaThread "jar transforms Thread 75" [_thread_blocked, id=756, stack(0x0000004e72c00000,0x0000004e72d00000)]
  0x0000024a64840800 JavaThread "jar transforms Thread 76" [_thread_blocked, id=11720, stack(0x0000004e72d00000,0x0000004e72e00000)]
  0x0000024a6483c000 JavaThread "jar transforms Thread 77" [_thread_blocked, id=11724, stack(0x0000004e72e00000,0x0000004e72f00000)]
  0x0000024a64841000 JavaThread "jar transforms Thread 78" [_thread_blocked, id=15100, stack(0x0000004e72f00000,0x0000004e73000000)]
  0x0000024a6483b800 JavaThread "jar transforms Thread 79" [_thread_blocked, id=15108, stack(0x0000004e73000000,0x0000004e73100000)]
  0x0000024a64846000 JavaThread "jar transforms Thread 80" [_thread_blocked, id=14156, stack(0x0000004e73100000,0x0000004e73200000)]
  0x0000024a64842000 JavaThread "jar transforms Thread 81" [_thread_blocked, id=6256, stack(0x0000004e73200000,0x0000004e73300000)]
  0x0000024a64842800 JavaThread "jar transforms Thread 82" [_thread_blocked, id=11736, stack(0x0000004e73300000,0x0000004e73400000)]
  0x0000024a64843800 JavaThread "jar transforms Thread 83" [_thread_blocked, id=11592, stack(0x0000004e73400000,0x0000004e73500000)]
  0x0000024a64844800 JavaThread "jar transforms Thread 84" [_thread_blocked, id=15116, stack(0x0000004e73500000,0x0000004e73600000)]
  0x0000024a64845000 JavaThread "jar transforms Thread 85" [_thread_blocked, id=15144, stack(0x0000004e73600000,0x0000004e73700000)]
  0x0000024a664d1800 JavaThread "jar transforms Thread 86" [_thread_blocked, id=12876, stack(0x0000004e73700000,0x0000004e73800000)]
  0x0000024a664d4000 JavaThread "jar transforms Thread 87" [_thread_blocked, id=10048, stack(0x0000004e73800000,0x0000004e73900000)]
  0x0000024a664ce000 JavaThread "jar transforms Thread 88" [_thread_blocked, id=6248, stack(0x0000004e73900000,0x0000004e73a00000)]
  0x0000024a664d0000 JavaThread "jar transforms Thread 89" [_thread_blocked, id=2172, stack(0x0000004e73a00000,0x0000004e73b00000)]
  0x0000024a664d4800 JavaThread "jar transforms Thread 90" [_thread_blocked, id=8200, stack(0x0000004e73b00000,0x0000004e73c00000)]
  0x0000024a664cf000 JavaThread "jar transforms Thread 91" [_thread_blocked, id=12700, stack(0x0000004e73c00000,0x0000004e73d00000)]
  0x0000024a664d0800 JavaThread "jar transforms Thread 92" [_thread_blocked, id=9880, stack(0x0000004e73d00000,0x0000004e73e00000)]
  0x0000024a664d5800 JavaThread "jar transforms Thread 93" [_thread_blocked, id=9680, stack(0x0000004e73e00000,0x0000004e73f00000)]
  0x0000024a664d6800 JavaThread "jar transforms Thread 94" [_thread_blocked, id=3620, stack(0x0000004e73f00000,0x0000004e74000000)]
  0x0000024a664d8000 JavaThread "jar transforms Thread 95" [_thread_blocked, id=3724, stack(0x0000004e74000000,0x0000004e74100000)]
  0x0000024a664d7000 JavaThread "jar transforms Thread 96" [_thread_blocked, id=9220, stack(0x0000004e74100000,0x0000004e74200000)]
  0x0000024a664d2800 JavaThread "jar transforms Thread 97" [_thread_blocked, id=9236, stack(0x0000004e74200000,0x0000004e74300000)]
  0x0000024a664d9000 JavaThread "Memory manager" [_thread_blocked, id=11908, stack(0x0000004e74300000,0x0000004e74400000)]

Other Threads:
  0x0000024a610b5800 VMThread "VM Thread" [stack: 0x0000004e6b100000,0x0000004e6b200000] [id=1848]
  0x0000024a61bcd800 WatcherThread [stack: 0x0000004e6bb00000,0x0000004e6bc00000] [id=7408]
  0x0000024a46df2000 GCTaskThread "GC Thread#0" [stack: 0x0000004e6ac00000,0x0000004e6ad00000] [id=9796]
  0x0000024a62b43800 GCTaskThread "GC Thread#1" [stack: 0x0000004e6bc00000,0x0000004e6bd00000] [id=8908]
  0x0000024a63774000 GCTaskThread "GC Thread#2" [stack: 0x0000004e6c900000,0x0000004e6ca00000] [id=13848]
  0x0000024a63619800 GCTaskThread "GC Thread#3" [stack: 0x0000004e6ca00000,0x0000004e6cb00000] [id=8492]
  0x0000024a636af000 GCTaskThread "GC Thread#4" [stack: 0x0000004e6cb00000,0x0000004e6cc00000] [id=8496]
  0x0000024a6361a000 GCTaskThread "GC Thread#5" [stack: 0x0000004e6cc00000,0x0000004e6cd00000] [id=14472]
  0x0000024a63f04000 GCTaskThread "GC Thread#6" [stack: 0x0000004e6cd00000,0x0000004e6ce00000] [id=9524]
  0x0000024a63f04800 GCTaskThread "GC Thread#7" [stack: 0x0000004e6ce00000,0x0000004e6cf00000] [id=6172]
  0x0000024a46e24800 ConcurrentGCThread "G1 Main Marker" [stack: 0x0000004e6ad00000,0x0000004e6ae00000] [id=9688]
  0x0000024a46e26800 ConcurrentGCThread "G1 Conc#0" [stack: 0x0000004e6ae00000,0x0000004e6af00000] [id=9720]
  0x0000024a6363d800 ConcurrentGCThread "G1 Conc#1" [stack: 0x0000004e6d100000,0x0000004e6d200000] [id=10672]
  0x0000024a46e93000 ConcurrentGCThread "G1 Refine#0" [stack: 0x0000004e6af00000,0x0000004e6b000000] [id=9872]
  0x0000024a46e94000 ConcurrentGCThread "G1 Young RemSet Sampling" [stack: 0x0000004e6b000000,0x0000004e6b100000] [id=9596]

Threads with active compile tasks:
C2 CompilerThread0  63407 11153       4       org.gradle.internal.snapshot.SnapshotUtil::getMetadataFromChildren (317 bytes)

VM state:not at safepoint (normal execution)

VM Mutex/Monitor currently owned by a thread: None

OutOfMemory and StackOverflow Exception counts:
StackOverflowErrors=1
LinkageErrors=167

Heap address: 0x0000000080000000, size: 2048 MB, Compressed Oops mode: 32-bit
Narrow klass base: 0x0000000000000000, Narrow klass shift: 3
Compressed class space size: 1073741824 Address: 0x0000000100000000

Heap:
 garbage-first heap   total 217088K, used 144612K [0x0000000080000000, 0x0000000100000000)
  region size 1024K, 57 young (58368K), 7 survivors (7168K)
 Metaspace       used 100411K, capacity 103285K, committed 103372K, reserved 1138688K
  class space    used 12684K, capacity 13693K, committed 13772K, reserved 1048576K
Heap Regions: E=young(eden), S=young(survivor), O=old, HS=humongous(starts), HC=humongous(continues), CS=collection set, F=free, A=archive, TAMS=top-at-mark-start (previous, next)
|   0|0x0000000080000000, 0x0000000080100000, 0x0000000080100000|100%| O|  |TAMS 0x0000000080100000, 0x0000000080000000| Untracked 
|   1|0x0000000080100000, 0x0000000080200000, 0x0000000080200000|100%| O|  |TAMS 0x0000000080200000, 0x0000000080100000| Untracked 
|   2|0x0000000080200000, 0x0000000080300000, 0x0000000080300000|100%| O|  |TAMS 0x0000000080300000, 0x0000000080200000| Untracked 
|   3|0x0000000080300000, 0x0000000080400000, 0x0000000080400000|100%|HS|  |TAMS 0x0000000080400000, 0x0000000080300000| Complete 
|   4|0x0000000080400000, 0x0000000080500000, 0x0000000080500000|100%|HC|  |TAMS 0x0000000080500000, 0x0000000080400000| Complete 
|   5|0x0000000080500000, 0x0000000080600000, 0x0000000080600000|100%|HC|  |TAMS 0x0000000080600000, 0x0000000080500000| Complete 
|   6|0x0000000080600000, 0x0000000080700000, 0x0000000080700000|100%| O|  |TAMS 0x0000000080700000, 0x0000000080600000| Untracked 
|   7|0x0000000080700000, 0x0000000080800000, 0x0000000080800000|100%| O|  |TAMS 0x0000000080800000, 0x0000000080700000| Untracked 
|   8|0x0000000080800000, 0x0000000080900000, 0x0000000080900000|100%| O|  |TAMS 0x0000000080900000, 0x0000000080800000| Untracked 
|   9|0x0000000080900000, 0x0000000080a00000, 0x0000000080a00000|100%| O|  |TAMS 0x0000000080a00000, 0x0000000080900000| Untracked 
|  10|0x0000000080a00000, 0x0000000080b00000, 0x0000000080b00000|100%| O|  |TAMS 0x0000000080b00000, 0x0000000080a00000| Untracked 
|  11|0x0000000080b00000, 0x0000000080c00000, 0x0000000080c00000|100%| O|  |TAMS 0x0000000080c00000, 0x0000000080b00000| Untracked 
|  12|0x0000000080c00000, 0x0000000080d00000, 0x0000000080d00000|100%| O|  |TAMS 0x0000000080d00000, 0x0000000080c00000| Untracked 
|  13|0x0000000080d00000, 0x0000000080e00000, 0x0000000080e00000|100%| O|  |TAMS 0x0000000080e00000, 0x0000000080d00000| Untracked 
|  14|0x0000000080e00000, 0x0000000080f00000, 0x0000000080f00000|100%| O|  |TAMS 0x0000000080f00000, 0x0000000080e00000| Untracked 
|  15|0x0000000080f00000, 0x0000000081000000, 0x0000000081000000|100%| O|  |TAMS 0x0000000081000000, 0x0000000080f00000| Untracked 
|  16|0x0000000081000000, 0x0000000081100000, 0x0000000081100000|100%|HS|  |TAMS 0x0000000081100000, 0x0000000081000000| Complete 
|  17|0x0000000081100000, 0x0000000081200000, 0x0000000081200000|100%|HC|  |TAMS 0x0000000081200000, 0x0000000081100000| Complete 
|  18|0x0000000081200000, 0x0000000081300000, 0x0000000081300000|100%|HS|  |TAMS 0x0000000081300000, 0x0000000081200000| Complete 
|  19|0x0000000081300000, 0x0000000081400000, 0x0000000081400000|100%|HC|  |TAMS 0x0000000081400000, 0x0000000081300000| Complete 
|  20|0x0000000081400000, 0x0000000081500000, 0x0000000081500000|100%|HC|  |TAMS 0x0000000081500000, 0x0000000081400000| Complete 
|  21|0x0000000081500000, 0x0000000081600000, 0x0000000081600000|100%|HS|  |TAMS 0x0000000081600000, 0x0000000081500000| Complete 
|  22|0x0000000081600000, 0x0000000081700000, 0x0000000081700000|100%|HC|  |TAMS 0x0000000081700000, 0x0000000081600000| Complete 
|  23|0x0000000081700000, 0x0000000081800000, 0x0000000081800000|100%|HC|  |TAMS 0x0000000081800000, 0x0000000081700000| Complete 
|  24|0x0000000081800000, 0x0000000081900000, 0x0000000081900000|100%|HC|  |TAMS 0x0000000081900000, 0x0000000081800000| Complete 
|  25|0x0000000081900000, 0x0000000081a00000, 0x0000000081a00000|100%| O|  |TAMS 0x0000000081a00000, 0x0000000081900000| Untracked 
|  26|0x0000000081a00000, 0x0000000081b00000, 0x0000000081b00000|100%| O|  |TAMS 0x0000000081b00000, 0x0000000081a00000| Untracked 
|  27|0x0000000081b00000, 0x0000000081c00000, 0x0000000081c00000|100%| O|  |TAMS 0x0000000081c00000, 0x0000000081b00000| Untracked 
|  28|0x0000000081c00000, 0x0000000081d00000, 0x0000000081d00000|100%| O|  |TAMS 0x0000000081d00000, 0x0000000081c00000| Untracked 
|  29|0x0000000081d00000, 0x0000000081e00000, 0x0000000081e00000|100%| O|  |TAMS 0x0000000081e00000, 0x0000000081d00000| Untracked 
|  30|0x0000000081e00000, 0x0000000081f00000, 0x0000000081f00000|100%| O|  |TAMS 0x0000000081f00000, 0x0000000081e00000| Untracked 
|  31|0x0000000081f00000, 0x0000000082000000, 0x0000000082000000|100%| O|  |TAMS 0x0000000082000000, 0x0000000081f00000| Untracked 
|  32|0x0000000082000000, 0x0000000082100000, 0x0000000082100000|100%| O|  |TAMS 0x0000000082100000, 0x0000000082000000| Untracked 
|  33|0x0000000082100000, 0x0000000082200000, 0x0000000082200000|100%| O|  |TAMS 0x0000000082200000, 0x0000000082100000| Untracked 
|  34|0x0000000082200000, 0x0000000082300000, 0x0000000082300000|100%| O|  |TAMS 0x0000000082300000, 0x0000000082200000| Untracked 
|  35|0x0000000082300000, 0x0000000082400000, 0x0000000082400000|100%| O|  |TAMS 0x0000000082400000, 0x0000000082300000| Untracked 
|  36|0x0000000082400000, 0x0000000082500000, 0x0000000082500000|100%|HS|  |TAMS 0x0000000082500000, 0x0000000082400000| Complete 
|  37|0x0000000082500000, 0x0000000082600000, 0x0000000082600000|100%|HC|  |TAMS 0x0000000082600000, 0x0000000082500000| Complete 
|  38|0x0000000082600000, 0x0000000082700000, 0x0000000082700000|100%|HC|  |TAMS 0x0000000082700000, 0x0000000082600000| Complete 
|  39|0x0000000082700000, 0x0000000082800000, 0x0000000082800000|100%|HC|  |TAMS 0x0000000082800000, 0x0000000082700000| Complete 
|  40|0x0000000082800000, 0x0000000082900000, 0x0000000082900000|100%|HS|  |TAMS 0x0000000082900000, 0x0000000082800000| Complete 
|  41|0x0000000082900000, 0x0000000082a00000, 0x0000000082a00000|100%|HC|  |TAMS 0x0000000082a00000, 0x0000000082900000| Complete 
|  42|0x0000000082a00000, 0x0000000082b00000, 0x0000000082b00000|100%|HC|  |TAMS 0x0000000082b00000, 0x0000000082a00000| Complete 
|  43|0x0000000082b00000, 0x0000000082c00000, 0x0000000082c00000|100%| O|  |TAMS 0x0000000082c00000, 0x0000000082b00000| Untracked 
|  44|0x0000000082c00000, 0x0000000082d00000, 0x0000000082d00000|100%| O|  |TAMS 0x0000000082d00000, 0x0000000082c00000| Untracked 
|  45|0x0000000082d00000, 0x0000000082e00000, 0x0000000082e00000|100%| O|  |TAMS 0x0000000082e00000, 0x0000000082d00000| Untracked 
|  46|0x0000000082e00000, 0x0000000082f00000, 0x0000000082f00000|100%| O|  |TAMS 0x0000000082f00000, 0x0000000082e00000| Untracked 
|  47|0x0000000082f00000, 0x0000000083000000, 0x0000000083000000|100%| O|  |TAMS 0x0000000083000000, 0x0000000082f00000| Untracked 
|  48|0x0000000083000000, 0x0000000083100000, 0x0000000083100000|100%| O|  |TAMS 0x0000000083100000, 0x0000000083000000| Untracked 
|  49|0x0000000083100000, 0x0000000083200000, 0x0000000083200000|100%| O|  |TAMS 0x0000000083200000, 0x0000000083100000| Untracked 
|  50|0x0000000083200000, 0x0000000083300000, 0x0000000083300000|100%| O|  |TAMS 0x0000000083300000, 0x0000000083200000| Untracked 
|  51|0x0000000083300000, 0x0000000083400000, 0x0000000083400000|100%|HS|  |TAMS 0x0000000083400000, 0x0000000083300000| Complete 
|  52|0x0000000083400000, 0x00000000834ffff8, 0x0000000083500000| 99%| O|  |TAMS 0x00000000834ffff8, 0x0000000083400000| Untracked 
|  53|0x0000000083500000, 0x0000000083600000, 0x0000000083600000|100%| O|  |TAMS 0x0000000083600000, 0x0000000083500000| Untracked 
|  54|0x0000000083600000, 0x0000000083700000, 0x0000000083700000|100%|HS|  |TAMS 0x0000000083700000, 0x0000000083600000| Complete 
|  55|0x0000000083700000, 0x0000000083800000, 0x0000000083800000|100%|HC|  |TAMS 0x0000000083800000, 0x0000000083700000| Complete 
|  56|0x0000000083800000, 0x0000000083900000, 0x0000000083900000|100%| O|  |TAMS 0x0000000083900000, 0x0000000083800000| Untracked 
|  57|0x0000000083900000, 0x0000000083a00000, 0x0000000083a00000|100%| O|  |TAMS 0x0000000083a00000, 0x0000000083900000| Untracked 
|  58|0x0000000083a00000, 0x0000000083b00000, 0x0000000083b00000|100%| O|  |TAMS 0x0000000083b00000, 0x0000000083a00000| Untracked 
|  59|0x0000000083b00000, 0x0000000083c00000, 0x0000000083c00000|100%| O|  |TAMS 0x0000000083c00000, 0x0000000083b00000| Untracked 
|  60|0x0000000083c00000, 0x0000000083d00000, 0x0000000083d00000|100%| O|  |TAMS 0x0000000083d00000, 0x0000000083c00000| Untracked 
|  61|0x0000000083d00000, 0x0000000083e00000, 0x0000000083e00000|100%| O|  |TAMS 0x0000000083e00000, 0x0000000083d00000| Untracked 
|  62|0x0000000083e00000, 0x0000000083f00000, 0x0000000083f00000|100%| O|  |TAMS 0x0000000083f00000, 0x0000000083e00000| Untracked 
|  63|0x0000000083f00000, 0x0000000084000000, 0x0000000084000000|100%| O|  |TAMS 0x0000000084000000, 0x0000000083f00000| Untracked 
|  64|0x0000000084000000, 0x0000000084100000, 0x0000000084100000|100%| O|  |TAMS 0x0000000084100000, 0x0000000084000000| Untracked 
|  65|0x0000000084100000, 0x0000000084200000, 0x0000000084200000|100%| O|  |TAMS 0x0000000084200000, 0x0000000084100000| Untracked 
|  66|0x0000000084200000, 0x0000000084300000, 0x0000000084300000|100%| O|  |TAMS 0x0000000084300000, 0x0000000084200000| Untracked 
|  67|0x0000000084300000, 0x0000000084400000, 0x0000000084400000|100%| O|  |TAMS 0x0000000084400000, 0x0000000084300000| Untracked 
|  68|0x0000000084400000, 0x0000000084500000, 0x0000000084500000|100%| O|  |TAMS 0x0000000084500000, 0x0000000084400000| Untracked 
|  69|0x0000000084500000, 0x0000000084600000, 0x0000000084600000|100%| O|  |TAMS 0x0000000084600000, 0x0000000084500000| Untracked 
|  70|0x0000000084600000, 0x0000000084700000, 0x0000000084700000|100%| O|  |TAMS 0x00000000846a6008, 0x0000000084600000| Untracked 
|  71|0x0000000084700000, 0x0000000084800000, 0x0000000084800000|100%| O|  |TAMS 0x0000000084700000, 0x0000000084700000| Untracked 
|  72|0x0000000084800000, 0x0000000084900000, 0x0000000084900000|100%| O|  |TAMS 0x0000000084800000, 0x0000000084800000| Untracked 
|  73|0x0000000084900000, 0x0000000084a00000, 0x0000000084a00000|100%| O|  |TAMS 0x0000000084900000, 0x0000000084900000| Untracked 
|  74|0x0000000084a00000, 0x0000000084b00000, 0x0000000084b00000|100%| O|  |TAMS 0x0000000084a00000, 0x0000000084a00000| Untracked 
|  75|0x0000000084b00000, 0x0000000084c00000, 0x0000000084c00000|100%| O|  |TAMS 0x0000000084b00000, 0x0000000084b00000| Untracked 
|  76|0x0000000084c00000, 0x0000000084d00000, 0x0000000084d00000|100%| O|  |TAMS 0x0000000084c00000, 0x0000000084c00000| Untracked 
|  77|0x0000000084d00000, 0x0000000084e00000, 0x0000000084e00000|100%| O|  |TAMS 0x0000000084d00000, 0x0000000084d00000| Untracked 
|  78|0x0000000084e00000, 0x0000000084f00000, 0x0000000084f00000|100%| O|  |TAMS 0x0000000084e00000, 0x0000000084e00000| Untracked 
|  79|0x0000000084f00000, 0x0000000085000000, 0x0000000085000000|100%| O|  |TAMS 0x0000000084f00000, 0x0000000084f00000| Untracked 
|  80|0x0000000085000000, 0x0000000085100000, 0x0000000085100000|100%| O|  |TAMS 0x0000000085000000, 0x0000000085000000| Untracked 
|  81|0x0000000085100000, 0x0000000085200000, 0x0000000085200000|100%| O|  |TAMS 0x0000000085100000, 0x0000000085100000| Untracked 
|  82|0x0000000085200000, 0x0000000085300000, 0x0000000085300000|100%| O|  |TAMS 0x0000000085200000, 0x0000000085200000| Untracked 
|  83|0x0000000085300000, 0x0000000085300000, 0x0000000085400000|  0%| F|  |TAMS 0x0000000085300000, 0x0000000085300000| Untracked 
|  84|0x0000000085400000, 0x0000000085500000, 0x0000000085500000|100%| O|  |TAMS 0x0000000085400000, 0x0000000085400000| Untracked 
|  85|0x0000000085500000, 0x0000000085600000, 0x0000000085600000|100%| O|  |TAMS 0x0000000085500000, 0x0000000085500000| Untracked 
|  86|0x0000000085600000, 0x00000000856c5400, 0x0000000085700000| 77%| O|  |TAMS 0x0000000085600000, 0x0000000085600000| Untracked 
|  87|0x0000000085700000, 0x0000000085700000, 0x0000000085800000|  0%| F|  |TAMS 0x0000000085700000, 0x0000000085700000| Untracked 
|  88|0x0000000085800000, 0x0000000085800000, 0x0000000085900000|  0%| F|  |TAMS 0x0000000085800000, 0x0000000085800000| Untracked 
|  89|0x0000000085900000, 0x0000000085900000, 0x0000000085a00000|  0%| F|  |TAMS 0x0000000085900000, 0x0000000085900000| Untracked 
|  90|0x0000000085a00000, 0x0000000085a00000, 0x0000000085b00000|  0%| F|  |TAMS 0x0000000085a00000, 0x0000000085a00000| Untracked 
|  91|0x0000000085b00000, 0x0000000085b00000, 0x0000000085c00000|  0%| F|  |TAMS 0x0000000085b00000, 0x0000000085b00000| Untracked 
|  92|0x0000000085c00000, 0x0000000085c00000, 0x0000000085d00000|  0%| F|  |TAMS 0x0000000085c00000, 0x0000000085c00000| Untracked 
|  93|0x0000000085d00000, 0x0000000085d00000, 0x0000000085e00000|  0%| F|  |TAMS 0x0000000085d00000, 0x0000000085d00000| Untracked 
|  94|0x0000000085e00000, 0x0000000085e00000, 0x0000000085f00000|  0%| F|  |TAMS 0x0000000085e00000, 0x0000000085e00000| Untracked 
|  95|0x0000000085f00000, 0x0000000085f00000, 0x0000000086000000|  0%| F|  |TAMS 0x0000000085f00000, 0x0000000085f00000| Untracked 
|  96|0x0000000086000000, 0x0000000086000000, 0x0000000086100000|  0%| F|  |TAMS 0x0000000086000000, 0x0000000086000000| Untracked 
|  97|0x0000000086100000, 0x0000000086100000, 0x0000000086200000|  0%| F|  |TAMS 0x0000000086100000, 0x0000000086100000| Untracked 
|  98|0x0000000086200000, 0x0000000086200000, 0x0000000086300000|  0%| F|  |TAMS 0x0000000086200000, 0x0000000086200000| Untracked 
|  99|0x0000000086300000, 0x0000000086300000, 0x0000000086400000|  0%| F|  |TAMS 0x0000000086300000, 0x0000000086300000| Untracked 
| 100|0x0000000086400000, 0x0000000086400000, 0x0000000086500000|  0%| F|  |TAMS 0x0000000086400000, 0x0000000086400000| Untracked 
| 101|0x0000000086500000, 0x0000000086500000, 0x0000000086600000|  0%| F|  |TAMS 0x0000000086500000, 0x0000000086500000| Untracked 
| 102|0x0000000086600000, 0x0000000086600000, 0x0000000086700000|  0%| F|  |TAMS 0x0000000086600000, 0x0000000086600000| Untracked 
| 103|0x0000000086700000, 0x0000000086700000, 0x0000000086800000|  0%| F|  |TAMS 0x0000000086700000, 0x0000000086700000| Untracked 
| 104|0x0000000086800000, 0x0000000086800000, 0x0000000086900000|  0%| F|  |TAMS 0x0000000086800000, 0x0000000086800000| Untracked 
| 105|0x0000000086900000, 0x0000000086900000, 0x0000000086a00000|  0%| F|  |TAMS 0x0000000086900000, 0x0000000086900000| Untracked 
| 106|0x0000000086a00000, 0x0000000086a00000, 0x0000000086b00000|  0%| F|  |TAMS 0x0000000086a00000, 0x0000000086a00000| Untracked 
| 107|0x0000000086b00000, 0x0000000086b00000, 0x0000000086c00000|  0%| F|  |TAMS 0x0000000086b00000, 0x0000000086b00000| Untracked 
| 108|0x0000000086c00000, 0x0000000086c00000, 0x0000000086d00000|  0%| F|  |TAMS 0x0000000086c00000, 0x0000000086c00000| Untracked 
| 109|0x0000000086d00000, 0x0000000086d00000, 0x0000000086e00000|  0%| F|  |TAMS 0x0000000086d00000, 0x0000000086d00000| Untracked 
| 110|0x0000000086e00000, 0x0000000086e00000, 0x0000000086f00000|  0%| F|  |TAMS 0x0000000086e00000, 0x0000000086e00000| Untracked 
| 111|0x0000000086f00000, 0x0000000086f00000, 0x0000000087000000|  0%| F|  |TAMS 0x0000000086f00000, 0x0000000086f00000| Untracked 
| 112|0x0000000087000000, 0x0000000087000000, 0x0000000087100000|  0%| F|  |TAMS 0x0000000087000000, 0x0000000087000000| Untracked 
| 113|0x0000000087100000, 0x0000000087100000, 0x0000000087200000|  0%| F|  |TAMS 0x0000000087100000, 0x0000000087100000| Untracked 
| 114|0x0000000087200000, 0x0000000087200000, 0x0000000087300000|  0%| F|  |TAMS 0x0000000087200000, 0x0000000087200000| Untracked 
| 115|0x0000000087300000, 0x0000000087300000, 0x0000000087400000|  0%| F|  |TAMS 0x0000000087300000, 0x0000000087300000| Untracked 
| 116|0x0000000087400000, 0x0000000087400000, 0x0000000087500000|  0%| F|  |TAMS 0x0000000087400000, 0x0000000087400000| Untracked 
| 117|0x0000000087500000, 0x0000000087500000, 0x0000000087600000|  0%| F|  |TAMS 0x0000000087500000, 0x0000000087500000| Untracked 
| 118|0x0000000087600000, 0x0000000087600000, 0x0000000087700000|  0%| F|  |TAMS 0x0000000087600000, 0x0000000087600000| Untracked 
| 119|0x0000000087700000, 0x0000000087700000, 0x0000000087800000|  0%| F|  |TAMS 0x0000000087700000, 0x0000000087700000| Untracked 
| 120|0x0000000087800000, 0x0000000087800000, 0x0000000087900000|  0%| F|  |TAMS 0x0000000087800000, 0x0000000087800000| Untracked 
| 121|0x0000000087900000, 0x0000000087900000, 0x0000000087a00000|  0%| F|  |TAMS 0x0000000087900000, 0x0000000087900000| Untracked 
| 122|0x0000000087a00000, 0x0000000087a00000, 0x0000000087b00000|  0%| F|  |TAMS 0x0000000087a00000, 0x0000000087a00000| Untracked 
| 123|0x0000000087b00000, 0x0000000087b00000, 0x0000000087c00000|  0%| F|  |TAMS 0x0000000087b00000, 0x0000000087b00000| Untracked 
| 124|0x0000000087c00000, 0x0000000087c00000, 0x0000000087d00000|  0%| F|  |TAMS 0x0000000087c00000, 0x0000000087c00000| Untracked 
| 125|0x0000000087d00000, 0x0000000087d00000, 0x0000000087e00000|  0%| F|  |TAMS 0x0000000087d00000, 0x0000000087d00000| Untracked 
| 126|0x0000000087e00000, 0x0000000087e00000, 0x0000000087f00000|  0%| F|  |TAMS 0x0000000087e00000, 0x0000000087e00000| Untracked 
| 127|0x0000000087f00000, 0x0000000087f00000, 0x0000000088000000|  0%| F|  |TAMS 0x0000000087f00000, 0x0000000087f00000| Untracked 
| 128|0x0000000088000000, 0x0000000088000000, 0x0000000088100000|  0%| F|  |TAMS 0x0000000088000000, 0x0000000088000000| Untracked 
| 129|0x0000000088100000, 0x0000000088100000, 0x0000000088200000|  0%| F|  |TAMS 0x0000000088100000, 0x0000000088100000| Untracked 
| 130|0x0000000088200000, 0x0000000088200000, 0x0000000088300000|  0%| F|  |TAMS 0x0000000088200000, 0x0000000088200000| Untracked 
| 131|0x0000000088300000, 0x0000000088300000, 0x0000000088400000|  0%| F|  |TAMS 0x0000000088300000, 0x0000000088300000| Untracked 
| 132|0x0000000088400000, 0x0000000088400000, 0x0000000088500000|  0%| F|  |TAMS 0x0000000088400000, 0x0000000088400000| Untracked 
| 133|0x0000000088500000, 0x0000000088500000, 0x0000000088600000|  0%| F|  |TAMS 0x0000000088500000, 0x0000000088500000| Untracked 
| 134|0x0000000088600000, 0x0000000088600000, 0x0000000088700000|  0%| F|  |TAMS 0x0000000088600000, 0x0000000088600000| Untracked 
| 135|0x0000000088700000, 0x0000000088700000, 0x0000000088800000|  0%| F|  |TAMS 0x0000000088700000, 0x0000000088700000| Untracked 
| 136|0x0000000088800000, 0x0000000088800000, 0x0000000088900000|  0%| F|  |TAMS 0x0000000088800000, 0x0000000088800000| Untracked 
| 137|0x0000000088900000, 0x0000000088900000, 0x0000000088a00000|  0%| F|  |TAMS 0x0000000088900000, 0x0000000088900000| Untracked 
| 138|0x0000000088a00000, 0x0000000088a00000, 0x0000000088b00000|  0%| F|  |TAMS 0x0000000088a00000, 0x0000000088a00000| Untracked 
| 139|0x0000000088b00000, 0x0000000088b00000, 0x0000000088c00000|  0%| F|  |TAMS 0x0000000088b00000, 0x0000000088b00000| Untracked 
| 140|0x0000000088c00000, 0x0000000088c73c20, 0x0000000088d00000| 45%| S|CS|TAMS 0x0000000088c00000, 0x0000000088c00000| Complete 
| 141|0x0000000088d00000, 0x0000000088e00000, 0x0000000088e00000|100%| S|CS|TAMS 0x0000000088d00000, 0x0000000088d00000| Complete 
| 142|0x0000000088e00000, 0x0000000088f00000, 0x0000000088f00000|100%| S|CS|TAMS 0x0000000088e00000, 0x0000000088e00000| Complete 
| 143|0x0000000088f00000, 0x0000000089000000, 0x0000000089000000|100%| S|CS|TAMS 0x0000000088f00000, 0x0000000088f00000| Complete 
| 144|0x0000000089000000, 0x0000000089100000, 0x0000000089100000|100%| S|CS|TAMS 0x0000000089000000, 0x0000000089000000| Complete 
| 145|0x0000000089100000, 0x0000000089200000, 0x0000000089200000|100%| S|CS|TAMS 0x0000000089100000, 0x0000000089100000| Complete 
| 146|0x0000000089200000, 0x0000000089300000, 0x0000000089300000|100%| S|CS|TAMS 0x0000000089200000, 0x0000000089200000| Complete 
| 147|0x0000000089300000, 0x0000000089300000, 0x0000000089400000|  0%| F|  |TAMS 0x0000000089300000, 0x0000000089300000| Untracked 
| 148|0x0000000089400000, 0x0000000089400000, 0x0000000089500000|  0%| F|  |TAMS 0x0000000089400000, 0x0000000089400000| Untracked 
| 149|0x0000000089500000, 0x0000000089500000, 0x0000000089600000|  0%| F|  |TAMS 0x0000000089500000, 0x0000000089500000| Untracked 
| 150|0x0000000089600000, 0x0000000089600000, 0x0000000089700000|  0%| F|  |TAMS 0x0000000089600000, 0x0000000089600000| Untracked 
| 151|0x0000000089700000, 0x0000000089700000, 0x0000000089800000|  0%| F|  |TAMS 0x0000000089700000, 0x0000000089700000| Untracked 
| 152|0x0000000089800000, 0x0000000089800000, 0x0000000089900000|  0%| F|  |TAMS 0x0000000089800000, 0x0000000089800000| Untracked 
| 153|0x0000000089900000, 0x0000000089900000, 0x0000000089a00000|  0%| F|  |TAMS 0x0000000089900000, 0x0000000089900000| Untracked 
| 154|0x0000000089a00000, 0x0000000089a00000, 0x0000000089b00000|  0%| F|  |TAMS 0x0000000089a00000, 0x0000000089a00000| Untracked 
| 155|0x0000000089b00000, 0x0000000089b00000, 0x0000000089c00000|  0%| F|  |TAMS 0x0000000089b00000, 0x0000000089b00000| Untracked 
| 156|0x0000000089c00000, 0x0000000089c00000, 0x0000000089d00000|  0%| F|  |TAMS 0x0000000089c00000, 0x0000000089c00000| Untracked 
| 157|0x0000000089d00000, 0x0000000089d00000, 0x0000000089e00000|  0%| F|  |TAMS 0x0000000089d00000, 0x0000000089d00000| Untracked 
| 158|0x0000000089e00000, 0x0000000089e00000, 0x0000000089f00000|  0%| F|  |TAMS 0x0000000089e00000, 0x0000000089e00000| Untracked 
| 159|0x0000000089f00000, 0x0000000089f00000, 0x000000008a000000|  0%| F|  |TAMS 0x0000000089f00000, 0x0000000089f00000| Untracked 
| 160|0x000000008a000000, 0x000000008a000000, 0x000000008a100000|  0%| F|  |TAMS 0x000000008a000000, 0x000000008a000000| Untracked 
| 161|0x000000008a100000, 0x000000008a100000, 0x000000008a200000|  0%| F|  |TAMS 0x000000008a100000, 0x000000008a100000| Untracked 
| 162|0x000000008a200000, 0x000000008a210640, 0x000000008a300000|  6%| E|  |TAMS 0x000000008a200000, 0x000000008a200000| Complete 
| 163|0x000000008a300000, 0x000000008a400000, 0x000000008a400000|100%| E|CS|TAMS 0x000000008a300000, 0x000000008a300000| Complete 
| 164|0x000000008a400000, 0x000000008a500000, 0x000000008a500000|100%| E|CS|TAMS 0x000000008a400000, 0x000000008a400000| Complete 
| 165|0x000000008a500000, 0x000000008a600000, 0x000000008a600000|100%| E|CS|TAMS 0x000000008a500000, 0x000000008a500000| Complete 
| 166|0x000000008a600000, 0x000000008a700000, 0x000000008a700000|100%| E|CS|TAMS 0x000000008a600000, 0x000000008a600000| Complete 
| 167|0x000000008a700000, 0x000000008a800000, 0x000000008a800000|100%| E|CS|TAMS 0x000000008a700000, 0x000000008a700000| Complete 
| 168|0x000000008a800000, 0x000000008a900000, 0x000000008a900000|100%| E|CS|TAMS 0x000000008a800000, 0x000000008a800000| Complete 
| 169|0x000000008a900000, 0x000000008aa00000, 0x000000008aa00000|100%| E|CS|TAMS 0x000000008a900000, 0x000000008a900000| Complete 
| 170|0x000000008aa00000, 0x000000008ab00000, 0x000000008ab00000|100%| E|CS|TAMS 0x000000008aa00000, 0x000000008aa00000| Complete 
| 171|0x000000008ab00000, 0x000000008ac00000, 0x000000008ac00000|100%| E|CS|TAMS 0x000000008ab00000, 0x000000008ab00000| Complete 
| 172|0x000000008ac00000, 0x000000008ad00000, 0x000000008ad00000|100%| E|CS|TAMS 0x000000008ac00000, 0x000000008ac00000| Complete 
| 173|0x000000008ad00000, 0x000000008ae00000, 0x000000008ae00000|100%| E|CS|TAMS 0x000000008ad00000, 0x000000008ad00000| Complete 
| 174|0x000000008ae00000, 0x000000008af00000, 0x000000008af00000|100%| E|CS|TAMS 0x000000008ae00000, 0x000000008ae00000| Complete 
| 175|0x000000008af00000, 0x000000008b000000, 0x000000008b000000|100%| E|CS|TAMS 0x000000008af00000, 0x000000008af00000| Complete 
| 176|0x000000008b000000, 0x000000008b100000, 0x000000008b100000|100%| E|CS|TAMS 0x000000008b000000, 0x000000008b000000| Complete 
| 177|0x000000008b100000, 0x000000008b200000, 0x000000008b200000|100%| E|CS|TAMS 0x000000008b100000, 0x000000008b100000| Complete 
| 178|0x000000008b200000, 0x000000008b300000, 0x000000008b300000|100%| E|CS|TAMS 0x000000008b200000, 0x000000008b200000| Complete 
| 179|0x000000008b300000, 0x000000008b400000, 0x000000008b400000|100%| E|CS|TAMS 0x000000008b300000, 0x000000008b300000| Complete 
| 180|0x000000008b400000, 0x000000008b500000, 0x000000008b500000|100%| E|CS|TAMS 0x000000008b400000, 0x000000008b400000| Complete 
| 181|0x000000008b500000, 0x000000008b600000, 0x000000008b600000|100%| E|CS|TAMS 0x000000008b500000, 0x000000008b500000| Complete 
| 182|0x000000008b600000, 0x000000008b700000, 0x000000008b700000|100%| E|CS|TAMS 0x000000008b600000, 0x000000008b600000| Complete 
| 183|0x000000008b700000, 0x000000008b800000, 0x000000008b800000|100%| E|CS|TAMS 0x000000008b700000, 0x000000008b700000| Complete 
| 184|0x000000008b800000, 0x000000008b900000, 0x000000008b900000|100%| E|CS|TAMS 0x000000008b800000, 0x000000008b800000| Complete 
| 185|0x000000008b900000, 0x000000008ba00000, 0x000000008ba00000|100%| E|CS|TAMS 0x000000008b900000, 0x000000008b900000| Complete 
| 186|0x000000008ba00000, 0x000000008bb00000, 0x000000008bb00000|100%| E|CS|TAMS 0x000000008ba00000, 0x000000008ba00000| Complete 
| 187|0x000000008bb00000, 0x000000008bc00000, 0x000000008bc00000|100%| E|CS|TAMS 0x000000008bb00000, 0x000000008bb00000| Complete 
| 188|0x000000008bc00000, 0x000000008bd00000, 0x000000008bd00000|100%| E|CS|TAMS 0x000000008bc00000, 0x000000008bc00000| Complete 
| 189|0x000000008bd00000, 0x000000008be00000, 0x000000008be00000|100%| E|CS|TAMS 0x000000008bd00000, 0x000000008bd00000| Complete 
| 190|0x000000008be00000, 0x000000008bf00000, 0x000000008bf00000|100%| E|CS|TAMS 0x000000008be00000, 0x000000008be00000| Complete 
| 191|0x000000008bf00000, 0x000000008c000000, 0x000000008c000000|100%| E|CS|TAMS 0x000000008bf00000, 0x000000008bf00000| Complete 
| 192|0x000000008c000000, 0x000000008c100000, 0x000000008c100000|100%| E|CS|TAMS 0x000000008c000000, 0x000000008c000000| Complete 
| 193|0x000000008c100000, 0x000000008c200000, 0x000000008c200000|100%| E|CS|TAMS 0x000000008c100000, 0x000000008c100000| Complete 
| 194|0x000000008c200000, 0x000000008c300000, 0x000000008c300000|100%| E|CS|TAMS 0x000000008c200000, 0x000000008c200000| Complete 
| 195|0x000000008c300000, 0x000000008c400000, 0x000000008c400000|100%| E|CS|TAMS 0x000000008c300000, 0x000000008c300000| Complete 
| 196|0x000000008c400000, 0x000000008c500000, 0x000000008c500000|100%| E|CS|TAMS 0x000000008c400000, 0x000000008c400000| Complete 
| 197|0x000000008c500000, 0x000000008c600000, 0x000000008c600000|100%| E|CS|TAMS 0x000000008c500000, 0x000000008c500000| Complete 
| 198|0x000000008c600000, 0x000000008c700000, 0x000000008c700000|100%| E|CS|TAMS 0x000000008c600000, 0x000000008c600000| Complete 
| 199|0x000000008c700000, 0x000000008c800000, 0x000000008c800000|100%| E|CS|TAMS 0x000000008c700000, 0x000000008c700000| Complete 
| 200|0x000000008c800000, 0x000000008c900000, 0x000000008c900000|100%| E|CS|TAMS 0x000000008c800000, 0x000000008c800000| Complete 
| 201|0x000000008c900000, 0x000000008ca00000, 0x000000008ca00000|100%| E|CS|TAMS 0x000000008c900000, 0x000000008c900000| Complete 
| 202|0x000000008ca00000, 0x000000008cb00000, 0x000000008cb00000|100%| E|CS|TAMS 0x000000008ca00000, 0x000000008ca00000| Complete 
| 203|0x000000008cb00000, 0x000000008cc00000, 0x000000008cc00000|100%| E|CS|TAMS 0x000000008cb00000, 0x000000008cb00000| Complete 
| 204|0x000000008cc00000, 0x000000008cd00000, 0x000000008cd00000|100%| E|CS|TAMS 0x000000008cc00000, 0x000000008cc00000| Complete 
| 205|0x000000008cd00000, 0x000000008ce00000, 0x000000008ce00000|100%| E|CS|TAMS 0x000000008cd00000, 0x000000008cd00000| Complete 
| 206|0x000000008ce00000, 0x000000008cf00000, 0x000000008cf00000|100%| E|CS|TAMS 0x000000008ce00000, 0x000000008ce00000| Complete 
| 207|0x000000008cf00000, 0x000000008d000000, 0x000000008d000000|100%| E|CS|TAMS 0x000000008cf00000, 0x000000008cf00000| Complete 
| 208|0x000000008d000000, 0x000000008d100000, 0x000000008d100000|100%| E|CS|TAMS 0x000000008d000000, 0x000000008d000000| Complete 
| 209|0x000000008d100000, 0x000000008d200000, 0x000000008d200000|100%| E|CS|TAMS 0x000000008d100000, 0x000000008d100000| Complete 
| 210|0x000000008d200000, 0x000000008d300000, 0x000000008d300000|100%| E|CS|TAMS 0x000000008d200000, 0x000000008d200000| Complete 
| 211|0x000000008d300000, 0x000000008d400000, 0x000000008d400000|100%| E|CS|TAMS 0x000000008d300000, 0x000000008d300000| Complete 

Card table byte_map: [0x0000024a59ea0000,0x0000024a5a2a0000] _byte_map_base: 0x0000024a59aa0000

Marking Bits (Prev, Next): (CMBitMap*) 0x0000024a46e1b860, (CMBitMap*) 0x0000024a46e1b828
 Prev Bits: [0x0000024a5c6a0000, 0x0000024a5e6a0000)
 Next Bits: [0x0000024a5a6a0000, 0x0000024a5c6a0000)

Polling page: 0x0000024a44d20000

Metaspace:

Usage:
  Non-class:     87.49 MB capacity,    85.67 MB ( 98%) used,     1.55 MB (  2%) free+waste,   282.19 KB ( <1%) overhead. 
      Class:     13.37 MB capacity,    12.39 MB ( 93%) used,   876.42 KB (  6%) free+waste,   132.38 KB ( <1%) overhead. 
       Both:    100.86 MB capacity,    98.06 MB ( 97%) used,     2.40 MB (  2%) free+waste,   414.56 KB ( <1%) overhead. 

Virtual space:
  Non-class space:       88.00 MB reserved,      87.50 MB (>99%) committed 
      Class space:        1.00 GB reserved,      13.45 MB (  1%) committed 
             Both:        1.09 GB reserved,     100.95 MB (  9%) committed 

Chunk freelists:
   Non-Class:  8.00 KB
       Class:  0 bytes
        Both:  8.00 KB

MaxMetaspaceSize: 17179869184.00 GB
CompressedClassSpaceSize: 1.00 GB

CodeHeap 'non-profiled nmethods': size=120000Kb used=4474Kb max_used=4474Kb free=115525Kb
 bounds [0x0000024a52230000, 0x0000024a52690000, 0x0000024a59760000]
CodeHeap 'profiled nmethods': size=120000Kb used=21697Kb max_used=21697Kb free=98302Kb
 bounds [0x0000024a4ad00000, 0x0000024a4c240000, 0x0000024a52230000]
CodeHeap 'non-nmethods': size=5760Kb used=2300Kb max_used=2338Kb free=3459Kb
 bounds [0x0000024a4a760000, 0x0000024a4a9d0000, 0x0000024a4ad00000]
 total_blobs=11677 nmethods=10771 adapters=817
 compilation: enabled
              stopped_count=0, restarted_count=0
 full_count=0

Compilation events (20 events):
Event: 63.308 Thread 0x0000024a61a39800 11259       2       java.util.AbstractList::rangeCheckForAdd (26 bytes)
Event: 63.308 Thread 0x0000024a61a39800 nmethod 11259 0x0000024a4c22c190 code [0x0000024a4c22c3c0, 0x0000024a4c22c728]
Event: 63.308 Thread 0x0000024a61a39800 11263       2       java.util.AbstractList::indexOf (65 bytes)
Event: 63.309 Thread 0x0000024a61a39800 nmethod 11263 0x0000024a4c22c990 code [0x0000024a4c22cbc0, 0x0000024a4c22cf38]
Event: 63.309 Thread 0x0000024a61a39800 11262       2       org.gradle.internal.serialize.ExceptionPlaceholder$2::transform (70 bytes)
Event: 63.309 Thread 0x0000024a61a39800 nmethod 11262 0x0000024a4c22d110 code [0x0000024a4c22d300, 0x0000024a4c22d658]
Event: 63.311 Thread 0x0000024a61a39800 11265 %     3       java.io.ObjectOutputStream$HandleTable::lookup @ 28 (56 bytes)
Event: 63.311 Thread 0x0000024a61a39800 nmethod 11265% 0x0000024a4c22d790 code [0x0000024a4c22d980, 0x0000024a4c22dd68]
Event: 63.318 Thread 0x0000024a61a39800 11266       1       org.gradle.internal.operations.DefaultBuildOperationListenerManager$ProgressShieldingBuildOperationListener::access$200 (5 bytes)
Event: 63.318 Thread 0x0000024a61a39800 nmethod 11266 0x0000024a5268e310 code [0x0000024a5268e4c0, 0x0000024a5268e558]
Event: 63.321 Thread 0x0000024a61a39800 11267       2       java.util.concurrent.ConcurrentLinkedQueue::tryCasSuccessor (38 bytes)
Event: 63.322 Thread 0x0000024a61a39800 nmethod 11267 0x0000024a4c22df90 code [0x0000024a4c22e2a0, 0x0000024a4c22f038]
Event: 63.323 Thread 0x0000024a61a39800 11268       2       java.lang.Thread::checkAccess (14 bytes)
Event: 63.325 Thread 0x0000024a61a39800 nmethod 11268 0x0000024a4c22f610 code [0x0000024a4c22f7c0, 0x0000024a4c22f908]
Event: 63.325 Thread 0x0000024a61a39800 11269       2       jdk.internal.misc.Unsafe::freeMemoryChecks (7 bytes)
Event: 63.326 Thread 0x0000024a61a39800 nmethod 11269 0x0000024a4c22f990 code [0x0000024a4c22fb40, 0x0000024a4c22fc38]
Event: 63.326 Thread 0x0000024a61a39800 11270       2       jdk.internal.misc.Unsafe::freeMemory (18 bytes)
Event: 63.326 Thread 0x0000024a61a39800 nmethod 11270 0x0000024a4c22fd10 code [0x0000024a4c22fee0, 0x0000024a4c230058]
Event: 63.337 Thread 0x0000024a61a39800 11272       2       org.gradle.internal.SystemProperties::getLineSeparator (6 bytes)
Event: 63.337 Thread 0x0000024a61a39800 nmethod 11272 0x0000024a4c230190 code [0x0000024a4c230360, 0x0000024a4c230508]

GC Heap History (20 events):
Event: 11.571 GC heap before
{Heap before GC invocations=34 (full 0):
 garbage-first heap   total 138240K, used 100293K [0x0000000080000000, 0x0000000100000000)
  region size 1024K, 36 young (36864K), 5 survivors (5120K)
 Metaspace       used 64866K, capacity 66551K, committed 66636K, reserved 1107968K
  class space    used 8136K, capacity 8696K, committed 8780K, reserved 1048576K
}
Event: 11.596 GC heap after
{Heap after GC invocations=35 (full 0):
 garbage-first heap   total 138240K, used 70677K [0x0000000080000000, 0x0000000100000000)
  region size 1024K, 4 young (4096K), 4 survivors (4096K)
 Metaspace       used 64866K, capacity 66551K, committed 66636K, reserved 1107968K
  class space    used 8136K, capacity 8696K, committed 8780K, reserved 1048576K
}
Event: 12.100 GC heap before
{Heap before GC invocations=35 (full 0):
 garbage-first heap   total 138240K, used 102421K [0x0000000080000000, 0x0000000100000000)
  region size 1024K, 35 young (35840K), 4 survivors (4096K)
 Metaspace       used 68968K, capacity 70764K, committed 70988K, reserved 1110016K
  class space    used 8837K, capacity 9414K, committed 9548K, reserved 1048576K
}
Event: 12.106 GC heap after
{Heap after GC invocations=36 (full 0):
 garbage-first heap   total 138240K, used 72619K [0x0000000080000000, 0x0000000100000000)
  region size 1024K, 2 young (2048K), 2 survivors (2048K)
 Metaspace       used 68968K, capacity 70764K, committed 70988K, reserved 1110016K
  class space    used 8837K, capacity 9414K, committed 9548K, reserved 1048576K
}
Event: 12.518 GC heap before
{Heap before GC invocations=37 (full 0):
 garbage-first heap   total 138240K, used 105387K [0x0000000080000000, 0x0000000100000000)
  region size 1024K, 34 young (34816K), 2 survivors (2048K)
 Metaspace       used 71742K, capacity 73429K, committed 73548K, reserved 1114112K
  class space    used 9235K, capacity 9761K, committed 9804K, reserved 1048576K
}
Event: 12.523 GC heap after
{Heap after GC invocations=38 (full 0):
 garbage-first heap   total 138240K, used 74023K [0x0000000080000000, 0x0000000100000000)
  region size 1024K, 4 young (4096K), 4 survivors (4096K)
 Metaspace       used 71742K, capacity 73429K, committed 73548K, reserved 1114112K
  class space    used 9235K, capacity 9761K, committed 9804K, reserved 1048576K
}
Event: 13.066 GC heap before
{Heap before GC invocations=38 (full 0):
 garbage-first heap   total 138240K, used 106791K [0x0000000080000000, 0x0000000100000000)
  region size 1024K, 36 young (36864K), 4 survivors (4096K)
 Metaspace       used 75129K, capacity 76947K, committed 77132K, reserved 1116160K
  class space    used 9630K, capacity 10271K, committed 10316K, reserved 1048576K
}
Event: 13.077 GC heap after
{Heap after GC invocations=39 (full 0):
 garbage-first heap   total 138240K, used 75834K [0x0000000080000000, 0x0000000100000000)
  region size 1024K, 4 young (4096K), 4 survivors (4096K)
 Metaspace       used 75129K, capacity 76947K, committed 77132K, reserved 1116160K
  class space    used 9630K, capacity 10271K, committed 10316K, reserved 1048576K
}
Event: 13.566 GC heap before
{Heap before GC invocations=40 (full 0):
 garbage-first heap   total 138240K, used 108602K [0x0000000080000000, 0x0000000100000000)
  region size 1024K, 36 young (36864K), 4 survivors (4096K)
 Metaspace       used 76783K, capacity 78740K, committed 78924K, reserved 1118208K
  class space    used 9870K, capacity 10492K, committed 10572K, reserved 1048576K
}
Event: 13.576 GC heap after
{Heap after GC invocations=41 (full 0):
 garbage-first heap   total 180224K, used 78096K [0x0000000080000000, 0x0000000100000000)
  region size 1024K, 4 young (4096K), 4 survivors (4096K)
 Metaspace       used 76783K, capacity 78740K, committed 78924K, reserved 1118208K
  class space    used 9870K, capacity 10492K, committed 10572K, reserved 1048576K
}
Event: 14.248 GC heap before
{Heap before GC invocations=41 (full 0):
 garbage-first heap   total 180224K, used 127248K [0x0000000080000000, 0x0000000100000000)
  region size 1024K, 52 young (53248K), 4 survivors (4096K)
 Metaspace       used 80658K, capacity 82605K, committed 82764K, reserved 1120256K
  class space    used 10413K, capacity 11065K, committed 11084K, reserved 1048576K
}
Event: 14.257 GC heap after
{Heap after GC invocations=42 (full 0):
 garbage-first heap   total 180224K, used 80805K [0x0000000080000000, 0x0000000100000000)
  region size 1024K, 5 young (5120K), 5 survivors (5120K)
 Metaspace       used 80658K, capacity 82605K, committed 82764K, reserved 1120256K
  class space    used 10413K, capacity 11065K, committed 11084K, reserved 1048576K
}
Event: 15.045 GC heap before
{Heap before GC invocations=42 (full 0):
 garbage-first heap   total 180224K, used 134053K [0x0000000080000000, 0x0000000100000000)
  region size 1024K, 57 young (58368K), 5 survivors (5120K)
 Metaspace       used 85473K, capacity 87536K, committed 87884K, reserved 1126400K
  class space    used 11074K, capacity 11739K, committed 11852K, reserved 1048576K
}
Event: 15.057 GC heap after
{Heap after GC invocations=43 (full 0):
 garbage-first heap   total 180224K, used 84755K [0x0000000080000000, 0x0000000100000000)
  region size 1024K, 7 young (7168K), 7 survivors (7168K)
 Metaspace       used 85473K, capacity 87536K, committed 87884K, reserved 1126400K
  class space    used 11074K, capacity 11739K, committed 11852K, reserved 1048576K
}
Event: 15.936 GC heap before
{Heap before GC invocations=43 (full 0):
 garbage-first heap   total 180224K, used 138003K [0x0000000080000000, 0x0000000100000000)
  region size 1024K, 60 young (61440K), 7 survivors (7168K)
 Metaspace       used 90430K, capacity 92839K, committed 93004K, reserved 1130496K
  class space    used 11735K, capacity 12520K, committed 12620K, reserved 1048576K
}
Event: 15.952 GC heap after
{Heap after GC invocations=44 (full 0):
 garbage-first heap   total 180224K, used 88063K [0x0000000080000000, 0x0000000100000000)
  region size 1024K, 7 young (7168K), 7 survivors (7168K)
 Metaspace       used 90430K, capacity 92839K, committed 93004K, reserved 1130496K
  class space    used 11735K, capacity 12520K, committed 12620K, reserved 1048576K
}
Event: 17.063 GC heap before
{Heap before GC invocations=44 (full 0):
 garbage-first heap   total 180224K, used 145407K [0x0000000080000000, 0x0000000100000000)
  region size 1024K, 64 young (65536K), 7 survivors (7168K)
 Metaspace       used 93665K, capacity 96137K, committed 96460K, reserved 1132544K
  class space    used 12104K, capacity 12905K, committed 13004K, reserved 1048576K
}
Event: 17.081 GC heap after
{Heap after GC invocations=45 (full 0):
 garbage-first heap   total 217088K, used 91443K [0x0000000080000000, 0x0000000100000000)
  region size 1024K, 7 young (7168K), 7 survivors (7168K)
 Metaspace       used 93665K, capacity 96137K, committed 96460K, reserved 1132544K
  class space    used 12104K, capacity 12905K, committed 13004K, reserved 1048576K
}
Event: 61.819 GC heap before
{Heap before GC invocations=45 (full 0):
 garbage-first heap   total 217088K, used 158003K [0x0000000080000000, 0x0000000100000000)
  region size 1024K, 72 young (73728K), 7 survivors (7168K)
 Metaspace       used 99579K, capacity 102388K, committed 102604K, reserved 1138688K
  class space    used 12637K, capacity 13645K, committed 13772K, reserved 1048576K
}
Event: 61.947 GC heap after
{Heap after GC invocations=46 (full 0):
 garbage-first heap   total 217088K, used 94436K [0x0000000080000000, 0x0000000100000000)
  region size 1024K, 7 young (7168K), 7 survivors (7168K)
 Metaspace       used 99579K, capacity 102388K, committed 102604K, reserved 1138688K
  class space    used 12637K, capacity 13645K, committed 13772K, reserved 1048576K
}

Deoptimization events (20 events):
Event: 63.303 Thread 0x0000024a63602800 Uncommon trap: trap_request=0xffffffde fr.pc=0x0000024a522538e4 relative=0x00000000000001c4
Event: 63.303 Thread 0x0000024a63602800 Uncommon trap: reason=class_check action=maybe_recompile pc=0x0000024a522538e4 method=java.lang.String.equals(Ljava/lang/Object;)Z @ 8 c2
Event: 63.303 Thread 0x0000024a63602800 DEOPT PACKING pc=0x0000024a522538e4 sp=0x0000004e6c5fc0a0
Event: 63.303 Thread 0x0000024a63602800 DEOPT UNPACKING pc=0x0000024a4a7874af sp=0x0000004e6c5fc048 mode 2
Event: 63.304 Thread 0x0000024a63602800 Uncommon trap: trap_request=0xffffffde fr.pc=0x0000024a522538e4 relative=0x00000000000001c4
Event: 63.304 Thread 0x0000024a63602800 Uncommon trap: reason=class_check action=maybe_recompile pc=0x0000024a522538e4 method=java.lang.String.equals(Ljava/lang/Object;)Z @ 8 c2
Event: 63.304 Thread 0x0000024a63602800 DEOPT PACKING pc=0x0000024a522538e4 sp=0x0000004e6c5fba80
Event: 63.304 Thread 0x0000024a63602800 DEOPT UNPACKING pc=0x0000024a4a7874af sp=0x0000004e6c5fba28 mode 2
Event: 63.304 Thread 0x0000024a63602800 Uncommon trap: trap_request=0xffffffde fr.pc=0x0000024a522538e4 relative=0x00000000000001c4
Event: 63.304 Thread 0x0000024a63602800 Uncommon trap: reason=class_check action=maybe_recompile pc=0x0000024a522538e4 method=java.lang.String.equals(Ljava/lang/Object;)Z @ 8 c2
Event: 63.304 Thread 0x0000024a63602800 DEOPT PACKING pc=0x0000024a522538e4 sp=0x0000004e6c5fba80
Event: 63.304 Thread 0x0000024a63602800 DEOPT UNPACKING pc=0x0000024a4a7874af sp=0x0000004e6c5fba28 mode 2
Event: 63.304 Thread 0x0000024a63602800 Uncommon trap: trap_request=0xffffffde fr.pc=0x0000024a522538e4 relative=0x00000000000001c4
Event: 63.304 Thread 0x0000024a63602800 Uncommon trap: reason=class_check action=maybe_recompile pc=0x0000024a522538e4 method=java.lang.String.equals(Ljava/lang/Object;)Z @ 8 c2
Event: 63.304 Thread 0x0000024a63602800 DEOPT PACKING pc=0x0000024a522538e4 sp=0x0000004e6c5fba80
Event: 63.304 Thread 0x0000024a63602800 DEOPT UNPACKING pc=0x0000024a4a7874af sp=0x0000004e6c5fba28 mode 2
Event: 63.308 Thread 0x0000024a63602800 DEOPT PACKING pc=0x0000024a4bf430cb sp=0x0000004e6c5fb970
Event: 63.308 Thread 0x0000024a63602800 DEOPT UNPACKING pc=0x0000024a4a7872ce sp=0x0000004e6c5fae30 mode 0
Event: 63.308 Thread 0x0000024a63602800 DEOPT PACKING pc=0x0000024a4bf430cb sp=0x0000004e6c5fca10
Event: 63.308 Thread 0x0000024a63602800 DEOPT UNPACKING pc=0x0000024a4a7872ce sp=0x0000004e6c5fbed0 mode 0

Classes redefined (0 events):
No events

Internal exceptions (20 events):
Event: 17.150 Thread 0x0000024a63602800 Exception <a 'java/lang/NoSuchMethodError'{0x000000008d1c5ac0}: 'java.lang.Object java.lang.invoke.DirectMethodHandle$Holder.invokeStatic(java.lang.Object, int, java.lang.Object, java.lang.Object)'> (0x000000008d1c5ac0) thrown at [./src/hotspot/share/interpreter/linkResolver.cpp, line 773]
Event: 17.586 Thread 0x0000024a6368a000 Exception <a 'java/lang/NoSuchMethodError'{0x000000008b60bbf8}: <clinit>> (0x000000008b60bbf8) thrown at [./src/hotspot/share/prims/jni.cpp, line 1362]
Event: 17.588 Thread 0x0000024a6368a000 Exception <a 'java/lang/NoSuchMethodError'{0x000000008b629cd8}: <clinit>> (0x000000008b629cd8) thrown at [./src/hotspot/share/prims/jni.cpp, line 1362]
Event: 17.589 Thread 0x0000024a6368a000 Exception <a 'java/lang/NoSuchMethodError'{0x000000008b639e78}: <clinit>> (0x000000008b639e78) thrown at [./src/hotspot/share/prims/jni.cpp, line 1362]
Event: 17.620 Thread 0x0000024a63602800 Exception <a 'java/lang/NoSuchMethodError'{0x000000008b691e88}: 'java.lang.Object java.lang.invoke.DirectMethodHandle$Holder.invokeSpecial(java.lang.Object, java.lang.Object, java.lang.Object, int, int, java.lang.Object, java.lang.Object)'> (0x000000008b691e88) thrown at [./src/hotspot/share/interpreter/linkResolver.cpp, line 773]
Event: 17.621 Thread 0x0000024a63602800 Exception <a 'java/lang/NoSuchMethodError'{0x000000008b69aff8}: 'java.lang.Object java.lang.invoke.DirectMethodHandle$Holder.invokeStatic(java.lang.Object, java.lang.Object, java.lang.Object, int, int, java.lang.Object)'> (0x000000008b69aff8) thrown at [./src/hotspot/share/interpreter/linkResolver.cpp, line 773]
Event: 17.621 Thread 0x0000024a63602800 Exception <a 'java/lang/NoSuchMethodError'{0x000000008b69ed18}: 'java.lang.Object java.lang.invoke.DirectMethodHandle$Holder.invokeSpecial(java.lang.Object, java.lang.Object, java.lang.Object, java.lang.Object, int, int, java.lang.Object)'> (0x000000008b69ed18) thrown at [./src/hotspot/share/interpreter/linkResolver.cpp, line 773]
Event: 17.622 Thread 0x0000024a63602800 Exception <a 'java/lang/NoSuchMethodError'{0x000000008b6a2238}: 'java.lang.Object java.lang.invoke.Invokers$Holder.linkToTargetMethod(java.lang.Object, java.lang.Object, int, int, java.lang.Object, java.lang.Object)'> (0x000000008b6a2238) thrown at [./src/hotspot/share/interpreter/linkResolver.cpp, line 773]
Event: 61.380 Thread 0x0000024a664d2800 Exception <a 'sun/nio/fs/WindowsException'{0x000000008a67a028}> (0x000000008a67a028) thrown at [./src/hotspot/share/prims/jni.cpp, line 615]
Event: 61.381 Thread 0x0000024a664d2800 Exception <a 'sun/nio/fs/WindowsException'{0x000000008a67a208}> (0x000000008a67a208) thrown at [./src/hotspot/share/prims/jni.cpp, line 615]
Event: 61.419 Thread 0x0000024a63602800 Exception <a 'java/lang/ClassNotFoundException'{0x000000008a6a2260}: sync_studio_tooling11_8zd90onsw2fv7ktkioj73mrc0BeanInfo> (0x000000008a6a2260) thrown at [./src/hotspot/share/classfile/systemDictionary.cpp, line 231]
Event: 61.421 Thread 0x0000024a63602800 Exception <a 'java/lang/ClassNotFoundException'{0x000000008a6ab728}: sync_studio_tooling11_8zd90onsw2fv7ktkioj73mrc0Customizer> (0x000000008a6ab728) thrown at [./src/hotspot/share/classfile/systemDictionary.cpp, line 231]
Event: 61.479 Thread 0x0000024a664d7000 Exception <a 'sun/nio/fs/WindowsException'{0x000000008a5e7978}> (0x000000008a5e7978) thrown at [./src/hotspot/share/prims/jni.cpp, line 615]
Event: 61.480 Thread 0x0000024a664d7000 Exception <a 'sun/nio/fs/WindowsException'{0x000000008a5e7b48}> (0x000000008a5e7b48) thrown at [./src/hotspot/share/prims/jni.cpp, line 615]
Event: 61.490 Thread 0x0000024a63602800 Exception <a 'java/lang/ClassNotFoundException'{0x000000008a5867a0}: sync_studio_tooling11_8zd90onsw2fv7ktkioj73mrc0BeanInfo> (0x000000008a5867a0) thrown at [./src/hotspot/share/classfile/systemDictionary.cpp, line 231]
Event: 61.491 Thread 0x0000024a63602800 Exception <a 'java/lang/ClassNotFoundException'{0x000000008a58fc08}: sync_studio_tooling11_8zd90onsw2fv7ktkioj73mrc0Customizer> (0x000000008a58fc08) thrown at [./src/hotspot/share/classfile/systemDictionary.cpp, line 231]
Event: 62.719 Thread 0x0000024a63602800 Exception <a 'sun/nio/fs/WindowsException'{0x000000008bd8bd00}> (0x000000008bd8bd00) thrown at [./src/hotspot/share/prims/jni.cpp, line 615]
Event: 62.851 Thread 0x0000024a63602800 Exception <a 'java/lang/reflect/InvocationTargetException'{0x000000008b9140c0}> (0x000000008b9140c0) thrown at [./src/hotspot/share/runtime/reflection.cpp, line 1247]
Event: 63.102 Thread 0x0000024a64178800 StackOverflowError at 0x0000024a4b6e8c40
Event: 63.102 Thread 0x0000024a64178800 Exception <a 'java/lang/StackOverflowError'{0x000000008b331570}> (0x000000008b331570) thrown at [./src/hotspot/share/runtime/sharedRuntime.cpp, line 584]

Events (20 events):
Event: 63.323 Executing VM operation: RevokeBias
Event: 63.323 Thread 0x0000024a64283000 Thread exited: 0x0000024a64283000
Event: 63.324 Executing coalesced safepoint VM operation: RevokeBias
Event: 63.324 Executing coalesced safepoint VM operation: RevokeBias done
Event: 63.324 Executing coalesced safepoint VM operation: RevokeBias
Event: 63.324 Executing coalesced safepoint VM operation: RevokeBias done
Event: 63.324 Executing VM operation: RevokeBias done
Event: 63.324 Thread 0x0000024a64279000 Thread exited: 0x0000024a64279000
Event: 63.324 Thread 0x0000024a64280800 Thread exited: 0x0000024a64280800
Event: 63.324 Thread 0x0000024a64281800 Thread exited: 0x0000024a64281800
Event: 63.324 Executing VM operation: BulkRevokeBias
Event: 63.324 Thread 0x0000024a6417e000 Thread exited: 0x0000024a6417e000
Event: 63.325 Executing coalesced safepoint VM operation: RevokeBias
Event: 63.325 Executing coalesced safepoint VM operation: RevokeBias done
Event: 63.325 Executing VM operation: BulkRevokeBias done
Event: 63.325 Thread 0x0000024a64282000 Thread exited: 0x0000024a64282000
Event: 63.325 Thread 0x0000024a6417d000 Thread exited: 0x0000024a6417d000
Event: 63.325 Thread 0x0000024a64178800 Thread exited: 0x0000024a64178800
Event: 63.336 Thread 0x0000024a664db800 Thread exited: 0x0000024a664db800
Event: 63.337 Thread 0x0000024a664dc000 Thread exited: 0x0000024a664dc000


Dynamic libraries:
0x00007ff7df310000 - 0x00007ff7df31a000 	C:\Program Files\Android\Android Studio\jre\bin\java.exe
0x00007ffef9ed0000 - 0x00007ffefa0c5000 	C:\WINDOWS\SYSTEM32\ntdll.dll
0x00007ffef8ee0000 - 0x00007ffef8f9e000 	C:\WINDOWS\System32\KERNEL32.DLL
0x00007ffef7930000 - 0x00007ffef7bf8000 	C:\WINDOWS\System32\KERNELBASE.dll
0x00007ffef7c30000 - 0x00007ffef7d30000 	C:\WINDOWS\System32\ucrtbase.dll
0x00007ffef0f30000 - 0x00007ffef0f49000 	C:\Program Files\Android\Android Studio\jre\bin\jli.dll
0x00007ffed5620000 - 0x00007ffed5637000 	C:\Program Files\Android\Android Studio\jre\bin\VCRUNTIME140.dll
0x00007ffef9c00000 - 0x00007ffef9da1000 	C:\WINDOWS\System32\USER32.dll
0x00007ffef7850000 - 0x00007ffef7872000 	C:\WINDOWS\System32\win32u.dll
0x00007ffee0420000 - 0x00007ffee06ba000 	C:\WINDOWS\WinSxS\amd64_microsoft.windows.common-controls_6595b64144ccf1df_6.0.19041.1110_none_60b5254171f9507e\COMCTL32.dll
0x00007ffef9b70000 - 0x00007ffef9b9b000 	C:\WINDOWS\System32\GDI32.dll
0x00007ffef9a20000 - 0x00007ffef9abe000 	C:\WINDOWS\System32\msvcrt.dll
0x00007ffef7e10000 - 0x00007ffef7f1b000 	C:\WINDOWS\System32\gdi32full.dll
0x00007ffef77b0000 - 0x00007ffef784d000 	C:\WINDOWS\System32\msvcp_win.dll
0x00007ffef8ba0000 - 0x00007ffef8bd0000 	C:\WINDOWS\System32\IMM32.DLL
0x00007ffecd9c0000 - 0x00007ffecda5d000 	C:\Program Files\Android\Android Studio\jre\bin\msvcp140.dll
0x00007ffe7cd80000 - 0x00007ffe7d83c000 	C:\Program Files\Android\Android Studio\jre\bin\server\jvm.dll
0x00007ffef8be0000 - 0x00007ffef8c8c000 	C:\WINDOWS\System32\ADVAPI32.dll
0x00007ffef9020000 - 0x00007ffef90bb000 	C:\WINDOWS\System32\sechost.dll
0x00007ffef8050000 - 0x00007ffef817a000 	C:\WINDOWS\System32\RPCRT4.dll
0x00007ffef90c0000 - 0x00007ffef90c8000 	C:\WINDOWS\System32\PSAPI.DLL
0x00007ffef12c0000 - 0x00007ffef12ca000 	C:\WINDOWS\SYSTEM32\VERSION.dll
0x00007ffebe0e0000 - 0x00007ffebe0e9000 	C:\WINDOWS\SYSTEM32\WSOCK32.dll
0x00007ffedeee0000 - 0x00007ffedef07000 	C:\WINDOWS\SYSTEM32\WINMM.dll
0x00007ffef81b0000 - 0x00007ffef821b000 	C:\WINDOWS\System32\WS2_32.dll
0x00007ffef5ec0000 - 0x00007ffef5ed2000 	C:\WINDOWS\SYSTEM32\kernel.appcore.dll
0x00007ffebe0c0000 - 0x00007ffebe0d1000 	C:\Program Files\Android\Android Studio\jre\bin\verify.dll
0x00007ffef53e0000 - 0x00007ffef55c4000 	C:\WINDOWS\SYSTEM32\DBGHELP.DLL
0x00007ffee1340000 - 0x00007ffee136c000 	C:\WINDOWS\SYSTEM32\dbgcore.DLL
0x00007ffef7d80000 - 0x00007ffef7e03000 	C:\WINDOWS\System32\bcryptPrimitives.dll
0x00007ffe7e100000 - 0x00007ffe7e129000 	C:\Program Files\Android\Android Studio\jre\bin\java.dll
0x00007ffebe0b0000 - 0x00007ffebe0bb000 	C:\Program Files\Android\Android Studio\jre\bin\jimage.dll
0x00007ffe7e0e0000 - 0x00007ffe7e0f8000 	C:\Program Files\Android\Android Studio\jre\bin\zip.dll
0x00007ffef92e0000 - 0x00007ffef9a1f000 	C:\WINDOWS\System32\SHELL32.dll
0x00007ffef56d0000 - 0x00007ffef5e60000 	C:\WINDOWS\SYSTEM32\windows.storage.dll
0x00007ffef8220000 - 0x00007ffef8575000 	C:\WINDOWS\System32\combase.dll
0x00007ffef7040000 - 0x00007ffef706e000 	C:\WINDOWS\SYSTEM32\Wldp.dll
0x00007ffef9ac0000 - 0x00007ffef9b6d000 	C:\WINDOWS\System32\SHCORE.dll
0x00007ffef9ba0000 - 0x00007ffef9bf5000 	C:\WINDOWS\System32\shlwapi.dll
0x00007ffef7530000 - 0x00007ffef754f000 	C:\WINDOWS\SYSTEM32\profapi.dll
0x00007ffe7e0c0000 - 0x00007ffe7e0da000 	C:\Program Files\Android\Android Studio\jre\bin\net.dll
0x00007ffee9ff0000 - 0x00007ffeea0fc000 	C:\WINDOWS\SYSTEM32\WINHTTP.dll
0x00007ffef6da0000 - 0x00007ffef6e0a000 	C:\WINDOWS\system32\mswsock.dll
0x00007ffe7e0a0000 - 0x00007ffe7e0b4000 	C:\Program Files\Android\Android Studio\jre\bin\nio.dll
0x00007ffeee790000 - 0x00007ffeee7b7000 	C:\Users\Hp\.gradle\native\fdc75f09e3144964f2cf3f50f0aa648679c211496f362492102eb8c894070792\windows-amd64\native-platform.dll
0x00007ffec06a0000 - 0x00007ffec0836000 	C:\Users\Hp\.gradle\native\12488b8bf47d2d4c9fbf2f6322a914ad602e24e48041cd04a747c6da556b65c4\windows-amd64\native-platform-file-events.dll
0x00007ffe7e090000 - 0x00007ffe7e09a000 	C:\Program Files\Android\Android Studio\jre\bin\management.dll
0x00007ffe7e080000 - 0x00007ffe7e08c000 	C:\Program Files\Android\Android Studio\jre\bin\management_ext.dll
0x00007ffef6fa0000 - 0x00007ffef6fb8000 	C:\WINDOWS\SYSTEM32\CRYPTSP.dll
0x00007ffef66b0000 - 0x00007ffef66e4000 	C:\WINDOWS\system32\rsaenh.dll
0x00007ffef7c00000 - 0x00007ffef7c27000 	C:\WINDOWS\System32\bcrypt.dll
0x00007ffef74f0000 - 0x00007ffef751e000 	C:\WINDOWS\SYSTEM32\USERENV.dll
0x00007ffef6f90000 - 0x00007ffef6f9c000 	C:\WINDOWS\SYSTEM32\CRYPTBASE.dll
0x00007ffef6a40000 - 0x00007ffef6a7b000 	C:\WINDOWS\SYSTEM32\IPHLPAPI.DLL
0x00007ffef81a0000 - 0x00007ffef81a8000 	C:\WINDOWS\System32\NSI.dll
0x00007ffef4b80000 - 0x00007ffef4b97000 	C:\WINDOWS\SYSTEM32\dhcpcsvc6.DLL
0x00007ffef4b10000 - 0x00007ffef4b2d000 	C:\WINDOWS\SYSTEM32\dhcpcsvc.DLL
0x00007ffef6a90000 - 0x00007ffef6b5b000 	C:\WINDOWS\SYSTEM32\DNSAPI.dll
0x00007ffeef710000 - 0x00007ffeef71b000 	C:\WINDOWS\SYSTEM32\WINNSI.DLL

dbghelp: loaded successfully - version: 4.0.5 - missing functions: none
symbol engine: initialized successfully - sym options: 0x614 - pdb path: .;C:\Program Files\Android\Android Studio\jre\bin;C:\WINDOWS\SYSTEM32;C:\WINDOWS\WinSxS\amd64_microsoft.windows.common-controls_6595b64144ccf1df_6.0.19041.1110_none_60b5254171f9507e;C:\Program Files\Android\Android Studio\jre\bin\server;C:\Users\Hp\.gradle\native\fdc75f09e3144964f2cf3f50f0aa648679c211496f362492102eb8c894070792\windows-amd64;C:\Users\Hp\.gradle\native\12488b8bf47d2d4c9fbf2f6322a914ad602e24e48041cd04a747c6da556b65c4\windows-amd64

VM Arguments:
jvm_args: --add-opens=java.base/java.util=ALL-UNNAMED --add-opens=java.base/java.lang=ALL-UNNAMED --add-opens=java.base/java.lang.invoke=ALL-UNNAMED --add-opens=java.prefs/java.util.prefs=ALL-UNNAMED -Xmx2048m -Dfile.encoding=UTF-8 -Duser.country=ID -Duser.language=en -Duser.variant 
java_command: org.gradle.launcher.daemon.bootstrap.GradleDaemon 6.7.1
java_class_path (initial): C:\Users\Hp\.gradle\wrapper\dists\gradle-6.7.1-bin\bwlcbys1h7rz3272sye1xwiv6\gradle-6.7.1\lib\gradle-launcher-6.7.1.jar
Launcher Type: SUN_STANDARD

[Global flags]
     intx CICompilerCount                          = 4                                         {product} {ergonomic}
     uint ConcGCThreads                            = 2                                         {product} {ergonomic}
     uint G1ConcRefinementThreads                  = 8                                         {product} {ergonomic}
   size_t G1HeapRegionSize                         = 1048576                                   {product} {ergonomic}
    uintx GCDrainStackTargetSize                   = 64                                        {product} {ergonomic}
   size_t InitialHeapSize                          = 67108864                                  {product} {ergonomic}
   size_t MarkStackSize                            = 4194304                                   {product} {ergonomic}
   size_t MaxHeapSize                              = 2147483648                                {product} {command line}
   size_t MaxNewSize                               = 1287651328                                {product} {ergonomic}
   size_t MinHeapDeltaBytes                        = 1048576                                   {product} {ergonomic}
    uintx NonNMethodCodeHeapSize                   = 5836300                                {pd product} {ergonomic}
    uintx NonProfiledCodeHeapSize                  = 122910970                              {pd product} {ergonomic}
    uintx ProfiledCodeHeapSize                     = 122910970                              {pd product} {ergonomic}
    uintx ReservedCodeCacheSize                    = 251658240                              {pd product} {ergonomic}
     bool SegmentedCodeCache                       = true                                      {product} {ergonomic}
     bool UseCompressedClassPointers               = true                                 {lp64_product} {ergonomic}
     bool UseCompressedOops                        = true                                 {lp64_product} {ergonomic}
     bool UseG1GC                                  = true                                      {product} {ergonomic}
     bool UseLargePagesIndividualAllocation        = false                                  {pd product} {ergonomic}

Logging:
Log output configuration:
 #0: stdout all=warning uptime,level,tags
 #1: stderr all=off uptime,level,tags

Environment Variables:
PATH=C:\ProgramData\Oracle\Java\javapath;C:\Program Files (x86)\Common Files\Oracle\Java\javapath;C:\WINDOWS\system32;C:\WINDOWS;C:\WINDOWS\System32\Wbem;C:\WINDOWS\System32\WindowsPowerShell\v1.0\;C:\WINDOWS\System32\OpenSSH\;C:\Program Files\Git\cmd;D:\kuliah\SFML-2.5.1\bin;C:\Users\Hp\AppData\Local\Programs\Python\Python39\Scripts\;C:\Users\Hp\AppData\Local\Programs\Python\Python39\;C:\Program Files\Java\jdk1.8.0_291\bin;D:\Bahan Kuliah\bin;C:\opencv\opencv\build\x64\vc15\bin;C:\Users\Hp\AppData\Local\Microsoft\WindowsApps;D:\Microsoft VS Code\bin;
USERNAME=jasmine
OS=Windows_NT
PROCESSOR_IDENTIFIER=Intel64 Family 6 Model 142 Stepping 11, GenuineIntel



---------------  S Y S T E M  ---------------

OS: Windows 10 , 64 bit Build 19041 (10.0.19041.1348)
OS uptime: 0 days 0:07 hours

CPU:total 8 (initial active 8) (4 cores per cpu, 2 threads per core) family 6 model 142 stepping 11, cmov, cx8, fxsr, mmx, sse, sse2, sse3, ssse3, sse4.1, sse4.2, popcnt, avx, avx2, aes, clmul, erms, 3dnowpref, lzcnt, ht, tsc, tscinvbit, bmi1, bmi2, adx, fma

Memory: 4k page, system-wide physical 3982M (236M free)
TotalPageFile size 8078M (AvailPageFile size 3M)
current process WorkingSet (physical memory assigned to process): 266M, peak: 333M
current process commit charge ("private bytes"): 504M, peak: 507M

vm_info: OpenJDK 64-Bit Server VM (11.0.8+10-b944.6842174) for windows-amd64 JRE (11.0.8+10-b944.6842174), built on Sep 19 2020 01:11:42 by "builder" with MS VC++ 14.0 (VS2015)

END.
