#
# There is insufficient memory for the Java Runtime Environment to continue.
# Native memory allocation (mmap) failed to map 173015040 bytes for Failed to commit area from 0x000000008fa00000 to 0x0000000099f00000 of length 173015040.
# Possible reasons:
#   The system is out of physical RAM or swap space
#   The process is running with CompressedOops enabled, and the Java Heap may be blocking the growth of the native heap
# Possible solutions:
#   Reduce memory load on the system
#   Increase physical memory or swap space
#   Check if swap backing store is full
#   Decrease Java heap size (-Xmx/-Xms)
#   Decrease number of Java threads
#   Decrease Java thread stack sizes (-Xss)
#   Set larger code cache with -XX:ReservedCodeCacheSize=
#   JVM is running with Unscaled Compressed Oops mode in which the Java heap is
#     placed in the first 4GB address space. The Java Heap base address is the
#     maximum limit for the native heap growth. Please use -XX:HeapBaseMinAddress
#     to set the Java Heap base and to place the Java Heap above 4GB virtual address.
# This output file may be truncated or incomplete.
#
#  Out of Memory Error (./src/hotspot/os/windows/os_windows.cpp:3303), pid=1928, tid=7520
#
# JRE version: OpenJDK Runtime Environment (11.0.8+10) (build 11.0.8+10-b944.6842174)
# Java VM: OpenJDK 64-Bit Server VM (11.0.8+10-b944.6842174, mixed mode, tiered, compressed oops, g1 gc, windows-amd64)
# No core dump will be written. Minidumps are not enabled by default on client versions of Windows
#

---------------  S U M M A R Y ------------

Command Line: --add-opens=java.base/java.util=ALL-UNNAMED --add-opens=java.base/java.lang=ALL-UNNAMED --add-opens=java.base/java.lang.invoke=ALL-UNNAMED --add-opens=java.prefs/java.util.prefs=ALL-UNNAMED -Xmx2048m -Dfile.encoding=UTF-8 -Duser.country=ID -Duser.language=en -Duser.variant org.gradle.launcher.daemon.bootstrap.GradleDaemon 6.7.1

Host: Intel(R) Core(TM) i5-8265U CPU @ 1.60GHz, 8 cores, 3G,  Windows 10 , 64 bit Build 19041 (10.0.19041.1348)
Time: Sat Nov 20 15:51:01 2021 SE Asia Standard Time elapsed time: 20 seconds (0d 0h 0m 20s)

---------------  T H R E A D  ---------------

Current thread (0x000002a63af15800):  VMThread "VM Thread" [stack: 0x000000bfadf00000,0x000000bfae000000] [id=7520]

Stack: [0x000000bfadf00000,0x000000bfae000000]
[error occurred during error reporting (printing stack bounds), id 0xc0000005, EXCEPTION_ACCESS_VIOLATION (0xc0000005) at pc=0x000002a623e10dad]

Native frames: (J=compiled Java code, j=interpreted, Vv=VM code, C=native code)
V  [jvm.dll+0x5de50a]
V  [jvm.dll+0x7122f5]
V  [jvm.dll+0x71384d]
V  [jvm.dll+0x713e65]
V  [jvm.dll+0x713e1b]
V  [jvm.dll+0x5dd958]
V  [jvm.dll+0x5de0f8]
C  [ntdll.dll+0xa20cf]
C  [ntdll.dll+0x51454]
C  [ntdll.dll+0xa0bfe]
C  0x000002a623e10dad

VM_Operation (0x000000bfb8dfe3f0): G1CollectForAllocation, mode: safepoint, requested by thread 0x000002a646d70000


---------------  P R O C E S S  ---------------

Threads class SMR info:
_java_thread_list=0x000002a64737d780, length=168, elements={
0x000002a62048a000, 0x000002a63af1a000, 0x000002a63af25800, 0x000002a63b892800,
0x000002a63b893800, 0x000002a63b896800, 0x000002a63b899000, 0x000002a63b89c000,
0x000002a63ba08000, 0x000002a63ba19000, 0x000002a63d634000, 0x000002a63d28e800,
0x000002a63e050000, 0x000002a63cf21800, 0x000002a63db7f800, 0x000002a63ceda800,
0x000002a63d562000, 0x000002a63c822800, 0x000002a63d4ea000, 0x000002a63d55f800,
0x000002a63d4f4000, 0x000002a63d4f2000, 0x000002a63d4f4800, 0x000002a63d4f0800,
0x000002a63d4f5800, 0x000002a63d4f3000, 0x000002a63d4ef800, 0x000002a63d4f6000,
0x000002a63d4f1800, 0x000002a63fe46000, 0x000002a63fe47000, 0x000002a63fe48000,
0x000002a63fe42000, 0x000002a63fe48800, 0x000002a63fe43800, 0x000002a63fe45800,
0x000002a63fe43000, 0x000002a63fe4a800, 0x000002a63fe49800, 0x000002a63fe4d800,
0x000002a63fe50000, 0x000002a63fe51000, 0x000002a63fe4c000, 0x000002a63fe4b000,
0x000002a63fe4c800, 0x000002a63fe4e800, 0x000002a63fe4f000, 0x000002a6405de000,
0x000002a6405df000, 0x000002a6405da800, 0x000002a6405df800, 0x000002a6405da000,
0x000002a6405dc800, 0x000002a6405e0800, 0x000002a6405e1000, 0x000002a6405dd000,
0x000002a6405db800, 0x000002a6405e4800, 0x000002a6405e3000, 0x000002a6405e2000,
0x000002a6405e8000, 0x000002a6405e8800, 0x000002a6405e3800, 0x000002a6405e5800,
0x000002a6405e6000, 0x000002a6405e7000, 0x000002a6405ac800, 0x000002a6405aa000,
0x000002a6405ab000, 0x000002a6405ab800, 0x000002a6405ad800, 0x000002a6405a9000,
0x000002a6405b2000, 0x000002a6405b3000, 0x000002a6405b0800, 0x000002a6405af000,
0x000002a6405b0000, 0x000002a6405b4000, 0x000002a6405ae000, 0x000002a6405b5800,
0x000002a6405b1800, 0x000002a6405b4800, 0x000002a6405b6800, 0x000002a6405b7000,
0x000002a6405b8000, 0x000002a6404f7800, 0x000002a6404f5000, 0x000002a6404f6800,
0x000002a6404f4000, 0x000002a6404f5800, 0x000002a6404f8000, 0x000002a6404f9000,
0x000002a6404f3800, 0x000002a6404fe800, 0x000002a6404fd000, 0x000002a6404fe000,
0x000002a6404fa000, 0x000002a640500800, 0x000002a6404fc800, 0x000002a6404ff800,
0x000002a6404fa800, 0x000002a640501000, 0x000002a6404fb800, 0x000002a640502000,
0x000002a6407b3800, 0x000002a6407b0000, 0x000002a6407b4000, 0x000002a6407b1000,
0x000002a6407af000, 0x000002a6407b1800, 0x000002a6407b2800, 0x000002a6407ae800,
0x000002a6407b5000, 0x000002a6407bb800, 0x000002a6407b9000, 0x000002a6407ba000,
0x000002a6407b6000, 0x000002a6407bc800, 0x000002a6407ba800, 0x000002a6407b6800,
0x000002a6407bd000, 0x000002a6407b7800, 0x000002a6407b8000, 0x000002a6407bf000,
0x000002a6407c1000, 0x000002a6407be800, 0x000002a6407c5000, 0x000002a6407c2800,
0x000002a6407c3800, 0x000002a6407c0000, 0x000002a6407c4000, 0x000002a6407c6000,
0x000002a6407c6800, 0x000002a6407c7800, 0x000002a6407c1800, 0x000002a6407cb800,
0x000002a6407cd000, 0x000002a6407c9000, 0x000002a6407c8000, 0x000002a6407ca000,
0x000002a6407cc800, 0x000002a6407ca800, 0x000002a642101800, 0x000002a6420ff800,
0x000002a6420fd000, 0x000002a642104000, 0x000002a642102000, 0x000002a6420ff000,
0x000002a642103000, 0x000002a6420fe000, 0x000002a642104800, 0x000002a642105800,
0x000002a642106000, 0x000002a642100800, 0x000002a642107000, 0x000002a642108000,
0x000002a642108800, 0x000002a63e56b000, 0x000002a642109800, 0x000002a64210c000,
0x000002a64210b000, 0x000002a64210a800, 0x000002a646d6d800, 0x000002a646d70000,
0x000002a646d6e800, 0x000002a646d71000, 0x000002a646d72000, 0x000002a646d72800
}

Java Threads: ( => current thread )
  0x000002a62048a000 JavaThread "main" [_thread_blocked, id=12212, stack(0x000000bfad900000,0x000000bfada00000)]
  0x000002a63af1a000 JavaThread "Reference Handler" daemon [_thread_blocked, id=10208, stack(0x000000bfae000000,0x000000bfae100000)]
  0x000002a63af25800 JavaThread "Finalizer" daemon [_thread_blocked, id=6372, stack(0x000000bfae100000,0x000000bfae200000)]
  0x000002a63b892800 JavaThread "Signal Dispatcher" daemon [_thread_blocked, id=8624, stack(0x000000bfae200000,0x000000bfae300000)]
  0x000002a63b893800 JavaThread "Attach Listener" daemon [_thread_blocked, id=5524, stack(0x000000bfae300000,0x000000bfae400000)]
  0x000002a63b896800 JavaThread "C2 CompilerThread0" daemon [_thread_blocked, id=9096, stack(0x000000bfae400000,0x000000bfae500000)]
  0x000002a63b899000 JavaThread "C1 CompilerThread0" daemon [_thread_blocked, id=11888, stack(0x000000bfae500000,0x000000bfae600000)]
  0x000002a63b89c000 JavaThread "Sweeper thread" daemon [_thread_blocked, id=11340, stack(0x000000bfae600000,0x000000bfae700000)]
  0x000002a63ba08000 JavaThread "Common-Cleaner" daemon [_thread_blocked, id=12852, stack(0x000000bfae700000,0x000000bfae800000)]
  0x000002a63ba19000 JavaThread "Service Thread" daemon [_thread_blocked, id=10332, stack(0x000000bfae800000,0x000000bfae900000)]
  0x000002a63d634000 JavaThread "Daemon health stats" [_thread_blocked, id=7184, stack(0x000000bfaeb00000,0x000000bfaec00000)]
  0x000002a63d28e800 JavaThread "Incoming local TCP Connector on port 54087" [_thread_in_native, id=7912, stack(0x000000bfaee00000,0x000000bfaef00000)]
  0x000002a63e050000 JavaThread "Daemon periodic checks" [_thread_blocked, id=10232, stack(0x000000bfaef00000,0x000000bfaf000000)]
  0x000002a63cf21800 JavaThread "Daemon" [_thread_blocked, id=4656, stack(0x000000bfaf000000,0x000000bfaf100000)]
  0x000002a63db7f800 JavaThread "Handler for socket connection from /127.0.0.1:54087 to /127.0.0.1:54088" [_thread_in_native, id=12816, stack(0x000000bfaf100000,0x000000bfaf200000)]
  0x000002a63ceda800 JavaThread "Cancel handler" [_thread_blocked, id=2768, stack(0x000000bfaf200000,0x000000bfaf300000)]
  0x000002a63d562000 JavaThread "Daemon worker" [_thread_blocked, id=9912, stack(0x000000bfaf300000,0x000000bfaf400000)]
  0x000002a63c822800 JavaThread "Asynchronous log dispatcher for DefaultDaemonConnection: socket connection from /127.0.0.1:54087 to /127.0.0.1:54088" [_thread_blocked, id=11292, stack(0x000000bfaf400000,0x000000bfaf500000)]
  0x000002a63d4ea000 JavaThread "Stdin handler" [_thread_blocked, id=4464, stack(0x000000bfaf500000,0x000000bfaf600000)]
  0x000002a63d55f800 JavaThread "Thread-8" [_thread_blocked, id=7444, stack(0x000000bfaf600000,0x000000bfaf700000)]
  0x000002a63d4f4000 JavaThread "Cache worker for file hash cache (C:\Users\Hp\.gradle\caches\6.7.1\fileHashes)" [_thread_blocked, id=4764, stack(0x000000bfafd00000,0x000000bfafe00000)]
  0x000002a63d4f2000 JavaThread "File lock request listener" [_thread_in_native, id=9600, stack(0x000000bfafe00000,0x000000bfaff00000)]
  0x000002a63d4f4800 JavaThread "Cache worker for journal cache (C:\Users\Hp\.gradle\caches\journal-1)" [_thread_blocked, id=8064, stack(0x000000bfb0000000,0x000000bfb0100000)]
  0x000002a63d4f0800 JavaThread "Cache worker for file hash cache (D:\FLO\.gradle\6.7.1\fileHashes)" [_thread_blocked, id=12624, stack(0x000000bfb0100000,0x000000bfb0200000)]
  0x000002a63d4f5800 JavaThread "Cache worker for checksums cache (D:\FLO\.gradle\checksums)" [_thread_blocked, id=6496, stack(0x000000bfb0200000,0x000000bfb0300000)]
  0x000002a63d4f3000 JavaThread "Cache worker for cache directory md-supplier (C:\Users\Hp\.gradle\caches\6.7.1\md-supplier)" [_thread_blocked, id=10880, stack(0x000000bfb0300000,0x000000bfb0400000)]
  0x000002a63d4ef800 JavaThread "Cache worker for cache directory md-rule (C:\Users\Hp\.gradle\caches\6.7.1\md-rule)" [_thread_blocked, id=12428, stack(0x000000bfb0400000,0x000000bfb0500000)]
  0x000002a63d4f6000 JavaThread "Cache worker for execution history cache (C:\Users\Hp\.gradle\caches\6.7.1\executionHistory)" [_thread_blocked, id=9152, stack(0x000000bfb0500000,0x000000bfb0600000)]
  0x000002a63d4f1800 JavaThread "jar transforms" [_thread_blocked, id=11580, stack(0x000000bfb0600000,0x000000bfb0700000)]
  0x000002a63fe46000 JavaThread "Cache worker for file content cache (C:\Users\Hp\.gradle\caches\6.7.1\fileContent)" [_thread_blocked, id=3300, stack(0x000000bfb0700000,0x000000bfb0800000)]
  0x000002a63fe47000 JavaThread "Cache worker for Build Output Cleanup Cache (D:\FLO\.gradle\buildOutputCleanup)" [_thread_blocked, id=12352, stack(0x000000bfb0800000,0x000000bfb0900000)]
  0x000002a63fe48000 JavaThread "Build operations" [_thread_blocked, id=11460, stack(0x000000bfb0900000,0x000000bfb0a00000)]
  0x000002a63fe42000 JavaThread "Build operations Thread 2" [_thread_blocked, id=12032, stack(0x000000bfb0a00000,0x000000bfb0b00000)]
  0x000002a63fe48800 JavaThread "Build operations Thread 3" [_thread_blocked, id=700, stack(0x000000bfb0b00000,0x000000bfb0c00000)]
  0x000002a63fe43800 JavaThread "Build operations Thread 4" [_thread_blocked, id=1988, stack(0x000000bfb0c00000,0x000000bfb0d00000)]
  0x000002a63fe45800 JavaThread "Build operations Thread 5" [_thread_blocked, id=3476, stack(0x000000bfb0d00000,0x000000bfb0e00000)]
  0x000002a63fe43000 JavaThread "Build operations Thread 6" [_thread_blocked, id=13180, stack(0x000000bfb0e00000,0x000000bfb0f00000)]
  0x000002a63fe4a800 JavaThread "Build operations Thread 7" [_thread_blocked, id=12764, stack(0x000000bfb0f00000,0x000000bfb1000000)]
  0x000002a63fe49800 JavaThread "Build operations Thread 8" [_thread_blocked, id=796, stack(0x000000bfb1000000,0x000000bfb1100000)]
  0x000002a63fe4d800 JavaThread "jar transforms Thread 2" [_thread_blocked, id=13052, stack(0x000000bfb1100000,0x000000bfb1200000)]
  0x000002a63fe50000 JavaThread "jar transforms Thread 3" [_thread_blocked, id=12168, stack(0x000000bfb1200000,0x000000bfb1300000)]
  0x000002a63fe51000 JavaThread "jar transforms Thread 4" [_thread_blocked, id=8148, stack(0x000000bfb1300000,0x000000bfb1400000)]
  0x000002a63fe4c000 JavaThread "jar transforms Thread 5" [_thread_blocked, id=4296, stack(0x000000bfb1400000,0x000000bfb1500000)]
  0x000002a63fe4b000 JavaThread "jar transforms Thread 6" [_thread_blocked, id=12904, stack(0x000000bfb1500000,0x000000bfb1600000)]
  0x000002a63fe4c800 JavaThread "jar transforms Thread 7" [_thread_blocked, id=10088, stack(0x000000bfb1600000,0x000000bfb1700000)]
  0x000002a63fe4e800 JavaThread "jar transforms Thread 8" [_thread_blocked, id=5236, stack(0x000000bfb1700000,0x000000bfb1800000)]
  0x000002a63fe4f000 JavaThread "jar transforms Thread 9" [_thread_blocked, id=8520, stack(0x000000bfb1800000,0x000000bfb1900000)]
  0x000002a6405de000 JavaThread "jar transforms Thread 10" [_thread_blocked, id=10168, stack(0x000000bfb1900000,0x000000bfb1a00000)]
  0x000002a6405df000 JavaThread "jar transforms Thread 11" [_thread_blocked, id=8776, stack(0x000000bfb1a00000,0x000000bfb1b00000)]
  0x000002a6405da800 JavaThread "jar transforms Thread 12" [_thread_blocked, id=10244, stack(0x000000bfb1b00000,0x000000bfb1c00000)]
  0x000002a6405df800 JavaThread "jar transforms Thread 13" [_thread_blocked, id=11360, stack(0x000000bfb1c00000,0x000000bfb1d00000)]
  0x000002a6405da000 JavaThread "jar transforms Thread 14" [_thread_blocked, id=9376, stack(0x000000bfb1d00000,0x000000bfb1e00000)]
  0x000002a6405dc800 JavaThread "jar transforms Thread 15" [_thread_blocked, id=10768, stack(0x000000bfb1e00000,0x000000bfb1f00000)]
  0x000002a6405e0800 JavaThread "jar transforms Thread 16" [_thread_blocked, id=11844, stack(0x000000bfb1f00000,0x000000bfb2000000)]
  0x000002a6405e1000 JavaThread "jar transforms Thread 17" [_thread_blocked, id=11560, stack(0x000000bfb2000000,0x000000bfb2100000)]
  0x000002a6405dd000 JavaThread "jar transforms Thread 18" [_thread_blocked, id=10132, stack(0x000000bfb2100000,0x000000bfb2200000)]
  0x000002a6405db800 JavaThread "jar transforms Thread 19" [_thread_blocked, id=11344, stack(0x000000bfb2200000,0x000000bfb2300000)]
  0x000002a6405e4800 JavaThread "jar transforms Thread 20" [_thread_blocked, id=9496, stack(0x000000bfb2300000,0x000000bfb2400000)]
  0x000002a6405e3000 JavaThread "jar transforms Thread 21" [_thread_blocked, id=9092, stack(0x000000bfb2400000,0x000000bfb2500000)]
  0x000002a6405e2000 JavaThread "jar transforms Thread 22" [_thread_blocked, id=5908, stack(0x000000bfb2500000,0x000000bfb2600000)]
  0x000002a6405e8000 JavaThread "jar transforms Thread 23" [_thread_blocked, id=1696, stack(0x000000bfb2600000,0x000000bfb2700000)]
  0x000002a6405e8800 JavaThread "jar transforms Thread 24" [_thread_blocked, id=11488, stack(0x000000bfb2700000,0x000000bfb2800000)]
  0x000002a6405e3800 JavaThread "jar transforms Thread 25" [_thread_blocked, id=8932, stack(0x000000bfb2800000,0x000000bfb2900000)]
  0x000002a6405e5800 JavaThread "jar transforms Thread 26" [_thread_blocked, id=8068, stack(0x000000bfb2900000,0x000000bfb2a00000)]
  0x000002a6405e6000 JavaThread "jar transforms Thread 27" [_thread_blocked, id=1524, stack(0x000000bfb2a00000,0x000000bfb2b00000)]
  0x000002a6405e7000 JavaThread "jar transforms Thread 28" [_thread_blocked, id=13120, stack(0x000000bfb2b00000,0x000000bfb2c00000)]
  0x000002a6405ac800 JavaThread "jar transforms Thread 29" [_thread_blocked, id=8352, stack(0x000000bfb2c00000,0x000000bfb2d00000)]
  0x000002a6405aa000 JavaThread "jar transforms Thread 30" [_thread_blocked, id=12156, stack(0x000000bfb2d00000,0x000000bfb2e00000)]
  0x000002a6405ab000 JavaThread "jar transforms Thread 31" [_thread_blocked, id=6484, stack(0x000000bfb2e00000,0x000000bfb2f00000)]
  0x000002a6405ab800 JavaThread "jar transforms Thread 32" [_thread_blocked, id=13160, stack(0x000000bfb2f00000,0x000000bfb3000000)]
  0x000002a6405ad800 JavaThread "jar transforms Thread 33" [_thread_blocked, id=11472, stack(0x000000bfb3000000,0x000000bfb3100000)]
  0x000002a6405a9000 JavaThread "jar transforms Thread 34" [_thread_blocked, id=10444, stack(0x000000bfb3100000,0x000000bfb3200000)]
  0x000002a6405b2000 JavaThread "jar transforms Thread 35" [_thread_blocked, id=7340, stack(0x000000bfb3200000,0x000000bfb3300000)]
  0x000002a6405b3000 JavaThread "jar transforms Thread 36" [_thread_blocked, id=4076, stack(0x000000bfb3300000,0x000000bfb3400000)]
  0x000002a6405b0800 JavaThread "jar transforms Thread 37" [_thread_blocked, id=8332, stack(0x000000bfb3400000,0x000000bfb3500000)]
  0x000002a6405af000 JavaThread "jar transforms Thread 38" [_thread_blocked, id=11280, stack(0x000000bfb3500000,0x000000bfb3600000)]
  0x000002a6405b0000 JavaThread "jar transforms Thread 39" [_thread_blocked, id=6020, stack(0x000000bfb3600000,0x000000bfb3700000)]
  0x000002a6405b4000 JavaThread "jar transforms Thread 40" [_thread_blocked, id=12132, stack(0x000000bfb3700000,0x000000bfb3800000)]
  0x000002a6405ae000 JavaThread "jar transforms Thread 41" [_thread_blocked, id=8928, stack(0x000000bfb3800000,0x000000bfb3900000)]
  0x000002a6405b5800 JavaThread "jar transforms Thread 42" [_thread_blocked, id=2832, stack(0x000000bfb3900000,0x000000bfb3a00000)]
  0x000002a6405b1800 JavaThread "jar transforms Thread 43" [_thread_blocked, id=9232, stack(0x000000bfb3a00000,0x000000bfb3b00000)]
  0x000002a6405b4800 JavaThread "jar transforms Thread 44" [_thread_blocked, id=5972, stack(0x000000bfb3b00000,0x000000bfb3c00000)]
  0x000002a6405b6800 JavaThread "jar transforms Thread 45" [_thread_blocked, id=4212, stack(0x000000bfb3c00000,0x000000bfb3d00000)]
  0x000002a6405b7000 JavaThread "jar transforms Thread 46" [_thread_blocked, id=11632, stack(0x000000bfb3d00000,0x000000bfb3e00000)]
  0x000002a6405b8000 JavaThread "jar transforms Thread 47" [_thread_blocked, id=6332, stack(0x000000bfb3e00000,0x000000bfb3f00000)]
  0x000002a6404f7800 JavaThread "jar transforms Thread 48" [_thread_blocked, id=4740, stack(0x000000bfb3f00000,0x000000bfb4000000)]
  0x000002a6404f5000 JavaThread "jar transforms Thread 49" [_thread_blocked, id=7748, stack(0x000000bfb4000000,0x000000bfb4100000)]
  0x000002a6404f6800 JavaThread "jar transforms Thread 50" [_thread_blocked, id=1536, stack(0x000000bfb4100000,0x000000bfb4200000)]
  0x000002a6404f4000 JavaThread "jar transforms Thread 51" [_thread_blocked, id=3984, stack(0x000000bfb4200000,0x000000bfb4300000)]
  0x000002a6404f5800 JavaThread "jar transforms Thread 52" [_thread_blocked, id=7880, stack(0x000000bfb4300000,0x000000bfb4400000)]
  0x000002a6404f8000 JavaThread "jar transforms Thread 53" [_thread_blocked, id=4080, stack(0x000000bfb4400000,0x000000bfb4500000)]
  0x000002a6404f9000 JavaThread "jar transforms Thread 54" [_thread_blocked, id=11076, stack(0x000000bfb4500000,0x000000bfb4600000)]
  0x000002a6404f3800 JavaThread "jar transforms Thread 55" [_thread_blocked, id=9288, stack(0x000000bfb4600000,0x000000bfb4700000)]
  0x000002a6404fe800 JavaThread "jar transforms Thread 56" [_thread_blocked, id=2812, stack(0x000000bfb4700000,0x000000bfb4800000)]
  0x000002a6404fd000 JavaThread "jar transforms Thread 57" [_thread_blocked, id=560, stack(0x000000bfb4800000,0x000000bfb4900000)]
  0x000002a6404fe000 JavaThread "jar transforms Thread 58" [_thread_blocked, id=12980, stack(0x000000bfb4900000,0x000000bfb4a00000)]
  0x000002a6404fa000 JavaThread "jar transforms Thread 59" [_thread_blocked, id=10056, stack(0x000000bfb4a00000,0x000000bfb4b00000)]
  0x000002a640500800 JavaThread "jar transforms Thread 60" [_thread_blocked, id=4228, stack(0x000000bfb4b00000,0x000000bfb4c00000)]
  0x000002a6404fc800 JavaThread "jar transforms Thread 61" [_thread_blocked, id=10420, stack(0x000000bfb4c00000,0x000000bfb4d00000)]
  0x000002a6404ff800 JavaThread "jar transforms Thread 62" [_thread_blocked, id=8784, stack(0x000000bfb4d00000,0x000000bfb4e00000)]
  0x000002a6404fa800 JavaThread "jar transforms Thread 63" [_thread_blocked, id=1788, stack(0x000000bfb4e00000,0x000000bfb4f00000)]
  0x000002a640501000 JavaThread "jar transforms Thread 64" [_thread_blocked, id=10160, stack(0x000000bfb4f00000,0x000000bfb5000000)]
  0x000002a6404fb800 JavaThread "jar transforms Thread 65" [_thread_blocked, id=6064, stack(0x000000bfb5000000,0x000000bfb5100000)]
  0x000002a640502000 JavaThread "jar transforms Thread 66" [_thread_blocked, id=8664, stack(0x000000bfb5100000,0x000000bfb5200000)]
  0x000002a6407b3800 JavaThread "jar transforms Thread 67" [_thread_blocked, id=8724, stack(0x000000bfb5200000,0x000000bfb5300000)]
  0x000002a6407b0000 JavaThread "jar transforms Thread 68" [_thread_blocked, id=9024, stack(0x000000bfb5300000,0x000000bfb5400000)]
  0x000002a6407b4000 JavaThread "jar transforms Thread 69" [_thread_blocked, id=12744, stack(0x000000bfb5400000,0x000000bfb5500000)]
  0x000002a6407b1000 JavaThread "jar transforms Thread 70" [_thread_blocked, id=11336, stack(0x000000bfb5500000,0x000000bfb5600000)]
  0x000002a6407af000 JavaThread "jar transforms Thread 71" [_thread_blocked, id=11324, stack(0x000000bfb5600000,0x000000bfb5700000)]
  0x000002a6407b1800 JavaThread "jar transforms Thread 72" [_thread_blocked, id=7164, stack(0x000000bfb5700000,0x000000bfb5800000)]
  0x000002a6407b2800 JavaThread "jar transforms Thread 73" [_thread_blocked, id=11588, stack(0x000000bfb5800000,0x000000bfb5900000)]
  0x000002a6407ae800 JavaThread "jar transforms Thread 74" [_thread_blocked, id=10764, stack(0x000000bfb5900000,0x000000bfb5a00000)]
  0x000002a6407b5000 JavaThread "jar transforms Thread 75" [_thread_blocked, id=8692, stack(0x000000bfb5a00000,0x000000bfb5b00000)]
  0x000002a6407bb800 JavaThread "jar transforms Thread 76" [_thread_blocked, id=12596, stack(0x000000bfb5b00000,0x000000bfb5c00000)]
  0x000002a6407b9000 JavaThread "jar transforms Thread 77" [_thread_blocked, id=7316, stack(0x000000bfb5c00000,0x000000bfb5d00000)]
  0x000002a6407ba000 JavaThread "jar transforms Thread 78" [_thread_blocked, id=3356, stack(0x000000bfb5d00000,0x000000bfb5e00000)]
  0x000002a6407b6000 JavaThread "jar transforms Thread 79" [_thread_blocked, id=8392, stack(0x000000bfb5e00000,0x000000bfb5f00000)]
  0x000002a6407bc800 JavaThread "jar transforms Thread 80" [_thread_blocked, id=9540, stack(0x000000bfb5f00000,0x000000bfb6000000)]
  0x000002a6407ba800 JavaThread "jar transforms Thread 81" [_thread_blocked, id=11068, stack(0x000000bfb6000000,0x000000bfb6100000)]
  0x000002a6407b6800 JavaThread "jar transforms Thread 82" [_thread_blocked, id=3016, stack(0x000000bfb6100000,0x000000bfb6200000)]
  0x000002a6407bd000 JavaThread "jar transforms Thread 83" [_thread_blocked, id=5564, stack(0x000000bfb6200000,0x000000bfb6300000)]
  0x000002a6407b7800 JavaThread "jar transforms Thread 84" [_thread_blocked, id=2828, stack(0x000000bfb6300000,0x000000bfb6400000)]
  0x000002a6407b8000 JavaThread "jar transforms Thread 85" [_thread_blocked, id=5904, stack(0x000000bfb6400000,0x000000bfb6500000)]
  0x000002a6407bf000 JavaThread "jar transforms Thread 86" [_thread_blocked, id=1884, stack(0x000000bfb6500000,0x000000bfb6600000)]
  0x000002a6407c1000 JavaThread "jar transforms Thread 87" [_thread_blocked, id=12524, stack(0x000000bfb6600000,0x000000bfb6700000)]
  0x000002a6407be800 JavaThread "jar transforms Thread 88" [_thread_blocked, id=12680, stack(0x000000bfb6700000,0x000000bfb6800000)]
  0x000002a6407c5000 JavaThread "jar transforms Thread 89" [_thread_blocked, id=4824, stack(0x000000bfb6800000,0x000000bfb6900000)]
  0x000002a6407c2800 JavaThread "jar transforms Thread 90" [_thread_blocked, id=3112, stack(0x000000bfb6900000,0x000000bfb6a00000)]
  0x000002a6407c3800 JavaThread "jar transforms Thread 91" [_thread_blocked, id=7092, stack(0x000000bfb6a00000,0x000000bfb6b00000)]
  0x000002a6407c0000 JavaThread "jar transforms Thread 92" [_thread_blocked, id=9772, stack(0x000000bfb6b00000,0x000000bfb6c00000)]
  0x000002a6407c4000 JavaThread "jar transforms Thread 93" [_thread_blocked, id=8832, stack(0x000000bfb6c00000,0x000000bfb6d00000)]
  0x000002a6407c6000 JavaThread "jar transforms Thread 94" [_thread_blocked, id=11988, stack(0x000000bfb6d00000,0x000000bfb6e00000)]
  0x000002a6407c6800 JavaThread "jar transforms Thread 95" [_thread_blocked, id=9200, stack(0x000000bfb6e00000,0x000000bfb6f00000)]
  0x000002a6407c7800 JavaThread "jar transforms Thread 96" [_thread_blocked, id=5496, stack(0x000000bfb6f00000,0x000000bfb7000000)]
  0x000002a6407c1800 JavaThread "jar transforms Thread 97" [_thread_blocked, id=9132, stack(0x000000bfb7000000,0x000000bfb7100000)]
  0x000002a6407cb800 JavaThread "Memory manager" [_thread_blocked, id=9856, stack(0x000000bfb7100000,0x000000bfb7200000)]
  0x000002a6407cd000 JavaThread "build event listener" [_thread_blocked, id=9164, stack(0x000000bfb7200000,0x000000bfb7300000)]
  0x000002a6407c9000 JavaThread "build event listener" [_thread_blocked, id=2644, stack(0x000000bfb7300000,0x000000bfb7400000)]
  0x000002a6407c8000 JavaThread "Execution worker for ':'" [_thread_blocked, id=4304, stack(0x000000bfb7400000,0x000000bfb7500000)]
  0x000002a6407ca000 JavaThread "Execution worker for ':' Thread 2" [_thread_blocked, id=12572, stack(0x000000bfb7500000,0x000000bfb7600000)]
  0x000002a6407cc800 JavaThread "Execution worker for ':' Thread 3" [_thread_blocked, id=10804, stack(0x000000bfb7600000,0x000000bfb7700000)]
  0x000002a6407ca800 JavaThread "Execution worker for ':' Thread 4" [_thread_blocked, id=12492, stack(0x000000bfb7700000,0x000000bfb7800000)]
  0x000002a642101800 JavaThread "Execution worker for ':' Thread 5" [_thread_blocked, id=5208, stack(0x000000bfb7800000,0x000000bfb7900000)]
  0x000002a6420ff800 JavaThread "Execution worker for ':' Thread 6" [_thread_blocked, id=11456, stack(0x000000bfb7900000,0x000000bfb7a00000)]
  0x000002a6420fd000 JavaThread "Execution worker for ':' Thread 7" [_thread_blocked, id=272, stack(0x000000bfb7a00000,0x000000bfb7b00000)]
  0x000002a642104000 JavaThread "Cache worker for execution history cache (D:\FLO\.gradle\6.7.1\executionHistory)" [_thread_blocked, id=11032, stack(0x000000bfb7b00000,0x000000bfb7c00000)]
  0x000002a642102000 JavaThread "WorkerExecutor Queue" [_thread_blocked, id=7588, stack(0x000000bfb7c00000,0x000000bfb7d00000)]
  0x000002a6420ff000 JavaThread "WorkerExecutor Queue Thread 2" [_thread_blocked, id=2492, stack(0x000000bfb7d00000,0x000000bfb7e00000)]
  0x000002a642103000 JavaThread "WorkerExecutor Queue Thread 3" [_thread_blocked, id=2624, stack(0x000000bfb7e00000,0x000000bfb7f00000)]
  0x000002a6420fe000 JavaThread "WorkerExecutor Queue Thread 4" [_thread_blocked, id=2888, stack(0x000000bfb7f00000,0x000000bfb8000000)]
  0x000002a642104800 JavaThread "WorkerExecutor Queue Thread 5" [_thread_blocked, id=12996, stack(0x000000bfb8000000,0x000000bfb8100000)]
  0x000002a642105800 JavaThread "WorkerExecutor Queue Thread 6" [_thread_blocked, id=5308, stack(0x000000bfb8100000,0x000000bfb8200000)]
  0x000002a642106000 JavaThread "pool-4-thread-1" [_thread_blocked, id=7560, stack(0x000000bfb8200000,0x000000bfb8300000)]
  0x000002a642100800 JavaThread "stderr" [_thread_in_native, id=3924, stack(0x000000bfb8300000,0x000000bfb8400000)]
  0x000002a642107000 JavaThread "stdout" [_thread_in_native, id=9956, stack(0x000000bfb8400000,0x000000bfb8500000)]
  0x000002a642108000 JavaThread "Cache worker for Java compile cache (C:\Users\Hp\.gradle\caches\6.7.1\javaCompile)" [_thread_blocked, id=11088, stack(0x000000bfb8500000,0x000000bfb8600000)]
  0x000002a642108800 JavaThread "Cache worker for Java compile cache (D:\FLO\.gradle\6.7.1\javaCompile)" [_thread_blocked, id=12048, stack(0x000000bfb8600000,0x000000bfb8700000)]
  0x000002a63e56b000 JavaThread "C2 CompilerThread1" daemon [_thread_blocked, id=6596, stack(0x000000bfb8700000,0x000000bfb8800000)]
  0x000002a642109800 JavaThread "WorkerExecutor Queue Thread 7" [_thread_blocked, id=7848, stack(0x000000bfb8800000,0x000000bfb8900000)]
  0x000002a64210c000 JavaThread "WorkerExecutor Queue Thread 8" [_thread_blocked, id=11800, stack(0x000000bfb8900000,0x000000bfb8a00000)]
  0x000002a64210b000 JavaThread "ForkJoinPool-1-worker-3" daemon [_thread_blocked, id=10740, stack(0x000000bfb8a00000,0x000000bfb8b00000)]
  0x000002a64210a800 JavaThread "ForkJoinPool-1-worker-5" daemon [_thread_blocked, id=11288, stack(0x000000bfb8b00000,0x000000bfb8c00000)]
  0x000002a646d6d800 JavaThread "ForkJoinPool-1-worker-7" daemon [_thread_blocked, id=9248, stack(0x000000bfb8c00000,0x000000bfb8d00000)]
  0x000002a646d70000 JavaThread "ForkJoinPool-1-worker-9" daemon [_thread_blocked, id=8960, stack(0x000000bfb8d00000,0x000000bfb8e00000)]
  0x000002a646d6e800 JavaThread "ForkJoinPool-1-worker-11" daemon [_thread_blocked, id=3260, stack(0x000000bfb8e00000,0x000000bfb8f00000)]
  0x000002a646d71000 JavaThread "ForkJoinPool-1-worker-13" daemon [_thread_blocked, id=12376, stack(0x000000bfb8f00000,0x000000bfb9000000)]
  0x000002a646d72000 JavaThread "ForkJoinPool-1-worker-15" daemon [_thread_blocked, id=7048, stack(0x000000bfb9000000,0x000000bfb9100000)]
  0x000002a646d72800 JavaThread "ForkJoinPool-1-worker-1" daemon [_thread_blocked, id=5700, stack(0x000000bfb9100000,0x000000bfb9200000)]

Other Threads:
=>0x000002a63af15800 VMThread "VM Thread" [stack: 0x000000bfadf00000,0x000000bfae000000] [id=7520]
  0x000002a63ba1a000 WatcherThread [stack: 0x000000bfae900000,0x000000bfaea00000] [id=10492]
  0x000002a6204a1800 GCTaskThread "GC Thread#0" [stack: 0x000000bfada00000,0x000000bfadb00000] [id=11048]
  0x000002a63c721000 GCTaskThread "GC Thread#1" [stack: 0x000000bfaea00000,0x000000bfaeb00000] [id=10796]
  0x000002a63d4e2000 GCTaskThread "GC Thread#2" [stack: 0x000000bfaf700000,0x000000bfaf800000] [id=12256]
  0x000002a63d553000 GCTaskThread "GC Thread#3" [stack: 0x000000bfaf800000,0x000000bfaf900000] [id=6624]
  0x000002a63d559800 GCTaskThread "GC Thread#4" [stack: 0x000000bfaf900000,0x000000bfafa00000] [id=5748]
  0x000002a63d55a000 GCTaskThread "GC Thread#5" [stack: 0x000000bfafa00000,0x000000bfafb00000] [id=12460]
  0x000002a63d55a800 GCTaskThread "GC Thread#6" [stack: 0x000000bfafb00000,0x000000bfafc00000] [id=13028]
  0x000002a63d55c000 GCTaskThread "GC Thread#7" [stack: 0x000000bfafc00000,0x000000bfafd00000] [id=4172]
  0x000002a6204d4800 ConcurrentGCThread "G1 Main Marker" [stack: 0x000000bfadb00000,0x000000bfadc00000] [id=11328]
  0x000002a6204d8000 ConcurrentGCThread "G1 Conc#0" [stack: 0x000000bfadc00000,0x000000bfadd00000] [id=11964]
  0x000002a63d963000 ConcurrentGCThread "G1 Conc#1" [stack: 0x000000bfaff00000,0x000000bfb0000000] [id=8640]
  0x000002a620540000 ConcurrentGCThread "G1 Refine#0" [stack: 0x000000bfadd00000,0x000000bfade00000] [id=11940]
  0x000002a6419c4800 ConcurrentGCThread "G1 Refine#1" [stack: 0x000000bfb9200000,0x000000bfb9300000] [id=8896]
  0x000002a620541000 ConcurrentGCThread "G1 Young RemSet Sampling" [stack: 0x000000bfade00000,0x000000bfadf00000] [id=7156]

Threads with active compile tasks:
C2 CompilerThread0  20324 14523       4       java.util.StringJoiner::toString (181 bytes)
C2 CompilerThread1  20324 14524       4       java.util.StringJoiner::compactElts (93 bytes)

VM state:at safepoint (normal execution)

VM Mutex/Monitor currently owned by a thread:  ([mutex/lock_event])
[0x000002a6204864a0] Threads_lock - owner thread: 0x000002a63af15800
[0x000002a620486a40] Heap_lock - owner thread: 0x000002a646d70000

Heap address: 0x0000000080000000, size: 2048 MB, Compressed Oops mode: 32-bit
Narrow klass base: 0x0000000000000000, Narrow klass shift: 3
Compressed class space size: 1073741824 Address: 0x0000000100000000

Heap:
 garbage-first heap   total 424960K, used 170734K [0x0000000080000000, 0x0000000100000000)
  region size 1024K, 6 young (6144K), 6 survivors (6144K)
 Metaspace       used 106530K, capacity 109165K, committed 111360K, reserved 1144832K
  class space    used 13660K, capacity 14620K, committed 15616K, reserved 1048576K
Heap Regions: E=young(eden), S=young(survivor), O=old, HS=humongous(starts), HC=humongous(continues), CS=collection set, F=free, A=archive, TAMS=top-at-mark-start (previous, next)
|   0|0x0000000080000000, 0x0000000080100000, 0x0000000080100000|100%| O|  |TAMS 0x0000000080100000, 0x0000000080000000| Untracked 
|   1|0x0000000080100000, 0x0000000080200000, 0x0000000080200000|100%| O|  |TAMS 0x0000000080200000, 0x0000000080100000| Untracked 
|   2|0x0000000080200000, 0x0000000080300000, 0x0000000080300000|100%| O|  |TAMS 0x0000000080300000, 0x0000000080200000| Untracked 
|   3|0x0000000080300000, 0x0000000080400000, 0x0000000080400000|100%|HS|  |TAMS 0x0000000080400000, 0x0000000080300000| Complete 
|   4|0x0000000080400000, 0x0000000080500000, 0x0000000080500000|100%|HC|  |TAMS 0x0000000080500000, 0x0000000080400000| Complete 
|   5|0x0000000080500000, 0x0000000080600000, 0x0000000080600000|100%|HC|  |TAMS 0x0000000080600000, 0x0000000080500000| Complete 
|   6|0x0000000080600000, 0x0000000080700000, 0x0000000080700000|100%| O|  |TAMS 0x0000000080700000, 0x0000000080600000| Untracked 
|   7|0x0000000080700000, 0x0000000080800000, 0x0000000080800000|100%| O|  |TAMS 0x0000000080800000, 0x0000000080700000| Untracked 
|   8|0x0000000080800000, 0x0000000080900000, 0x0000000080900000|100%| O|  |TAMS 0x0000000080900000, 0x0000000080800000| Untracked 
|   9|0x0000000080900000, 0x0000000080a00000, 0x0000000080a00000|100%| O|  |TAMS 0x0000000080a00000, 0x0000000080900000| Untracked 
|  10|0x0000000080a00000, 0x0000000080b00000, 0x0000000080b00000|100%| O|  |TAMS 0x0000000080b00000, 0x0000000080a00000| Untracked 
|  11|0x0000000080b00000, 0x0000000080c00000, 0x0000000080c00000|100%| O|  |TAMS 0x0000000080c00000, 0x0000000080b00000| Untracked 
|  12|0x0000000080c00000, 0x0000000080d00000, 0x0000000080d00000|100%| O|  |TAMS 0x0000000080d00000, 0x0000000080c00000| Untracked 
|  13|0x0000000080d00000, 0x0000000080e00000, 0x0000000080e00000|100%| O|  |TAMS 0x0000000080e00000, 0x0000000080d00000| Untracked 
|  14|0x0000000080e00000, 0x0000000080f00000, 0x0000000080f00000|100%| O|  |TAMS 0x0000000080f00000, 0x0000000080e00000| Untracked 
|  15|0x0000000080f00000, 0x0000000081000000, 0x0000000081000000|100%| O|  |TAMS 0x0000000081000000, 0x0000000080f00000| Untracked 
|  16|0x0000000081000000, 0x0000000081100000, 0x0000000081100000|100%| O|  |TAMS 0x0000000081100000, 0x0000000081000000| Untracked 
|  17|0x0000000081100000, 0x0000000081200000, 0x0000000081200000|100%| O|  |TAMS 0x0000000081200000, 0x0000000081100000| Untracked 
|  18|0x0000000081200000, 0x0000000081300000, 0x0000000081300000|100%| O|  |TAMS 0x0000000081300000, 0x0000000081200000| Untracked 
|  19|0x0000000081300000, 0x0000000081400000, 0x0000000081400000|100%| O|  |TAMS 0x0000000081400000, 0x0000000081300000| Untracked 
|  20|0x0000000081400000, 0x0000000081500000, 0x0000000081500000|100%| O|  |TAMS 0x0000000081500000, 0x0000000081400000| Untracked 
|  21|0x0000000081500000, 0x0000000081600000, 0x0000000081600000|100%| O|  |TAMS 0x0000000081600000, 0x0000000081500000| Untracked 
|  22|0x0000000081600000, 0x0000000081700000, 0x0000000081700000|100%| O|  |TAMS 0x0000000081700000, 0x0000000081600000| Untracked 
|  23|0x0000000081700000, 0x0000000081800000, 0x0000000081800000|100%|HS|  |TAMS 0x0000000081800000, 0x0000000081700000| Complete 
|  24|0x0000000081800000, 0x0000000081900000, 0x0000000081900000|100%|HS|  |TAMS 0x0000000081900000, 0x0000000081800000| Complete 
|  25|0x0000000081900000, 0x0000000081a00000, 0x0000000081a00000|100%|HC|  |TAMS 0x0000000081a00000, 0x0000000081900000| Complete 
|  26|0x0000000081a00000, 0x0000000081b00000, 0x0000000081b00000|100%| O|  |TAMS 0x0000000081b00000, 0x0000000081a00000| Untracked 
|  27|0x0000000081b00000, 0x0000000081c00000, 0x0000000081c00000|100%| O|  |TAMS 0x0000000081c00000, 0x0000000081b00000| Untracked 
|  28|0x0000000081c00000, 0x0000000081d00000, 0x0000000081d00000|100%| O|  |TAMS 0x0000000081d00000, 0x0000000081c00000| Untracked 
|  29|0x0000000081d00000, 0x0000000081e00000, 0x0000000081e00000|100%| O|  |TAMS 0x0000000081e00000, 0x0000000081d00000| Untracked 
|  30|0x0000000081e00000, 0x0000000081f00000, 0x0000000081f00000|100%| O|  |TAMS 0x0000000081f00000, 0x0000000081e00000| Untracked 
|  31|0x0000000081f00000, 0x0000000082000000, 0x0000000082000000|100%| O|  |TAMS 0x0000000082000000, 0x0000000081f00000| Untracked 
|  32|0x0000000082000000, 0x0000000082100000, 0x0000000082100000|100%| O|  |TAMS 0x0000000082100000, 0x0000000082000000| Untracked 
|  33|0x0000000082100000, 0x0000000082200000, 0x0000000082200000|100%| O|  |TAMS 0x0000000082200000, 0x0000000082100000| Untracked 
|  34|0x0000000082200000, 0x0000000082300000, 0x0000000082300000|100%| O|  |TAMS 0x0000000082300000, 0x0000000082200000| Untracked 
|  35|0x0000000082300000, 0x0000000082400000, 0x0000000082400000|100%| O|  |TAMS 0x0000000082400000, 0x0000000082300000| Untracked 
|  36|0x0000000082400000, 0x0000000082500000, 0x0000000082500000|100%| O|  |TAMS 0x0000000082500000, 0x0000000082400000| Untracked 
|  37|0x0000000082500000, 0x0000000082600000, 0x0000000082600000|100%| O|  |TAMS 0x0000000082600000, 0x0000000082500000| Untracked 
|  38|0x0000000082600000, 0x0000000082700000, 0x0000000082700000|100%| O|  |TAMS 0x0000000082700000, 0x0000000082600000| Untracked 
|  39|0x0000000082700000, 0x0000000082800000, 0x0000000082800000|100%| O|  |TAMS 0x0000000082800000, 0x0000000082700000| Untracked 
|  40|0x0000000082800000, 0x0000000082900000, 0x0000000082900000|100%| O|  |TAMS 0x0000000082900000, 0x0000000082800000| Untracked 
|  41|0x0000000082900000, 0x0000000082a00000, 0x0000000082a00000|100%| O|  |TAMS 0x0000000082a00000, 0x0000000082900000| Untracked 
|  42|0x0000000082a00000, 0x0000000082b00000, 0x0000000082b00000|100%| O|  |TAMS 0x0000000082b00000, 0x0000000082a00000| Untracked 
|  43|0x0000000082b00000, 0x0000000082c00000, 0x0000000082c00000|100%| O|  |TAMS 0x0000000082c00000, 0x0000000082b00000| Untracked 
|  44|0x0000000082c00000, 0x0000000082d00000, 0x0000000082d00000|100%| O|  |TAMS 0x0000000082d00000, 0x0000000082c00000| Untracked 
|  45|0x0000000082d00000, 0x0000000082e00000, 0x0000000082e00000|100%| O|  |TAMS 0x0000000082e00000, 0x0000000082d00000| Untracked 
|  46|0x0000000082e00000, 0x0000000082f00000, 0x0000000082f00000|100%| O|  |TAMS 0x0000000082f00000, 0x0000000082e00000| Untracked 
|  47|0x0000000082f00000, 0x0000000083000000, 0x0000000083000000|100%| O|  |TAMS 0x0000000083000000, 0x0000000082f00000| Untracked 
|  48|0x0000000083000000, 0x0000000083100000, 0x0000000083100000|100%| O|  |TAMS 0x0000000083100000, 0x0000000083000000| Untracked 
|  49|0x0000000083100000, 0x0000000083200000, 0x0000000083200000|100%| O|  |TAMS 0x0000000083200000, 0x0000000083100000| Untracked 
|  50|0x0000000083200000, 0x0000000083300000, 0x0000000083300000|100%| O|  |TAMS 0x0000000083300000, 0x0000000083200000| Untracked 
|  51|0x0000000083300000, 0x0000000083400000, 0x0000000083400000|100%| O|  |TAMS 0x0000000083400000, 0x0000000083300000| Untracked 
|  52|0x0000000083400000, 0x0000000083500000, 0x0000000083500000|100%| O|  |TAMS 0x0000000083500000, 0x0000000083400000| Untracked 
|  53|0x0000000083500000, 0x0000000083600000, 0x0000000083600000|100%| O|  |TAMS 0x0000000083500000, 0x0000000083500000| Untracked 
|  54|0x0000000083600000, 0x0000000083700000, 0x0000000083700000|100%| O|  |TAMS 0x0000000083700000, 0x0000000083600000| Untracked 
|  55|0x0000000083700000, 0x0000000083800000, 0x0000000083800000|100%| O|  |TAMS 0x0000000083800000, 0x0000000083700000| Untracked 
|  56|0x0000000083800000, 0x0000000083900000, 0x0000000083900000|100%| O|  |TAMS 0x0000000083900000, 0x0000000083800000| Untracked 
|  57|0x0000000083900000, 0x0000000083a00000, 0x0000000083a00000|100%| O|  |TAMS 0x0000000083a00000, 0x0000000083900000| Untracked 
|  58|0x0000000083a00000, 0x0000000083b00000, 0x0000000083b00000|100%| O|  |TAMS 0x0000000083b00000, 0x0000000083a00000| Untracked 
|  59|0x0000000083b00000, 0x0000000083c00000, 0x0000000083c00000|100%| O|  |TAMS 0x0000000083c00000, 0x0000000083b00000| Untracked 
|  60|0x0000000083c00000, 0x0000000083d00000, 0x0000000083d00000|100%| O|  |TAMS 0x0000000083d00000, 0x0000000083c00000| Untracked 
|  61|0x0000000083d00000, 0x0000000083e00000, 0x0000000083e00000|100%| O|  |TAMS 0x0000000083d00000, 0x0000000083d00000| Untracked 
|  62|0x0000000083e00000, 0x0000000083f00000, 0x0000000083f00000|100%| O|  |TAMS 0x0000000083e00000, 0x0000000083e00000| Untracked 
|  63|0x0000000083f00000, 0x0000000084000000, 0x0000000084000000|100%| O|  |TAMS 0x0000000083f00000, 0x0000000083f00000| Untracked 
|  64|0x0000000084000000, 0x0000000084100000, 0x0000000084100000|100%| O|  |TAMS 0x0000000084100000, 0x0000000084000000| Untracked 
|  65|0x0000000084100000, 0x0000000084200000, 0x0000000084200000|100%| O|  |TAMS 0x0000000084200000, 0x0000000084100000| Untracked 
|  66|0x0000000084200000, 0x0000000084300000, 0x0000000084300000|100%| O|  |TAMS 0x0000000084200000, 0x0000000084200000| Untracked 
|  67|0x0000000084300000, 0x0000000084400000, 0x0000000084400000|100%| O|  |TAMS 0x0000000084400000, 0x0000000084300000| Untracked 
|  68|0x0000000084400000, 0x0000000084500000, 0x0000000084500000|100%| O|  |TAMS 0x0000000084500000, 0x0000000084400000| Untracked 
|  69|0x0000000084500000, 0x0000000084600000, 0x0000000084600000|100%| O|  |TAMS 0x0000000084600000, 0x0000000084500000| Untracked 
|  70|0x0000000084600000, 0x0000000084700000, 0x0000000084700000|100%| O|  |TAMS 0x0000000084700000, 0x0000000084600000| Untracked 
|  71|0x0000000084700000, 0x0000000084800000, 0x0000000084800000|100%| O|  |TAMS 0x0000000084700000, 0x0000000084700000| Untracked 
|  72|0x0000000084800000, 0x0000000084900000, 0x0000000084900000|100%| O|  |TAMS 0x0000000084800000, 0x0000000084800000| Untracked 
|  73|0x0000000084900000, 0x0000000084a00000, 0x0000000084a00000|100%| O|  |TAMS 0x0000000084a00000, 0x0000000084900000| Untracked 
|  74|0x0000000084a00000, 0x0000000084b00000, 0x0000000084b00000|100%| O|  |TAMS 0x0000000084b00000, 0x0000000084a00000| Untracked 
|  75|0x0000000084b00000, 0x0000000084c00000, 0x0000000084c00000|100%| O|  |TAMS 0x0000000084c00000, 0x0000000084b00000| Untracked 
|  76|0x0000000084c00000, 0x0000000084d00000, 0x0000000084d00000|100%| O|  |TAMS 0x0000000084d00000, 0x0000000084c00000| Untracked 
|  77|0x0000000084d00000, 0x0000000084e00000, 0x0000000084e00000|100%| O|  |TAMS 0x0000000084e00000, 0x0000000084d00000| Untracked 
|  78|0x0000000084e00000, 0x0000000084f00000, 0x0000000084f00000|100%| O|  |TAMS 0x0000000084f00000, 0x0000000084e00000| Untracked 
|  79|0x0000000084f00000, 0x0000000085000000, 0x0000000085000000|100%| O|  |TAMS 0x0000000085000000, 0x0000000084f00000| Untracked 
|  80|0x0000000085000000, 0x0000000085100000, 0x0000000085100000|100%| O|  |TAMS 0x0000000085100000, 0x0000000085000000| Untracked 
|  81|0x0000000085100000, 0x0000000085200000, 0x0000000085200000|100%| O|  |TAMS 0x0000000085200000, 0x0000000085100000| Untracked 
|  82|0x0000000085200000, 0x0000000085300000, 0x0000000085300000|100%| O|  |TAMS 0x0000000085300000, 0x0000000085200000| Untracked 
|  83|0x0000000085300000, 0x0000000085400000, 0x0000000085400000|100%| O|  |TAMS 0x00000000853bfe00, 0x0000000085300000| Untracked 
|  84|0x0000000085400000, 0x0000000085500000, 0x0000000085500000|100%| O|  |TAMS 0x0000000085400000, 0x0000000085400000| Untracked 
|  85|0x0000000085500000, 0x0000000085600000, 0x0000000085600000|100%| O|  |TAMS 0x0000000085500000, 0x0000000085500000| Untracked 
|  86|0x0000000085600000, 0x0000000085700000, 0x0000000085700000|100%| O|  |TAMS 0x0000000085600000, 0x0000000085600000| Untracked 
|  87|0x0000000085700000, 0x0000000085800000, 0x0000000085800000|100%| O|  |TAMS 0x0000000085800000, 0x0000000085700000| Untracked 
|  88|0x0000000085800000, 0x0000000085900000, 0x0000000085900000|100%| O|  |TAMS 0x0000000085800000, 0x0000000085800000| Untracked 
|  89|0x0000000085900000, 0x0000000085a00000, 0x0000000085a00000|100%| O|  |TAMS 0x0000000085900000, 0x0000000085900000| Untracked 
|  90|0x0000000085a00000, 0x0000000085b00000, 0x0000000085b00000|100%| O|  |TAMS 0x0000000085b00000, 0x0000000085a00000| Untracked 
|  91|0x0000000085b00000, 0x0000000085c00000, 0x0000000085c00000|100%| O|  |TAMS 0x0000000085b00000, 0x0000000085b00000| Untracked 
|  92|0x0000000085c00000, 0x0000000085d00000, 0x0000000085d00000|100%| O|  |TAMS 0x0000000085c00000, 0x0000000085c00000| Untracked 
|  93|0x0000000085d00000, 0x0000000085e00000, 0x0000000085e00000|100%| O|  |TAMS 0x0000000085e00000, 0x0000000085d00000| Untracked 
|  94|0x0000000085e00000, 0x0000000085f00000, 0x0000000085f00000|100%| O|  |TAMS 0x0000000085e00000, 0x0000000085e00000| Untracked 
|  95|0x0000000085f00000, 0x0000000086000000, 0x0000000086000000|100%| O|  |TAMS 0x0000000086000000, 0x0000000085f00000| Untracked 
|  96|0x0000000086000000, 0x0000000086100000, 0x0000000086100000|100%| O|  |TAMS 0x0000000086000000, 0x0000000086000000| Untracked 
|  97|0x0000000086100000, 0x0000000086200000, 0x0000000086200000|100%| O|  |TAMS 0x0000000086100000, 0x0000000086100000| Untracked 
|  98|0x0000000086200000, 0x0000000086300000, 0x0000000086300000|100%| O|  |TAMS 0x0000000086200000, 0x0000000086200000| Untracked 
|  99|0x0000000086300000, 0x0000000086400000, 0x0000000086400000|100%| O|  |TAMS 0x0000000086300000, 0x0000000086300000| Untracked 
| 100|0x0000000086400000, 0x0000000086500000, 0x0000000086500000|100%| O|  |TAMS 0x0000000086400000, 0x0000000086400000| Untracked 
| 101|0x0000000086500000, 0x0000000086600000, 0x0000000086600000|100%|HS|  |TAMS 0x0000000086500000, 0x0000000086500000| Complete 
| 102|0x0000000086600000, 0x0000000086700000, 0x0000000086700000|100%|HS|  |TAMS 0x0000000086600000, 0x0000000086600000| Complete 
| 103|0x0000000086700000, 0x0000000086800000, 0x0000000086800000|100%|HS|  |TAMS 0x0000000086700000, 0x0000000086700000| Complete 
| 104|0x0000000086800000, 0x0000000086900000, 0x0000000086900000|100%|HS|  |TAMS 0x0000000086800000, 0x0000000086800000| Complete 
| 105|0x0000000086900000, 0x0000000086a00000, 0x0000000086a00000|100%|HS|  |TAMS 0x0000000086900000, 0x0000000086900000| Complete 
| 106|0x0000000086a00000, 0x0000000086b00000, 0x0000000086b00000|100%|HS|  |TAMS 0x0000000086a00000, 0x0000000086a00000| Complete 
| 107|0x0000000086b00000, 0x0000000086c00000, 0x0000000086c00000|100%| O|  |TAMS 0x0000000086b00000, 0x0000000086b00000| Untracked 
| 108|0x0000000086c00000, 0x0000000086d00000, 0x0000000086d00000|100%| O|  |TAMS 0x0000000086d00000, 0x0000000086c00000| Untracked 
| 109|0x0000000086d00000, 0x0000000086e00000, 0x0000000086e00000|100%| O|  |TAMS 0x0000000086e00000, 0x0000000086d00000| Untracked 
| 110|0x0000000086e00000, 0x0000000086f00000, 0x0000000086f00000|100%| O|  |TAMS 0x0000000086f00000, 0x0000000086e00000| Untracked 
| 111|0x0000000086f00000, 0x0000000087000000, 0x0000000087000000|100%| O|  |TAMS 0x0000000087000000, 0x0000000086f00000| Untracked 
| 112|0x0000000087000000, 0x0000000087100000, 0x0000000087100000|100%| O|  |TAMS 0x0000000087100000, 0x0000000087000000| Untracked 
| 113|0x0000000087100000, 0x0000000087200000, 0x0000000087200000|100%|HS|  |TAMS 0x0000000087200000, 0x0000000087100000| Complete 
| 114|0x0000000087200000, 0x0000000087300000, 0x0000000087300000|100%|HC|  |TAMS 0x0000000087300000, 0x0000000087200000| Complete 
| 115|0x0000000087300000, 0x0000000087400000, 0x0000000087400000|100%|HC|  |TAMS 0x0000000087400000, 0x0000000087300000| Complete 
| 116|0x0000000087400000, 0x0000000087500000, 0x0000000087500000|100%|HC|  |TAMS 0x0000000087500000, 0x0000000087400000| Complete 
| 117|0x0000000087500000, 0x0000000087600000, 0x0000000087600000|100%|HC|  |TAMS 0x0000000087600000, 0x0000000087500000| Complete 
| 118|0x0000000087600000, 0x0000000087700000, 0x0000000087700000|100%| O|  |TAMS 0x0000000087600000, 0x0000000087600000| Untracked 
| 119|0x0000000087700000, 0x0000000087800000, 0x0000000087800000|100%| O|  |TAMS 0x0000000087700000, 0x0000000087700000| Untracked 
| 120|0x0000000087800000, 0x0000000087900000, 0x0000000087900000|100%| O|  |TAMS 0x0000000087800000, 0x0000000087800000| Untracked 
| 121|0x0000000087900000, 0x0000000087a00000, 0x0000000087a00000|100%| O|  |TAMS 0x0000000087900000, 0x0000000087900000| Untracked 
| 122|0x0000000087a00000, 0x0000000087b00000, 0x0000000087b00000|100%| O|  |TAMS 0x0000000087a00000, 0x0000000087a00000| Untracked 
| 123|0x0000000087b00000, 0x0000000087c00000, 0x0000000087c00000|100%|HS|  |TAMS 0x0000000087c00000, 0x0000000087b00000| Complete 
| 124|0x0000000087c00000, 0x0000000087d00000, 0x0000000087d00000|100%|HC|  |TAMS 0x0000000087d00000, 0x0000000087c00000| Complete 
| 125|0x0000000087d00000, 0x0000000087e00000, 0x0000000087e00000|100%|HC|  |TAMS 0x0000000087e00000, 0x0000000087d00000| Complete 
| 126|0x0000000087e00000, 0x0000000087f00000, 0x0000000087f00000|100%|HC|  |TAMS 0x0000000087f00000, 0x0000000087e00000| Complete 
| 127|0x0000000087f00000, 0x0000000088000000, 0x0000000088000000|100%|HC|  |TAMS 0x0000000088000000, 0x0000000087f00000| Complete 
| 128|0x0000000088000000, 0x0000000088100000, 0x0000000088100000|100%| O|  |TAMS 0x0000000088000000, 0x0000000088000000| Untracked 
| 129|0x0000000088100000, 0x0000000088200000, 0x0000000088200000|100%| O|  |TAMS 0x0000000088100000, 0x0000000088100000| Untracked 
| 130|0x0000000088200000, 0x0000000088300000, 0x0000000088300000|100%| O|  |TAMS 0x0000000088200000, 0x0000000088200000| Untracked 
| 131|0x0000000088300000, 0x0000000088400000, 0x0000000088400000|100%| O|  |TAMS 0x0000000088300000, 0x0000000088300000| Untracked 
| 132|0x0000000088400000, 0x0000000088500000, 0x0000000088500000|100%| O|  |TAMS 0x0000000088400000, 0x0000000088400000| Untracked 
| 133|0x0000000088500000, 0x0000000088600000, 0x0000000088600000|100%| O|  |TAMS 0x0000000088500000, 0x0000000088500000| Untracked 
| 134|0x0000000088600000, 0x0000000088700000, 0x0000000088700000|100%| O|  |TAMS 0x0000000088600000, 0x0000000088600000| Untracked 
| 135|0x0000000088700000, 0x0000000088800000, 0x0000000088800000|100%| O|  |TAMS 0x0000000088700000, 0x0000000088700000| Untracked 
| 136|0x0000000088800000, 0x0000000088900000, 0x0000000088900000|100%| O|  |TAMS 0x0000000088800000, 0x0000000088800000| Untracked 
| 137|0x0000000088900000, 0x0000000088a00000, 0x0000000088a00000|100%| O|  |TAMS 0x0000000088900000, 0x0000000088900000| Untracked 
| 138|0x0000000088a00000, 0x0000000088b00000, 0x0000000088b00000|100%| O|  |TAMS 0x0000000088a00000, 0x0000000088a00000| Untracked 
| 139|0x0000000088b00000, 0x0000000088c00000, 0x0000000088c00000|100%| O|  |TAMS 0x0000000088b00000, 0x0000000088b00000| Untracked 
| 140|0x0000000088c00000, 0x0000000088d00000, 0x0000000088d00000|100%| O|  |TAMS 0x0000000088c00000, 0x0000000088c00000| Untracked 
| 141|0x0000000088d00000, 0x0000000088e00000, 0x0000000088e00000|100%| O|  |TAMS 0x0000000088d00000, 0x0000000088d00000| Untracked 
| 142|0x0000000088e00000, 0x0000000088f00000, 0x0000000088f00000|100%| O|  |TAMS 0x0000000088e00000, 0x0000000088e00000| Untracked 
| 143|0x0000000088f00000, 0x0000000089000000, 0x0000000089000000|100%| O|  |TAMS 0x0000000088f00000, 0x0000000088f00000| Untracked 
| 144|0x0000000089000000, 0x0000000089100000, 0x0000000089100000|100%| O|  |TAMS 0x0000000089000000, 0x0000000089000000| Untracked 
| 145|0x0000000089100000, 0x0000000089200000, 0x0000000089200000|100%| O|  |TAMS 0x0000000089100000, 0x0000000089100000| Untracked 
| 146|0x0000000089200000, 0x0000000089300000, 0x0000000089300000|100%| O|  |TAMS 0x0000000089200000, 0x0000000089200000| Untracked 
| 147|0x0000000089300000, 0x0000000089400000, 0x0000000089400000|100%| O|  |TAMS 0x0000000089300000, 0x0000000089300000| Untracked 
| 148|0x0000000089400000, 0x0000000089500000, 0x0000000089500000|100%| O|  |TAMS 0x0000000089400000, 0x0000000089400000| Untracked 
| 149|0x0000000089500000, 0x0000000089600000, 0x0000000089600000|100%| O|  |TAMS 0x0000000089500000, 0x0000000089500000| Untracked 
| 150|0x0000000089600000, 0x0000000089700000, 0x0000000089700000|100%| O|  |TAMS 0x0000000089600000, 0x0000000089600000| Untracked 
| 151|0x0000000089700000, 0x0000000089800000, 0x0000000089800000|100%|HS|  |TAMS 0x0000000089700000, 0x0000000089700000| Complete 
| 152|0x0000000089800000, 0x0000000089900000, 0x0000000089900000|100%|HS|  |TAMS 0x0000000089800000, 0x0000000089800000| Complete 
| 153|0x0000000089900000, 0x0000000089a00000, 0x0000000089a00000|100%|HS|  |TAMS 0x0000000089900000, 0x0000000089900000| Complete 
| 154|0x0000000089a00000, 0x0000000089b00000, 0x0000000089b00000|100%| O|  |TAMS 0x0000000089a00000, 0x0000000089a00000| Untracked 
| 155|0x0000000089b00000, 0x0000000089c00000, 0x0000000089c00000|100%| O|  |TAMS 0x0000000089b00000, 0x0000000089b00000| Untracked 
| 156|0x0000000089c00000, 0x0000000089d00000, 0x0000000089d00000|100%| O|  |TAMS 0x0000000089c00000, 0x0000000089c00000| Untracked 
| 157|0x0000000089d00000, 0x0000000089e00000, 0x0000000089e00000|100%| O|  |TAMS 0x0000000089d00000, 0x0000000089d00000| Untracked 
| 158|0x0000000089e00000, 0x0000000089f00000, 0x0000000089f00000|100%| O|  |TAMS 0x0000000089e00000, 0x0000000089e00000| Untracked 
| 159|0x0000000089f00000, 0x000000008a000000, 0x000000008a000000|100%| O|  |TAMS 0x0000000089f00000, 0x0000000089f00000| Untracked 
| 160|0x000000008a000000, 0x000000008a0bb800, 0x000000008a100000| 73%| O|  |TAMS 0x000000008a000000, 0x000000008a000000| Untracked 
| 161|0x000000008a100000, 0x000000008a100000, 0x000000008a200000|  0%| F|  |TAMS 0x000000008a100000, 0x000000008a100000| Untracked 
| 162|0x000000008a200000, 0x000000008a200000, 0x000000008a300000|  0%| F|  |TAMS 0x000000008a200000, 0x000000008a200000| Untracked 
| 163|0x000000008a300000, 0x000000008a300000, 0x000000008a400000|  0%| F|  |TAMS 0x000000008a300000, 0x000000008a300000| Untracked 
| 164|0x000000008a400000, 0x000000008a400000, 0x000000008a500000|  0%| F|  |TAMS 0x000000008a400000, 0x000000008a400000| Untracked 
| 165|0x000000008a500000, 0x000000008a500000, 0x000000008a600000|  0%| F|  |TAMS 0x000000008a500000, 0x000000008a500000| Untracked 
| 166|0x000000008a600000, 0x000000008a600000, 0x000000008a700000|  0%| F|  |TAMS 0x000000008a600000, 0x000000008a600000| Untracked 
| 167|0x000000008a700000, 0x000000008a700000, 0x000000008a800000|  0%| F|  |TAMS 0x000000008a700000, 0x000000008a700000| Untracked 
| 168|0x000000008a800000, 0x000000008a800000, 0x000000008a900000|  0%| F|  |TAMS 0x000000008a800000, 0x000000008a800000| Untracked 
| 169|0x000000008a900000, 0x000000008a900000, 0x000000008aa00000|  0%| F|  |TAMS 0x000000008a900000, 0x000000008a900000| Untracked 
| 170|0x000000008aa00000, 0x000000008aa00000, 0x000000008ab00000|  0%| F|  |TAMS 0x000000008aa00000, 0x000000008aa00000| Untracked 
| 171|0x000000008ab00000, 0x000000008ab00000, 0x000000008ac00000|  0%| F|  |TAMS 0x000000008ab00000, 0x000000008ab00000| Untracked 
| 172|0x000000008ac00000, 0x000000008ac00000, 0x000000008ad00000|  0%| F|  |TAMS 0x000000008ac00000, 0x000000008ac00000| Untracked 
| 173|0x000000008ad00000, 0x000000008ad00000, 0x000000008ae00000|  0%| F|  |TAMS 0x000000008ad00000, 0x000000008ad00000| Untracked 
| 174|0x000000008ae00000, 0x000000008ae00000, 0x000000008af00000|  0%| F|  |TAMS 0x000000008ae00000, 0x000000008ae00000| Untracked 
| 175|0x000000008af00000, 0x000000008af00000, 0x000000008b000000|  0%| F|  |TAMS 0x000000008af00000, 0x000000008af00000| Untracked 
| 176|0x000000008b000000, 0x000000008b000000, 0x000000008b100000|  0%| F|  |TAMS 0x000000008b000000, 0x000000008b000000| Untracked 
| 177|0x000000008b100000, 0x000000008b100000, 0x000000008b200000|  0%| F|  |TAMS 0x000000008b100000, 0x000000008b100000| Untracked 
| 178|0x000000008b200000, 0x000000008b200000, 0x000000008b300000|  0%| F|  |TAMS 0x000000008b200000, 0x000000008b200000| Untracked 
| 179|0x000000008b300000, 0x000000008b300000, 0x000000008b400000|  0%| F|  |TAMS 0x000000008b300000, 0x000000008b300000| Untracked 
| 180|0x000000008b400000, 0x000000008b400000, 0x000000008b500000|  0%| F|  |TAMS 0x000000008b400000, 0x000000008b400000| Untracked 
| 181|0x000000008b500000, 0x000000008b500000, 0x000000008b600000|  0%| F|  |TAMS 0x000000008b500000, 0x000000008b500000| Untracked 
| 182|0x000000008b600000, 0x000000008b600000, 0x000000008b700000|  0%| F|  |TAMS 0x000000008b600000, 0x000000008b600000| Untracked 
| 183|0x000000008b700000, 0x000000008b700000, 0x000000008b800000|  0%| F|  |TAMS 0x000000008b700000, 0x000000008b700000| Untracked 
| 184|0x000000008b800000, 0x000000008b800000, 0x000000008b900000|  0%| F|  |TAMS 0x000000008b800000, 0x000000008b800000| Untracked 
| 185|0x000000008b900000, 0x000000008b900000, 0x000000008ba00000|  0%| F|  |TAMS 0x000000008b900000, 0x000000008b900000| Untracked 
| 186|0x000000008ba00000, 0x000000008ba00000, 0x000000008bb00000|  0%| F|  |TAMS 0x000000008ba00000, 0x000000008ba00000| Untracked 
| 187|0x000000008bb00000, 0x000000008bb00000, 0x000000008bc00000|  0%| F|  |TAMS 0x000000008bb00000, 0x000000008bb00000| Untracked 
| 188|0x000000008bc00000, 0x000000008bc00000, 0x000000008bd00000|  0%| F|  |TAMS 0x000000008bc00000, 0x000000008bc00000| Untracked 
| 189|0x000000008bd00000, 0x000000008bd00000, 0x000000008be00000|  0%| F|  |TAMS 0x000000008bd00000, 0x000000008bd00000| Untracked 
| 190|0x000000008be00000, 0x000000008be00000, 0x000000008bf00000|  0%| F|  |TAMS 0x000000008be00000, 0x000000008be00000| Untracked 
| 191|0x000000008bf00000, 0x000000008bf00000, 0x000000008c000000|  0%| F|  |TAMS 0x000000008bf00000, 0x000000008bf00000| Untracked 
| 192|0x000000008c000000, 0x000000008c000000, 0x000000008c100000|  0%| F|  |TAMS 0x000000008c000000, 0x000000008c000000| Untracked 
| 193|0x000000008c100000, 0x000000008c100000, 0x000000008c200000|  0%| F|  |TAMS 0x000000008c100000, 0x000000008c100000| Untracked 
| 194|0x000000008c200000, 0x000000008c200000, 0x000000008c300000|  0%| F|  |TAMS 0x000000008c200000, 0x000000008c200000| Untracked 
| 195|0x000000008c300000, 0x000000008c300000, 0x000000008c400000|  0%| F|  |TAMS 0x000000008c300000, 0x000000008c300000| Untracked 
| 196|0x000000008c400000, 0x000000008c400000, 0x000000008c500000|  0%| F|  |TAMS 0x000000008c400000, 0x000000008c400000| Untracked 
| 197|0x000000008c500000, 0x000000008c500000, 0x000000008c600000|  0%| F|  |TAMS 0x000000008c500000, 0x000000008c500000| Untracked 
| 198|0x000000008c600000, 0x000000008c600000, 0x000000008c700000|  0%| F|  |TAMS 0x000000008c600000, 0x000000008c600000| Untracked 
| 199|0x000000008c700000, 0x000000008c700000, 0x000000008c800000|  0%| F|  |TAMS 0x000000008c700000, 0x000000008c700000| Untracked 
| 200|0x000000008c800000, 0x000000008c800000, 0x000000008c900000|  0%| F|  |TAMS 0x000000008c800000, 0x000000008c800000| Untracked 
| 201|0x000000008c900000, 0x000000008ca00000, 0x000000008ca00000|100%| S|CS|TAMS 0x000000008c900000, 0x000000008c900000| Complete 
| 202|0x000000008ca00000, 0x000000008cb00000, 0x000000008cb00000|100%| S|CS|TAMS 0x000000008ca00000, 0x000000008ca00000| Complete 
| 203|0x000000008cb00000, 0x000000008cb00000, 0x000000008cc00000|  0%| F|  |TAMS 0x000000008cb00000, 0x000000008cb00000| Untracked 
| 204|0x000000008cc00000, 0x000000008cc00000, 0x000000008cd00000|  0%| F|  |TAMS 0x000000008cc00000, 0x000000008cc00000| Untracked 
| 205|0x000000008cd00000, 0x000000008cd00000, 0x000000008ce00000|  0%| F|  |TAMS 0x000000008cd00000, 0x000000008cd00000| Untracked 
| 206|0x000000008ce00000, 0x000000008ce00000, 0x000000008cf00000|  0%| F|  |TAMS 0x000000008ce00000, 0x000000008ce00000| Untracked 
| 207|0x000000008cf00000, 0x000000008cf00000, 0x000000008d000000|  0%| F|  |TAMS 0x000000008cf00000, 0x000000008cf00000| Untracked 
| 208|0x000000008d000000, 0x000000008d000000, 0x000000008d100000|  0%| F|  |TAMS 0x000000008d000000, 0x000000008d000000| Untracked 
| 209|0x000000008d100000, 0x000000008d200000, 0x000000008d200000|100%| S|CS|TAMS 0x000000008d100000, 0x000000008d100000| Complete 
| 210|0x000000008d200000, 0x000000008d300000, 0x000000008d300000|100%| S|CS|TAMS 0x000000008d200000, 0x000000008d200000| Complete 
| 211|0x000000008d300000, 0x000000008d400000, 0x000000008d400000|100%| S|CS|TAMS 0x000000008d300000, 0x000000008d300000| Complete 
| 212|0x000000008d400000, 0x000000008d500000, 0x000000008d500000|100%| S|CS|TAMS 0x000000008d400000, 0x000000008d400000| Complete 
| 213|0x000000008d500000, 0x000000008d500000, 0x000000008d600000|  0%| F|  |TAMS 0x000000008d500000, 0x000000008d500000| Untracked 
| 214|0x000000008d600000, 0x000000008d600000, 0x000000008d700000|  0%| F|  |TAMS 0x000000008d600000, 0x000000008d600000| Untracked 
| 215|0x000000008d700000, 0x000000008d700000, 0x000000008d800000|  0%| F|  |TAMS 0x000000008d700000, 0x000000008d700000| Untracked 
| 216|0x000000008d800000, 0x000000008d800000, 0x000000008d900000|  0%| F|  |TAMS 0x000000008d800000, 0x000000008d800000| Untracked 
| 217|0x000000008d900000, 0x000000008d900000, 0x000000008da00000|  0%| F|  |TAMS 0x000000008d900000, 0x000000008d900000| Untracked 
| 218|0x000000008da00000, 0x000000008da00000, 0x000000008db00000|  0%| F|  |TAMS 0x000000008da00000, 0x000000008da00000| Untracked 
| 219|0x000000008db00000, 0x000000008db00000, 0x000000008dc00000|  0%| F|  |TAMS 0x000000008db00000, 0x000000008db00000| Untracked 
| 220|0x000000008dc00000, 0x000000008dc00000, 0x000000008dd00000|  0%| F|  |TAMS 0x000000008dc00000, 0x000000008dc00000| Untracked 
| 221|0x000000008dd00000, 0x000000008dd00000, 0x000000008de00000|  0%| F|  |TAMS 0x000000008dd00000, 0x000000008dd00000| Untracked 
| 222|0x000000008de00000, 0x000000008de00000, 0x000000008df00000|  0%| F|  |TAMS 0x000000008de00000, 0x000000008de00000| Untracked 
| 223|0x000000008df00000, 0x000000008df00000, 0x000000008e000000|  0%| F|  |TAMS 0x000000008df00000, 0x000000008df00000| Untracked 
| 224|0x000000008e000000, 0x000000008e000000, 0x000000008e100000|  0%| F|  |TAMS 0x000000008e000000, 0x000000008e000000| Untracked 
| 225|0x000000008e100000, 0x000000008e100000, 0x000000008e200000|  0%| F|  |TAMS 0x000000008e100000, 0x000000008e100000| Untracked 
| 226|0x000000008e200000, 0x000000008e200000, 0x000000008e300000|  0%| F|  |TAMS 0x000000008e200000, 0x000000008e200000| Untracked 
| 227|0x000000008e300000, 0x000000008e300000, 0x000000008e400000|  0%| F|  |TAMS 0x000000008e300000, 0x000000008e300000| Untracked 
| 228|0x000000008e400000, 0x000000008e400000, 0x000000008e500000|  0%| F|  |TAMS 0x000000008e400000, 0x000000008e400000| Untracked 
| 229|0x000000008e500000, 0x000000008e500000, 0x000000008e600000|  0%| F|  |TAMS 0x000000008e500000, 0x000000008e500000| Untracked 
| 230|0x000000008e600000, 0x000000008e600000, 0x000000008e700000|  0%| F|  |TAMS 0x000000008e600000, 0x000000008e600000| Untracked 
| 231|0x000000008e700000, 0x000000008e700000, 0x000000008e800000|  0%| F|  |TAMS 0x000000008e700000, 0x000000008e700000| Untracked 
| 232|0x000000008e800000, 0x000000008e800000, 0x000000008e900000|  0%| F|  |TAMS 0x000000008e800000, 0x000000008e800000| Untracked 
| 233|0x000000008e900000, 0x000000008e900000, 0x000000008ea00000|  0%| F|  |TAMS 0x000000008e900000, 0x000000008e900000| Untracked 
| 234|0x000000008ea00000, 0x000000008ea00000, 0x000000008eb00000|  0%| F|  |TAMS 0x000000008ea00000, 0x000000008ea00000| Untracked 
| 235|0x000000008eb00000, 0x000000008eb00000, 0x000000008ec00000|  0%| F|  |TAMS 0x000000008eb00000, 0x000000008eb00000| Untracked 
| 236|0x000000008ec00000, 0x000000008ec00000, 0x000000008ed00000|  0%| F|  |TAMS 0x000000008ec00000, 0x000000008ec00000| Untracked 
| 237|0x000000008ed00000, 0x000000008ed00000, 0x000000008ee00000|  0%| F|  |TAMS 0x000000008ed00000, 0x000000008ed00000| Untracked 
| 238|0x000000008ee00000, 0x000000008ee00000, 0x000000008ef00000|  0%| F|  |TAMS 0x000000008ee00000, 0x000000008ee00000| Untracked 
| 239|0x000000008ef00000, 0x000000008ef00000, 0x000000008f000000|  0%| F|  |TAMS 0x000000008ef00000, 0x000000008ef00000| Untracked 
| 240|0x000000008f000000, 0x000000008f000000, 0x000000008f100000|  0%| F|  |TAMS 0x000000008f000000, 0x000000008f000000| Untracked 
| 241|0x000000008f100000, 0x000000008f100000, 0x000000008f200000|  0%| F|  |TAMS 0x000000008f100000, 0x000000008f100000| Untracked 
| 242|0x000000008f200000, 0x000000008f200000, 0x000000008f300000|  0%| F|  |TAMS 0x000000008f200000, 0x000000008f200000| Untracked 
| 243|0x000000008f300000, 0x000000008f300000, 0x000000008f400000|  0%| F|  |TAMS 0x000000008f300000, 0x000000008f300000| Untracked 
| 244|0x000000008f400000, 0x000000008f400000, 0x000000008f500000|  0%| F|  |TAMS 0x000000008f400000, 0x000000008f400000| Untracked 
| 245|0x000000008f500000, 0x000000008f500000, 0x000000008f600000|  0%| F|  |TAMS 0x000000008f500000, 0x000000008f500000| Untracked 
| 246|0x000000008f600000, 0x000000008f600000, 0x000000008f700000|  0%| F|  |TAMS 0x000000008f600000, 0x000000008f600000| Untracked 
| 247|0x000000008f700000, 0x000000008f700000, 0x000000008f800000|  0%| F|  |TAMS 0x000000008f700000, 0x000000008f700000| Untracked 
| 248|0x000000008f800000, 0x000000008f800000, 0x000000008f900000|  0%| F|  |TAMS 0x000000008f800000, 0x000000008f800000| Untracked 
| 249|0x000000008f900000, 0x000000008f900000, 0x000000008fa00000|  0%| F|  |TAMS 0x000000008f900000, 0x000000008f900000| Untracked 

Card table byte_map: [0x000002a633c70000,0x000002a634070000] _byte_map_base: 0x000002a633870000

Marking Bits (Prev, Next): (CMBitMap*) 0x000002a6204cb850, (CMBitMap*) 0x000002a6204cb818
 Prev Bits: [0x000002a636470000, 0x000002a638470000)
 Next Bits: [0x000002a634470000, 0x000002a636470000)

Polling page: 0x000002a61ec50000

Metaspace:

Usage:
  Non-class:     92.33 MB capacity,    90.69 MB ( 98%) used,     1.33 MB (  1%) free+waste,   309.38 KB ( <1%) overhead. 
      Class:     14.28 MB capacity,    13.34 MB ( 93%) used,   819.01 KB (  6%) free+waste,   140.94 KB ( <1%) overhead. 
       Both:    106.61 MB capacity,   104.03 MB ( 98%) used,     2.13 MB (  2%) free+waste,   450.31 KB ( <1%) overhead. 

Virtual space:
  Non-class space:       94.00 MB reserved,      93.50 MB (>99%) committed 
      Class space:        1.00 GB reserved,      15.25 MB (  1%) committed 
             Both:        1.09 GB reserved,     108.75 MB ( 10%) committed 

Chunk freelists:
   Non-Class:  1.17 MB
       Class:  932.00 KB
        Both:  2.08 MB

MaxMetaspaceSize: 17179869184.00 GB
CompressedClassSpaceSize: 1.00 GB

CodeHeap 'non-profiled nmethods': size=120000Kb used=5565Kb max_used=5565Kb free=114434Kb
 bounds [0x000002a62b8e0000, 0x000002a62be50000, 0x000002a632e10000]
CodeHeap 'profiled nmethods': size=120000Kb used=27124Kb max_used=27124Kb free=92875Kb
 bounds [0x000002a6243b0000, 0x000002a625e40000, 0x000002a62b8e0000]
CodeHeap 'non-nmethods': size=5760Kb used=2307Kb max_used=2356Kb free=3452Kb
 bounds [0x000002a623e10000, 0x000002a624080000, 0x000002a6243b0000]
 total_blobs=14693 nmethods=13773 adapters=831
 compilation: enabled
              stopped_count=0, restarted_count=0
 full_count=0

Compilation events (20 events):
Event: 20.220 Thread 0x000002a63b896800 nmethod 14494 0x000002a62be49310 code [0x000002a62be494c0, 0x000002a62be49678]
Event: 20.220 Thread 0x000002a63b896800 13937       4       java.lang.invoke.VarForm::getMemberName (21 bytes)
Event: 20.221 Thread 0x000002a63b896800 nmethod 13937 0x000002a62be49810 code [0x000002a62be499a0, 0x000002a62be49a58]
Event: 20.221 Thread 0x000002a63b896800 13678       4       com.android.tools.r8.graph.S$c::hashCode (11 bytes)
Event: 20.221 Thread 0x000002a63b896800 nmethod 13678 0x000002a62be49b10 code [0x000002a62be49ca0, 0x000002a62be49d18]
Event: 20.221 Thread 0x000002a63b896800 14219       4       com.android.tools.r8.dex.P$g::b (31 bytes)
Event: 20.244 Thread 0x000002a63b899000 14517 %     3       java.lang.String::join @ 28 (59 bytes)
Event: 20.245 Thread 0x000002a63b899000 nmethod 14517% 0x000002a625e2af10 code [0x000002a625e2b140, 0x000002a625e2b7c8]
Event: 20.245 Thread 0x000002a63b899000 14518 %     3       com.android.tools.r8.naming.v$b::a @ 22 (88 bytes)
Event: 20.246 Thread 0x000002a63b899000 nmethod 14518% 0x000002a625e2bb10 code [0x000002a625e2bea0, 0x000002a625e2d558]
Event: 20.246 Thread 0x000002a63b899000 14519       3       java.lang.String::join (59 bytes)
Event: 20.247 Thread 0x000002a63b899000 nmethod 14519 0x000002a625e2df90 code [0x000002a625e2e1c0, 0x000002a625e2e788]
Event: 20.248 Thread 0x000002a63b899000 14520       3       com.android.tools.r8.naming.v$b::a (88 bytes)
Event: 20.250 Thread 0x000002a63b899000 nmethod 14520 0x000002a625e2ea90 code [0x000002a625e2ee20, 0x000002a625e303b8]
Event: 20.255 Thread 0x000002a63b896800 nmethod 14219 0x000002a62be49d90 code [0x000002a62be49fe0, 0x000002a62be4b0f0]
Event: 20.255 Thread 0x000002a63b896800 14521       4       java.util.StringJoiner::add (104 bytes)
Event: 20.261 Thread 0x000002a63e56b000 nmethod 14496% 0x000002a62be4bc10 code [0x000002a62be4bf00, 0x000002a62be4d668]
Event: 20.261 Thread 0x000002a63e56b000 14524       4       java.util.StringJoiner::compactElts (93 bytes)
Event: 20.262 Thread 0x000002a63b896800 nmethod 14521 0x000002a62be4eb10 code [0x000002a62be4ecc0, 0x000002a62be4f2f8]
Event: 20.262 Thread 0x000002a63b896800 14523       4       java.util.StringJoiner::toString (181 bytes)

GC Heap History (20 events):
Event: 17.264 GC heap after
{Heap after GC invocations=49 (full 0):
 garbage-first heap   total 206848K, used 100154K [0x0000000080000000, 0x0000000100000000)
  region size 1024K, 7 young (7168K), 7 survivors (7168K)
 Metaspace       used 98879K, capacity 101361K, committed 101504K, reserved 1136640K
  class space    used 12715K, capacity 13586K, committed 13696K, reserved 1048576K
}
Event: 17.272 GC heap before
{Heap before GC invocations=49 (full 0):
 garbage-first heap   total 206848K, used 103226K [0x0000000080000000, 0x0000000100000000)
  region size 1024K, 10 young (10240K), 7 survivors (7168K)
 Metaspace       used 98881K, capacity 101361K, committed 101504K, reserved 1136640K
  class space    used 12715K, capacity 13586K, committed 13696K, reserved 1048576K
}
Event: 17.281 GC heap after
{Heap after GC invocations=50 (full 0):
 garbage-first heap   total 206848K, used 100225K [0x0000000080000000, 0x0000000100000000)
  region size 1024K, 2 young (2048K), 2 survivors (2048K)
 Metaspace       used 98881K, capacity 101361K, committed 101504K, reserved 1136640K
  class space    used 12715K, capacity 13586K, committed 13696K, reserved 1048576K
}
Event: 17.546 GC heap before
{Heap before GC invocations=50 (full 0):
 garbage-first heap   total 206848K, used 146305K [0x0000000080000000, 0x0000000100000000)
  region size 1024K, 48 young (49152K), 2 survivors (2048K)
 Metaspace       used 102881K, capacity 106121K, committed 106368K, reserved 1140736K
  class space    used 13583K, capacity 14933K, committed 14976K, reserved 1048576K
}
Event: 17.564 GC heap after
{Heap after GC invocations=51 (full 0):
 garbage-first heap   total 206848K, used 110424K [0x0000000080000000, 0x0000000100000000)
  region size 1024K, 6 young (6144K), 6 survivors (6144K)
 Metaspace       used 102881K, capacity 106121K, committed 106368K, reserved 1140736K
  class space    used 13583K, capacity 14933K, committed 14976K, reserved 1048576K
}
Event: 18.013 GC heap before
{Heap before GC invocations=52 (full 0):
 garbage-first heap   total 206848K, used 152408K [0x0000000080000000, 0x0000000100000000)
  region size 1024K, 48 young (49152K), 6 survivors (6144K)
 Metaspace       used 105696K, capacity 108915K, committed 109312K, reserved 1142784K
  class space    used 13934K, capacity 15254K, committed 15360K, reserved 1048576K
}
Event: 18.031 GC heap after
{Heap after GC invocations=53 (full 0):
 garbage-first heap   total 206848K, used 115107K [0x0000000080000000, 0x0000000100000000)
  region size 1024K, 5 young (5120K), 5 survivors (5120K)
 Metaspace       used 105696K, capacity 108915K, committed 109312K, reserved 1142784K
  class space    used 13934K, capacity 15254K, committed 15360K, reserved 1048576K
}
Event: 18.069 GC heap before
{Heap before GC invocations=53 (full 0):
 garbage-first heap   total 206848K, used 119203K [0x0000000080000000, 0x0000000100000000)
  region size 1024K, 10 young (10240K), 5 survivors (5120K)
 Metaspace       used 105795K, capacity 108979K, committed 109312K, reserved 1142784K
  class space    used 13938K, capacity 15254K, committed 15360K, reserved 1048576K
}
Event: 18.080 GC heap after
{Heap after GC invocations=54 (full 0):
 garbage-first heap   total 206848K, used 107302K [0x0000000080000000, 0x0000000100000000)
  region size 1024K, 1 young (1024K), 1 survivors (1024K)
 Metaspace       used 105795K, capacity 108979K, committed 109312K, reserved 1142784K
  class space    used 13938K, capacity 15254K, committed 15360K, reserved 1048576K
}
Event: 18.588 GC heap before
{Heap before GC invocations=54 (full 0):
 garbage-first heap   total 206848K, used 169766K [0x0000000080000000, 0x0000000100000000)
  region size 1024K, 46 young (47104K), 1 survivors (1024K)
 Metaspace       used 106749K, capacity 110070K, committed 110208K, reserved 1144832K
  class space    used 13990K, capacity 15361K, committed 15488K, reserved 1048576K
}
Event: 18.642 GC heap after
{Heap after GC invocations=55 (full 0):
 garbage-first heap   total 206848K, used 127743K [0x0000000080000000, 0x0000000100000000)
  region size 1024K, 6 young (6144K), 6 survivors (6144K)
 Metaspace       used 106749K, capacity 110070K, committed 110208K, reserved 1144832K
  class space    used 13990K, capacity 15361K, committed 15488K, reserved 1048576K
}
Event: 18.972 GC heap before
{Heap before GC invocations=56 (full 0):
 garbage-first heap   total 206848K, used 158463K [0x0000000080000000, 0x0000000100000000)
  region size 1024K, 39 young (39936K), 6 survivors (6144K)
 Metaspace       used 106241K, capacity 108930K, committed 111360K, reserved 1144832K
  class space    used 13658K, capacity 14618K, committed 15616K, reserved 1048576K
}
Event: 19.001 GC heap after
{Heap after GC invocations=57 (full 0):
 garbage-first heap   total 256000K, used 142505K [0x0000000080000000, 0x0000000100000000)
  region size 1024K, 5 young (5120K), 5 survivors (5120K)
 Metaspace       used 106241K, capacity 108930K, committed 111360K, reserved 1144832K
  class space    used 13658K, capacity 14618K, committed 15616K, reserved 1048576K
}
Event: 19.046 GC heap before
{Heap before GC invocations=57 (full 0):
 garbage-first heap   total 256000K, used 148649K [0x0000000080000000, 0x0000000100000000)
  region size 1024K, 12 young (12288K), 5 survivors (5120K)
 Metaspace       used 106248K, capacity 108931K, committed 111360K, reserved 1144832K
  class space    used 13658K, capacity 14618K, committed 15616K, reserved 1048576K
}
Event: 19.066 GC heap after
{Heap after GC invocations=58 (full 0):
 garbage-first heap   total 256000K, used 126954K [0x0000000080000000, 0x0000000100000000)
  region size 1024K, 2 young (2048K), 2 survivors (2048K)
 Metaspace       used 106248K, capacity 108931K, committed 111360K, reserved 1144832K
  class space    used 13658K, capacity 14618K, committed 15616K, reserved 1048576K
}
Event: 19.500 GC heap before
{Heap before GC invocations=58 (full 0):
 garbage-first heap   total 256000K, used 175082K [0x0000000080000000, 0x0000000100000000)
  region size 1024K, 50 young (51200K), 2 survivors (2048K)
 Metaspace       used 106434K, capacity 109086K, committed 111360K, reserved 1144832K
  class space    used 13660K, capacity 14620K, committed 15616K, reserved 1048576K
}
Event: 19.528 GC heap after
{Heap after GC invocations=59 (full 0):
 garbage-first heap   total 256000K, used 145664K [0x0000000080000000, 0x0000000100000000)
  region size 1024K, 7 young (7168K), 7 survivors (7168K)
 Metaspace       used 106434K, capacity 109086K, committed 111360K, reserved 1144832K
  class space    used 13660K, capacity 14620K, committed 15616K, reserved 1048576K
}
Event: 20.119 GC heap before
{Heap before GC invocations=59 (full 0):
 garbage-first heap   total 256000K, used 192768K [0x0000000080000000, 0x0000000100000000)
  region size 1024K, 48 young (49152K), 7 survivors (7168K)
 Metaspace       used 106501K, capacity 109095K, committed 111360K, reserved 1144832K
  class space    used 13660K, capacity 14620K, committed 15616K, reserved 1048576K
}
Event: 20.139 GC heap after
{Heap after GC invocations=60 (full 0):
 garbage-first heap   total 256000K, used 160512K [0x0000000080000000, 0x0000000100000000)
  region size 1024K, 6 young (6144K), 6 survivors (6144K)
 Metaspace       used 106501K, capacity 109095K, committed 111360K, reserved 1144832K
  class space    used 13660K, capacity 14620K, committed 15616K, reserved 1048576K
}
Event: 20.264 GC heap before
{Heap before GC invocations=60 (full 0):
 garbage-first heap   total 256000K, used 200448K [0x0000000080000000, 0x0000000100000000)
  region size 1024K, 43 young (44032K), 6 survivors (6144K)
 Metaspace       used 106530K, capacity 109165K, committed 111360K, reserved 1144832K
  class space    used 13660K, capacity 14620K, committed 15616K, reserved 1048576K
}

Deoptimization events (20 events):
Event: 20.100 Thread 0x000002a646d70000 DEOPT PACKING pc=0x000002a62be367f8 sp=0x000000bfb8dfea80
Event: 20.100 Thread 0x000002a646d70000 DEOPT UNPACKING pc=0x000002a623e374af sp=0x000000bfb8dfe870 mode 2
Event: 20.188 Thread 0x000002a646d70000 DEOPT PACKING pc=0x000002a625e1b736 sp=0x000000bfb8dfe6e0
Event: 20.188 Thread 0x000002a646d70000 DEOPT UNPACKING pc=0x000002a623e372ce sp=0x000000bfb8dfdb70 mode 0
Event: 20.191 Thread 0x000002a646d70000 DEOPT PACKING pc=0x000002a625e1b736 sp=0x000000bfb8dfe780
Event: 20.191 Thread 0x000002a646d70000 DEOPT UNPACKING pc=0x000002a623e372ce sp=0x000000bfb8dfdc10 mode 0
Event: 20.198 Thread 0x000002a646d70000 DEOPT PACKING pc=0x000002a625e1b736 sp=0x000000bfb8dfe750
Event: 20.198 Thread 0x000002a646d70000 DEOPT UNPACKING pc=0x000002a623e372ce sp=0x000000bfb8dfdbe0 mode 0
Event: 20.200 Thread 0x000002a646d70000 DEOPT PACKING pc=0x000002a625bd0319 sp=0x000000bfb8dfeb20
Event: 20.200 Thread 0x000002a646d70000 DEOPT UNPACKING pc=0x000002a623e372ce sp=0x000000bfb8dfe0e8 mode 0
Event: 20.201 Thread 0x000002a646d70000 DEOPT PACKING pc=0x000002a625e1b736 sp=0x000000bfb8dfe780
Event: 20.201 Thread 0x000002a646d70000 DEOPT UNPACKING pc=0x000002a623e372ce sp=0x000000bfb8dfdc10 mode 0
Event: 20.220 Thread 0x000002a646d70000 DEOPT PACKING pc=0x000002a625dcdc83 sp=0x000000bfb8dfe760
Event: 20.220 Thread 0x000002a646d70000 DEOPT UNPACKING pc=0x000002a623e372ce sp=0x000000bfb8dfdc18 mode 0
Event: 20.230 Thread 0x000002a646d70000 DEOPT PACKING pc=0x000002a625dcdc83 sp=0x000000bfb8dfe7c0
Event: 20.230 Thread 0x000002a646d70000 DEOPT UNPACKING pc=0x000002a623e372ce sp=0x000000bfb8dfdc78 mode 0
Event: 20.240 Thread 0x000002a646d70000 DEOPT PACKING pc=0x000002a625dcdc83 sp=0x000000bfb8dfe7c0
Event: 20.240 Thread 0x000002a646d70000 DEOPT UNPACKING pc=0x000002a623e372ce sp=0x000000bfb8dfdc78 mode 0
Event: 20.258 Thread 0x000002a646d70000 DEOPT PACKING pc=0x000002a625dcdc83 sp=0x000000bfb8dfe7c0
Event: 20.258 Thread 0x000002a646d70000 DEOPT UNPACKING pc=0x000002a623e372ce sp=0x000000bfb8dfdc78 mode 0

Classes redefined (0 events):
No events

Internal exceptions (20 events):
Event: 17.888 Thread 0x000002a642104800 Exception <a 'java/lang/NoSuchMethodError'{0x000000008b02ecf8}: 'java.lang.Object java.lang.invoke.Invokers$Holder.linkToTargetMethod(java.lang.Object, java.lang.Object, java.lang.Object, java.lang.Object, java.lang.Object, java.lang.Object, java.lang.Object, java.lang.Object, java.lang.Object)'> (0x000000008b02ecf8) thrown at [./src/hotspot/share/interpreter/linkResolver.cpp, line 773]
Event: 17.988 Thread 0x000002a6420fe000 Exception <a 'java/lang/NoSuchMethodError'{0x000000008a3a6278}: 'void java.lang.invoke.DirectMethodHandle$Holder.invokeVirtual(java.lang.Object, java.lang.Object, int)'> (0x000000008a3a6278) thrown at [./src/hotspot/share/interpreter/linkResolver.cpp, line 773]
Event: 17.988 Thread 0x000002a642105800 Exception <a 'java/lang/NoSuchMethodError'{0x000000008a3b77e8}: 'void java.lang.invoke.DirectMethodHandle$Holder.invokeVirtual(java.lang.Object, java.lang.Object, int)'> (0x000000008a3b77e8) thrown at [./src/hotspot/share/interpreter/linkResolver.cpp, line 773]
Event: 17.988 Thread 0x000002a642102000 Exception <a 'java/lang/NoSuchMethodError'{0x000000008a8ec888}: 'void java.lang.invoke.DirectMethodHandle$Holder.invokeVirtual(java.lang.Object, java.lang.Object, int)'> (0x000000008a8ec888) thrown at [./src/hotspot/share/interpreter/linkResolver.cpp, line 773]
Event: 17.988 Thread 0x000002a642104800 Exception <a 'java/lang/NoSuchMethodError'{0x000000008a3bda18}: 'void java.lang.invoke.DirectMethodHandle$Holder.invokeVirtual(java.lang.Object, java.lang.Object, int)'> (0x000000008a3bda18) thrown at [./src/hotspot/share/interpreter/linkResolver.cpp, line 773]
Event: 18.033 Thread 0x000002a642102000 Exception <a 'sun/nio/fs/WindowsException'{0x000000008c914600}> (0x000000008c914600) thrown at [./src/hotspot/share/prims/jni.cpp, line 615]
Event: 18.033 Thread 0x000002a642104800 Exception <a 'sun/nio/fs/WindowsException'{0x000000008c93ada0}> (0x000000008c93ada0) thrown at [./src/hotspot/share/prims/jni.cpp, line 615]
Event: 18.037 Thread 0x000002a642102000 Exception <a 'sun/nio/fs/WindowsException'{0x000000008c9c8ab8}> (0x000000008c9c8ab8) thrown at [./src/hotspot/share/prims/jni.cpp, line 615]
Event: 18.039 Thread 0x000002a6420fe000 Exception <a 'sun/nio/fs/WindowsException'{0x000000008c918988}> (0x000000008c918988) thrown at [./src/hotspot/share/prims/jni.cpp, line 615]
Event: 18.041 Thread 0x000002a6420ff000 Exception <a 'sun/nio/fs/WindowsException'{0x000000008c844770}> (0x000000008c844770) thrown at [./src/hotspot/share/prims/jni.cpp, line 615]
Event: 18.047 Thread 0x000002a6420fe000 Exception <a 'sun/nio/fs/WindowsException'{0x000000008c861938}> (0x000000008c861938) thrown at [./src/hotspot/share/prims/jni.cpp, line 615]
Event: 18.049 Thread 0x000002a642104800 Exception <a 'sun/nio/fs/WindowsException'{0x000000008c7443c8}> (0x000000008c7443c8) thrown at [./src/hotspot/share/prims/jni.cpp, line 615]
Event: 18.049 Thread 0x000002a6420ff000 Exception <a 'sun/nio/fs/WindowsException'{0x000000008c8fd5a8}> (0x000000008c8fd5a8) thrown at [./src/hotspot/share/prims/jni.cpp, line 615]
Event: 18.052 Thread 0x000002a6420fe000 Exception <a 'sun/nio/fs/WindowsException'{0x000000008c7bc530}> (0x000000008c7bc530) thrown at [./src/hotspot/share/prims/jni.cpp, line 615]
Event: 18.058 Thread 0x000002a6420ff000 Exception <a 'sun/nio/fs/WindowsException'{0x000000008c6b36e8}> (0x000000008c6b36e8) thrown at [./src/hotspot/share/prims/jni.cpp, line 615]
Event: 18.061 Thread 0x000002a6420ff000 Exception <a 'sun/nio/fs/WindowsException'{0x000000008c5506e0}> (0x000000008c5506e0) thrown at [./src/hotspot/share/prims/jni.cpp, line 615]
Event: 18.349 Thread 0x000002a6407ca000 Exception <a 'java/lang/NoSuchMethodError'{0x000000008b8eed58}: <clinit>> (0x000000008b8eed58) thrown at [./src/hotspot/share/prims/jni.cpp, line 1362]
Event: 18.428 Thread 0x000002a642102000 Exception <a 'sun/nio/fs/WindowsException'{0x000000008b32b6f8}> (0x000000008b32b6f8) thrown at [./src/hotspot/share/prims/jni.cpp, line 615]
Event: 18.645 Thread 0x000002a642102000 Implicit null exception at 0x000002a62bdef51c to 0x000002a62bdf0068
Event: 18.726 Thread 0x000002a64210a800 Exception <a 'java/lang/NoSuchMethodError'{0x000000008c279880}: 'long java.lang.invoke.DirectMethodHandle$Holder.invokeStatic(java.lang.Object, java.lang.Object, java.lang.Object)'> (0x000000008c279880) thrown at [./src/hotspot/share/interpreter/linkResolver.cpp, line 773]

Events (20 events):
Event: 20.181 Executing VM operation: RevokeBias done
Event: 20.182 Executing VM operation: RevokeBias
Event: 20.182 Executing VM operation: RevokeBias done
Event: 20.182 Executing VM operation: RevokeBias
Event: 20.182 Executing VM operation: RevokeBias done
Event: 20.182 Executing VM operation: RevokeBias
Event: 20.182 Executing VM operation: RevokeBias done
Event: 20.182 Executing VM operation: RevokeBias
Event: 20.182 Executing VM operation: RevokeBias done
Event: 20.183 Executing VM operation: RevokeBias
Event: 20.183 Executing VM operation: RevokeBias done
Event: 20.183 Executing VM operation: RevokeBias
Event: 20.183 Executing VM operation: RevokeBias done
Event: 20.183 Executing VM operation: RevokeBias
Event: 20.183 Executing VM operation: RevokeBias done
Event: 20.183 Executing VM operation: RevokeBias
Event: 20.183 Executing VM operation: RevokeBias done
Event: 20.183 Executing VM operation: BulkRevokeBias
Event: 20.186 Executing VM operation: BulkRevokeBias done
Event: 20.264 Executing VM operation: G1CollectForAllocation


Dynamic libraries:
0x00007ff6cc160000 - 0x00007ff6cc16a000 	C:\Program Files\Android\Android Studio\jre\bin\java.exe
0x00007ffbc08b0000 - 0x00007ffbc0aa5000 	C:\WINDOWS\SYSTEM32\ntdll.dll
0x00007ffbc0270000 - 0x00007ffbc032e000 	C:\WINDOWS\System32\KERNEL32.DLL
0x00007ffbbe280000 - 0x00007ffbbe548000 	C:\WINDOWS\System32\KERNELBASE.dll
0x00007ffbbe070000 - 0x00007ffbbe170000 	C:\WINDOWS\System32\ucrtbase.dll
0x00007ffb90840000 - 0x00007ffb90857000 	C:\Program Files\Android\Android Studio\jre\bin\VCRUNTIME140.dll
0x00007ffb90d10000 - 0x00007ffb90d29000 	C:\Program Files\Android\Android Studio\jre\bin\jli.dll
0x00007ffbbed20000 - 0x00007ffbbeec1000 	C:\WINDOWS\System32\USER32.dll
0x00007ffbbd3d0000 - 0x00007ffbbd66a000 	C:\WINDOWS\WinSxS\amd64_microsoft.windows.common-controls_6595b64144ccf1df_6.0.19041.1110_none_60b5254171f9507e\COMCTL32.dll
0x00007ffbbe740000 - 0x00007ffbbe762000 	C:\WINDOWS\System32\win32u.dll
0x00007ffbc03f0000 - 0x00007ffbc041b000 	C:\WINDOWS\System32\GDI32.dll
0x00007ffbbfe90000 - 0x00007ffbbff2e000 	C:\WINDOWS\System32\msvcrt.dll
0x00007ffbbe550000 - 0x00007ffbbe65b000 	C:\WINDOWS\System32\gdi32full.dll
0x00007ffbbdfd0000 - 0x00007ffbbe06d000 	C:\WINDOWS\System32\msvcp_win.dll
0x00007ffbbec60000 - 0x00007ffbbec90000 	C:\WINDOWS\System32\IMM32.DLL
0x00007ffb8f920000 - 0x00007ffb8f9bd000 	C:\Program Files\Android\Android Studio\jre\bin\msvcp140.dll
0x00007ffb49c90000 - 0x00007ffb4a74c000 	C:\Program Files\Android\Android Studio\jre\bin\server\jvm.dll
0x00007ffbc0330000 - 0x00007ffbc03dc000 	C:\WINDOWS\System32\ADVAPI32.dll
0x00007ffbc0740000 - 0x00007ffbc07db000 	C:\WINDOWS\System32\sechost.dll
0x00007ffbc0140000 - 0x00007ffbc026a000 	C:\WINDOWS\System32\RPCRT4.dll
0x00007ffbc03e0000 - 0x00007ffbc03e8000 	C:\WINDOWS\System32\PSAPI.DLL
0x00007ffbaaa10000 - 0x00007ffbaaa1a000 	C:\WINDOWS\SYSTEM32\VERSION.dll
0x00007ffba6e30000 - 0x00007ffba6e57000 	C:\WINDOWS\SYSTEM32\WINMM.dll
0x00007ffbb7f20000 - 0x00007ffbb7f29000 	C:\WINDOWS\SYSTEM32\WSOCK32.dll
0x00007ffbbff30000 - 0x00007ffbbff9b000 	C:\WINDOWS\System32\ws2_32.DLL
0x00007ffbbc1c0000 - 0x00007ffbbc1d2000 	C:\WINDOWS\SYSTEM32\kernel.appcore.dll
0x00007ffbb7f00000 - 0x00007ffbb7f11000 	C:\Program Files\Android\Android Studio\jre\bin\verify.dll
0x00007ffbbd9f0000 - 0x00007ffbbdbd4000 	C:\WINDOWS\SYSTEM32\DBGHELP.DLL
0x00007ffbbd940000 - 0x00007ffbbd96c000 	C:\WINDOWS\SYSTEM32\dbgcore.DLL
0x00007ffbbe660000 - 0x00007ffbbe6e3000 	C:\WINDOWS\System32\bcryptPrimitives.dll
0x00007ffba4a60000 - 0x00007ffba4a89000 	C:\Program Files\Android\Android Studio\jre\bin\java.dll
0x00007ffbb44c0000 - 0x00007ffbb44cb000 	C:\Program Files\Android\Android Studio\jre\bin\jimage.dll
0x00007ffbb1950000 - 0x00007ffbb1968000 	C:\Program Files\Android\Android Studio\jre\bin\zip.dll
0x00007ffbbf740000 - 0x00007ffbbfe7f000 	C:\WINDOWS\System32\SHELL32.dll
0x00007ffbbb920000 - 0x00007ffbbc0b0000 	C:\WINDOWS\SYSTEM32\windows.storage.dll
0x00007ffbbe900000 - 0x00007ffbbec55000 	C:\WINDOWS\System32\combase.dll
0x00007ffbbd330000 - 0x00007ffbbd35e000 	C:\WINDOWS\SYSTEM32\Wldp.dll
0x00007ffbbf150000 - 0x00007ffbbf1fd000 	C:\WINDOWS\System32\SHCORE.dll
0x00007ffbbf260000 - 0x00007ffbbf2b5000 	C:\WINDOWS\System32\shlwapi.dll
0x00007ffbbdf10000 - 0x00007ffbbdf2f000 	C:\WINDOWS\SYSTEM32\profapi.dll
0x00007ffba4a40000 - 0x00007ffba4a5a000 	C:\Program Files\Android\Android Studio\jre\bin\net.dll
0x00007ffbacd70000 - 0x00007ffbace7c000 	C:\WINDOWS\SYSTEM32\WINHTTP.dll
0x00007ffbbd000000 - 0x00007ffbbd06a000 	C:\WINDOWS\system32\mswsock.dll
0x00007ffba4a20000 - 0x00007ffba4a34000 	C:\Program Files\Android\Android Studio\jre\bin\nio.dll
0x00007ffb90860000 - 0x00007ffb90887000 	C:\Users\Hp\.gradle\native\fdc75f09e3144964f2cf3f50f0aa648679c211496f362492102eb8c894070792\windows-amd64\native-platform.dll
0x00007ffb8f9c0000 - 0x00007ffb8fb56000 	C:\Users\Hp\.gradle\native\12488b8bf47d2d4c9fbf2f6322a914ad602e24e48041cd04a747c6da556b65c4\windows-amd64\native-platform-file-events.dll
0x00007ffbb41f0000 - 0x00007ffbb41fa000 	C:\Program Files\Android\Android Studio\jre\bin\management.dll
0x00007ffbaab50000 - 0x00007ffbaab5c000 	C:\Program Files\Android\Android Studio\jre\bin\management_ext.dll
0x00007ffbbdd50000 - 0x00007ffbbdd68000 	C:\WINDOWS\SYSTEM32\CRYPTSP.dll
0x00007ffbbc9e0000 - 0x00007ffbbca14000 	C:\WINDOWS\system32\rsaenh.dll
0x00007ffbbe770000 - 0x00007ffbbe797000 	C:\WINDOWS\System32\bcrypt.dll
0x00007ffbbded0000 - 0x00007ffbbdefe000 	C:\WINDOWS\SYSTEM32\USERENV.dll
0x00007ffbbd2b0000 - 0x00007ffbbd2bc000 	C:\WINDOWS\SYSTEM32\CRYPTBASE.dll
0x00007ffbbcd30000 - 0x00007ffbbcd6b000 	C:\WINDOWS\SYSTEM32\IPHLPAPI.DLL
0x00007ffbbfe80000 - 0x00007ffbbfe88000 	C:\WINDOWS\System32\NSI.dll
0x00007ffbbb1f0000 - 0x00007ffbbb207000 	C:\WINDOWS\SYSTEM32\dhcpcsvc6.DLL
0x00007ffbbb1d0000 - 0x00007ffbbb1ed000 	C:\WINDOWS\SYSTEM32\dhcpcsvc.DLL
0x00007ffbbcd70000 - 0x00007ffbbce3b000 	C:\WINDOWS\SYSTEM32\DNSAPI.dll
0x00007ffbb6f70000 - 0x00007ffbb6f7b000 	C:\WINDOWS\SYSTEM32\WINNSI.DLL

dbghelp: loaded successfully - version: 4.0.5 - missing functions: none
symbol engine: initialized successfully - sym options: 0x614 - pdb path: .;C:\Program Files\Android\Android Studio\jre\bin;C:\WINDOWS\SYSTEM32;C:\WINDOWS\WinSxS\amd64_microsoft.windows.common-controls_6595b64144ccf1df_6.0.19041.1110_none_60b5254171f9507e;C:\Program Files\Android\Android Studio\jre\bin\server;C:\Users\Hp\.gradle\native\fdc75f09e3144964f2cf3f50f0aa648679c211496f362492102eb8c894070792\windows-amd64;C:\Users\Hp\.gradle\native\12488b8bf47d2d4c9fbf2f6322a914ad602e24e48041cd04a747c6da556b65c4\windows-amd64

VM Arguments:
jvm_args: --add-opens=java.base/java.util=ALL-UNNAMED --add-opens=java.base/java.lang=ALL-UNNAMED --add-opens=java.base/java.lang.invoke=ALL-UNNAMED --add-opens=java.prefs/java.util.prefs=ALL-UNNAMED -Xmx2048m -Dfile.encoding=UTF-8 -Duser.country=ID -Duser.language=en -Duser.variant 
java_command: org.gradle.launcher.daemon.bootstrap.GradleDaemon 6.7.1
java_class_path (initial): C:\Users\Hp\.gradle\wrapper\dists\gradle-6.7.1-bin\bwlcbys1h7rz3272sye1xwiv6\gradle-6.7.1\lib\gradle-launcher-6.7.1.jar
Launcher Type: SUN_STANDARD

[Global flags]
     intx CICompilerCount                          = 4                                         {product} {ergonomic}
     uint ConcGCThreads                            = 2                                         {product} {ergonomic}
     uint G1ConcRefinementThreads                  = 8                                         {product} {ergonomic}
   size_t G1HeapRegionSize                         = 1048576                                   {product} {ergonomic}
    uintx GCDrainStackTargetSize                   = 64                                        {product} {ergonomic}
   size_t InitialHeapSize                          = 67108864                                  {product} {ergonomic}
   size_t MarkStackSize                            = 4194304                                   {product} {ergonomic}
   size_t MaxHeapSize                              = 2147483648                                {product} {command line}
   size_t MaxNewSize                               = 1287651328                                {product} {ergonomic}
   size_t MinHeapDeltaBytes                        = 1048576                                   {product} {ergonomic}
    uintx NonNMethodCodeHeapSize                   = 5836300                                {pd product} {ergonomic}
    uintx NonProfiledCodeHeapSize                  = 122910970                              {pd product} {ergonomic}
    uintx ProfiledCodeHeapSize                     = 122910970                              {pd product} {ergonomic}
    uintx ReservedCodeCacheSize                    = 251658240                              {pd product} {ergonomic}
     bool SegmentedCodeCache                       = true                                      {product} {ergonomic}
     bool UseCompressedClassPointers               = true                                 {lp64_product} {ergonomic}
     bool UseCompressedOops                        = true                                 {lp64_product} {ergonomic}
     bool UseG1GC                                  = true                                      {product} {ergonomic}
     bool UseLargePagesIndividualAllocation        = false                                  {pd product} {ergonomic}

Logging:
Log output configuration:
 #0: stdout all=warning uptime,level,tags
 #1: stderr all=off uptime,level,tags

Environment Variables:
PATH=C:\ProgramData\Oracle\Java\javapath;C:\Program Files (x86)\Common Files\Oracle\Java\javapath;C:\WINDOWS\system32;C:\WINDOWS;C:\WINDOWS\System32\Wbem;C:\WINDOWS\System32\WindowsPowerShell\v1.0\;C:\WINDOWS\System32\OpenSSH\;C:\Program Files\Git\cmd;D:\kuliah\SFML-2.5.1\bin;C:\Users\Hp\AppData\Local\Programs\Python\Python39\Scripts\;C:\Users\Hp\AppData\Local\Programs\Python\Python39\;C:\Program Files\Java\jdk1.8.0_291\bin;D:\Bahan Kuliah\bin;C:\opencv\opencv\build\x64\vc15\bin;C:\Users\Hp\AppData\Local\Microsoft\WindowsApps;D:\Microsoft VS Code\bin;
USERNAME=jasmine
OS=Windows_NT
PROCESSOR_IDENTIFIER=Intel64 Family 6 Model 142 Stepping 11, GenuineIntel



---------------  S Y S T E M  ---------------

OS: Windows 10 , 64 bit Build 19041 (10.0.19041.1348)
OS uptime: 0 days 1:05 hours
HyperV virtualization detected

CPU:total 8 (initial active 8) (4 cores per cpu, 2 threads per core) family 6 model 142 stepping 11, cmov, cx8, fxsr, mmx, sse, sse2, sse3, ssse3, sse4.1, sse4.2, popcnt, avx, avx2, aes, clmul, erms, 3dnowpref, lzcnt, ht, tsc, tscinvbit, bmi1, bmi2, adx, fma

Memory: 4k page, system-wide physical 3982M (415M free)
TotalPageFile size 8078M (AvailPageFile size 74M)
current process WorkingSet (physical memory assigned to process): 493M, peak: 513M
current process commit charge ("private bytes"): 585M, peak: 750M

vm_info: OpenJDK 64-Bit Server VM (11.0.8+10-b944.6842174) for windows-amd64 JRE (11.0.8+10-b944.6842174), built on Sep 19 2020 01:11:42 by "builder" with MS VC++ 14.0 (VS2015)

END.
