#
# There is insufficient memory for the Java Runtime Environment to continue.
# Native memory allocation (malloc) failed to allocate 1069296 bytes for Chunk::new
# Possible reasons:
#   The system is out of physical RAM or swap space
#   The process is running with CompressedOops enabled, and the Java Heap may be blocking the growth of the native heap
# Possible solutions:
#   Reduce memory load on the system
#   Increase physical memory or swap space
#   Check if swap backing store is full
#   Decrease Java heap size (-Xmx/-Xms)
#   Decrease number of Java threads
#   Decrease Java thread stack sizes (-Xss)
#   Set larger code cache with -XX:ReservedCodeCacheSize=
#   JVM is running with Unscaled Compressed Oops mode in which the Java heap is
#     placed in the first 4GB address space. The Java Heap base address is the
#     maximum limit for the native heap growth. Please use -XX:HeapBaseMinAddress
#     to set the Java Heap base and to place the Java Heap above 4GB virtual address.
# This output file may be truncated or incomplete.
#
#  Out of Memory Error (./src/hotspot/share/memory/arena.cpp:197), pid=11972, tid=9960
#
# JRE version: OpenJDK Runtime Environment (11.0.8+10) (build 11.0.8+10-b944.6842174)
# Java VM: OpenJDK 64-Bit Server VM (11.0.8+10-b944.6842174, mixed mode, tiered, compressed oops, g1 gc, windows-amd64)
# No core dump will be written. Minidumps are not enabled by default on client versions of Windows
#

---------------  S U M M A R Y ------------

Command Line: --add-opens=java.base/java.util=ALL-UNNAMED --add-opens=java.base/java.lang=ALL-UNNAMED --add-opens=java.base/java.lang.invoke=ALL-UNNAMED --add-opens=java.prefs/java.util.prefs=ALL-UNNAMED -Xmx2048m -Dfile.encoding=UTF-8 -Duser.country=ID -Duser.language=en -Duser.variant org.gradle.launcher.daemon.bootstrap.GradleDaemon 6.7.1

Host: Intel(R) Core(TM) i5-8265U CPU @ 1.60GHz, 8 cores, 3G,  Windows 10 , 64 bit Build 19041 (10.0.19041.1348)
Time: Tue Nov 16 13:53:24 2021 SE Asia Standard Time elapsed time: 3 seconds (0d 0h 0m 3s)

---------------  T H R E A D  ---------------

Current thread (0x0000025504b05800):  JavaThread "C2 CompilerThread0" daemon [_thread_in_native, id=9960, stack(0x0000009f8e900000,0x0000009f8ea00000)]


Current CompileTask:
C2:   3314 2226       4       java.net.URLClassLoader$1::run (5 bytes)

Stack: [0x0000009f8e900000,0x0000009f8ea00000]
Native frames: (J=compiled Java code, j=interpreted, Vv=VM code, C=native code)
V  [jvm.dll+0x5de50a]
V  [jvm.dll+0x7122f5]
V  [jvm.dll+0x71384d]
V  [jvm.dll+0x713f03]
V  [jvm.dll+0x23e728]
V  [jvm.dll+0xb899c]
V  [jvm.dll+0xb8e9c]
V  [jvm.dll+0x2b20e4]
V  [jvm.dll+0x502098]
V  [jvm.dll+0x1ff393]
V  [jvm.dll+0x1f917c]
V  [jvm.dll+0x1f685f]
V  [jvm.dll+0x17f32c]
V  [jvm.dll+0x205047]
V  [jvm.dll+0x203891]
V  [jvm.dll+0x6dad3f]
V  [jvm.dll+0x6d3895]
V  [jvm.dll+0x5dd4a6]
C  [ucrtbase.dll+0x21bb2]
C  [KERNEL32.DLL+0x17034]
C  [ntdll.dll+0x52651]


---------------  P R O C E S S  ---------------

Threads class SMR info:
_java_thread_list=0x00000255075aabb0, length=27, elements={
0x0000025569dcb800, 0x000002550418f000, 0x0000025504198800, 0x0000025504b02800,
0x0000025504b03800, 0x0000025504b05800, 0x0000025504b09800, 0x0000025504b0c800,
0x0000025504c77000, 0x0000025504c7a000, 0x0000025506575800, 0x0000025506393800,
0x00000255068c6800, 0x0000025506496000, 0x00000255060bc800, 0x0000025505d0f000,
0x000002550687a800, 0x00000255068a9000, 0x00000255061a5800, 0x00000255061b1800,
0x0000025506c6b800, 0x0000025506c6a800, 0x0000025506c6a000, 0x0000025506c6c000,
0x0000025506c66800, 0x0000025506c68000, 0x0000025506c6d000
}

Java Threads: ( => current thread )
  0x0000025569dcb800 JavaThread "main" [_thread_blocked, id=12024, stack(0x0000009f8de00000,0x0000009f8df00000)]
  0x000002550418f000 JavaThread "Reference Handler" daemon [_thread_blocked, id=6736, stack(0x0000009f8e500000,0x0000009f8e600000)]
  0x0000025504198800 JavaThread "Finalizer" daemon [_thread_blocked, id=4160, stack(0x0000009f8e600000,0x0000009f8e700000)]
  0x0000025504b02800 JavaThread "Signal Dispatcher" daemon [_thread_blocked, id=2952, stack(0x0000009f8e700000,0x0000009f8e800000)]
  0x0000025504b03800 JavaThread "Attach Listener" daemon [_thread_blocked, id=1732, stack(0x0000009f8e800000,0x0000009f8e900000)]
=>0x0000025504b05800 JavaThread "C2 CompilerThread0" daemon [_thread_in_native, id=9960, stack(0x0000009f8e900000,0x0000009f8ea00000)]
  0x0000025504b09800 JavaThread "C1 CompilerThread0" daemon [_thread_in_native, id=11320, stack(0x0000009f8ea00000,0x0000009f8eb00000)]
  0x0000025504b0c800 JavaThread "Sweeper thread" daemon [_thread_blocked, id=6612, stack(0x0000009f8eb00000,0x0000009f8ec00000)]
  0x0000025504c77000 JavaThread "Common-Cleaner" daemon [_thread_blocked, id=7244, stack(0x0000009f8ec00000,0x0000009f8ed00000)]
  0x0000025504c7a000 JavaThread "Service Thread" daemon [_thread_blocked, id=11804, stack(0x0000009f8ed00000,0x0000009f8ee00000)]
  0x0000025506575800 JavaThread "Daemon health stats" [_thread_blocked, id=6416, stack(0x0000009f8f000000,0x0000009f8f100000)]
  0x0000025506393800 JavaThread "Incoming local TCP Connector on port 54777" [_thread_in_native, id=5180, stack(0x0000009f8f300000,0x0000009f8f400000)]
  0x00000255068c6800 JavaThread "Daemon periodic checks" [_thread_blocked, id=8480, stack(0x0000009f8f400000,0x0000009f8f500000)]
  0x0000025506496000 JavaThread "Daemon" [_thread_blocked, id=9156, stack(0x0000009f8f500000,0x0000009f8f600000)]
  0x00000255060bc800 JavaThread "Handler for socket connection from /127.0.0.1:54777 to /127.0.0.1:54778" [_thread_in_native, id=8484, stack(0x0000009f8f600000,0x0000009f8f700000)]
  0x0000025505d0f000 JavaThread "Cancel handler" [_thread_blocked, id=7384, stack(0x0000009f8f700000,0x0000009f8f800000)]
  0x000002550687a800 JavaThread "Daemon worker" [_thread_in_Java, id=8768, stack(0x0000009f8f800000,0x0000009f8f900000)]
  0x00000255068a9000 JavaThread "Asynchronous log dispatcher for DefaultDaemonConnection: socket connection from /127.0.0.1:54777 to /127.0.0.1:54778" [_thread_blocked, id=9196, stack(0x0000009f8f900000,0x0000009f8fa00000)]
  0x00000255061a5800 JavaThread "Stdin handler" [_thread_blocked, id=6940, stack(0x0000009f8fa00000,0x0000009f8fb00000)]
  0x00000255061b1800 JavaThread "Thread-8" [_thread_blocked, id=11748, stack(0x0000009f8fb00000,0x0000009f8fc00000)]
  0x0000025506c6b800 JavaThread "Cache worker for file hash cache (C:\Users\Hp\.gradle\caches\6.7.1\fileHashes)" [_thread_blocked, id=1380, stack(0x0000009f90200000,0x0000009f90300000)]
  0x0000025506c6a800 JavaThread "File lock request listener" [_thread_in_native, id=4916, stack(0x0000009f90300000,0x0000009f90400000)]
  0x0000025506c6a000 JavaThread "Cache worker for journal cache (C:\Users\Hp\.gradle\caches\journal-1)" [_thread_blocked, id=11848, stack(0x0000009f90500000,0x0000009f90600000)]
  0x0000025506c6c000 JavaThread "Cache worker for file hash cache (D:\FLO\.gradle\6.7.1\fileHashes)" [_thread_blocked, id=11060, stack(0x0000009f90600000,0x0000009f90700000)]
  0x0000025506c66800 JavaThread "Cache worker for checksums cache (D:\FLO\.gradle\checksums)" [_thread_blocked, id=8188, stack(0x0000009f90700000,0x0000009f90800000)]
  0x0000025506c68000 JavaThread "Cache worker for cache directory md-supplier (C:\Users\Hp\.gradle\caches\6.7.1\md-supplier)" [_thread_blocked, id=3128, stack(0x0000009f90800000,0x0000009f90900000)]
  0x0000025506c6d000 JavaThread "Cache worker for cache directory md-rule (C:\Users\Hp\.gradle\caches\6.7.1\md-rule)" [_thread_blocked, id=1592, stack(0x0000009f90900000,0x0000009f90a00000)]

Other Threads:
  0x0000025504187000 VMThread "VM Thread" [stack: 0x0000009f8e400000,0x0000009f8e500000] [id=9072]
  0x0000025504c8b800 WatcherThread [stack: 0x0000009f8ee00000,0x0000009f8ef00000] [id=8912]
  0x0000025569de5800 GCTaskThread "GC Thread#0" [stack: 0x0000009f8df00000,0x0000009f8e000000] [id=7996]
  0x00000255056fd800 GCTaskThread "GC Thread#1" [stack: 0x0000009f8ef00000,0x0000009f8f000000] [id=9552]
  0x0000025506012000 GCTaskThread "GC Thread#2" [stack: 0x0000009f8fc00000,0x0000009f8fd00000] [id=3000]
  0x0000025506012800 GCTaskThread "GC Thread#3" [stack: 0x0000009f8fd00000,0x0000009f8fe00000] [id=10040]
  0x0000025506015000 GCTaskThread "GC Thread#4" [stack: 0x0000009f8fe00000,0x0000009f8ff00000] [id=8596]
  0x0000025506016000 GCTaskThread "GC Thread#5" [stack: 0x0000009f8ff00000,0x0000009f90000000] [id=6464]
  0x000002550601f800 GCTaskThread "GC Thread#6" [stack: 0x0000009f90000000,0x0000009f90100000] [id=8308]
  0x0000025506020000 GCTaskThread "GC Thread#7" [stack: 0x0000009f90100000,0x0000009f90200000] [id=8856]
  0x0000025569e15800 ConcurrentGCThread "G1 Main Marker" [stack: 0x0000009f8e000000,0x0000009f8e100000] [id=6216]
  0x0000025569e18000 ConcurrentGCThread "G1 Conc#0" [stack: 0x0000009f8e100000,0x0000009f8e200000] [id=10172]
  0x00000255066f6000 ConcurrentGCThread "G1 Conc#1" [stack: 0x0000009f90400000,0x0000009f90500000] [id=10872]
  0x0000025569e81800 ConcurrentGCThread "G1 Refine#0" [stack: 0x0000009f8e200000,0x0000009f8e300000] [id=11036]
  0x0000025569e82800 ConcurrentGCThread "G1 Young RemSet Sampling" [stack: 0x0000009f8e300000,0x0000009f8e400000] [id=6436]

Threads with active compile tasks:
C2 CompilerThread0   3354 2226       4       java.net.URLClassLoader$1::run (5 bytes)

VM state:not at safepoint (normal execution)

VM Mutex/Monitor currently owned by a thread: None

Heap address: 0x0000000080000000, size: 2048 MB, Compressed Oops mode: 32-bit
Narrow klass base: 0x0000000000000000, Narrow klass shift: 3
Compressed class space size: 1073741824 Address: 0x0000000100000000

Heap:
 garbage-first heap   total 65536K, used 23872K [0x0000000080000000, 0x0000000100000000)
  region size 1024K, 9 young (9216K), 3 survivors (3072K)
 Metaspace       used 27605K, capacity 28275K, committed 28544K, reserved 1077248K
  class space    used 3642K, capacity 3890K, committed 3968K, reserved 1048576K
Heap Regions: E=young(eden), S=young(survivor), O=old, HS=humongous(starts), HC=humongous(continues), CS=collection set, F=free, A=archive, TAMS=top-at-mark-start (previous, next)
|   0|0x0000000080000000, 0x0000000080100000, 0x0000000080100000|100%| O|  |TAMS 0x0000000080100000, 0x0000000080000000| Untracked 
|   1|0x0000000080100000, 0x0000000080200000, 0x0000000080200000|100%| O|  |TAMS 0x0000000080200000, 0x0000000080100000| Untracked 
|   2|0x0000000080200000, 0x0000000080300000, 0x0000000080300000|100%| O|  |TAMS 0x0000000080300000, 0x0000000080200000| Untracked 
|   3|0x0000000080300000, 0x0000000080400000, 0x0000000080400000|100%|HS|  |TAMS 0x0000000080400000, 0x0000000080300000| Complete 
|   4|0x0000000080400000, 0x0000000080500000, 0x0000000080500000|100%|HC|  |TAMS 0x0000000080500000, 0x0000000080400000| Complete 
|   5|0x0000000080500000, 0x0000000080600000, 0x0000000080600000|100%|HC|  |TAMS 0x0000000080600000, 0x0000000080500000| Complete 
|   6|0x0000000080600000, 0x0000000080700000, 0x0000000080700000|100%| O|  |TAMS 0x0000000080700000, 0x0000000080600000| Untracked 
|   7|0x0000000080700000, 0x0000000080800000, 0x0000000080800000|100%| O|  |TAMS 0x0000000080800000, 0x0000000080700000| Untracked 
|   8|0x0000000080800000, 0x0000000080900000, 0x0000000080900000|100%| O|  |TAMS 0x0000000080900000, 0x0000000080800000| Untracked 
|   9|0x0000000080900000, 0x0000000080a00000, 0x0000000080a00000|100%| O|  |TAMS 0x0000000080a00000, 0x0000000080900000| Untracked 
|  10|0x0000000080a00000, 0x0000000080b00000, 0x0000000080b00000|100%| O|  |TAMS 0x0000000080b00000, 0x0000000080a00000| Untracked 
|  11|0x0000000080b00000, 0x0000000080c00000, 0x0000000080c00000|100%| O|  |TAMS 0x0000000080c00000, 0x0000000080b00000| Untracked 
|  12|0x0000000080c00000, 0x0000000080d00000, 0x0000000080d00000|100%| O|  |TAMS 0x0000000080d00000, 0x0000000080c00000| Untracked 
|  13|0x0000000080d00000, 0x0000000080e00000, 0x0000000080e00000|100%| O|  |TAMS 0x0000000080e00000, 0x0000000080d00000| Untracked 
|  14|0x0000000080e00000, 0x0000000080f00000, 0x0000000080f00000|100%| O|  |TAMS 0x0000000080f00000, 0x0000000080e00000| Untracked 
|  15|0x0000000080f00000, 0x0000000080feb000, 0x0000000081000000| 91%| O|  |TAMS 0x0000000080f16800, 0x0000000080f00000| Untracked 
|  16|0x0000000081000000, 0x0000000081000000, 0x0000000081100000|  0%| F|  |TAMS 0x0000000081000000, 0x0000000081000000| Untracked 
|  17|0x0000000081100000, 0x0000000081100000, 0x0000000081200000|  0%| F|  |TAMS 0x0000000081100000, 0x0000000081100000| Untracked 
|  18|0x0000000081200000, 0x0000000081200000, 0x0000000081300000|  0%| F|  |TAMS 0x0000000081200000, 0x0000000081200000| Untracked 
|  19|0x0000000081300000, 0x0000000081300000, 0x0000000081400000|  0%| F|  |TAMS 0x0000000081300000, 0x0000000081300000| Untracked 
|  20|0x0000000081400000, 0x0000000081400000, 0x0000000081500000|  0%| F|  |TAMS 0x0000000081400000, 0x0000000081400000| Untracked 
|  21|0x0000000081500000, 0x0000000081500000, 0x0000000081600000|  0%| F|  |TAMS 0x0000000081500000, 0x0000000081500000| Untracked 
|  22|0x0000000081600000, 0x0000000081600000, 0x0000000081700000|  0%| F|  |TAMS 0x0000000081600000, 0x0000000081600000| Untracked 
|  23|0x0000000081700000, 0x0000000081700000, 0x0000000081800000|  0%| F|  |TAMS 0x0000000081700000, 0x0000000081700000| Untracked 
|  24|0x0000000081800000, 0x0000000081800000, 0x0000000081900000|  0%| F|  |TAMS 0x0000000081800000, 0x0000000081800000| Untracked 
|  25|0x0000000081900000, 0x0000000081900000, 0x0000000081a00000|  0%| F|  |TAMS 0x0000000081900000, 0x0000000081900000| Untracked 
|  26|0x0000000081a00000, 0x0000000081a00000, 0x0000000081b00000|  0%| F|  |TAMS 0x0000000081a00000, 0x0000000081a00000| Untracked 
|  27|0x0000000081b00000, 0x0000000081b00000, 0x0000000081c00000|  0%| F|  |TAMS 0x0000000081b00000, 0x0000000081b00000| Untracked 
|  28|0x0000000081c00000, 0x0000000081c00000, 0x0000000081d00000|  0%| F|  |TAMS 0x0000000081c00000, 0x0000000081c00000| Untracked 
|  29|0x0000000081d00000, 0x0000000081d652b8, 0x0000000081e00000| 39%| S|CS|TAMS 0x0000000081d00000, 0x0000000081d00000| Complete 
|  30|0x0000000081e00000, 0x0000000081f00000, 0x0000000081f00000|100%| S|CS|TAMS 0x0000000081e00000, 0x0000000081e00000| Complete 
|  31|0x0000000081f00000, 0x0000000081f00000, 0x0000000082000000|  0%| F|  |TAMS 0x0000000081f00000, 0x0000000081f00000| Untracked 
|  32|0x0000000082000000, 0x0000000082000000, 0x0000000082100000|  0%| F|  |TAMS 0x0000000082000000, 0x0000000082000000| Untracked 
|  33|0x0000000082100000, 0x0000000082200000, 0x0000000082200000|100%| S|CS|TAMS 0x0000000082100000, 0x0000000082100000| Complete 
|  34|0x0000000082200000, 0x0000000082200000, 0x0000000082300000|  0%| F|  |TAMS 0x0000000082200000, 0x0000000082200000| Untracked 
|  35|0x0000000082300000, 0x0000000082300000, 0x0000000082400000|  0%| F|  |TAMS 0x0000000082300000, 0x0000000082300000| Untracked 
|  36|0x0000000082400000, 0x0000000082400000, 0x0000000082500000|  0%| F|  |TAMS 0x0000000082400000, 0x0000000082400000| Untracked 
|  37|0x0000000082500000, 0x0000000082500000, 0x0000000082600000|  0%| F|  |TAMS 0x0000000082500000, 0x0000000082500000| Untracked 
|  38|0x0000000082600000, 0x0000000082600000, 0x0000000082700000|  0%| F|  |TAMS 0x0000000082600000, 0x0000000082600000| Untracked 
|  39|0x0000000082700000, 0x0000000082700000, 0x0000000082800000|  0%| F|  |TAMS 0x0000000082700000, 0x0000000082700000| Untracked 
|  40|0x0000000082800000, 0x0000000082800000, 0x0000000082900000|  0%| F|  |TAMS 0x0000000082800000, 0x0000000082800000| Untracked 
|  41|0x0000000082900000, 0x0000000082900000, 0x0000000082a00000|  0%| F|  |TAMS 0x0000000082900000, 0x0000000082900000| Untracked 
|  42|0x0000000082a00000, 0x0000000082a00000, 0x0000000082b00000|  0%| F|  |TAMS 0x0000000082a00000, 0x0000000082a00000| Untracked 
|  43|0x0000000082b00000, 0x0000000082b00000, 0x0000000082c00000|  0%| F|  |TAMS 0x0000000082b00000, 0x0000000082b00000| Untracked 
|  44|0x0000000082c00000, 0x0000000082c00000, 0x0000000082d00000|  0%| F|  |TAMS 0x0000000082c00000, 0x0000000082c00000| Untracked 
|  45|0x0000000082d00000, 0x0000000082d00000, 0x0000000082e00000|  0%| F|  |TAMS 0x0000000082d00000, 0x0000000082d00000| Untracked 
|  46|0x0000000082e00000, 0x0000000082e00000, 0x0000000082f00000|  0%| F|  |TAMS 0x0000000082e00000, 0x0000000082e00000| Untracked 
|  47|0x0000000082f00000, 0x0000000082f00000, 0x0000000083000000|  0%| F|  |TAMS 0x0000000082f00000, 0x0000000082f00000| Untracked 
|  48|0x0000000083000000, 0x0000000083000000, 0x0000000083100000|  0%| F|  |TAMS 0x0000000083000000, 0x0000000083000000| Untracked 
|  49|0x0000000083100000, 0x0000000083100000, 0x0000000083200000|  0%| F|  |TAMS 0x0000000083100000, 0x0000000083100000| Untracked 
|  50|0x0000000083200000, 0x0000000083200000, 0x0000000083300000|  0%| F|  |TAMS 0x0000000083200000, 0x0000000083200000| Untracked 
|  51|0x0000000083300000, 0x0000000083300000, 0x0000000083400000|  0%| F|  |TAMS 0x0000000083300000, 0x0000000083300000| Untracked 
|  52|0x0000000083400000, 0x0000000083400000, 0x0000000083500000|  0%| F|  |TAMS 0x0000000083400000, 0x0000000083400000| Untracked 
|  53|0x0000000083500000, 0x0000000083500000, 0x0000000083600000|  0%| F|  |TAMS 0x0000000083500000, 0x0000000083500000| Untracked 
|  54|0x0000000083600000, 0x0000000083600000, 0x0000000083700000|  0%| F|  |TAMS 0x0000000083600000, 0x0000000083600000| Untracked 
|  55|0x0000000083700000, 0x0000000083700000, 0x0000000083800000|  0%| F|  |TAMS 0x0000000083700000, 0x0000000083700000| Untracked 
|  56|0x0000000083800000, 0x0000000083800000, 0x0000000083900000|  0%| F|  |TAMS 0x0000000083800000, 0x0000000083800000| Untracked 
|  57|0x0000000083900000, 0x0000000083900000, 0x0000000083a00000|  0%| F|  |TAMS 0x0000000083900000, 0x0000000083900000| Untracked 
|  58|0x0000000083a00000, 0x0000000083a79580, 0x0000000083b00000| 47%| E|  |TAMS 0x0000000083a00000, 0x0000000083a00000| Complete 
|  59|0x0000000083b00000, 0x0000000083c00000, 0x0000000083c00000|100%| E|CS|TAMS 0x0000000083b00000, 0x0000000083b00000| Complete 
|  60|0x0000000083c00000, 0x0000000083d00000, 0x0000000083d00000|100%| E|CS|TAMS 0x0000000083c00000, 0x0000000083c00000| Complete 
|  61|0x0000000083d00000, 0x0000000083e00000, 0x0000000083e00000|100%| E|CS|TAMS 0x0000000083d00000, 0x0000000083d00000| Complete 
|  62|0x0000000083e00000, 0x0000000083f00000, 0x0000000083f00000|100%| E|CS|TAMS 0x0000000083e00000, 0x0000000083e00000| Complete 
|  63|0x0000000083f00000, 0x0000000084000000, 0x0000000084000000|100%| E|CS|TAMS 0x0000000083f00000, 0x0000000083f00000| Complete 

Card table byte_map: [0x000002557ce80000,0x000002557d280000] _byte_map_base: 0x000002557ca80000

Marking Bits (Prev, Next): (CMBitMap*) 0x0000025569e0cc30, (CMBitMap*) 0x0000025569e0cbf8
 Prev Bits: [0x0000025500000000, 0x0000025502000000)
 Next Bits: [0x000002557d680000, 0x000002557f680000)

Polling page: 0x0000025567dd0000

Metaspace:

Usage:
  Non-class:     23.81 MB capacity,    23.41 MB ( 98%) used,   360.03 KB (  1%) free+waste,    52.19 KB ( <1%) overhead. 
      Class:      3.80 MB capacity,     3.56 MB ( 94%) used,   220.05 KB (  6%) free+waste,    26.06 KB ( <1%) overhead. 
       Both:     27.61 MB capacity,    26.97 MB ( 98%) used,   580.09 KB (  2%) free+waste,    78.25 KB ( <1%) overhead. 

Virtual space:
  Non-class space:       28.00 MB reserved,      24.00 MB ( 86%) committed 
      Class space:        1.00 GB reserved,       3.88 MB ( <1%) committed 
             Both:        1.03 GB reserved,      27.88 MB (  3%) committed 

Chunk freelists:
   Non-Class:  63.00 KB
       Class:  14.00 KB
        Both:  77.00 KB

MaxMetaspaceSize: 17179869184.00 GB
CompressedClassSpaceSize: 1.00 GB

CodeHeap 'non-profiled nmethods': size=120000Kb used=866Kb max_used=866Kb free=119133Kb
 bounds [0x0000025575220000, 0x0000025575490000, 0x000002557c750000]
CodeHeap 'profiled nmethods': size=120000Kb used=4614Kb max_used=4614Kb free=115385Kb
 bounds [0x000002556dcf0000, 0x000002556e180000, 0x0000025575220000]
CodeHeap 'non-nmethods': size=5760Kb used=1147Kb max_used=1178Kb free=4612Kb
 bounds [0x000002556d750000, 0x000002556d9c0000, 0x000002556dcf0000]
 total_blobs=2610 nmethods=2125 adapters=396
 compilation: enabled
              stopped_count=0, restarted_count=0
 full_count=0

Compilation events (20 events):
Event: 3.311 Thread 0x0000025504b09800 2295       3       org.objectweb.asm.SymbolTable::addConstantUtf8Reference (101 bytes)
Event: 3.311 Thread 0x0000025504b09800 nmethod 2295 0x000002556e155d10 code [0x000002556e155f40, 0x000002556e1565b8]
Event: 3.311 Thread 0x0000025504b09800 2300       3       org.objectweb.asm.Label::resolve (219 bytes)
Event: 3.311 Thread 0x0000025504b09800 nmethod 2300 0x000002556e156910 code [0x000002556e156b00, 0x000002556e157038]
Event: 3.311 Thread 0x0000025504b09800 2301       3       org.objectweb.asm.Frame::getAbstractTypeFromDescriptor (415 bytes)
Event: 3.312 Thread 0x0000025504b09800 nmethod 2301 0x000002556e157310 code [0x000002556e1576a0, 0x000002556e159138]
Event: 3.312 Thread 0x0000025504b09800 2302       1       org.objectweb.asm.MethodWriter::hasAsmInstructions (5 bytes)
Event: 3.313 Thread 0x0000025504b09800 nmethod 2302 0x00000255752f6e90 code [0x00000255752f7040, 0x00000255752f70f8]
Event: 3.313 Thread 0x0000025504b09800 2296       3       org.objectweb.asm.Frame::<init> (10 bytes)
Event: 3.313 Thread 0x0000025504b09800 nmethod 2296 0x000002556e159a10 code [0x000002556e159bc0, 0x000002556e159d78]
Event: 3.313 Thread 0x0000025504b09800 2297       3       org.objectweb.asm.SymbolTable::addConstantClass (8 bytes)
Event: 3.313 Thread 0x0000025504b09800 nmethod 2297 0x000002556e159e10 code [0x000002556e159fc0, 0x000002556e15a0e8]
Event: 3.313 Thread 0x0000025504b09800 2298       1       org.gradle.internal.instantiation.generator.AbstractClassGenerator$PropertyMetadata::getOverridableGetters (5 bytes)
Event: 3.313 Thread 0x0000025504b09800 nmethod 2298 0x00000255752f7190 code [0x00000255752f7340, 0x00000255752f73f8]
Event: 3.313 Thread 0x0000025504b09800 2294       1       org.gradle.internal.instantiation.generator.AbstractClassGenerator$MethodMetadata::access$600 (5 bytes)
Event: 3.313 Thread 0x0000025504b09800 nmethod 2294 0x00000255752f7490 code [0x00000255752f7640, 0x00000255752f76d8]
Event: 3.313 Thread 0x0000025504b09800 2299       1       org.objectweb.asm.SymbolTable::getClassName (5 bytes)
Event: 3.313 Thread 0x0000025504b09800 nmethod 2299 0x00000255752f7790 code [0x00000255752f7940, 0x00000255752f79f8]
Event: 3.313 Thread 0x0000025504b09800 2292       1       java.util.Collections$SingletonList::size (2 bytes)
Event: 3.313 Thread 0x0000025504b09800 nmethod 2292 0x00000255752f7a90 code [0x00000255752f7c40, 0x00000255752f7cf8]

GC Heap History (12 events):
Event: 0.778 GC heap before
{Heap before GC invocations=0 (full 0):
 garbage-first heap   total 65536K, used 29696K [0x0000000080000000, 0x0000000100000000)
  region size 1024K, 24 young (24576K), 0 survivors (0K)
 Metaspace       used 10703K, capacity 10887K, committed 11008K, reserved 1058816K
  class space    used 1132K, capacity 1201K, committed 1280K, reserved 1048576K
}
Event: 0.785 GC heap after
{Heap after GC invocations=1 (full 0):
 garbage-first heap   total 65536K, used 8594K [0x0000000080000000, 0x0000000100000000)
  region size 1024K, 3 young (3072K), 3 survivors (3072K)
 Metaspace       used 10703K, capacity 10887K, committed 11008K, reserved 1058816K
  class space    used 1132K, capacity 1201K, committed 1280K, reserved 1048576K
}
Event: 1.121 GC heap before
{Heap before GC invocations=1 (full 0):
 garbage-first heap   total 65536K, used 39314K [0x0000000080000000, 0x0000000100000000)
  region size 1024K, 34 young (34816K), 3 survivors (3072K)
 Metaspace       used 11000K, capacity 11211K, committed 11520K, reserved 1058816K
  class space    used 1144K, capacity 1202K, committed 1280K, reserved 1048576K
}
Event: 1.126 GC heap after
{Heap after GC invocations=2 (full 0):
 garbage-first heap   total 65536K, used 12985K [0x0000000080000000, 0x0000000100000000)
  region size 1024K, 5 young (5120K), 5 survivors (5120K)
 Metaspace       used 11000K, capacity 11211K, committed 11520K, reserved 1058816K
  class space    used 1144K, capacity 1202K, committed 1280K, reserved 1048576K
}
Event: 2.253 GC heap before
{Heap before GC invocations=2 (full 0):
 garbage-first heap   total 65536K, used 39609K [0x0000000080000000, 0x0000000100000000)
  region size 1024K, 31 young (31744K), 5 survivors (5120K)
 Metaspace       used 17241K, capacity 17694K, committed 17792K, reserved 1064960K
  class space    used 2012K, capacity 2163K, committed 2176K, reserved 1048576K
}
Event: 2.258 GC heap after
{Heap after GC invocations=3 (full 0):
 garbage-first heap   total 65536K, used 15657K [0x0000000080000000, 0x0000000100000000)
  region size 1024K, 3 young (3072K), 3 survivors (3072K)
 Metaspace       used 17241K, capacity 17694K, committed 17792K, reserved 1064960K
  class space    used 2012K, capacity 2163K, committed 2176K, reserved 1048576K
}
Event: 2.550 GC heap before
{Heap before GC invocations=3 (full 0):
 garbage-first heap   total 65536K, used 40233K [0x0000000080000000, 0x0000000100000000)
  region size 1024K, 29 young (29696K), 3 survivors (3072K)
 Metaspace       used 20641K, capacity 21112K, committed 21248K, reserved 1067008K
  class space    used 2535K, capacity 2711K, committed 2816K, reserved 1048576K
}
Event: 2.554 GC heap after
{Heap after GC invocations=4 (full 0):
 garbage-first heap   total 65536K, used 16592K [0x0000000080000000, 0x0000000100000000)
  region size 1024K, 2 young (2048K), 2 survivors (2048K)
 Metaspace       used 20641K, capacity 21112K, committed 21248K, reserved 1067008K
  class space    used 2535K, capacity 2711K, committed 2816K, reserved 1048576K
}
Event: 2.900 GC heap before
{Heap before GC invocations=5 (full 0):
 garbage-first heap   total 65536K, used 44240K [0x0000000080000000, 0x0000000100000000)
  region size 1024K, 30 young (30720K), 2 survivors (2048K)
 Metaspace       used 24083K, capacity 24676K, committed 24832K, reserved 1071104K
  class space    used 3069K, capacity 3263K, committed 3328K, reserved 1048576K
}
Event: 2.903 GC heap after
{Heap after GC invocations=6 (full 0):
 garbage-first heap   total 65536K, used 17897K [0x0000000080000000, 0x0000000100000000)
  region size 1024K, 3 young (3072K), 3 survivors (3072K)
 Metaspace       used 24083K, capacity 24676K, committed 24832K, reserved 1071104K
  class space    used 3069K, capacity 3263K, committed 3328K, reserved 1048576K
}
Event: 3.282 GC heap before
{Heap before GC invocations=6 (full 0):
 garbage-first heap   total 65536K, used 47593K [0x0000000080000000, 0x0000000100000000)
  region size 1024K, 32 young (32768K), 3 survivors (3072K)
 Metaspace       used 27008K, capacity 27650K, committed 27904K, reserved 1073152K
  class space    used 3555K, capacity 3789K, committed 3840K, reserved 1048576K
}
Event: 3.285 GC heap after
{Heap after GC invocations=7 (full 0):
 garbage-first heap   total 65536K, used 18752K [0x0000000080000000, 0x0000000100000000)
  region size 1024K, 3 young (3072K), 3 survivors (3072K)
 Metaspace       used 27008K, capacity 27650K, committed 27904K, reserved 1073152K
  class space    used 3555K, capacity 3789K, committed 3840K, reserved 1048576K
}

Deoptimization events (20 events):
Event: 3.093 Thread 0x000002550687a800 Uncommon trap: trap_request=0xffffff4d fr.pc=0x0000025575257e48 relative=0x0000000000000468
Event: 3.093 Thread 0x000002550687a800 Uncommon trap: reason=unstable_if action=reinterpret pc=0x0000025575257e48 method=java.util.Properties$LineReader.readLine()I @ 249 c2
Event: 3.093 Thread 0x000002550687a800 DEOPT PACKING pc=0x0000025575257e48 sp=0x0000009f8f8fb7e0
Event: 3.093 Thread 0x000002550687a800 DEOPT UNPACKING pc=0x000002556d7774af sp=0x0000009f8f8fb770 mode 2
Event: 3.152 Thread 0x000002550687a800 Uncommon trap: trap_request=0xffffff4d fr.pc=0x00000255752f0ec8 relative=0x0000000000000208
Event: 3.152 Thread 0x000002550687a800 Uncommon trap: reason=unstable_if action=reinterpret pc=0x00000255752f0ec8 method=java.util.HashMap.hash(Ljava/lang/Object;)I @ 1 c2
Event: 3.152 Thread 0x000002550687a800 DEOPT PACKING pc=0x00000255752f0ec8 sp=0x0000009f8f8f82c0
Event: 3.152 Thread 0x000002550687a800 DEOPT UNPACKING pc=0x000002556d7774af sp=0x0000009f8f8f81f8 mode 2
Event: 3.160 Thread 0x000002550687a800 Uncommon trap: trap_request=0xffffff4d fr.pc=0x00000255752f132c relative=0x000000000000008c
Event: 3.160 Thread 0x000002550687a800 Uncommon trap: reason=unstable_if action=reinterpret pc=0x00000255752f132c method=java.util.HashMap.hash(Ljava/lang/Object;)I @ 1 c2
Event: 3.160 Thread 0x000002550687a800 DEOPT PACKING pc=0x00000255752f132c sp=0x0000009f8f8f7bf0
Event: 3.160 Thread 0x000002550687a800 DEOPT UNPACKING pc=0x000002556d7774af sp=0x0000009f8f8f7b88 mode 2
Event: 3.194 Thread 0x000002550687a800 DEOPT PACKING pc=0x000002556e04a668 sp=0x0000009f8f8f9410
Event: 3.194 Thread 0x000002550687a800 DEOPT UNPACKING pc=0x000002556d7772ce sp=0x0000009f8f8f8918 mode 0
Event: 3.268 Thread 0x000002550687a800 Uncommon trap: trap_request=0xffffff4d fr.pc=0x0000025575272f08 relative=0x0000000000000a48
Event: 3.268 Thread 0x000002550687a800 Uncommon trap: reason=unstable_if action=reinterpret pc=0x0000025575272f08 method=java.io.WinNTFileSystem.resolve(Ljava/lang/String;Ljava/lang/String;)Ljava/lang/String; @ 83 c2
Event: 3.268 Thread 0x000002550687a800 DEOPT PACKING pc=0x0000025575272f08 sp=0x0000009f8f8f9ae0
Event: 3.268 Thread 0x000002550687a800 DEOPT UNPACKING pc=0x000002556d7774af sp=0x0000009f8f8f9a88 mode 2
Event: 3.270 Thread 0x000002550687a800 DEOPT PACKING pc=0x000002556df2a662 sp=0x0000009f8f8f58d0
Event: 3.270 Thread 0x000002550687a800 DEOPT UNPACKING pc=0x000002556d7772ce sp=0x0000009f8f8f4d60 mode 0

Classes redefined (0 events):
No events

Internal exceptions (20 events):
Event: 2.595 Thread 0x000002550687a800 Exception <a 'java/lang/NoSuchMethodError'{0x0000000083c063c0}: 'void java.lang.invoke.DirectMethodHandle$Holder.invokeSpecial(java.lang.Object, java.lang.Object)'> (0x0000000083c063c0) thrown at [./src/hotspot/share/interpreter/linkResolver.cpp, line 773]
Event: 2.678 Thread 0x000002550687a800 Exception <a 'java/lang/NoSuchMethodError'{0x00000000833acc78}: 'java.lang.Object java.lang.invoke.DirectMethodHandle$Holder.invokeVirtual(java.lang.Object, java.lang.Object, java.lang.Object, java.lang.Object)'> (0x00000000833acc78) thrown at [./src/hotspot/share/interpreter/linkResolver.cpp, line 773]
Event: 2.840 Thread 0x000002550687a800 Exception <a 'java/lang/NoSuchMethodError'{0x0000000082632ef0}: 'void java.lang.invoke.DirectMethodHandle$Holder.invokeSpecial(java.lang.Object, java.lang.Object, java.lang.Object, java.lang.Object, java.lang.Object, java.lang.Object)'> (0x0000000082632ef0) thrown at [./src/hotspot/share/interpreter/linkResolver.cpp, line 773]
Event: 2.874 Thread 0x000002550687a800 Exception <a 'java/lang/NoSuchMethodError'{0x00000000825dbd80}: 'java.lang.Object java.lang.invoke.Invokers$Holder.invoker(java.lang.Object, java.lang.Object, java.lang.Object)'> (0x00000000825dbd80) thrown at [./src/hotspot/share/interpreter/linkResolver.cpp, line 773]
Event: 2.897 Thread 0x000002550687a800 Exception <a 'java/lang/NoSuchMethodError'{0x00000000824daf90}: 'void java.lang.invoke.DirectMethodHandle$Holder.invokeSpecial(java.lang.Object, java.lang.Object, java.lang.Object, java.lang.Object, java.lang.Object, java.lang.Object, java.lang.Object)'> (0x00000000824daf90) thrown at [./src/hotspot/share/interpreter/linkResolver.cpp, line 773]
Event: 2.898 Thread 0x000002550687a800 Exception <a 'java/lang/NoSuchMethodError'{0x00000000824e3488}: 'java.lang.Object java.lang.invoke.Invokers$Holder.linkToTargetMethod(java.lang.Object, java.lang.Object, java.lang.Object, java.lang.Object, java.lang.Object, java.lang.Object)'> (0x00000000824e3488) thrown at [./src/hotspot/share/interpreter/linkResolver.cpp, line 773]
Event: 2.921 Thread 0x000002550687a800 Exception <a 'java/lang/NoSuchMethodError'{0x0000000083e178a0}: 'java.lang.Object java.lang.invoke.DirectMethodHandle$Holder.invokeVirtual(java.lang.Object, java.lang.Object, java.lang.Object, java.lang.Object, java.lang.Object, java.lang.Object, java.lang.Object, java.lang.Object, java.lang.Object, java.lang.Object, java.lang.Object, java.lang.Object, java.lang.Object, java.lang.Object, java.lang.Object, java.lang.Object, java.lang.Object)'> (0x0000000083e178a0) thrown at [./src/hotspot/share/interpreter/
Event: 2.924 Thread 0x000002550687a800 Exception <a 'java/lang/NoSuchMethodError'{0x0000000083e463a8}: 'java.lang.Object java.lang.invoke.DirectMethodHandle$Holder.invokeSpecial(java.lang.Object, java.lang.Object, java.lang.Object, java.lang.Object, java.lang.Object, java.lang.Object, java.lang.Object, java.lang.Object, java.lang.Object)'> (0x0000000083e463a8) thrown at [./src/hotspot/share/interpreter/linkResolver.cpp, line 773]
Event: 3.055 Thread 0x000002550687a800 Exception <a 'java/lang/NoSuchMethodError'{0x00000000835948f8}: 'java.lang.Object java.lang.invoke.DirectMethodHandle$Holder.invokeStatic(java.lang.Object, java.lang.Object, java.lang.Object, int, java.lang.Object, java.lang.Object)'> (0x00000000835948f8) thrown at [./src/hotspot/share/interpreter/linkResolver.cpp, line 773]
Event: 3.055 Thread 0x000002550687a800 Exception <a 'java/lang/NoSuchMethodError'{0x000000008359bc60}: 'java.lang.Object java.lang.invoke.Invokers$Holder.linkToTargetMethod(java.lang.Object, java.lang.Object, int, java.lang.Object, java.lang.Object, java.lang.Object)'> (0x000000008359bc60) thrown at [./src/hotspot/share/interpreter/linkResolver.cpp, line 773]
Event: 3.081 Thread 0x000002550687a800 Exception <a 'java/lang/NoSuchMethodError'{0x000000008331b358}: 'void java.lang.invoke.DirectMethodHandle$Holder.invokeSpecial(java.lang.Object, java.lang.Object, java.lang.Object, java.lang.Object)'> (0x000000008331b358) thrown at [./src/hotspot/share/interpreter/linkResolver.cpp, line 773]
Event: 3.152 Thread 0x000002550687a800 Implicit null exception at 0x00000255752f0cf5 to 0x00000255752f0eb8
Event: 3.160 Thread 0x000002550687a800 Implicit null exception at 0x00000255752f12af to 0x00000255752f131d
Event: 3.199 Thread 0x000002550687a800 Exception <a 'java/lang/NoSuchMethodError'{0x0000000082aff088}: 'java.lang.Object java.lang.invoke.DirectMethodHandle$Holder.invokeSpecialIFC(java.lang.Object, java.lang.Object, java.lang.Object, java.lang.Object)'> (0x0000000082aff088) thrown at [./src/hotspot/share/interpreter/linkResolver.cpp, line 773]
Event: 3.207 Thread 0x000002550687a800 Exception <a 'java/lang/NoSuchMethodError'{0x00000000829bb7b8}: 'java.lang.Object java.lang.invoke.DirectMethodHandle$Holder.invokeSpecial(java.lang.Object, java.lang.Object, java.lang.Object, java.lang.Object, java.lang.Object, java.lang.Object, java.lang.Object, java.lang.Object, java.lang.Object, java.lang.Object, java.lang.Object, java.lang.Object, java.lang.Object)'> (0x00000000829bb7b8) thrown at [./src/hotspot/share/interpreter/linkResolver.cpp, line 773]
Event: 3.208 Thread 0x000002550687a800 Exception <a 'java/lang/NoSuchMethodError'{0x00000000829ccc88}: 'java.lang.Object java.lang.invoke.DirectMethodHandle$Holder.invokeSpecial(java.lang.Object, java.lang.Object, java.lang.Object, java.lang.Object, java.lang.Object, java.lang.Object, java.lang.Object, java.lang.Object, java.lang.Object, java.lang.Object, java.lang.Object, java.lang.Object)'> (0x00000000829ccc88) thrown at [./src/hotspot/share/interpreter/linkResolver.cpp, line 773]
Event: 3.208 Thread 0x000002550687a800 Exception <a 'java/lang/NoSuchMethodError'{0x00000000829d1db0}: 'java.lang.Object java.lang.invoke.Invokers$Holder.linkToTargetMethod(java.lang.Object, java.lang.Object, java.lang.Object, java.lang.Object, java.lang.Object, java.lang.Object, java.lang.Object, java.lang.Object, java.lang.Object, java.lang.Object, java.lang.Object)'> (0x00000000829d1db0) thrown at [./src/hotspot/share/interpreter/linkResolver.cpp, line 773]
Event: 3.220 Thread 0x000002550687a800 Exception <a 'java/lang/NoSuchMethodError'{0x00000000828c9460}: 'java.lang.Object java.lang.invoke.DirectMethodHandle$Holder.invokeSpecial(java.lang.Object, java.lang.Object, java.lang.Object, java.lang.Object, java.lang.Object, java.lang.Object, java.lang.Object, java.lang.Object, java.lang.Object, java.lang.Object, java.lang.Object, java.lang.Object, java.lang.Object, java.lang.Object)'> (0x00000000828c9460) thrown at [./src/hotspot/share/interpreter/linkResolver.cpp, line 773]
Event: 3.220 Thread 0x000002550687a800 Exception <a 'java/lang/NoSuchMethodError'{0x00000000828dac98}: 'java.lang.Object java.lang.invoke.Invokers$Holder.linkToTargetMethod(java.lang.Object, java.lang.Object, java.lang.Object, java.lang.Object, java.lang.Object, java.lang.Object, java.lang.Object, java.lang.Object, java.lang.Object, java.lang.Object, java.lang.Object, java.lang.Object)'> (0x00000000828dac98) thrown at [./src/hotspot/share/interpreter/linkResolver.cpp, line 773]
Event: 3.227 Thread 0x000002550687a800 Exception <a 'java/lang/NoSuchMethodError'{0x0000000082753ca0}: 'java.lang.Object java.lang.invoke.DirectMethodHandle$Holder.invokeStaticInit(java.lang.Object, java.lang.Object, java.lang.Object, java.lang.Object)'> (0x0000000082753ca0) thrown at [./src/hotspot/share/interpreter/linkResolver.cpp, line 773]

Events (20 events):
Event: 3.299 loading class org/gradle/api/artifacts/repositories/AuthenticationSupported
Event: 3.299 loading class org/gradle/api/artifacts/repositories/AuthenticationSupported done
Event: 3.299 loading class org/gradle/api/artifacts/repositories/MetadataSupplierAware
Event: 3.299 loading class org/gradle/api/artifacts/repositories/MetadataSupplierAware done
Event: 3.299 loading class org/gradle/api/artifacts/repositories/FlatDirectoryArtifactRepository
Event: 3.299 loading class org/gradle/api/artifacts/repositories/FlatDirectoryArtifactRepository done
Event: 3.299 loading class org/gradle/api/artifacts/repositories/IvyArtifactRepository
Event: 3.299 loading class org/gradle/api/artifacts/repositories/IvyArtifactRepository done
Event: 3.300 loading class org/gradle/api/internal/collections/CollectionFilter
Event: 3.300 loading class org/gradle/api/internal/collections/CollectionFilter done
Event: 3.301 loading class org/gradle/api/internal/DefaultNamedDomainObjectCollection$ContainerElementsDynamicObject
Event: 3.301 loading class org/gradle/api/internal/DefaultNamedDomainObjectCollection$ContainerElementsDynamicObject done
Event: 3.302 loading class com/google/common/reflect/TypeToken$4
Event: 3.302 loading class com/google/common/reflect/TypeToken$4 done
Event: 3.307 loading class java/lang/SafeVarargs
Event: 3.307 loading class java/lang/SafeVarargs done
Event: 3.312 loading class org/gradle/api/internal/artifacts/DefaultArtifactRepositoryContainer$RepositoryNamer
Event: 3.312 loading class org/gradle/api/internal/artifacts/DefaultArtifactRepositoryContainer$RepositoryNamer done
Event: 3.313 loading class org/gradle/api/internal/collections/ListElementSource
Event: 3.313 loading class org/gradle/api/internal/collections/ListElementSource done


Dynamic libraries:
0x00007ff672980000 - 0x00007ff67298a000 	C:\Program Files\Android\Android Studio\jre\bin\java.exe
0x00007ffcfe630000 - 0x00007ffcfe825000 	C:\WINDOWS\SYSTEM32\ntdll.dll
0x00007ffcfe420000 - 0x00007ffcfe4de000 	C:\WINDOWS\System32\KERNEL32.DLL
0x00007ffcfbd80000 - 0x00007ffcfc048000 	C:\WINDOWS\System32\KERNELBASE.dll
0x00007ffcfc0a0000 - 0x00007ffcfc1a0000 	C:\WINDOWS\System32\ucrtbase.dll
0x00007ffcdfc80000 - 0x00007ffcdfc99000 	C:\Program Files\Android\Android Studio\jre\bin\jli.dll
0x00007ffcdd0f0000 - 0x00007ffcdd107000 	C:\Program Files\Android\Android Studio\jre\bin\VCRUNTIME140.dll
0x00007ffcfe270000 - 0x00007ffcfe411000 	C:\WINDOWS\System32\USER32.dll
0x00007ffcfc3e0000 - 0x00007ffcfc402000 	C:\WINDOWS\System32\win32u.dll
0x00007ffce8640000 - 0x00007ffce88da000 	C:\WINDOWS\WinSxS\amd64_microsoft.windows.common-controls_6595b64144ccf1df_6.0.19041.1110_none_60b5254171f9507e\COMCTL32.dll
0x00007ffcfc680000 - 0x00007ffcfc6ab000 	C:\WINDOWS\System32\GDI32.dll
0x00007ffcfd620000 - 0x00007ffcfd6be000 	C:\WINDOWS\System32\msvcrt.dll
0x00007ffcfc2d0000 - 0x00007ffcfc3db000 	C:\WINDOWS\System32\gdi32full.dll
0x00007ffcfc1a0000 - 0x00007ffcfc23d000 	C:\WINDOWS\System32\msvcp_win.dll
0x00007ffcfe240000 - 0x00007ffcfe270000 	C:\WINDOWS\System32\IMM32.DLL
0x00007ffccf2f0000 - 0x00007ffccf38d000 	C:\Program Files\Android\Android Studio\jre\bin\msvcp140.dll
0x00007ffc9c390000 - 0x00007ffc9ce4c000 	C:\Program Files\Android\Android Studio\jre\bin\server\jvm.dll
0x00007ffcfd850000 - 0x00007ffcfd8fc000 	C:\WINDOWS\System32\ADVAPI32.dll
0x00007ffcfc6b0000 - 0x00007ffcfc74b000 	C:\WINDOWS\System32\sechost.dll
0x00007ffcfdc90000 - 0x00007ffcfddba000 	C:\WINDOWS\System32\RPCRT4.dll
0x00007ffcfd7b0000 - 0x00007ffcfd7b8000 	C:\WINDOWS\System32\PSAPI.DLL
0x00007ffcf6600000 - 0x00007ffcf6609000 	C:\WINDOWS\SYSTEM32\WSOCK32.dll
0x00007ffce7390000 - 0x00007ffce73b7000 	C:\WINDOWS\SYSTEM32\WINMM.dll
0x00007ffcfd720000 - 0x00007ffcfd78b000 	C:\WINDOWS\System32\WS2_32.dll
0x00007ffceabd0000 - 0x00007ffceabda000 	C:\WINDOWS\SYSTEM32\VERSION.dll
0x00007ffcfa5e0000 - 0x00007ffcfa5f2000 	C:\WINDOWS\SYSTEM32\kernel.appcore.dll
0x00007ffce9650000 - 0x00007ffce9661000 	C:\Program Files\Android\Android Studio\jre\bin\verify.dll
0x00007ffcfa290000 - 0x00007ffcfa474000 	C:\WINDOWS\SYSTEM32\DBGHELP.DLL
0x00007ffce9370000 - 0x00007ffce939c000 	C:\WINDOWS\SYSTEM32\dbgcore.DLL
0x00007ffcfc240000 - 0x00007ffcfc2c3000 	C:\WINDOWS\System32\bcryptPrimitives.dll
0x00007ffce9560000 - 0x00007ffce9589000 	C:\Program Files\Android\Android Studio\jre\bin\java.dll
0x00007ffcf5e40000 - 0x00007ffcf5e4b000 	C:\Program Files\Android\Android Studio\jre\bin\jimage.dll
0x00007ffce9630000 - 0x00007ffce9648000 	C:\Program Files\Android\Android Studio\jre\bin\zip.dll
0x00007ffcfce20000 - 0x00007ffcfd55f000 	C:\WINDOWS\System32\SHELL32.dll
0x00007ffcf9b00000 - 0x00007ffcfa290000 	C:\WINDOWS\SYSTEM32\windows.storage.dll
0x00007ffcfc910000 - 0x00007ffcfcc65000 	C:\WINDOWS\System32\combase.dll
0x00007ffcfb7a0000 - 0x00007ffcfb7ce000 	C:\WINDOWS\SYSTEM32\Wldp.dll
0x00007ffcfdbe0000 - 0x00007ffcfdc8d000 	C:\WINDOWS\System32\SHCORE.dll
0x00007ffcfd5c0000 - 0x00007ffcfd615000 	C:\WINDOWS\System32\shlwapi.dll
0x00007ffcfbc90000 - 0x00007ffcfbcaf000 	C:\WINDOWS\SYSTEM32\profapi.dll
0x00007ffce9540000 - 0x00007ffce955a000 	C:\Program Files\Android\Android Studio\jre\bin\net.dll
0x00007ffcefba0000 - 0x00007ffcefcac000 	C:\WINDOWS\SYSTEM32\WINHTTP.dll
0x00007ffcfb4b0000 - 0x00007ffcfb51a000 	C:\WINDOWS\system32\mswsock.dll
0x00007ffce5ff0000 - 0x00007ffce6004000 	C:\Program Files\Android\Android Studio\jre\bin\nio.dll
0x00007ffcdc4f0000 - 0x00007ffcdc517000 	C:\Users\Hp\.gradle\native\fdc75f09e3144964f2cf3f50f0aa648679c211496f362492102eb8c894070792\windows-amd64\native-platform.dll
0x00007ffcc8fb0000 - 0x00007ffcc9146000 	C:\Users\Hp\.gradle\native\12488b8bf47d2d4c9fbf2f6322a914ad602e24e48041cd04a747c6da556b65c4\windows-amd64\native-platform-file-events.dll
0x00007ffcf4030000 - 0x00007ffcf403a000 	C:\Program Files\Android\Android Studio\jre\bin\management.dll
0x00007ffce4e30000 - 0x00007ffce4e3c000 	C:\Program Files\Android\Android Studio\jre\bin\management_ext.dll
0x00007ffcfb6d0000 - 0x00007ffcfb6e8000 	C:\WINDOWS\SYSTEM32\CRYPTSP.dll
0x00007ffcfadd0000 - 0x00007ffcfae04000 	C:\WINDOWS\system32\rsaenh.dll
0x00007ffcfbd50000 - 0x00007ffcfbd77000 	C:\WINDOWS\System32\bcrypt.dll
0x00007ffcfbc50000 - 0x00007ffcfbc7e000 	C:\WINDOWS\SYSTEM32\USERENV.dll
0x00007ffcfb6f0000 - 0x00007ffcfb6fc000 	C:\WINDOWS\SYSTEM32\CRYPTBASE.dll
0x00007ffcfb170000 - 0x00007ffcfb1ab000 	C:\WINDOWS\SYSTEM32\IPHLPAPI.DLL
0x00007ffcfd7c0000 - 0x00007ffcfd7c8000 	C:\WINDOWS\System32\NSI.dll
0x00007ffcf92f0000 - 0x00007ffcf9307000 	C:\WINDOWS\SYSTEM32\dhcpcsvc6.DLL
0x00007ffcf92d0000 - 0x00007ffcf92ed000 	C:\WINDOWS\SYSTEM32\dhcpcsvc.DLL
0x00007ffcfb1b0000 - 0x00007ffcfb27b000 	C:\WINDOWS\SYSTEM32\DNSAPI.dll
0x00007ffcf4f80000 - 0x00007ffcf4f8b000 	C:\WINDOWS\SYSTEM32\WINNSI.DLL

dbghelp: loaded successfully - version: 4.0.5 - missing functions: none
symbol engine: initialized successfully - sym options: 0x614 - pdb path: .;C:\Program Files\Android\Android Studio\jre\bin;C:\WINDOWS\SYSTEM32;C:\WINDOWS\WinSxS\amd64_microsoft.windows.common-controls_6595b64144ccf1df_6.0.19041.1110_none_60b5254171f9507e;C:\Program Files\Android\Android Studio\jre\bin\server;C:\Users\Hp\.gradle\native\fdc75f09e3144964f2cf3f50f0aa648679c211496f362492102eb8c894070792\windows-amd64;C:\Users\Hp\.gradle\native\12488b8bf47d2d4c9fbf2f6322a914ad602e24e48041cd04a747c6da556b65c4\windows-amd64

VM Arguments:
jvm_args: --add-opens=java.base/java.util=ALL-UNNAMED --add-opens=java.base/java.lang=ALL-UNNAMED --add-opens=java.base/java.lang.invoke=ALL-UNNAMED --add-opens=java.prefs/java.util.prefs=ALL-UNNAMED -Xmx2048m -Dfile.encoding=UTF-8 -Duser.country=ID -Duser.language=en -Duser.variant 
java_command: org.gradle.launcher.daemon.bootstrap.GradleDaemon 6.7.1
java_class_path (initial): C:\Users\Hp\.gradle\wrapper\dists\gradle-6.7.1-bin\bwlcbys1h7rz3272sye1xwiv6\gradle-6.7.1\lib\gradle-launcher-6.7.1.jar
Launcher Type: SUN_STANDARD

[Global flags]
     intx CICompilerCount                          = 4                                         {product} {ergonomic}
     uint ConcGCThreads                            = 2                                         {product} {ergonomic}
     uint G1ConcRefinementThreads                  = 8                                         {product} {ergonomic}
   size_t G1HeapRegionSize                         = 1048576                                   {product} {ergonomic}
    uintx GCDrainStackTargetSize                   = 64                                        {product} {ergonomic}
   size_t InitialHeapSize                          = 67108864                                  {product} {ergonomic}
   size_t MarkStackSize                            = 4194304                                   {product} {ergonomic}
   size_t MaxHeapSize                              = 2147483648                                {product} {command line}
   size_t MaxNewSize                               = 1287651328                                {product} {ergonomic}
   size_t MinHeapDeltaBytes                        = 1048576                                   {product} {ergonomic}
    uintx NonNMethodCodeHeapSize                   = 5836300                                {pd product} {ergonomic}
    uintx NonProfiledCodeHeapSize                  = 122910970                              {pd product} {ergonomic}
    uintx ProfiledCodeHeapSize                     = 122910970                              {pd product} {ergonomic}
    uintx ReservedCodeCacheSize                    = 251658240                              {pd product} {ergonomic}
     bool SegmentedCodeCache                       = true                                      {product} {ergonomic}
     bool UseCompressedClassPointers               = true                                 {lp64_product} {ergonomic}
     bool UseCompressedOops                        = true                                 {lp64_product} {ergonomic}
     bool UseG1GC                                  = true                                      {product} {ergonomic}
     bool UseLargePagesIndividualAllocation        = false                                  {pd product} {ergonomic}

Logging:
Log output configuration:
 #0: stdout all=warning uptime,level,tags
 #1: stderr all=off uptime,level,tags

Environment Variables:
PATH=C:\ProgramData\Oracle\Java\javapath;C:\Program Files (x86)\Common Files\Oracle\Java\javapath;C:\WINDOWS\system32;C:\WINDOWS;C:\WINDOWS\System32\Wbem;C:\WINDOWS\System32\WindowsPowerShell\v1.0\;C:\WINDOWS\System32\OpenSSH\;C:\Program Files\Git\cmd;D:\kuliah\SFML-2.5.1\bin;C:\Users\Hp\AppData\Local\Programs\Python\Python39\Scripts\;C:\Users\Hp\AppData\Local\Programs\Python\Python39\;C:\Program Files\Java\jdk1.8.0_291\bin;D:\Bahan Kuliah\bin;C:\opencv\opencv\build\x64\vc15\bin;C:\Users\Hp\AppData\Local\Microsoft\WindowsApps;D:\Microsoft VS Code\bin;
USERNAME=jasmine
OS=Windows_NT
PROCESSOR_IDENTIFIER=Intel64 Family 6 Model 142 Stepping 11, GenuineIntel



---------------  S Y S T E M  ---------------

OS: Windows 10 , 64 bit Build 19041 (10.0.19041.1348)
OS uptime: 0 days 0:48 hours
HyperV virtualization detected

CPU:total 8 (initial active 8) (4 cores per cpu, 2 threads per core) family 6 model 142 stepping 11, cmov, cx8, fxsr, mmx, sse, sse2, sse3, ssse3, sse4.1, sse4.2, popcnt, avx, avx2, aes, clmul, erms, 3dnowpref, lzcnt, ht, tsc, tscinvbit, bmi1, bmi2, adx, fma

Memory: 4k page, system-wide physical 3982M (192M free)
TotalPageFile size 8078M (AvailPageFile size 2M)
current process WorkingSet (physical memory assigned to process): 160M, peak: 160M
current process commit charge ("private bytes"): 209M, peak: 209M

vm_info: OpenJDK 64-Bit Server VM (11.0.8+10-b944.6842174) for windows-amd64 JRE (11.0.8+10-b944.6842174), built on Sep 19 2020 01:11:42 by "builder" with MS VC++ 14.0 (VS2015)

END.
